[2025-02-27T21:36:50.636+0000] {local_task_job_runner.py:123} INFO - ::group::Pre task execution logs
[2025-02-27T21:36:50.653+0000] {taskinstance.py:2614} INFO - Dependencies all met for dep_context=non-requeueable deps ti=<TaskInstance: load_and_transform.create_table_usa manual__2025-02-27T21:36:17.710072+00:00 [queued]>
[2025-02-27T21:36:50.661+0000] {taskinstance.py:2614} INFO - Dependencies all met for dep_context=requeueable deps ti=<TaskInstance: load_and_transform.create_table_usa manual__2025-02-27T21:36:17.710072+00:00 [queued]>
[2025-02-27T21:36:50.661+0000] {taskinstance.py:2867} INFO - Starting attempt 1 of 2
[2025-02-27T21:36:50.677+0000] {taskinstance.py:2890} INFO - Executing <Task(BigQueryInsertJobOperator): create_table_usa> on 2025-02-27 21:36:17.710072+00:00
[2025-02-27T21:36:50.683+0000] {standard_task_runner.py:72} INFO - Started process 5939 to run task
[2025-02-27T21:36:50.690+0000] {standard_task_runner.py:104} INFO - Running: ['airflow', 'tasks', 'run', 'load_and_transform', 'create_table_usa', 'manual__2025-02-27T21:36:17.710072+00:00', '--job-id', '25', '--raw', '--subdir', 'DAGS_FOLDER/transformation.py', '--cfg-path', '/tmp/tmpx6i0mc52']
[2025-02-27T21:36:50.694+0000] {standard_task_runner.py:105} INFO - Job 25: Subtask create_table_usa
[2025-02-27T21:36:50.747+0000] {task_command.py:467} INFO - Running <TaskInstance: load_and_transform.create_table_usa manual__2025-02-27T21:36:17.710072+00:00 [running]> on host airflow.us-central1-c.c.healthcare-project-452218.internal
[2025-02-27T21:36:50.814+0000] {taskinstance.py:3134} INFO - Exporting env vars: AIRFLOW_CTX_DAG_OWNER='airflow' AIRFLOW_CTX_DAG_ID='load_and_transform' AIRFLOW_CTX_TASK_ID='create_table_usa' AIRFLOW_CTX_EXECUTION_DATE='2025-02-27T21:36:17.710072+00:00' AIRFLOW_CTX_TRY_NUMBER='1' AIRFLOW_CTX_DAG_RUN_ID='manual__2025-02-27T21:36:17.710072+00:00'
[2025-02-27T21:36:50.816+0000] {taskinstance.py:732} INFO - ::endgroup::
[2025-02-27T21:36:50.843+0000] {connection.py:277} WARNING - Connection schemes (type: google_cloud_platform) shall not contain '_' according to RFC3986.
[2025-02-27T21:36:50.844+0000] {base.py:84} INFO - Retrieving connection 'google_cloud_default'
[2025-02-27T21:36:50.844+0000] {credentials_provider.py:409} INFO - Getting connection using `google.auth.default()` since no explicit credentials are provided.
[2025-02-27T21:36:50.857+0000] {bigquery.py:2956} INFO - Executing: {'query': {'query': "\n                        CREATE OR REPLACE TABLE `healthcare-project-452218.transform_dataset.usa_table` AS\n                        SELECT *\n                        FROM `healthcare-project-452218.staging_dataset.global_data`\n                        WHERE country = 'USA'\n                    ", 'useLegacySql': False}}'
[2025-02-27T21:36:50.865+0000] {bigquery.py:1344} INFO - Inserting job airflow_load_and_transform_create_table_usa_2025_02_27T21_36_17_710072_00_00_320bb0e2e84645d1dd8123cfe62288f0
[2025-02-27T21:36:54.120+0000] {bigquery.py:2927} INFO - Job airflow_load_and_transform_create_table_usa_2025_02_27T21_36_17_710072_00_00_320bb0e2e84645d1dd8123cfe62288f0 is completed. Checking the job status
[2025-02-27T21:36:54.139+0000] {taskinstance.py:341} INFO - ::group::Post task execution logs
[2025-02-27T21:36:54.139+0000] {taskinstance.py:353} INFO - Marking task as SUCCESS. dag_id=load_and_transform, task_id=create_table_usa, run_id=manual__2025-02-27T21:36:17.710072+00:00, execution_date=20250227T213617, start_date=20250227T213650, end_date=20250227T213654
[2025-02-27T21:36:54.200+0000] {local_task_job_runner.py:266} INFO - Task exited with return code 0
[2025-02-27T21:36:54.215+0000] {taskinstance.py:3901} INFO - 0 downstream tasks scheduled from follow-on schedule check
[2025-02-27T21:36:54.216+0000] {local_task_job_runner.py:245} INFO - ::endgroup::
