[2025-02-27T19:21:07.030+0000] {processor.py:186} INFO - Started process (PID=2580) to work on /home/sravan2418/airflow-env/lib/python3.11/site-packages/airflow/example_dags/subdags/subdag.py
[2025-02-27T19:21:07.031+0000] {processor.py:914} INFO - Processing file /home/sravan2418/airflow-env/lib/python3.11/site-packages/airflow/example_dags/subdags/subdag.py for tasks to queue
[2025-02-27T19:21:07.036+0000] {logging_mixin.py:190} INFO - [2025-02-27T19:21:07.035+0000] {dagbag.py:588} INFO - Filling up the DagBag from /home/sravan2418/airflow-env/lib/python3.11/site-packages/airflow/example_dags/subdags/subdag.py
[2025-02-27T19:21:07.040+0000] {processor.py:927} WARNING - No viable dags retrieved from /home/sravan2418/airflow-env/lib/python3.11/site-packages/airflow/example_dags/subdags/subdag.py
[2025-02-27T19:21:07.167+0000] {processor.py:208} INFO - Processing /home/sravan2418/airflow-env/lib/python3.11/site-packages/airflow/example_dags/subdags/subdag.py took 0.148 seconds
[2025-02-27T19:22:51.789+0000] {processor.py:186} INFO - Started process (PID=2703) to work on /home/sravan2418/airflow-env/lib/python3.11/site-packages/airflow/example_dags/subdags/subdag.py
[2025-02-27T19:22:51.792+0000] {processor.py:914} INFO - Processing file /home/sravan2418/airflow-env/lib/python3.11/site-packages/airflow/example_dags/subdags/subdag.py for tasks to queue
[2025-02-27T19:22:51.797+0000] {logging_mixin.py:190} INFO - [2025-02-27T19:22:51.796+0000] {dagbag.py:588} INFO - Filling up the DagBag from /home/sravan2418/airflow-env/lib/python3.11/site-packages/airflow/example_dags/subdags/subdag.py
[2025-02-27T19:22:51.801+0000] {processor.py:927} WARNING - No viable dags retrieved from /home/sravan2418/airflow-env/lib/python3.11/site-packages/airflow/example_dags/subdags/subdag.py
[2025-02-27T19:22:51.832+0000] {processor.py:208} INFO - Processing /home/sravan2418/airflow-env/lib/python3.11/site-packages/airflow/example_dags/subdags/subdag.py took 0.056 seconds
[2025-02-27T19:23:54.105+0000] {processor.py:186} INFO - Started process (PID=2762) to work on /home/sravan2418/airflow-env/lib/python3.11/site-packages/airflow/example_dags/subdags/subdag.py
[2025-02-27T19:23:54.109+0000] {processor.py:914} INFO - Processing file /home/sravan2418/airflow-env/lib/python3.11/site-packages/airflow/example_dags/subdags/subdag.py for tasks to queue
[2025-02-27T19:23:54.113+0000] {logging_mixin.py:190} INFO - [2025-02-27T19:23:54.112+0000] {dagbag.py:588} INFO - Filling up the DagBag from /home/sravan2418/airflow-env/lib/python3.11/site-packages/airflow/example_dags/subdags/subdag.py
[2025-02-27T19:23:54.117+0000] {processor.py:927} WARNING - No viable dags retrieved from /home/sravan2418/airflow-env/lib/python3.11/site-packages/airflow/example_dags/subdags/subdag.py
[2025-02-27T19:23:54.138+0000] {processor.py:208} INFO - Processing /home/sravan2418/airflow-env/lib/python3.11/site-packages/airflow/example_dags/subdags/subdag.py took 0.043 seconds
[2025-02-27T19:24:55.216+0000] {processor.py:186} INFO - Started process (PID=2832) to work on /home/sravan2418/airflow-env/lib/python3.11/site-packages/airflow/example_dags/subdags/subdag.py
[2025-02-27T19:24:55.219+0000] {processor.py:914} INFO - Processing file /home/sravan2418/airflow-env/lib/python3.11/site-packages/airflow/example_dags/subdags/subdag.py for tasks to queue
[2025-02-27T19:24:55.223+0000] {logging_mixin.py:190} INFO - [2025-02-27T19:24:55.222+0000] {dagbag.py:588} INFO - Filling up the DagBag from /home/sravan2418/airflow-env/lib/python3.11/site-packages/airflow/example_dags/subdags/subdag.py
[2025-02-27T19:24:55.227+0000] {processor.py:927} WARNING - No viable dags retrieved from /home/sravan2418/airflow-env/lib/python3.11/site-packages/airflow/example_dags/subdags/subdag.py
[2025-02-27T19:24:55.247+0000] {processor.py:208} INFO - Processing /home/sravan2418/airflow-env/lib/python3.11/site-packages/airflow/example_dags/subdags/subdag.py took 0.042 seconds
[2025-02-27T19:25:56.369+0000] {processor.py:186} INFO - Started process (PID=2894) to work on /home/sravan2418/airflow-env/lib/python3.11/site-packages/airflow/example_dags/subdags/subdag.py
[2025-02-27T19:25:56.371+0000] {processor.py:914} INFO - Processing file /home/sravan2418/airflow-env/lib/python3.11/site-packages/airflow/example_dags/subdags/subdag.py for tasks to queue
[2025-02-27T19:25:56.375+0000] {logging_mixin.py:190} INFO - [2025-02-27T19:25:56.374+0000] {dagbag.py:588} INFO - Filling up the DagBag from /home/sravan2418/airflow-env/lib/python3.11/site-packages/airflow/example_dags/subdags/subdag.py
[2025-02-27T19:25:56.379+0000] {processor.py:927} WARNING - No viable dags retrieved from /home/sravan2418/airflow-env/lib/python3.11/site-packages/airflow/example_dags/subdags/subdag.py
[2025-02-27T19:25:56.400+0000] {processor.py:208} INFO - Processing /home/sravan2418/airflow-env/lib/python3.11/site-packages/airflow/example_dags/subdags/subdag.py took 0.042 seconds
[2025-02-27T19:27:03.983+0000] {processor.py:186} INFO - Started process (PID=2958) to work on /home/sravan2418/airflow-env/lib/python3.11/site-packages/airflow/example_dags/subdags/subdag.py
[2025-02-27T19:27:03.985+0000] {processor.py:914} INFO - Processing file /home/sravan2418/airflow-env/lib/python3.11/site-packages/airflow/example_dags/subdags/subdag.py for tasks to queue
[2025-02-27T19:27:03.989+0000] {logging_mixin.py:190} INFO - [2025-02-27T19:27:03.988+0000] {dagbag.py:588} INFO - Filling up the DagBag from /home/sravan2418/airflow-env/lib/python3.11/site-packages/airflow/example_dags/subdags/subdag.py
[2025-02-27T19:27:03.993+0000] {processor.py:927} WARNING - No viable dags retrieved from /home/sravan2418/airflow-env/lib/python3.11/site-packages/airflow/example_dags/subdags/subdag.py
[2025-02-27T19:27:04.188+0000] {processor.py:208} INFO - Processing /home/sravan2418/airflow-env/lib/python3.11/site-packages/airflow/example_dags/subdags/subdag.py took 0.215 seconds
[2025-02-27T19:28:04.616+0000] {processor.py:186} INFO - Started process (PID=3034) to work on /home/sravan2418/airflow-env/lib/python3.11/site-packages/airflow/example_dags/subdags/subdag.py
[2025-02-27T19:28:04.618+0000] {processor.py:914} INFO - Processing file /home/sravan2418/airflow-env/lib/python3.11/site-packages/airflow/example_dags/subdags/subdag.py for tasks to queue
[2025-02-27T19:28:04.621+0000] {logging_mixin.py:190} INFO - [2025-02-27T19:28:04.621+0000] {dagbag.py:588} INFO - Filling up the DagBag from /home/sravan2418/airflow-env/lib/python3.11/site-packages/airflow/example_dags/subdags/subdag.py
[2025-02-27T19:28:04.625+0000] {processor.py:927} WARNING - No viable dags retrieved from /home/sravan2418/airflow-env/lib/python3.11/site-packages/airflow/example_dags/subdags/subdag.py
[2025-02-27T19:28:04.641+0000] {processor.py:208} INFO - Processing /home/sravan2418/airflow-env/lib/python3.11/site-packages/airflow/example_dags/subdags/subdag.py took 0.034 seconds
[2025-02-27T19:29:04.408+0000] {processor.py:186} INFO - Started process (PID=3107) to work on /home/sravan2418/airflow-env/lib/python3.11/site-packages/airflow/example_dags/subdags/subdag.py
[2025-02-27T19:29:04.410+0000] {processor.py:914} INFO - Processing file /home/sravan2418/airflow-env/lib/python3.11/site-packages/airflow/example_dags/subdags/subdag.py for tasks to queue
[2025-02-27T19:29:04.414+0000] {logging_mixin.py:190} INFO - [2025-02-27T19:29:04.414+0000] {dagbag.py:588} INFO - Filling up the DagBag from /home/sravan2418/airflow-env/lib/python3.11/site-packages/airflow/example_dags/subdags/subdag.py
[2025-02-27T19:29:04.418+0000] {processor.py:927} WARNING - No viable dags retrieved from /home/sravan2418/airflow-env/lib/python3.11/site-packages/airflow/example_dags/subdags/subdag.py
[2025-02-27T19:29:04.434+0000] {processor.py:208} INFO - Processing /home/sravan2418/airflow-env/lib/python3.11/site-packages/airflow/example_dags/subdags/subdag.py took 0.036 seconds
[2025-02-27T19:30:02.385+0000] {processor.py:186} INFO - Started process (PID=3168) to work on /home/sravan2418/airflow-env/lib/python3.11/site-packages/airflow/example_dags/subdags/subdag.py
[2025-02-27T19:30:02.387+0000] {processor.py:914} INFO - Processing file /home/sravan2418/airflow-env/lib/python3.11/site-packages/airflow/example_dags/subdags/subdag.py for tasks to queue
[2025-02-27T19:30:02.390+0000] {logging_mixin.py:190} INFO - [2025-02-27T19:30:02.390+0000] {dagbag.py:588} INFO - Filling up the DagBag from /home/sravan2418/airflow-env/lib/python3.11/site-packages/airflow/example_dags/subdags/subdag.py
[2025-02-27T19:30:02.394+0000] {processor.py:927} WARNING - No viable dags retrieved from /home/sravan2418/airflow-env/lib/python3.11/site-packages/airflow/example_dags/subdags/subdag.py
[2025-02-27T19:30:02.412+0000] {processor.py:208} INFO - Processing /home/sravan2418/airflow-env/lib/python3.11/site-packages/airflow/example_dags/subdags/subdag.py took 0.036 seconds
[2025-02-27T19:31:07.069+0000] {processor.py:186} INFO - Started process (PID=3232) to work on /home/sravan2418/airflow-env/lib/python3.11/site-packages/airflow/example_dags/subdags/subdag.py
[2025-02-27T19:31:07.071+0000] {processor.py:914} INFO - Processing file /home/sravan2418/airflow-env/lib/python3.11/site-packages/airflow/example_dags/subdags/subdag.py for tasks to queue
[2025-02-27T19:31:07.075+0000] {logging_mixin.py:190} INFO - [2025-02-27T19:31:07.074+0000] {dagbag.py:588} INFO - Filling up the DagBag from /home/sravan2418/airflow-env/lib/python3.11/site-packages/airflow/example_dags/subdags/subdag.py
[2025-02-27T19:31:07.079+0000] {processor.py:927} WARNING - No viable dags retrieved from /home/sravan2418/airflow-env/lib/python3.11/site-packages/airflow/example_dags/subdags/subdag.py
[2025-02-27T19:31:07.099+0000] {processor.py:208} INFO - Processing /home/sravan2418/airflow-env/lib/python3.11/site-packages/airflow/example_dags/subdags/subdag.py took 0.041 seconds
[2025-02-27T19:32:14.927+0000] {processor.py:186} INFO - Started process (PID=3302) to work on /home/sravan2418/airflow-env/lib/python3.11/site-packages/airflow/example_dags/subdags/subdag.py
[2025-02-27T19:32:14.929+0000] {processor.py:914} INFO - Processing file /home/sravan2418/airflow-env/lib/python3.11/site-packages/airflow/example_dags/subdags/subdag.py for tasks to queue
[2025-02-27T19:32:14.932+0000] {logging_mixin.py:190} INFO - [2025-02-27T19:32:14.931+0000] {dagbag.py:588} INFO - Filling up the DagBag from /home/sravan2418/airflow-env/lib/python3.11/site-packages/airflow/example_dags/subdags/subdag.py
[2025-02-27T19:32:14.936+0000] {processor.py:927} WARNING - No viable dags retrieved from /home/sravan2418/airflow-env/lib/python3.11/site-packages/airflow/example_dags/subdags/subdag.py
[2025-02-27T19:32:15.123+0000] {processor.py:208} INFO - Processing /home/sravan2418/airflow-env/lib/python3.11/site-packages/airflow/example_dags/subdags/subdag.py took 0.206 seconds
[2025-02-27T19:32:52.340+0000] {processor.py:186} INFO - Started process (PID=3337) to work on /home/sravan2418/airflow-env/lib/python3.11/site-packages/airflow/example_dags/subdags/subdag.py
[2025-02-27T19:32:52.342+0000] {processor.py:914} INFO - Processing file /home/sravan2418/airflow-env/lib/python3.11/site-packages/airflow/example_dags/subdags/subdag.py for tasks to queue
[2025-02-27T19:32:52.345+0000] {logging_mixin.py:190} INFO - [2025-02-27T19:32:52.345+0000] {dagbag.py:588} INFO - Filling up the DagBag from /home/sravan2418/airflow-env/lib/python3.11/site-packages/airflow/example_dags/subdags/subdag.py
[2025-02-27T19:32:52.349+0000] {processor.py:927} WARNING - No viable dags retrieved from /home/sravan2418/airflow-env/lib/python3.11/site-packages/airflow/example_dags/subdags/subdag.py
[2025-02-27T19:32:52.366+0000] {processor.py:208} INFO - Processing /home/sravan2418/airflow-env/lib/python3.11/site-packages/airflow/example_dags/subdags/subdag.py took 0.036 seconds
[2025-02-27T19:33:56.471+0000] {processor.py:186} INFO - Started process (PID=3400) to work on /home/sravan2418/airflow-env/lib/python3.11/site-packages/airflow/example_dags/subdags/subdag.py
[2025-02-27T19:33:56.474+0000] {processor.py:914} INFO - Processing file /home/sravan2418/airflow-env/lib/python3.11/site-packages/airflow/example_dags/subdags/subdag.py for tasks to queue
[2025-02-27T19:33:56.477+0000] {logging_mixin.py:190} INFO - [2025-02-27T19:33:56.477+0000] {dagbag.py:588} INFO - Filling up the DagBag from /home/sravan2418/airflow-env/lib/python3.11/site-packages/airflow/example_dags/subdags/subdag.py
[2025-02-27T19:33:56.481+0000] {processor.py:927} WARNING - No viable dags retrieved from /home/sravan2418/airflow-env/lib/python3.11/site-packages/airflow/example_dags/subdags/subdag.py
[2025-02-27T19:33:56.500+0000] {processor.py:208} INFO - Processing /home/sravan2418/airflow-env/lib/python3.11/site-packages/airflow/example_dags/subdags/subdag.py took 0.038 seconds
[2025-02-27T19:35:00.900+0000] {processor.py:186} INFO - Started process (PID=3465) to work on /home/sravan2418/airflow-env/lib/python3.11/site-packages/airflow/example_dags/subdags/subdag.py
[2025-02-27T19:35:00.903+0000] {processor.py:914} INFO - Processing file /home/sravan2418/airflow-env/lib/python3.11/site-packages/airflow/example_dags/subdags/subdag.py for tasks to queue
[2025-02-27T19:35:00.907+0000] {logging_mixin.py:190} INFO - [2025-02-27T19:35:00.906+0000] {dagbag.py:588} INFO - Filling up the DagBag from /home/sravan2418/airflow-env/lib/python3.11/site-packages/airflow/example_dags/subdags/subdag.py
[2025-02-27T19:35:00.912+0000] {processor.py:927} WARNING - No viable dags retrieved from /home/sravan2418/airflow-env/lib/python3.11/site-packages/airflow/example_dags/subdags/subdag.py
[2025-02-27T19:35:00.934+0000] {processor.py:208} INFO - Processing /home/sravan2418/airflow-env/lib/python3.11/site-packages/airflow/example_dags/subdags/subdag.py took 0.046 seconds
