[2025-02-27T19:23:47.583+0000] {processor.py:186} INFO - Started process (PID=2756) to work on /home/sravan2418/airflow-env/lib/python3.11/site-packages/airflow/example_dags/example_branch_operator.py
[2025-02-27T19:23:47.584+0000] {processor.py:914} INFO - Processing file /home/sravan2418/airflow-env/lib/python3.11/site-packages/airflow/example_dags/example_branch_operator.py for tasks to queue
[2025-02-27T19:23:47.588+0000] {logging_mixin.py:190} INFO - [2025-02-27T19:23:47.587+0000] {dagbag.py:588} INFO - Filling up the DagBag from /home/sravan2418/airflow-env/lib/python3.11/site-packages/airflow/example_dags/example_branch_operator.py
[2025-02-27T19:23:47.592+0000] {processor.py:927} WARNING - No viable dags retrieved from /home/sravan2418/airflow-env/lib/python3.11/site-packages/airflow/example_dags/example_branch_operator.py
[2025-02-27T19:23:47.609+0000] {processor.py:208} INFO - Processing /home/sravan2418/airflow-env/lib/python3.11/site-packages/airflow/example_dags/example_branch_operator.py took 0.035 seconds
[2025-02-27T19:24:48.396+0000] {processor.py:186} INFO - Started process (PID=2826) to work on /home/sravan2418/airflow-env/lib/python3.11/site-packages/airflow/example_dags/example_branch_operator.py
[2025-02-27T19:24:48.398+0000] {processor.py:914} INFO - Processing file /home/sravan2418/airflow-env/lib/python3.11/site-packages/airflow/example_dags/example_branch_operator.py for tasks to queue
[2025-02-27T19:24:48.401+0000] {logging_mixin.py:190} INFO - [2025-02-27T19:24:48.401+0000] {dagbag.py:588} INFO - Filling up the DagBag from /home/sravan2418/airflow-env/lib/python3.11/site-packages/airflow/example_dags/example_branch_operator.py
[2025-02-27T19:24:48.405+0000] {processor.py:927} WARNING - No viable dags retrieved from /home/sravan2418/airflow-env/lib/python3.11/site-packages/airflow/example_dags/example_branch_operator.py
[2025-02-27T19:24:48.421+0000] {processor.py:208} INFO - Processing /home/sravan2418/airflow-env/lib/python3.11/site-packages/airflow/example_dags/example_branch_operator.py took 0.034 seconds
[2025-02-27T19:25:49.811+0000] {processor.py:186} INFO - Started process (PID=2888) to work on /home/sravan2418/airflow-env/lib/python3.11/site-packages/airflow/example_dags/example_branch_operator.py
[2025-02-27T19:25:49.813+0000] {processor.py:914} INFO - Processing file /home/sravan2418/airflow-env/lib/python3.11/site-packages/airflow/example_dags/example_branch_operator.py for tasks to queue
[2025-02-27T19:25:49.817+0000] {logging_mixin.py:190} INFO - [2025-02-27T19:25:49.816+0000] {dagbag.py:588} INFO - Filling up the DagBag from /home/sravan2418/airflow-env/lib/python3.11/site-packages/airflow/example_dags/example_branch_operator.py
[2025-02-27T19:25:49.821+0000] {processor.py:927} WARNING - No viable dags retrieved from /home/sravan2418/airflow-env/lib/python3.11/site-packages/airflow/example_dags/example_branch_operator.py
[2025-02-27T19:25:49.838+0000] {processor.py:208} INFO - Processing /home/sravan2418/airflow-env/lib/python3.11/site-packages/airflow/example_dags/example_branch_operator.py took 0.036 seconds
[2025-02-27T19:26:55.958+0000] {processor.py:186} INFO - Started process (PID=2952) to work on /home/sravan2418/airflow-env/lib/python3.11/site-packages/airflow/example_dags/example_branch_operator.py
[2025-02-27T19:26:55.961+0000] {processor.py:914} INFO - Processing file /home/sravan2418/airflow-env/lib/python3.11/site-packages/airflow/example_dags/example_branch_operator.py for tasks to queue
[2025-02-27T19:26:55.965+0000] {logging_mixin.py:190} INFO - [2025-02-27T19:26:55.964+0000] {dagbag.py:588} INFO - Filling up the DagBag from /home/sravan2418/airflow-env/lib/python3.11/site-packages/airflow/example_dags/example_branch_operator.py
[2025-02-27T19:26:55.970+0000] {processor.py:927} WARNING - No viable dags retrieved from /home/sravan2418/airflow-env/lib/python3.11/site-packages/airflow/example_dags/example_branch_operator.py
[2025-02-27T19:26:56.208+0000] {processor.py:208} INFO - Processing /home/sravan2418/airflow-env/lib/python3.11/site-packages/airflow/example_dags/example_branch_operator.py took 0.260 seconds
[2025-02-27T19:28:59.156+0000] {processor.py:186} INFO - Started process (PID=3100) to work on /home/sravan2418/airflow-env/lib/python3.11/site-packages/airflow/example_dags/example_branch_operator.py
[2025-02-27T19:28:59.160+0000] {processor.py:914} INFO - Processing file /home/sravan2418/airflow-env/lib/python3.11/site-packages/airflow/example_dags/example_branch_operator.py for tasks to queue
[2025-02-27T19:28:59.164+0000] {logging_mixin.py:190} INFO - [2025-02-27T19:28:59.163+0000] {dagbag.py:588} INFO - Filling up the DagBag from /home/sravan2418/airflow-env/lib/python3.11/site-packages/airflow/example_dags/example_branch_operator.py
[2025-02-27T19:28:59.169+0000] {processor.py:927} WARNING - No viable dags retrieved from /home/sravan2418/airflow-env/lib/python3.11/site-packages/airflow/example_dags/example_branch_operator.py
[2025-02-27T19:28:59.190+0000] {processor.py:208} INFO - Processing /home/sravan2418/airflow-env/lib/python3.11/site-packages/airflow/example_dags/example_branch_operator.py took 0.044 seconds
[2025-02-27T19:29:58.201+0000] {processor.py:186} INFO - Started process (PID=3163) to work on /home/sravan2418/airflow-env/lib/python3.11/site-packages/airflow/example_dags/example_branch_operator.py
[2025-02-27T19:29:58.203+0000] {processor.py:914} INFO - Processing file /home/sravan2418/airflow-env/lib/python3.11/site-packages/airflow/example_dags/example_branch_operator.py for tasks to queue
[2025-02-27T19:29:58.206+0000] {logging_mixin.py:190} INFO - [2025-02-27T19:29:58.205+0000] {dagbag.py:588} INFO - Filling up the DagBag from /home/sravan2418/airflow-env/lib/python3.11/site-packages/airflow/example_dags/example_branch_operator.py
[2025-02-27T19:29:58.210+0000] {processor.py:927} WARNING - No viable dags retrieved from /home/sravan2418/airflow-env/lib/python3.11/site-packages/airflow/example_dags/example_branch_operator.py
[2025-02-27T19:29:58.226+0000] {processor.py:208} INFO - Processing /home/sravan2418/airflow-env/lib/python3.11/site-packages/airflow/example_dags/example_branch_operator.py took 0.034 seconds
[2025-02-27T19:31:00.296+0000] {processor.py:186} INFO - Started process (PID=3226) to work on /home/sravan2418/airflow-env/lib/python3.11/site-packages/airflow/example_dags/example_branch_operator.py
[2025-02-27T19:31:00.298+0000] {processor.py:914} INFO - Processing file /home/sravan2418/airflow-env/lib/python3.11/site-packages/airflow/example_dags/example_branch_operator.py for tasks to queue
[2025-02-27T19:31:00.301+0000] {logging_mixin.py:190} INFO - [2025-02-27T19:31:00.300+0000] {dagbag.py:588} INFO - Filling up the DagBag from /home/sravan2418/airflow-env/lib/python3.11/site-packages/airflow/example_dags/example_branch_operator.py
[2025-02-27T19:31:00.305+0000] {processor.py:927} WARNING - No viable dags retrieved from /home/sravan2418/airflow-env/lib/python3.11/site-packages/airflow/example_dags/example_branch_operator.py
[2025-02-27T19:31:00.322+0000] {processor.py:208} INFO - Processing /home/sravan2418/airflow-env/lib/python3.11/site-packages/airflow/example_dags/example_branch_operator.py took 0.035 seconds
[2025-02-27T19:32:07.309+0000] {processor.py:186} INFO - Started process (PID=3290) to work on /home/sravan2418/airflow-env/lib/python3.11/site-packages/airflow/example_dags/example_branch_operator.py
[2025-02-27T19:32:07.312+0000] {processor.py:914} INFO - Processing file /home/sravan2418/airflow-env/lib/python3.11/site-packages/airflow/example_dags/example_branch_operator.py for tasks to queue
[2025-02-27T19:32:07.315+0000] {logging_mixin.py:190} INFO - [2025-02-27T19:32:07.314+0000] {dagbag.py:588} INFO - Filling up the DagBag from /home/sravan2418/airflow-env/lib/python3.11/site-packages/airflow/example_dags/example_branch_operator.py
[2025-02-27T19:32:07.320+0000] {processor.py:927} WARNING - No viable dags retrieved from /home/sravan2418/airflow-env/lib/python3.11/site-packages/airflow/example_dags/example_branch_operator.py
[2025-02-27T19:32:07.500+0000] {processor.py:208} INFO - Processing /home/sravan2418/airflow-env/lib/python3.11/site-packages/airflow/example_dags/example_branch_operator.py took 0.200 seconds
[2025-02-27T19:33:19.388+0000] {processor.py:186} INFO - Started process (PID=3364) to work on /home/sravan2418/airflow-env/lib/python3.11/site-packages/airflow/example_dags/example_branch_operator.py
[2025-02-27T19:33:19.391+0000] {processor.py:914} INFO - Processing file /home/sravan2418/airflow-env/lib/python3.11/site-packages/airflow/example_dags/example_branch_operator.py for tasks to queue
[2025-02-27T19:33:19.395+0000] {logging_mixin.py:190} INFO - [2025-02-27T19:33:19.394+0000] {dagbag.py:588} INFO - Filling up the DagBag from /home/sravan2418/airflow-env/lib/python3.11/site-packages/airflow/example_dags/example_branch_operator.py
[2025-02-27T19:33:19.401+0000] {processor.py:927} WARNING - No viable dags retrieved from /home/sravan2418/airflow-env/lib/python3.11/site-packages/airflow/example_dags/example_branch_operator.py
[2025-02-27T19:33:19.421+0000] {processor.py:208} INFO - Processing /home/sravan2418/airflow-env/lib/python3.11/site-packages/airflow/example_dags/example_branch_operator.py took 0.043 seconds
[2025-02-27T19:34:25.067+0000] {processor.py:186} INFO - Started process (PID=3429) to work on /home/sravan2418/airflow-env/lib/python3.11/site-packages/airflow/example_dags/example_branch_operator.py
[2025-02-27T19:34:25.069+0000] {processor.py:914} INFO - Processing file /home/sravan2418/airflow-env/lib/python3.11/site-packages/airflow/example_dags/example_branch_operator.py for tasks to queue
[2025-02-27T19:34:25.073+0000] {logging_mixin.py:190} INFO - [2025-02-27T19:34:25.072+0000] {dagbag.py:588} INFO - Filling up the DagBag from /home/sravan2418/airflow-env/lib/python3.11/site-packages/airflow/example_dags/example_branch_operator.py
[2025-02-27T19:34:25.078+0000] {processor.py:927} WARNING - No viable dags retrieved from /home/sravan2418/airflow-env/lib/python3.11/site-packages/airflow/example_dags/example_branch_operator.py
[2025-02-27T19:34:25.096+0000] {processor.py:208} INFO - Processing /home/sravan2418/airflow-env/lib/python3.11/site-packages/airflow/example_dags/example_branch_operator.py took 0.040 seconds
