[2025-02-27T19:21:30.300+0000] {processor.py:186} INFO - Started process (PID=2628) to work on /home/sravan2418/airflow-env/lib/python3.11/site-packages/airflow/example_dags/example_short_circuit_operator.py
[2025-02-27T19:21:30.301+0000] {processor.py:914} INFO - Processing file /home/sravan2418/airflow-env/lib/python3.11/site-packages/airflow/example_dags/example_short_circuit_operator.py for tasks to queue
[2025-02-27T19:21:30.305+0000] {logging_mixin.py:190} INFO - [2025-02-27T19:21:30.304+0000] {dagbag.py:588} INFO - Filling up the DagBag from /home/sravan2418/airflow-env/lib/python3.11/site-packages/airflow/example_dags/example_short_circuit_operator.py
[2025-02-27T19:21:30.318+0000] {processor.py:925} INFO - DAG(s) 'example_short_circuit_operator' retrieved from /home/sravan2418/airflow-env/lib/python3.11/site-packages/airflow/example_dags/example_short_circuit_operator.py
[2025-02-27T19:21:30.446+0000] {logging_mixin.py:190} INFO - [2025-02-27T19:21:30.446+0000] {override.py:1930} INFO - Created Permission View: can edit on DAG:example_short_circuit_operator
[2025-02-27T19:21:30.460+0000] {logging_mixin.py:190} INFO - [2025-02-27T19:21:30.460+0000] {override.py:1930} INFO - Created Permission View: can delete on DAG:example_short_circuit_operator
[2025-02-27T19:21:30.474+0000] {logging_mixin.py:190} INFO - [2025-02-27T19:21:30.473+0000] {override.py:1930} INFO - Created Permission View: can read on DAG:example_short_circuit_operator
[2025-02-27T19:21:30.491+0000] {logging_mixin.py:190} INFO - [2025-02-27T19:21:30.490+0000] {override.py:1930} INFO - Created Permission View: menu access on DAG Run:example_short_circuit_operator
[2025-02-27T19:21:30.501+0000] {logging_mixin.py:190} INFO - [2025-02-27T19:21:30.500+0000] {override.py:1930} INFO - Created Permission View: can create on DAG Run:example_short_circuit_operator
[2025-02-27T19:21:30.511+0000] {logging_mixin.py:190} INFO - [2025-02-27T19:21:30.510+0000] {override.py:1930} INFO - Created Permission View: can delete on DAG Run:example_short_circuit_operator
[2025-02-27T19:21:30.521+0000] {logging_mixin.py:190} INFO - [2025-02-27T19:21:30.521+0000] {override.py:1930} INFO - Created Permission View: can read on DAG Run:example_short_circuit_operator
[2025-02-27T19:21:30.522+0000] {logging_mixin.py:190} INFO - [2025-02-27T19:21:30.522+0000] {dag.py:3239} INFO - Sync 1 DAGs
[2025-02-27T19:21:30.535+0000] {logging_mixin.py:190} INFO - [2025-02-27T19:21:30.535+0000] {dag.py:3262} INFO - Creating ORM DAG for example_short_circuit_operator
[2025-02-27T19:21:30.536+0000] {logging_mixin.py:190} INFO - [2025-02-27T19:21:30.536+0000] {dag.py:4180} INFO - Setting next_dagrun for example_short_circuit_operator to None, run_after=None
[2025-02-27T19:21:30.559+0000] {processor.py:208} INFO - Processing /home/sravan2418/airflow-env/lib/python3.11/site-packages/airflow/example_dags/example_short_circuit_operator.py took 0.267 seconds
[2025-02-27T19:23:13.329+0000] {processor.py:186} INFO - Started process (PID=2722) to work on /home/sravan2418/airflow-env/lib/python3.11/site-packages/airflow/example_dags/example_short_circuit_operator.py
[2025-02-27T19:23:13.333+0000] {processor.py:914} INFO - Processing file /home/sravan2418/airflow-env/lib/python3.11/site-packages/airflow/example_dags/example_short_circuit_operator.py for tasks to queue
[2025-02-27T19:23:13.337+0000] {logging_mixin.py:190} INFO - [2025-02-27T19:23:13.336+0000] {dagbag.py:588} INFO - Filling up the DagBag from /home/sravan2418/airflow-env/lib/python3.11/site-packages/airflow/example_dags/example_short_circuit_operator.py
[2025-02-27T19:23:13.353+0000] {processor.py:925} INFO - DAG(s) 'example_short_circuit_operator' retrieved from /home/sravan2418/airflow-env/lib/python3.11/site-packages/airflow/example_dags/example_short_circuit_operator.py
[2025-02-27T19:23:13.386+0000] {logging_mixin.py:190} INFO - [2025-02-27T19:23:13.386+0000] {dag.py:3239} INFO - Sync 1 DAGs
[2025-02-27T19:23:13.407+0000] {logging_mixin.py:190} INFO - [2025-02-27T19:23:13.407+0000] {dag.py:4180} INFO - Setting next_dagrun for example_short_circuit_operator to None, run_after=None
[2025-02-27T19:23:13.438+0000] {processor.py:208} INFO - Processing /home/sravan2418/airflow-env/lib/python3.11/site-packages/airflow/example_dags/example_short_circuit_operator.py took 0.119 seconds
[2025-02-27T19:24:13.469+0000] {processor.py:186} INFO - Started process (PID=2783) to work on /home/sravan2418/airflow-env/lib/python3.11/site-packages/airflow/example_dags/example_short_circuit_operator.py
[2025-02-27T19:24:13.471+0000] {processor.py:914} INFO - Processing file /home/sravan2418/airflow-env/lib/python3.11/site-packages/airflow/example_dags/example_short_circuit_operator.py for tasks to queue
[2025-02-27T19:24:13.475+0000] {logging_mixin.py:190} INFO - [2025-02-27T19:24:13.474+0000] {dagbag.py:588} INFO - Filling up the DagBag from /home/sravan2418/airflow-env/lib/python3.11/site-packages/airflow/example_dags/example_short_circuit_operator.py
[2025-02-27T19:24:13.489+0000] {processor.py:925} INFO - DAG(s) 'example_short_circuit_operator' retrieved from /home/sravan2418/airflow-env/lib/python3.11/site-packages/airflow/example_dags/example_short_circuit_operator.py
[2025-02-27T19:24:13.515+0000] {logging_mixin.py:190} INFO - [2025-02-27T19:24:13.515+0000] {dag.py:3239} INFO - Sync 1 DAGs
[2025-02-27T19:24:13.532+0000] {logging_mixin.py:190} INFO - [2025-02-27T19:24:13.532+0000] {dag.py:4180} INFO - Setting next_dagrun for example_short_circuit_operator to None, run_after=None
[2025-02-27T19:24:13.561+0000] {processor.py:208} INFO - Processing /home/sravan2418/airflow-env/lib/python3.11/site-packages/airflow/example_dags/example_short_circuit_operator.py took 0.101 seconds
[2025-02-27T19:25:14.712+0000] {processor.py:186} INFO - Started process (PID=2853) to work on /home/sravan2418/airflow-env/lib/python3.11/site-packages/airflow/example_dags/example_short_circuit_operator.py
[2025-02-27T19:25:14.714+0000] {processor.py:914} INFO - Processing file /home/sravan2418/airflow-env/lib/python3.11/site-packages/airflow/example_dags/example_short_circuit_operator.py for tasks to queue
[2025-02-27T19:25:14.718+0000] {logging_mixin.py:190} INFO - [2025-02-27T19:25:14.717+0000] {dagbag.py:588} INFO - Filling up the DagBag from /home/sravan2418/airflow-env/lib/python3.11/site-packages/airflow/example_dags/example_short_circuit_operator.py
[2025-02-27T19:25:14.731+0000] {processor.py:925} INFO - DAG(s) 'example_short_circuit_operator' retrieved from /home/sravan2418/airflow-env/lib/python3.11/site-packages/airflow/example_dags/example_short_circuit_operator.py
[2025-02-27T19:25:14.757+0000] {logging_mixin.py:190} INFO - [2025-02-27T19:25:14.757+0000] {dag.py:3239} INFO - Sync 1 DAGs
[2025-02-27T19:25:14.774+0000] {logging_mixin.py:190} INFO - [2025-02-27T19:25:14.773+0000] {dag.py:4180} INFO - Setting next_dagrun for example_short_circuit_operator to None, run_after=None
[2025-02-27T19:25:14.807+0000] {processor.py:208} INFO - Processing /home/sravan2418/airflow-env/lib/python3.11/site-packages/airflow/example_dags/example_short_circuit_operator.py took 0.104 seconds
[2025-02-27T19:26:17.100+0000] {processor.py:186} INFO - Started process (PID=2915) to work on /home/sravan2418/airflow-env/lib/python3.11/site-packages/airflow/example_dags/example_short_circuit_operator.py
[2025-02-27T19:26:17.103+0000] {processor.py:914} INFO - Processing file /home/sravan2418/airflow-env/lib/python3.11/site-packages/airflow/example_dags/example_short_circuit_operator.py for tasks to queue
[2025-02-27T19:26:17.107+0000] {logging_mixin.py:190} INFO - [2025-02-27T19:26:17.106+0000] {dagbag.py:588} INFO - Filling up the DagBag from /home/sravan2418/airflow-env/lib/python3.11/site-packages/airflow/example_dags/example_short_circuit_operator.py
[2025-02-27T19:26:17.123+0000] {processor.py:925} INFO - DAG(s) 'example_short_circuit_operator' retrieved from /home/sravan2418/airflow-env/lib/python3.11/site-packages/airflow/example_dags/example_short_circuit_operator.py
[2025-02-27T19:26:17.153+0000] {logging_mixin.py:190} INFO - [2025-02-27T19:26:17.153+0000] {dag.py:3239} INFO - Sync 1 DAGs
[2025-02-27T19:26:17.171+0000] {logging_mixin.py:190} INFO - [2025-02-27T19:26:17.171+0000] {dag.py:4180} INFO - Setting next_dagrun for example_short_circuit_operator to None, run_after=None
[2025-02-27T19:26:17.202+0000] {processor.py:208} INFO - Processing /home/sravan2418/airflow-env/lib/python3.11/site-packages/airflow/example_dags/example_short_circuit_operator.py took 0.113 seconds
[2025-02-27T19:27:23.112+0000] {processor.py:186} INFO - Started process (PID=2982) to work on /home/sravan2418/airflow-env/lib/python3.11/site-packages/airflow/example_dags/example_short_circuit_operator.py
[2025-02-27T19:27:23.114+0000] {processor.py:914} INFO - Processing file /home/sravan2418/airflow-env/lib/python3.11/site-packages/airflow/example_dags/example_short_circuit_operator.py for tasks to queue
[2025-02-27T19:27:23.117+0000] {logging_mixin.py:190} INFO - [2025-02-27T19:27:23.117+0000] {dagbag.py:588} INFO - Filling up the DagBag from /home/sravan2418/airflow-env/lib/python3.11/site-packages/airflow/example_dags/example_short_circuit_operator.py
[2025-02-27T19:27:23.131+0000] {processor.py:925} INFO - DAG(s) 'example_short_circuit_operator' retrieved from /home/sravan2418/airflow-env/lib/python3.11/site-packages/airflow/example_dags/example_short_circuit_operator.py
[2025-02-27T19:27:23.156+0000] {logging_mixin.py:190} INFO - [2025-02-27T19:27:23.156+0000] {dag.py:3239} INFO - Sync 1 DAGs
[2025-02-27T19:27:23.173+0000] {logging_mixin.py:190} INFO - [2025-02-27T19:27:23.173+0000] {dag.py:4180} INFO - Setting next_dagrun for example_short_circuit_operator to None, run_after=None
[2025-02-27T19:27:23.201+0000] {processor.py:208} INFO - Processing /home/sravan2418/airflow-env/lib/python3.11/site-packages/airflow/example_dags/example_short_circuit_operator.py took 0.098 seconds
[2025-02-27T19:28:25.171+0000] {processor.py:186} INFO - Started process (PID=3059) to work on /home/sravan2418/airflow-env/lib/python3.11/site-packages/airflow/example_dags/example_short_circuit_operator.py
[2025-02-27T19:28:25.174+0000] {processor.py:914} INFO - Processing file /home/sravan2418/airflow-env/lib/python3.11/site-packages/airflow/example_dags/example_short_circuit_operator.py for tasks to queue
[2025-02-27T19:28:25.178+0000] {logging_mixin.py:190} INFO - [2025-02-27T19:28:25.177+0000] {dagbag.py:588} INFO - Filling up the DagBag from /home/sravan2418/airflow-env/lib/python3.11/site-packages/airflow/example_dags/example_short_circuit_operator.py
[2025-02-27T19:28:25.194+0000] {processor.py:925} INFO - DAG(s) 'example_short_circuit_operator' retrieved from /home/sravan2418/airflow-env/lib/python3.11/site-packages/airflow/example_dags/example_short_circuit_operator.py
[2025-02-27T19:28:25.229+0000] {logging_mixin.py:190} INFO - [2025-02-27T19:28:25.228+0000] {dag.py:3239} INFO - Sync 1 DAGs
[2025-02-27T19:28:25.251+0000] {logging_mixin.py:190} INFO - [2025-02-27T19:28:25.250+0000] {dag.py:4180} INFO - Setting next_dagrun for example_short_circuit_operator to None, run_after=None
[2025-02-27T19:28:25.285+0000] {processor.py:208} INFO - Processing /home/sravan2418/airflow-env/lib/python3.11/site-packages/airflow/example_dags/example_short_circuit_operator.py took 0.124 seconds
[2025-02-27T19:29:24.117+0000] {processor.py:186} INFO - Started process (PID=3126) to work on /home/sravan2418/airflow-env/lib/python3.11/site-packages/airflow/example_dags/example_short_circuit_operator.py
[2025-02-27T19:29:24.120+0000] {processor.py:914} INFO - Processing file /home/sravan2418/airflow-env/lib/python3.11/site-packages/airflow/example_dags/example_short_circuit_operator.py for tasks to queue
[2025-02-27T19:29:24.123+0000] {logging_mixin.py:190} INFO - [2025-02-27T19:29:24.122+0000] {dagbag.py:588} INFO - Filling up the DagBag from /home/sravan2418/airflow-env/lib/python3.11/site-packages/airflow/example_dags/example_short_circuit_operator.py
[2025-02-27T19:29:24.136+0000] {processor.py:925} INFO - DAG(s) 'example_short_circuit_operator' retrieved from /home/sravan2418/airflow-env/lib/python3.11/site-packages/airflow/example_dags/example_short_circuit_operator.py
[2025-02-27T19:29:24.161+0000] {logging_mixin.py:190} INFO - [2025-02-27T19:29:24.160+0000] {dag.py:3239} INFO - Sync 1 DAGs
[2025-02-27T19:29:24.178+0000] {logging_mixin.py:190} INFO - [2025-02-27T19:29:24.178+0000] {dag.py:4180} INFO - Setting next_dagrun for example_short_circuit_operator to None, run_after=None
[2025-02-27T19:29:24.204+0000] {processor.py:208} INFO - Processing /home/sravan2418/airflow-env/lib/python3.11/site-packages/airflow/example_dags/example_short_circuit_operator.py took 0.095 seconds
[2025-02-27T19:30:22.748+0000] {processor.py:186} INFO - Started process (PID=3189) to work on /home/sravan2418/airflow-env/lib/python3.11/site-packages/airflow/example_dags/example_short_circuit_operator.py
[2025-02-27T19:30:22.750+0000] {processor.py:914} INFO - Processing file /home/sravan2418/airflow-env/lib/python3.11/site-packages/airflow/example_dags/example_short_circuit_operator.py for tasks to queue
[2025-02-27T19:30:22.753+0000] {logging_mixin.py:190} INFO - [2025-02-27T19:30:22.753+0000] {dagbag.py:588} INFO - Filling up the DagBag from /home/sravan2418/airflow-env/lib/python3.11/site-packages/airflow/example_dags/example_short_circuit_operator.py
[2025-02-27T19:30:22.768+0000] {processor.py:925} INFO - DAG(s) 'example_short_circuit_operator' retrieved from /home/sravan2418/airflow-env/lib/python3.11/site-packages/airflow/example_dags/example_short_circuit_operator.py
[2025-02-27T19:30:22.796+0000] {logging_mixin.py:190} INFO - [2025-02-27T19:30:22.796+0000] {dag.py:3239} INFO - Sync 1 DAGs
[2025-02-27T19:30:22.813+0000] {logging_mixin.py:190} INFO - [2025-02-27T19:30:22.813+0000] {dag.py:4180} INFO - Setting next_dagrun for example_short_circuit_operator to None, run_after=None
[2025-02-27T19:30:22.841+0000] {processor.py:208} INFO - Processing /home/sravan2418/airflow-env/lib/python3.11/site-packages/airflow/example_dags/example_short_circuit_operator.py took 0.103 seconds
[2025-02-27T19:31:27.671+0000] {processor.py:186} INFO - Started process (PID=3253) to work on /home/sravan2418/airflow-env/lib/python3.11/site-packages/airflow/example_dags/example_short_circuit_operator.py
[2025-02-27T19:31:27.674+0000] {processor.py:914} INFO - Processing file /home/sravan2418/airflow-env/lib/python3.11/site-packages/airflow/example_dags/example_short_circuit_operator.py for tasks to queue
[2025-02-27T19:31:27.678+0000] {logging_mixin.py:190} INFO - [2025-02-27T19:31:27.677+0000] {dagbag.py:588} INFO - Filling up the DagBag from /home/sravan2418/airflow-env/lib/python3.11/site-packages/airflow/example_dags/example_short_circuit_operator.py
[2025-02-27T19:31:27.695+0000] {processor.py:925} INFO - DAG(s) 'example_short_circuit_operator' retrieved from /home/sravan2418/airflow-env/lib/python3.11/site-packages/airflow/example_dags/example_short_circuit_operator.py
[2025-02-27T19:31:27.730+0000] {logging_mixin.py:190} INFO - [2025-02-27T19:31:27.730+0000] {dag.py:3239} INFO - Sync 1 DAGs
[2025-02-27T19:31:27.752+0000] {logging_mixin.py:190} INFO - [2025-02-27T19:31:27.751+0000] {dag.py:4180} INFO - Setting next_dagrun for example_short_circuit_operator to None, run_after=None
[2025-02-27T19:31:27.791+0000] {processor.py:208} INFO - Processing /home/sravan2418/airflow-env/lib/python3.11/site-packages/airflow/example_dags/example_short_circuit_operator.py took 0.130 seconds
[2025-02-27T19:32:37.043+0000] {processor.py:186} INFO - Started process (PID=3322) to work on /home/sravan2418/airflow-env/lib/python3.11/site-packages/airflow/example_dags/example_short_circuit_operator.py
[2025-02-27T19:32:37.046+0000] {processor.py:914} INFO - Processing file /home/sravan2418/airflow-env/lib/python3.11/site-packages/airflow/example_dags/example_short_circuit_operator.py for tasks to queue
[2025-02-27T19:32:37.052+0000] {logging_mixin.py:190} INFO - [2025-02-27T19:32:37.051+0000] {dagbag.py:588} INFO - Filling up the DagBag from /home/sravan2418/airflow-env/lib/python3.11/site-packages/airflow/example_dags/example_short_circuit_operator.py
[2025-02-27T19:32:37.068+0000] {processor.py:925} INFO - DAG(s) 'example_short_circuit_operator' retrieved from /home/sravan2418/airflow-env/lib/python3.11/site-packages/airflow/example_dags/example_short_circuit_operator.py
[2025-02-27T19:32:37.100+0000] {logging_mixin.py:190} INFO - [2025-02-27T19:32:37.099+0000] {dag.py:3239} INFO - Sync 1 DAGs
[2025-02-27T19:32:37.121+0000] {logging_mixin.py:190} INFO - [2025-02-27T19:32:37.121+0000] {dag.py:4180} INFO - Setting next_dagrun for example_short_circuit_operator to None, run_after=None
[2025-02-27T19:32:37.158+0000] {processor.py:208} INFO - Processing /home/sravan2418/airflow-env/lib/python3.11/site-packages/airflow/example_dags/example_short_circuit_operator.py took 0.126 seconds
[2025-02-27T19:33:44.801+0000] {processor.py:186} INFO - Started process (PID=3389) to work on /home/sravan2418/airflow-env/lib/python3.11/site-packages/airflow/example_dags/example_short_circuit_operator.py
[2025-02-27T19:33:44.804+0000] {processor.py:914} INFO - Processing file /home/sravan2418/airflow-env/lib/python3.11/site-packages/airflow/example_dags/example_short_circuit_operator.py for tasks to queue
[2025-02-27T19:33:44.808+0000] {logging_mixin.py:190} INFO - [2025-02-27T19:33:44.808+0000] {dagbag.py:588} INFO - Filling up the DagBag from /home/sravan2418/airflow-env/lib/python3.11/site-packages/airflow/example_dags/example_short_circuit_operator.py
[2025-02-27T19:33:44.830+0000] {processor.py:925} INFO - DAG(s) 'example_short_circuit_operator' retrieved from /home/sravan2418/airflow-env/lib/python3.11/site-packages/airflow/example_dags/example_short_circuit_operator.py
[2025-02-27T19:33:44.862+0000] {logging_mixin.py:190} INFO - [2025-02-27T19:33:44.861+0000] {dag.py:3239} INFO - Sync 1 DAGs
[2025-02-27T19:33:44.881+0000] {logging_mixin.py:190} INFO - [2025-02-27T19:33:44.881+0000] {dag.py:4180} INFO - Setting next_dagrun for example_short_circuit_operator to None, run_after=None
[2025-02-27T19:33:44.917+0000] {processor.py:208} INFO - Processing /home/sravan2418/airflow-env/lib/python3.11/site-packages/airflow/example_dags/example_short_circuit_operator.py took 0.127 seconds
[2025-02-27T19:34:48.223+0000] {processor.py:186} INFO - Started process (PID=3454) to work on /home/sravan2418/airflow-env/lib/python3.11/site-packages/airflow/example_dags/example_short_circuit_operator.py
[2025-02-27T19:34:48.226+0000] {processor.py:914} INFO - Processing file /home/sravan2418/airflow-env/lib/python3.11/site-packages/airflow/example_dags/example_short_circuit_operator.py for tasks to queue
[2025-02-27T19:34:48.230+0000] {logging_mixin.py:190} INFO - [2025-02-27T19:34:48.229+0000] {dagbag.py:588} INFO - Filling up the DagBag from /home/sravan2418/airflow-env/lib/python3.11/site-packages/airflow/example_dags/example_short_circuit_operator.py
[2025-02-27T19:34:48.249+0000] {processor.py:925} INFO - DAG(s) 'example_short_circuit_operator' retrieved from /home/sravan2418/airflow-env/lib/python3.11/site-packages/airflow/example_dags/example_short_circuit_operator.py
[2025-02-27T19:34:48.282+0000] {logging_mixin.py:190} INFO - [2025-02-27T19:34:48.281+0000] {dag.py:3239} INFO - Sync 1 DAGs
[2025-02-27T19:34:48.301+0000] {logging_mixin.py:190} INFO - [2025-02-27T19:34:48.300+0000] {dag.py:4180} INFO - Setting next_dagrun for example_short_circuit_operator to None, run_after=None
[2025-02-27T19:34:48.342+0000] {processor.py:208} INFO - Processing /home/sravan2418/airflow-env/lib/python3.11/site-packages/airflow/example_dags/example_short_circuit_operator.py took 0.130 seconds
