[2025-02-27T19:21:26.244+0000] {processor.py:186} INFO - Started process (PID=2614) to work on /home/sravan2418/airflow-env/lib/python3.11/site-packages/airflow/example_dags/example_sla_dag.py
[2025-02-27T19:21:26.246+0000] {processor.py:914} INFO - Processing file /home/sravan2418/airflow-env/lib/python3.11/site-packages/airflow/example_dags/example_sla_dag.py for tasks to queue
[2025-02-27T19:21:26.249+0000] {logging_mixin.py:190} INFO - [2025-02-27T19:21:26.248+0000] {dagbag.py:588} INFO - Filling up the DagBag from /home/sravan2418/airflow-env/lib/python3.11/site-packages/airflow/example_dags/example_sla_dag.py
[2025-02-27T19:21:26.264+0000] {processor.py:925} INFO - DAG(s) 'example_sla_dag' retrieved from /home/sravan2418/airflow-env/lib/python3.11/site-packages/airflow/example_dags/example_sla_dag.py
[2025-02-27T19:21:26.385+0000] {logging_mixin.py:190} INFO - [2025-02-27T19:21:26.384+0000] {override.py:1930} INFO - Created Permission View: can edit on DAG:example_sla_dag
[2025-02-27T19:21:26.398+0000] {logging_mixin.py:190} INFO - [2025-02-27T19:21:26.398+0000] {override.py:1930} INFO - Created Permission View: can delete on DAG:example_sla_dag
[2025-02-27T19:21:26.408+0000] {logging_mixin.py:190} INFO - [2025-02-27T19:21:26.408+0000] {override.py:1930} INFO - Created Permission View: can read on DAG:example_sla_dag
[2025-02-27T19:21:26.424+0000] {logging_mixin.py:190} INFO - [2025-02-27T19:21:26.424+0000] {override.py:1930} INFO - Created Permission View: menu access on DAG Run:example_sla_dag
[2025-02-27T19:21:26.436+0000] {logging_mixin.py:190} INFO - [2025-02-27T19:21:26.436+0000] {override.py:1930} INFO - Created Permission View: can create on DAG Run:example_sla_dag
[2025-02-27T19:21:26.446+0000] {logging_mixin.py:190} INFO - [2025-02-27T19:21:26.446+0000] {override.py:1930} INFO - Created Permission View: can delete on DAG Run:example_sla_dag
[2025-02-27T19:21:26.457+0000] {logging_mixin.py:190} INFO - [2025-02-27T19:21:26.456+0000] {override.py:1930} INFO - Created Permission View: can read on DAG Run:example_sla_dag
[2025-02-27T19:21:26.457+0000] {logging_mixin.py:190} INFO - [2025-02-27T19:21:26.457+0000] {dag.py:3239} INFO - Sync 1 DAGs
[2025-02-27T19:21:26.471+0000] {logging_mixin.py:190} INFO - [2025-02-27T19:21:26.470+0000] {dag.py:3262} INFO - Creating ORM DAG for example_sla_dag
[2025-02-27T19:21:26.484+0000] {logging_mixin.py:190} INFO - [2025-02-27T19:21:26.484+0000] {dag.py:4180} INFO - Setting next_dagrun for example_sla_dag to 2025-02-27 19:18:00+00:00, run_after=2025-02-27 19:20:00+00:00
[2025-02-27T19:21:26.506+0000] {processor.py:208} INFO - Processing /home/sravan2418/airflow-env/lib/python3.11/site-packages/airflow/example_dags/example_sla_dag.py took 0.270 seconds
[2025-02-27T19:23:09.549+0000] {processor.py:186} INFO - Started process (PID=2719) to work on /home/sravan2418/airflow-env/lib/python3.11/site-packages/airflow/example_dags/example_sla_dag.py
[2025-02-27T19:23:09.552+0000] {processor.py:914} INFO - Processing file /home/sravan2418/airflow-env/lib/python3.11/site-packages/airflow/example_dags/example_sla_dag.py for tasks to queue
[2025-02-27T19:23:09.555+0000] {logging_mixin.py:190} INFO - [2025-02-27T19:23:09.554+0000] {dagbag.py:588} INFO - Filling up the DagBag from /home/sravan2418/airflow-env/lib/python3.11/site-packages/airflow/example_dags/example_sla_dag.py
[2025-02-27T19:23:09.572+0000] {processor.py:925} INFO - DAG(s) 'example_sla_dag' retrieved from /home/sravan2418/airflow-env/lib/python3.11/site-packages/airflow/example_dags/example_sla_dag.py
[2025-02-27T19:23:09.595+0000] {logging_mixin.py:190} INFO - [2025-02-27T19:23:09.594+0000] {dag.py:3239} INFO - Sync 1 DAGs
[2025-02-27T19:23:09.625+0000] {logging_mixin.py:190} INFO - [2025-02-27T19:23:09.625+0000] {dag.py:4180} INFO - Setting next_dagrun for example_sla_dag to 2025-02-27 19:20:00+00:00, run_after=2025-02-27 19:22:00+00:00
[2025-02-27T19:23:09.652+0000] {processor.py:208} INFO - Processing /home/sravan2418/airflow-env/lib/python3.11/site-packages/airflow/example_dags/example_sla_dag.py took 0.111 seconds
[2025-02-27T19:24:09.798+0000] {processor.py:186} INFO - Started process (PID=2778) to work on /home/sravan2418/airflow-env/lib/python3.11/site-packages/airflow/example_dags/example_sla_dag.py
[2025-02-27T19:24:09.801+0000] {processor.py:914} INFO - Processing file /home/sravan2418/airflow-env/lib/python3.11/site-packages/airflow/example_dags/example_sla_dag.py for tasks to queue
[2025-02-27T19:24:09.804+0000] {logging_mixin.py:190} INFO - [2025-02-27T19:24:09.803+0000] {dagbag.py:588} INFO - Filling up the DagBag from /home/sravan2418/airflow-env/lib/python3.11/site-packages/airflow/example_dags/example_sla_dag.py
[2025-02-27T19:24:09.820+0000] {processor.py:925} INFO - DAG(s) 'example_sla_dag' retrieved from /home/sravan2418/airflow-env/lib/python3.11/site-packages/airflow/example_dags/example_sla_dag.py
[2025-02-27T19:24:09.841+0000] {logging_mixin.py:190} INFO - [2025-02-27T19:24:09.841+0000] {dag.py:3239} INFO - Sync 1 DAGs
[2025-02-27T19:24:09.871+0000] {logging_mixin.py:190} INFO - [2025-02-27T19:24:09.871+0000] {dag.py:4180} INFO - Setting next_dagrun for example_sla_dag to 2025-02-27 19:22:00+00:00, run_after=2025-02-27 19:24:00+00:00
[2025-02-27T19:24:09.898+0000] {processor.py:208} INFO - Processing /home/sravan2418/airflow-env/lib/python3.11/site-packages/airflow/example_dags/example_sla_dag.py took 0.109 seconds
[2025-02-27T19:25:11.366+0000] {processor.py:186} INFO - Started process (PID=2850) to work on /home/sravan2418/airflow-env/lib/python3.11/site-packages/airflow/example_dags/example_sla_dag.py
[2025-02-27T19:25:11.369+0000] {processor.py:914} INFO - Processing file /home/sravan2418/airflow-env/lib/python3.11/site-packages/airflow/example_dags/example_sla_dag.py for tasks to queue
[2025-02-27T19:25:11.373+0000] {logging_mixin.py:190} INFO - [2025-02-27T19:25:11.372+0000] {dagbag.py:588} INFO - Filling up the DagBag from /home/sravan2418/airflow-env/lib/python3.11/site-packages/airflow/example_dags/example_sla_dag.py
[2025-02-27T19:25:11.392+0000] {processor.py:925} INFO - DAG(s) 'example_sla_dag' retrieved from /home/sravan2418/airflow-env/lib/python3.11/site-packages/airflow/example_dags/example_sla_dag.py
[2025-02-27T19:25:11.419+0000] {logging_mixin.py:190} INFO - [2025-02-27T19:25:11.419+0000] {dag.py:3239} INFO - Sync 1 DAGs
[2025-02-27T19:25:11.457+0000] {logging_mixin.py:190} INFO - [2025-02-27T19:25:11.457+0000] {dag.py:4180} INFO - Setting next_dagrun for example_sla_dag to 2025-02-27 19:22:00+00:00, run_after=2025-02-27 19:24:00+00:00
[2025-02-27T19:25:11.488+0000] {processor.py:208} INFO - Processing /home/sravan2418/airflow-env/lib/python3.11/site-packages/airflow/example_dags/example_sla_dag.py took 0.133 seconds
[2025-02-27T19:26:13.974+0000] {processor.py:186} INFO - Started process (PID=2912) to work on /home/sravan2418/airflow-env/lib/python3.11/site-packages/airflow/example_dags/example_sla_dag.py
[2025-02-27T19:26:13.976+0000] {processor.py:914} INFO - Processing file /home/sravan2418/airflow-env/lib/python3.11/site-packages/airflow/example_dags/example_sla_dag.py for tasks to queue
[2025-02-27T19:26:13.980+0000] {logging_mixin.py:190} INFO - [2025-02-27T19:26:13.979+0000] {dagbag.py:588} INFO - Filling up the DagBag from /home/sravan2418/airflow-env/lib/python3.11/site-packages/airflow/example_dags/example_sla_dag.py
[2025-02-27T19:26:13.998+0000] {processor.py:925} INFO - DAG(s) 'example_sla_dag' retrieved from /home/sravan2418/airflow-env/lib/python3.11/site-packages/airflow/example_dags/example_sla_dag.py
[2025-02-27T19:26:14.024+0000] {logging_mixin.py:190} INFO - [2025-02-27T19:26:14.024+0000] {dag.py:3239} INFO - Sync 1 DAGs
[2025-02-27T19:26:14.056+0000] {logging_mixin.py:190} INFO - [2025-02-27T19:26:14.055+0000] {dag.py:4180} INFO - Setting next_dagrun for example_sla_dag to 2025-02-27 19:24:00+00:00, run_after=2025-02-27 19:26:00+00:00
[2025-02-27T19:26:14.300+0000] {processor.py:208} INFO - Processing /home/sravan2418/airflow-env/lib/python3.11/site-packages/airflow/example_dags/example_sla_dag.py took 0.337 seconds
[2025-02-27T19:27:20.959+0000] {processor.py:186} INFO - Started process (PID=2979) to work on /home/sravan2418/airflow-env/lib/python3.11/site-packages/airflow/example_dags/example_sla_dag.py
[2025-02-27T19:27:20.962+0000] {processor.py:914} INFO - Processing file /home/sravan2418/airflow-env/lib/python3.11/site-packages/airflow/example_dags/example_sla_dag.py for tasks to queue
[2025-02-27T19:27:20.966+0000] {logging_mixin.py:190} INFO - [2025-02-27T19:27:20.965+0000] {dagbag.py:588} INFO - Filling up the DagBag from /home/sravan2418/airflow-env/lib/python3.11/site-packages/airflow/example_dags/example_sla_dag.py
[2025-02-27T19:27:20.985+0000] {processor.py:925} INFO - DAG(s) 'example_sla_dag' retrieved from /home/sravan2418/airflow-env/lib/python3.11/site-packages/airflow/example_dags/example_sla_dag.py
[2025-02-27T19:27:21.011+0000] {logging_mixin.py:190} INFO - [2025-02-27T19:27:21.011+0000] {dag.py:3239} INFO - Sync 1 DAGs
[2025-02-27T19:27:21.047+0000] {logging_mixin.py:190} INFO - [2025-02-27T19:27:21.047+0000] {dag.py:4180} INFO - Setting next_dagrun for example_sla_dag to 2025-02-27 19:24:00+00:00, run_after=2025-02-27 19:26:00+00:00
[2025-02-27T19:27:21.077+0000] {processor.py:208} INFO - Processing /home/sravan2418/airflow-env/lib/python3.11/site-packages/airflow/example_dags/example_sla_dag.py took 0.129 seconds
[2025-02-27T19:28:21.415+0000] {processor.py:186} INFO - Started process (PID=3056) to work on /home/sravan2418/airflow-env/lib/python3.11/site-packages/airflow/example_dags/example_sla_dag.py
[2025-02-27T19:28:21.417+0000] {processor.py:914} INFO - Processing file /home/sravan2418/airflow-env/lib/python3.11/site-packages/airflow/example_dags/example_sla_dag.py for tasks to queue
[2025-02-27T19:28:21.421+0000] {logging_mixin.py:190} INFO - [2025-02-27T19:28:21.420+0000] {dagbag.py:588} INFO - Filling up the DagBag from /home/sravan2418/airflow-env/lib/python3.11/site-packages/airflow/example_dags/example_sla_dag.py
[2025-02-27T19:28:21.441+0000] {processor.py:925} INFO - DAG(s) 'example_sla_dag' retrieved from /home/sravan2418/airflow-env/lib/python3.11/site-packages/airflow/example_dags/example_sla_dag.py
[2025-02-27T19:28:21.469+0000] {logging_mixin.py:190} INFO - [2025-02-27T19:28:21.469+0000] {dag.py:3239} INFO - Sync 1 DAGs
[2025-02-27T19:28:21.506+0000] {logging_mixin.py:190} INFO - [2025-02-27T19:28:21.506+0000] {dag.py:4180} INFO - Setting next_dagrun for example_sla_dag to 2025-02-27 19:26:00+00:00, run_after=2025-02-27 19:28:00+00:00
[2025-02-27T19:28:21.541+0000] {processor.py:208} INFO - Processing /home/sravan2418/airflow-env/lib/python3.11/site-packages/airflow/example_dags/example_sla_dag.py took 0.137 seconds
[2025-02-27T19:29:21.361+0000] {processor.py:186} INFO - Started process (PID=3123) to work on /home/sravan2418/airflow-env/lib/python3.11/site-packages/airflow/example_dags/example_sla_dag.py
[2025-02-27T19:29:21.363+0000] {processor.py:914} INFO - Processing file /home/sravan2418/airflow-env/lib/python3.11/site-packages/airflow/example_dags/example_sla_dag.py for tasks to queue
[2025-02-27T19:29:21.367+0000] {logging_mixin.py:190} INFO - [2025-02-27T19:29:21.366+0000] {dagbag.py:588} INFO - Filling up the DagBag from /home/sravan2418/airflow-env/lib/python3.11/site-packages/airflow/example_dags/example_sla_dag.py
[2025-02-27T19:29:21.386+0000] {processor.py:925} INFO - DAG(s) 'example_sla_dag' retrieved from /home/sravan2418/airflow-env/lib/python3.11/site-packages/airflow/example_dags/example_sla_dag.py
[2025-02-27T19:29:21.412+0000] {logging_mixin.py:190} INFO - [2025-02-27T19:29:21.411+0000] {dag.py:3239} INFO - Sync 1 DAGs
[2025-02-27T19:29:21.446+0000] {logging_mixin.py:190} INFO - [2025-02-27T19:29:21.446+0000] {dag.py:4180} INFO - Setting next_dagrun for example_sla_dag to 2025-02-27 19:26:00+00:00, run_after=2025-02-27 19:28:00+00:00
[2025-02-27T19:29:21.477+0000] {processor.py:208} INFO - Processing /home/sravan2418/airflow-env/lib/python3.11/site-packages/airflow/example_dags/example_sla_dag.py took 0.127 seconds
[2025-02-27T19:30:18.973+0000] {processor.py:186} INFO - Started process (PID=3186) to work on /home/sravan2418/airflow-env/lib/python3.11/site-packages/airflow/example_dags/example_sla_dag.py
[2025-02-27T19:30:18.975+0000] {processor.py:914} INFO - Processing file /home/sravan2418/airflow-env/lib/python3.11/site-packages/airflow/example_dags/example_sla_dag.py for tasks to queue
[2025-02-27T19:30:18.978+0000] {logging_mixin.py:190} INFO - [2025-02-27T19:30:18.978+0000] {dagbag.py:588} INFO - Filling up the DagBag from /home/sravan2418/airflow-env/lib/python3.11/site-packages/airflow/example_dags/example_sla_dag.py
[2025-02-27T19:30:18.995+0000] {processor.py:925} INFO - DAG(s) 'example_sla_dag' retrieved from /home/sravan2418/airflow-env/lib/python3.11/site-packages/airflow/example_dags/example_sla_dag.py
[2025-02-27T19:30:19.019+0000] {logging_mixin.py:190} INFO - [2025-02-27T19:30:19.018+0000] {dag.py:3239} INFO - Sync 1 DAGs
[2025-02-27T19:30:19.049+0000] {logging_mixin.py:190} INFO - [2025-02-27T19:30:19.049+0000] {dag.py:4180} INFO - Setting next_dagrun for example_sla_dag to 2025-02-27 19:28:00+00:00, run_after=2025-02-27 19:30:00+00:00
[2025-02-27T19:30:19.079+0000] {processor.py:208} INFO - Processing /home/sravan2418/airflow-env/lib/python3.11/site-packages/airflow/example_dags/example_sla_dag.py took 0.115 seconds
[2025-02-27T19:31:23.816+0000] {processor.py:186} INFO - Started process (PID=3250) to work on /home/sravan2418/airflow-env/lib/python3.11/site-packages/airflow/example_dags/example_sla_dag.py
[2025-02-27T19:31:23.819+0000] {processor.py:914} INFO - Processing file /home/sravan2418/airflow-env/lib/python3.11/site-packages/airflow/example_dags/example_sla_dag.py for tasks to queue
[2025-02-27T19:31:23.822+0000] {logging_mixin.py:190} INFO - [2025-02-27T19:31:23.822+0000] {dagbag.py:588} INFO - Filling up the DagBag from /home/sravan2418/airflow-env/lib/python3.11/site-packages/airflow/example_dags/example_sla_dag.py
[2025-02-27T19:31:23.842+0000] {processor.py:925} INFO - DAG(s) 'example_sla_dag' retrieved from /home/sravan2418/airflow-env/lib/python3.11/site-packages/airflow/example_dags/example_sla_dag.py
[2025-02-27T19:31:23.867+0000] {logging_mixin.py:190} INFO - [2025-02-27T19:31:23.867+0000] {dag.py:3239} INFO - Sync 1 DAGs
[2025-02-27T19:31:23.901+0000] {logging_mixin.py:190} INFO - [2025-02-27T19:31:23.900+0000] {dag.py:4180} INFO - Setting next_dagrun for example_sla_dag to 2025-02-27 19:28:00+00:00, run_after=2025-02-27 19:30:00+00:00
[2025-02-27T19:31:24.156+0000] {processor.py:208} INFO - Processing /home/sravan2418/airflow-env/lib/python3.11/site-packages/airflow/example_dags/example_sla_dag.py took 0.351 seconds
[2025-02-27T19:32:33.627+0000] {processor.py:186} INFO - Started process (PID=3319) to work on /home/sravan2418/airflow-env/lib/python3.11/site-packages/airflow/example_dags/example_sla_dag.py
[2025-02-27T19:32:33.630+0000] {processor.py:914} INFO - Processing file /home/sravan2418/airflow-env/lib/python3.11/site-packages/airflow/example_dags/example_sla_dag.py for tasks to queue
[2025-02-27T19:32:33.634+0000] {logging_mixin.py:190} INFO - [2025-02-27T19:32:33.633+0000] {dagbag.py:588} INFO - Filling up the DagBag from /home/sravan2418/airflow-env/lib/python3.11/site-packages/airflow/example_dags/example_sla_dag.py
[2025-02-27T19:32:33.656+0000] {processor.py:925} INFO - DAG(s) 'example_sla_dag' retrieved from /home/sravan2418/airflow-env/lib/python3.11/site-packages/airflow/example_dags/example_sla_dag.py
[2025-02-27T19:32:33.684+0000] {logging_mixin.py:190} INFO - [2025-02-27T19:32:33.684+0000] {dag.py:3239} INFO - Sync 1 DAGs
[2025-02-27T19:32:33.722+0000] {logging_mixin.py:190} INFO - [2025-02-27T19:32:33.721+0000] {dag.py:4180} INFO - Setting next_dagrun for example_sla_dag to 2025-02-27 19:30:00+00:00, run_after=2025-02-27 19:32:00+00:00
[2025-02-27T19:32:33.760+0000] {processor.py:208} INFO - Processing /home/sravan2418/airflow-env/lib/python3.11/site-packages/airflow/example_dags/example_sla_dag.py took 0.146 seconds
[2025-02-27T19:33:41.023+0000] {processor.py:186} INFO - Started process (PID=3384) to work on /home/sravan2418/airflow-env/lib/python3.11/site-packages/airflow/example_dags/example_sla_dag.py
[2025-02-27T19:33:41.027+0000] {processor.py:914} INFO - Processing file /home/sravan2418/airflow-env/lib/python3.11/site-packages/airflow/example_dags/example_sla_dag.py for tasks to queue
[2025-02-27T19:33:41.031+0000] {logging_mixin.py:190} INFO - [2025-02-27T19:33:41.030+0000] {dagbag.py:588} INFO - Filling up the DagBag from /home/sravan2418/airflow-env/lib/python3.11/site-packages/airflow/example_dags/example_sla_dag.py
[2025-02-27T19:33:41.052+0000] {processor.py:925} INFO - DAG(s) 'example_sla_dag' retrieved from /home/sravan2418/airflow-env/lib/python3.11/site-packages/airflow/example_dags/example_sla_dag.py
[2025-02-27T19:33:41.079+0000] {logging_mixin.py:190} INFO - [2025-02-27T19:33:41.078+0000] {dag.py:3239} INFO - Sync 1 DAGs
[2025-02-27T19:33:41.115+0000] {logging_mixin.py:190} INFO - [2025-02-27T19:33:41.114+0000] {dag.py:4180} INFO - Setting next_dagrun for example_sla_dag to 2025-02-27 19:30:00+00:00, run_after=2025-02-27 19:32:00+00:00
[2025-02-27T19:33:41.147+0000] {processor.py:208} INFO - Processing /home/sravan2418/airflow-env/lib/python3.11/site-packages/airflow/example_dags/example_sla_dag.py took 0.136 seconds
[2025-02-27T19:34:44.791+0000] {processor.py:186} INFO - Started process (PID=3451) to work on /home/sravan2418/airflow-env/lib/python3.11/site-packages/airflow/example_dags/example_sla_dag.py
[2025-02-27T19:34:44.793+0000] {processor.py:914} INFO - Processing file /home/sravan2418/airflow-env/lib/python3.11/site-packages/airflow/example_dags/example_sla_dag.py for tasks to queue
[2025-02-27T19:34:44.797+0000] {logging_mixin.py:190} INFO - [2025-02-27T19:34:44.796+0000] {dagbag.py:588} INFO - Filling up the DagBag from /home/sravan2418/airflow-env/lib/python3.11/site-packages/airflow/example_dags/example_sla_dag.py
[2025-02-27T19:34:44.819+0000] {processor.py:925} INFO - DAG(s) 'example_sla_dag' retrieved from /home/sravan2418/airflow-env/lib/python3.11/site-packages/airflow/example_dags/example_sla_dag.py
[2025-02-27T19:34:44.848+0000] {logging_mixin.py:190} INFO - [2025-02-27T19:34:44.847+0000] {dag.py:3239} INFO - Sync 1 DAGs
[2025-02-27T19:34:44.883+0000] {logging_mixin.py:190} INFO - [2025-02-27T19:34:44.883+0000] {dag.py:4180} INFO - Setting next_dagrun for example_sla_dag to 2025-02-27 19:32:00+00:00, run_after=2025-02-27 19:34:00+00:00
[2025-02-27T19:34:44.914+0000] {processor.py:208} INFO - Processing /home/sravan2418/airflow-env/lib/python3.11/site-packages/airflow/example_dags/example_sla_dag.py took 0.135 seconds
