[2025-02-27T19:21:27.606+0000] {processor.py:186} INFO - Started process (PID=2626) to work on /home/sravan2418/airflow-env/lib/python3.11/site-packages/airflow/example_dags/example_trigger_target_dag.py
[2025-02-27T19:21:27.607+0000] {processor.py:914} INFO - Processing file /home/sravan2418/airflow-env/lib/python3.11/site-packages/airflow/example_dags/example_trigger_target_dag.py for tasks to queue
[2025-02-27T19:21:27.610+0000] {logging_mixin.py:190} INFO - [2025-02-27T19:21:27.610+0000] {dagbag.py:588} INFO - Filling up the DagBag from /home/sravan2418/airflow-env/lib/python3.11/site-packages/airflow/example_dags/example_trigger_target_dag.py
[2025-02-27T19:21:27.622+0000] {processor.py:925} INFO - DAG(s) 'example_trigger_target_dag' retrieved from /home/sravan2418/airflow-env/lib/python3.11/site-packages/airflow/example_dags/example_trigger_target_dag.py
[2025-02-27T19:21:27.757+0000] {logging_mixin.py:190} INFO - [2025-02-27T19:21:27.756+0000] {override.py:1930} INFO - Created Permission View: can edit on DAG:example_trigger_target_dag
[2025-02-27T19:21:27.772+0000] {logging_mixin.py:190} INFO - [2025-02-27T19:21:27.772+0000] {override.py:1930} INFO - Created Permission View: can delete on DAG:example_trigger_target_dag
[2025-02-27T19:21:27.786+0000] {logging_mixin.py:190} INFO - [2025-02-27T19:21:27.785+0000] {override.py:1930} INFO - Created Permission View: can read on DAG:example_trigger_target_dag
[2025-02-27T19:21:27.804+0000] {logging_mixin.py:190} INFO - [2025-02-27T19:21:27.804+0000] {override.py:1930} INFO - Created Permission View: menu access on DAG Run:example_trigger_target_dag
[2025-02-27T19:21:27.815+0000] {logging_mixin.py:190} INFO - [2025-02-27T19:21:27.814+0000] {override.py:1930} INFO - Created Permission View: can create on DAG Run:example_trigger_target_dag
[2025-02-27T19:21:27.827+0000] {logging_mixin.py:190} INFO - [2025-02-27T19:21:27.827+0000] {override.py:1930} INFO - Created Permission View: can delete on DAG Run:example_trigger_target_dag
[2025-02-27T19:21:27.838+0000] {logging_mixin.py:190} INFO - [2025-02-27T19:21:27.837+0000] {override.py:1930} INFO - Created Permission View: can read on DAG Run:example_trigger_target_dag
[2025-02-27T19:21:27.838+0000] {logging_mixin.py:190} INFO - [2025-02-27T19:21:27.838+0000] {dag.py:3239} INFO - Sync 1 DAGs
[2025-02-27T19:21:27.851+0000] {logging_mixin.py:190} INFO - [2025-02-27T19:21:27.851+0000] {dag.py:3262} INFO - Creating ORM DAG for example_trigger_target_dag
[2025-02-27T19:21:27.852+0000] {logging_mixin.py:190} INFO - [2025-02-27T19:21:27.852+0000] {dag.py:4180} INFO - Setting next_dagrun for example_trigger_target_dag to None, run_after=None
[2025-02-27T19:21:27.873+0000] {processor.py:208} INFO - Processing /home/sravan2418/airflow-env/lib/python3.11/site-packages/airflow/example_dags/example_trigger_target_dag.py took 0.275 seconds
[2025-02-27T19:23:10.806+0000] {processor.py:186} INFO - Started process (PID=2720) to work on /home/sravan2418/airflow-env/lib/python3.11/site-packages/airflow/example_dags/example_trigger_target_dag.py
[2025-02-27T19:23:10.810+0000] {processor.py:914} INFO - Processing file /home/sravan2418/airflow-env/lib/python3.11/site-packages/airflow/example_dags/example_trigger_target_dag.py for tasks to queue
[2025-02-27T19:23:10.814+0000] {logging_mixin.py:190} INFO - [2025-02-27T19:23:10.814+0000] {dagbag.py:588} INFO - Filling up the DagBag from /home/sravan2418/airflow-env/lib/python3.11/site-packages/airflow/example_dags/example_trigger_target_dag.py
[2025-02-27T19:23:10.829+0000] {processor.py:925} INFO - DAG(s) 'example_trigger_target_dag' retrieved from /home/sravan2418/airflow-env/lib/python3.11/site-packages/airflow/example_dags/example_trigger_target_dag.py
[2025-02-27T19:23:10.857+0000] {logging_mixin.py:190} INFO - [2025-02-27T19:23:10.857+0000] {dag.py:3239} INFO - Sync 1 DAGs
[2025-02-27T19:23:10.878+0000] {logging_mixin.py:190} INFO - [2025-02-27T19:23:10.878+0000] {dag.py:4180} INFO - Setting next_dagrun for example_trigger_target_dag to None, run_after=None
[2025-02-27T19:23:10.912+0000] {processor.py:208} INFO - Processing /home/sravan2418/airflow-env/lib/python3.11/site-packages/airflow/example_dags/example_trigger_target_dag.py took 0.120 seconds
[2025-02-27T19:24:11.058+0000] {processor.py:186} INFO - Started process (PID=2779) to work on /home/sravan2418/airflow-env/lib/python3.11/site-packages/airflow/example_dags/example_trigger_target_dag.py
[2025-02-27T19:24:11.060+0000] {processor.py:914} INFO - Processing file /home/sravan2418/airflow-env/lib/python3.11/site-packages/airflow/example_dags/example_trigger_target_dag.py for tasks to queue
[2025-02-27T19:24:11.064+0000] {logging_mixin.py:190} INFO - [2025-02-27T19:24:11.063+0000] {dagbag.py:588} INFO - Filling up the DagBag from /home/sravan2418/airflow-env/lib/python3.11/site-packages/airflow/example_dags/example_trigger_target_dag.py
[2025-02-27T19:24:11.077+0000] {processor.py:925} INFO - DAG(s) 'example_trigger_target_dag' retrieved from /home/sravan2418/airflow-env/lib/python3.11/site-packages/airflow/example_dags/example_trigger_target_dag.py
[2025-02-27T19:24:11.098+0000] {logging_mixin.py:190} INFO - [2025-02-27T19:24:11.098+0000] {dag.py:3239} INFO - Sync 1 DAGs
[2025-02-27T19:24:11.114+0000] {logging_mixin.py:190} INFO - [2025-02-27T19:24:11.114+0000] {dag.py:4180} INFO - Setting next_dagrun for example_trigger_target_dag to None, run_after=None
[2025-02-27T19:24:11.141+0000] {processor.py:208} INFO - Processing /home/sravan2418/airflow-env/lib/python3.11/site-packages/airflow/example_dags/example_trigger_target_dag.py took 0.092 seconds
[2025-02-27T19:25:12.398+0000] {processor.py:186} INFO - Started process (PID=2851) to work on /home/sravan2418/airflow-env/lib/python3.11/site-packages/airflow/example_dags/example_trigger_target_dag.py
[2025-02-27T19:25:12.400+0000] {processor.py:914} INFO - Processing file /home/sravan2418/airflow-env/lib/python3.11/site-packages/airflow/example_dags/example_trigger_target_dag.py for tasks to queue
[2025-02-27T19:25:12.403+0000] {logging_mixin.py:190} INFO - [2025-02-27T19:25:12.402+0000] {dagbag.py:588} INFO - Filling up the DagBag from /home/sravan2418/airflow-env/lib/python3.11/site-packages/airflow/example_dags/example_trigger_target_dag.py
[2025-02-27T19:25:12.416+0000] {processor.py:925} INFO - DAG(s) 'example_trigger_target_dag' retrieved from /home/sravan2418/airflow-env/lib/python3.11/site-packages/airflow/example_dags/example_trigger_target_dag.py
[2025-02-27T19:25:12.439+0000] {logging_mixin.py:190} INFO - [2025-02-27T19:25:12.439+0000] {dag.py:3239} INFO - Sync 1 DAGs
[2025-02-27T19:25:12.455+0000] {logging_mixin.py:190} INFO - [2025-02-27T19:25:12.455+0000] {dag.py:4180} INFO - Setting next_dagrun for example_trigger_target_dag to None, run_after=None
[2025-02-27T19:25:12.482+0000] {processor.py:208} INFO - Processing /home/sravan2418/airflow-env/lib/python3.11/site-packages/airflow/example_dags/example_trigger_target_dag.py took 0.094 seconds
[2025-02-27T19:26:14.577+0000] {processor.py:186} INFO - Started process (PID=2913) to work on /home/sravan2418/airflow-env/lib/python3.11/site-packages/airflow/example_dags/example_trigger_target_dag.py
[2025-02-27T19:26:14.580+0000] {processor.py:914} INFO - Processing file /home/sravan2418/airflow-env/lib/python3.11/site-packages/airflow/example_dags/example_trigger_target_dag.py for tasks to queue
[2025-02-27T19:26:14.583+0000] {logging_mixin.py:190} INFO - [2025-02-27T19:26:14.583+0000] {dagbag.py:588} INFO - Filling up the DagBag from /home/sravan2418/airflow-env/lib/python3.11/site-packages/airflow/example_dags/example_trigger_target_dag.py
[2025-02-27T19:26:14.598+0000] {processor.py:925} INFO - DAG(s) 'example_trigger_target_dag' retrieved from /home/sravan2418/airflow-env/lib/python3.11/site-packages/airflow/example_dags/example_trigger_target_dag.py
[2025-02-27T19:26:14.627+0000] {logging_mixin.py:190} INFO - [2025-02-27T19:26:14.627+0000] {dag.py:3239} INFO - Sync 1 DAGs
[2025-02-27T19:26:14.646+0000] {logging_mixin.py:190} INFO - [2025-02-27T19:26:14.645+0000] {dag.py:4180} INFO - Setting next_dagrun for example_trigger_target_dag to None, run_after=None
[2025-02-27T19:26:14.675+0000] {processor.py:208} INFO - Processing /home/sravan2418/airflow-env/lib/python3.11/site-packages/airflow/example_dags/example_trigger_target_dag.py took 0.109 seconds
[2025-02-27T19:27:21.228+0000] {processor.py:186} INFO - Started process (PID=2980) to work on /home/sravan2418/airflow-env/lib/python3.11/site-packages/airflow/example_dags/example_trigger_target_dag.py
[2025-02-27T19:27:21.231+0000] {processor.py:914} INFO - Processing file /home/sravan2418/airflow-env/lib/python3.11/site-packages/airflow/example_dags/example_trigger_target_dag.py for tasks to queue
[2025-02-27T19:27:21.236+0000] {logging_mixin.py:190} INFO - [2025-02-27T19:27:21.235+0000] {dagbag.py:588} INFO - Filling up the DagBag from /home/sravan2418/airflow-env/lib/python3.11/site-packages/airflow/example_dags/example_trigger_target_dag.py
[2025-02-27T19:27:21.250+0000] {processor.py:925} INFO - DAG(s) 'example_trigger_target_dag' retrieved from /home/sravan2418/airflow-env/lib/python3.11/site-packages/airflow/example_dags/example_trigger_target_dag.py
[2025-02-27T19:27:21.276+0000] {logging_mixin.py:190} INFO - [2025-02-27T19:27:21.275+0000] {dag.py:3239} INFO - Sync 1 DAGs
[2025-02-27T19:27:21.294+0000] {logging_mixin.py:190} INFO - [2025-02-27T19:27:21.294+0000] {dag.py:4180} INFO - Setting next_dagrun for example_trigger_target_dag to None, run_after=None
[2025-02-27T19:27:21.325+0000] {processor.py:208} INFO - Processing /home/sravan2418/airflow-env/lib/python3.11/site-packages/airflow/example_dags/example_trigger_target_dag.py took 0.108 seconds
[2025-02-27T19:28:22.668+0000] {processor.py:186} INFO - Started process (PID=3057) to work on /home/sravan2418/airflow-env/lib/python3.11/site-packages/airflow/example_dags/example_trigger_target_dag.py
[2025-02-27T19:28:22.671+0000] {processor.py:914} INFO - Processing file /home/sravan2418/airflow-env/lib/python3.11/site-packages/airflow/example_dags/example_trigger_target_dag.py for tasks to queue
[2025-02-27T19:28:22.675+0000] {logging_mixin.py:190} INFO - [2025-02-27T19:28:22.674+0000] {dagbag.py:588} INFO - Filling up the DagBag from /home/sravan2418/airflow-env/lib/python3.11/site-packages/airflow/example_dags/example_trigger_target_dag.py
[2025-02-27T19:28:22.690+0000] {processor.py:925} INFO - DAG(s) 'example_trigger_target_dag' retrieved from /home/sravan2418/airflow-env/lib/python3.11/site-packages/airflow/example_dags/example_trigger_target_dag.py
[2025-02-27T19:28:22.718+0000] {logging_mixin.py:190} INFO - [2025-02-27T19:28:22.718+0000] {dag.py:3239} INFO - Sync 1 DAGs
[2025-02-27T19:28:22.740+0000] {logging_mixin.py:190} INFO - [2025-02-27T19:28:22.739+0000] {dag.py:4180} INFO - Setting next_dagrun for example_trigger_target_dag to None, run_after=None
[2025-02-27T19:28:22.774+0000] {processor.py:208} INFO - Processing /home/sravan2418/airflow-env/lib/python3.11/site-packages/airflow/example_dags/example_trigger_target_dag.py took 0.116 seconds
[2025-02-27T19:29:22.614+0000] {processor.py:186} INFO - Started process (PID=3124) to work on /home/sravan2418/airflow-env/lib/python3.11/site-packages/airflow/example_dags/example_trigger_target_dag.py
[2025-02-27T19:29:22.616+0000] {processor.py:914} INFO - Processing file /home/sravan2418/airflow-env/lib/python3.11/site-packages/airflow/example_dags/example_trigger_target_dag.py for tasks to queue
[2025-02-27T19:29:22.620+0000] {logging_mixin.py:190} INFO - [2025-02-27T19:29:22.619+0000] {dagbag.py:588} INFO - Filling up the DagBag from /home/sravan2418/airflow-env/lib/python3.11/site-packages/airflow/example_dags/example_trigger_target_dag.py
[2025-02-27T19:29:22.633+0000] {processor.py:925} INFO - DAG(s) 'example_trigger_target_dag' retrieved from /home/sravan2418/airflow-env/lib/python3.11/site-packages/airflow/example_dags/example_trigger_target_dag.py
[2025-02-27T19:29:22.655+0000] {logging_mixin.py:190} INFO - [2025-02-27T19:29:22.655+0000] {dag.py:3239} INFO - Sync 1 DAGs
[2025-02-27T19:29:22.672+0000] {logging_mixin.py:190} INFO - [2025-02-27T19:29:22.672+0000] {dag.py:4180} INFO - Setting next_dagrun for example_trigger_target_dag to None, run_after=None
[2025-02-27T19:29:22.698+0000] {processor.py:208} INFO - Processing /home/sravan2418/airflow-env/lib/python3.11/site-packages/airflow/example_dags/example_trigger_target_dag.py took 0.093 seconds
[2025-02-27T19:30:20.233+0000] {processor.py:186} INFO - Started process (PID=3187) to work on /home/sravan2418/airflow-env/lib/python3.11/site-packages/airflow/example_dags/example_trigger_target_dag.py
[2025-02-27T19:30:20.235+0000] {processor.py:914} INFO - Processing file /home/sravan2418/airflow-env/lib/python3.11/site-packages/airflow/example_dags/example_trigger_target_dag.py for tasks to queue
[2025-02-27T19:30:20.239+0000] {logging_mixin.py:190} INFO - [2025-02-27T19:30:20.239+0000] {dagbag.py:588} INFO - Filling up the DagBag from /home/sravan2418/airflow-env/lib/python3.11/site-packages/airflow/example_dags/example_trigger_target_dag.py
[2025-02-27T19:30:20.255+0000] {processor.py:925} INFO - DAG(s) 'example_trigger_target_dag' retrieved from /home/sravan2418/airflow-env/lib/python3.11/site-packages/airflow/example_dags/example_trigger_target_dag.py
[2025-02-27T19:30:20.282+0000] {logging_mixin.py:190} INFO - [2025-02-27T19:30:20.281+0000] {dag.py:3239} INFO - Sync 1 DAGs
[2025-02-27T19:30:20.301+0000] {logging_mixin.py:190} INFO - [2025-02-27T19:30:20.301+0000] {dag.py:4180} INFO - Setting next_dagrun for example_trigger_target_dag to None, run_after=None
[2025-02-27T19:30:20.340+0000] {processor.py:208} INFO - Processing /home/sravan2418/airflow-env/lib/python3.11/site-packages/airflow/example_dags/example_trigger_target_dag.py took 0.117 seconds
[2025-02-27T19:31:25.265+0000] {processor.py:186} INFO - Started process (PID=3251) to work on /home/sravan2418/airflow-env/lib/python3.11/site-packages/airflow/example_dags/example_trigger_target_dag.py
[2025-02-27T19:31:25.268+0000] {processor.py:914} INFO - Processing file /home/sravan2418/airflow-env/lib/python3.11/site-packages/airflow/example_dags/example_trigger_target_dag.py for tasks to queue
[2025-02-27T19:31:25.271+0000] {logging_mixin.py:190} INFO - [2025-02-27T19:31:25.270+0000] {dagbag.py:588} INFO - Filling up the DagBag from /home/sravan2418/airflow-env/lib/python3.11/site-packages/airflow/example_dags/example_trigger_target_dag.py
[2025-02-27T19:31:25.285+0000] {processor.py:925} INFO - DAG(s) 'example_trigger_target_dag' retrieved from /home/sravan2418/airflow-env/lib/python3.11/site-packages/airflow/example_dags/example_trigger_target_dag.py
[2025-02-27T19:31:25.308+0000] {logging_mixin.py:190} INFO - [2025-02-27T19:31:25.308+0000] {dag.py:3239} INFO - Sync 1 DAGs
[2025-02-27T19:31:25.324+0000] {logging_mixin.py:190} INFO - [2025-02-27T19:31:25.324+0000] {dag.py:4180} INFO - Setting next_dagrun for example_trigger_target_dag to None, run_after=None
[2025-02-27T19:31:25.352+0000] {processor.py:208} INFO - Processing /home/sravan2418/airflow-env/lib/python3.11/site-packages/airflow/example_dags/example_trigger_target_dag.py took 0.096 seconds
[2025-02-27T19:32:34.884+0000] {processor.py:186} INFO - Started process (PID=3320) to work on /home/sravan2418/airflow-env/lib/python3.11/site-packages/airflow/example_dags/example_trigger_target_dag.py
[2025-02-27T19:32:34.886+0000] {processor.py:914} INFO - Processing file /home/sravan2418/airflow-env/lib/python3.11/site-packages/airflow/example_dags/example_trigger_target_dag.py for tasks to queue
[2025-02-27T19:32:34.890+0000] {logging_mixin.py:190} INFO - [2025-02-27T19:32:34.890+0000] {dagbag.py:588} INFO - Filling up the DagBag from /home/sravan2418/airflow-env/lib/python3.11/site-packages/airflow/example_dags/example_trigger_target_dag.py
[2025-02-27T19:32:34.904+0000] {processor.py:925} INFO - DAG(s) 'example_trigger_target_dag' retrieved from /home/sravan2418/airflow-env/lib/python3.11/site-packages/airflow/example_dags/example_trigger_target_dag.py
[2025-02-27T19:32:34.930+0000] {logging_mixin.py:190} INFO - [2025-02-27T19:32:34.930+0000] {dag.py:3239} INFO - Sync 1 DAGs
[2025-02-27T19:32:34.947+0000] {logging_mixin.py:190} INFO - [2025-02-27T19:32:34.946+0000] {dag.py:4180} INFO - Setting next_dagrun for example_trigger_target_dag to None, run_after=None
[2025-02-27T19:32:34.976+0000] {processor.py:208} INFO - Processing /home/sravan2418/airflow-env/lib/python3.11/site-packages/airflow/example_dags/example_trigger_target_dag.py took 0.103 seconds
[2025-02-27T19:33:42.274+0000] {processor.py:186} INFO - Started process (PID=3385) to work on /home/sravan2418/airflow-env/lib/python3.11/site-packages/airflow/example_dags/example_trigger_target_dag.py
[2025-02-27T19:33:42.276+0000] {processor.py:914} INFO - Processing file /home/sravan2418/airflow-env/lib/python3.11/site-packages/airflow/example_dags/example_trigger_target_dag.py for tasks to queue
[2025-02-27T19:33:42.280+0000] {logging_mixin.py:190} INFO - [2025-02-27T19:33:42.279+0000] {dagbag.py:588} INFO - Filling up the DagBag from /home/sravan2418/airflow-env/lib/python3.11/site-packages/airflow/example_dags/example_trigger_target_dag.py
[2025-02-27T19:33:42.294+0000] {processor.py:925} INFO - DAG(s) 'example_trigger_target_dag' retrieved from /home/sravan2418/airflow-env/lib/python3.11/site-packages/airflow/example_dags/example_trigger_target_dag.py
[2025-02-27T19:33:42.319+0000] {logging_mixin.py:190} INFO - [2025-02-27T19:33:42.318+0000] {dag.py:3239} INFO - Sync 1 DAGs
[2025-02-27T19:33:42.337+0000] {logging_mixin.py:190} INFO - [2025-02-27T19:33:42.337+0000] {dag.py:4180} INFO - Setting next_dagrun for example_trigger_target_dag to None, run_after=None
[2025-02-27T19:33:42.366+0000] {processor.py:208} INFO - Processing /home/sravan2418/airflow-env/lib/python3.11/site-packages/airflow/example_dags/example_trigger_target_dag.py took 0.103 seconds
[2025-02-27T19:34:46.040+0000] {processor.py:186} INFO - Started process (PID=3452) to work on /home/sravan2418/airflow-env/lib/python3.11/site-packages/airflow/example_dags/example_trigger_target_dag.py
[2025-02-27T19:34:46.043+0000] {processor.py:914} INFO - Processing file /home/sravan2418/airflow-env/lib/python3.11/site-packages/airflow/example_dags/example_trigger_target_dag.py for tasks to queue
[2025-02-27T19:34:46.047+0000] {logging_mixin.py:190} INFO - [2025-02-27T19:34:46.046+0000] {dagbag.py:588} INFO - Filling up the DagBag from /home/sravan2418/airflow-env/lib/python3.11/site-packages/airflow/example_dags/example_trigger_target_dag.py
[2025-02-27T19:34:46.064+0000] {processor.py:925} INFO - DAG(s) 'example_trigger_target_dag' retrieved from /home/sravan2418/airflow-env/lib/python3.11/site-packages/airflow/example_dags/example_trigger_target_dag.py
[2025-02-27T19:34:46.094+0000] {logging_mixin.py:190} INFO - [2025-02-27T19:34:46.093+0000] {dag.py:3239} INFO - Sync 1 DAGs
[2025-02-27T19:34:46.114+0000] {logging_mixin.py:190} INFO - [2025-02-27T19:34:46.113+0000] {dag.py:4180} INFO - Setting next_dagrun for example_trigger_target_dag to None, run_after=None
[2025-02-27T19:34:46.148+0000] {processor.py:208} INFO - Processing /home/sravan2418/airflow-env/lib/python3.11/site-packages/airflow/example_dags/example_trigger_target_dag.py took 0.119 seconds
