[2025-02-27T19:22:05.735+0000] {processor.py:186} INFO - Started process (PID=2666) to work on /home/sravan2418/airflow-env/lib/python3.11/site-packages/airflow/example_dags/example_bash_operator.py
[2025-02-27T19:22:05.736+0000] {processor.py:914} INFO - Processing file /home/sravan2418/airflow-env/lib/python3.11/site-packages/airflow/example_dags/example_bash_operator.py for tasks to queue
[2025-02-27T19:22:05.740+0000] {logging_mixin.py:190} INFO - [2025-02-27T19:22:05.739+0000] {dagbag.py:588} INFO - Filling up the DagBag from /home/sravan2418/airflow-env/lib/python3.11/site-packages/airflow/example_dags/example_bash_operator.py
[2025-02-27T19:22:05.760+0000] {processor.py:925} INFO - DAG(s) 'example_bash_operator' retrieved from /home/sravan2418/airflow-env/lib/python3.11/site-packages/airflow/example_dags/example_bash_operator.py
[2025-02-27T19:22:05.900+0000] {logging_mixin.py:190} INFO - [2025-02-27T19:22:05.899+0000] {override.py:1930} INFO - Created Permission View: can edit on DAG:example_bash_operator
[2025-02-27T19:22:05.915+0000] {logging_mixin.py:190} INFO - [2025-02-27T19:22:05.914+0000] {override.py:1930} INFO - Created Permission View: can delete on DAG:example_bash_operator
[2025-02-27T19:22:05.926+0000] {logging_mixin.py:190} INFO - [2025-02-27T19:22:05.926+0000] {override.py:1930} INFO - Created Permission View: can read on DAG:example_bash_operator
[2025-02-27T19:22:05.944+0000] {logging_mixin.py:190} INFO - [2025-02-27T19:22:05.943+0000] {override.py:1930} INFO - Created Permission View: menu access on DAG Run:example_bash_operator
[2025-02-27T19:22:05.955+0000] {logging_mixin.py:190} INFO - [2025-02-27T19:22:05.955+0000] {override.py:1930} INFO - Created Permission View: can create on DAG Run:example_bash_operator
[2025-02-27T19:22:05.966+0000] {logging_mixin.py:190} INFO - [2025-02-27T19:22:05.965+0000] {override.py:1930} INFO - Created Permission View: can delete on DAG Run:example_bash_operator
[2025-02-27T19:22:05.977+0000] {logging_mixin.py:190} INFO - [2025-02-27T19:22:05.976+0000] {override.py:1930} INFO - Created Permission View: can read on DAG Run:example_bash_operator
[2025-02-27T19:22:05.978+0000] {logging_mixin.py:190} INFO - [2025-02-27T19:22:05.977+0000] {dag.py:3239} INFO - Sync 1 DAGs
[2025-02-27T19:22:05.992+0000] {logging_mixin.py:190} INFO - [2025-02-27T19:22:05.991+0000] {dag.py:3262} INFO - Creating ORM DAG for example_bash_operator
[2025-02-27T19:22:06.003+0000] {logging_mixin.py:190} INFO - [2025-02-27T19:22:06.003+0000] {dag.py:4180} INFO - Setting next_dagrun for example_bash_operator to 2025-02-26 00:00:00+00:00, run_after=2025-02-27 00:00:00+00:00
[2025-02-27T19:22:06.030+0000] {processor.py:208} INFO - Processing /home/sravan2418/airflow-env/lib/python3.11/site-packages/airflow/example_dags/example_bash_operator.py took 0.304 seconds
[2025-02-27T19:23:43.029+0000] {processor.py:186} INFO - Started process (PID=2751) to work on /home/sravan2418/airflow-env/lib/python3.11/site-packages/airflow/example_dags/example_bash_operator.py
[2025-02-27T19:23:43.031+0000] {processor.py:914} INFO - Processing file /home/sravan2418/airflow-env/lib/python3.11/site-packages/airflow/example_dags/example_bash_operator.py for tasks to queue
[2025-02-27T19:23:43.036+0000] {logging_mixin.py:190} INFO - [2025-02-27T19:23:43.035+0000] {dagbag.py:588} INFO - Filling up the DagBag from /home/sravan2418/airflow-env/lib/python3.11/site-packages/airflow/example_dags/example_bash_operator.py
[2025-02-27T19:23:43.059+0000] {processor.py:925} INFO - DAG(s) 'example_bash_operator' retrieved from /home/sravan2418/airflow-env/lib/python3.11/site-packages/airflow/example_dags/example_bash_operator.py
[2025-02-27T19:23:43.098+0000] {logging_mixin.py:190} INFO - [2025-02-27T19:23:43.097+0000] {dag.py:3239} INFO - Sync 1 DAGs
[2025-02-27T19:23:43.130+0000] {logging_mixin.py:190} INFO - [2025-02-27T19:23:43.130+0000] {dag.py:4180} INFO - Setting next_dagrun for example_bash_operator to 2025-02-26 00:00:00+00:00, run_after=2025-02-27 00:00:00+00:00
[2025-02-27T19:23:43.164+0000] {processor.py:208} INFO - Processing /home/sravan2418/airflow-env/lib/python3.11/site-packages/airflow/example_dags/example_bash_operator.py took 0.146 seconds
[2025-02-27T19:24:44.670+0000] {processor.py:186} INFO - Started process (PID=2821) to work on /home/sravan2418/airflow-env/lib/python3.11/site-packages/airflow/example_dags/example_bash_operator.py
[2025-02-27T19:24:44.672+0000] {processor.py:914} INFO - Processing file /home/sravan2418/airflow-env/lib/python3.11/site-packages/airflow/example_dags/example_bash_operator.py for tasks to queue
[2025-02-27T19:24:44.676+0000] {logging_mixin.py:190} INFO - [2025-02-27T19:24:44.675+0000] {dagbag.py:588} INFO - Filling up the DagBag from /home/sravan2418/airflow-env/lib/python3.11/site-packages/airflow/example_dags/example_bash_operator.py
[2025-02-27T19:24:44.696+0000] {processor.py:925} INFO - DAG(s) 'example_bash_operator' retrieved from /home/sravan2418/airflow-env/lib/python3.11/site-packages/airflow/example_dags/example_bash_operator.py
[2025-02-27T19:24:44.725+0000] {logging_mixin.py:190} INFO - [2025-02-27T19:24:44.725+0000] {dag.py:3239} INFO - Sync 1 DAGs
[2025-02-27T19:24:44.751+0000] {logging_mixin.py:190} INFO - [2025-02-27T19:24:44.751+0000] {dag.py:4180} INFO - Setting next_dagrun for example_bash_operator to 2025-02-26 00:00:00+00:00, run_after=2025-02-27 00:00:00+00:00
[2025-02-27T19:24:44.786+0000] {processor.py:208} INFO - Processing /home/sravan2418/airflow-env/lib/python3.11/site-packages/airflow/example_dags/example_bash_operator.py took 0.124 seconds
[2025-02-27T19:25:45.741+0000] {processor.py:186} INFO - Started process (PID=2881) to work on /home/sravan2418/airflow-env/lib/python3.11/site-packages/airflow/example_dags/example_bash_operator.py
[2025-02-27T19:25:45.743+0000] {processor.py:914} INFO - Processing file /home/sravan2418/airflow-env/lib/python3.11/site-packages/airflow/example_dags/example_bash_operator.py for tasks to queue
[2025-02-27T19:25:45.746+0000] {logging_mixin.py:190} INFO - [2025-02-27T19:25:45.746+0000] {dagbag.py:588} INFO - Filling up the DagBag from /home/sravan2418/airflow-env/lib/python3.11/site-packages/airflow/example_dags/example_bash_operator.py
[2025-02-27T19:25:45.767+0000] {processor.py:925} INFO - DAG(s) 'example_bash_operator' retrieved from /home/sravan2418/airflow-env/lib/python3.11/site-packages/airflow/example_dags/example_bash_operator.py
[2025-02-27T19:25:45.811+0000] {logging_mixin.py:190} INFO - [2025-02-27T19:25:45.810+0000] {dag.py:3239} INFO - Sync 1 DAGs
[2025-02-27T19:25:45.841+0000] {logging_mixin.py:190} INFO - [2025-02-27T19:25:45.841+0000] {dag.py:4180} INFO - Setting next_dagrun for example_bash_operator to 2025-02-26 00:00:00+00:00, run_after=2025-02-27 00:00:00+00:00
[2025-02-27T19:25:45.866+0000] {processor.py:208} INFO - Processing /home/sravan2418/airflow-env/lib/python3.11/site-packages/airflow/example_dags/example_bash_operator.py took 0.135 seconds
[2025-02-27T19:26:50.574+0000] {processor.py:186} INFO - Started process (PID=2947) to work on /home/sravan2418/airflow-env/lib/python3.11/site-packages/airflow/example_dags/example_bash_operator.py
[2025-02-27T19:26:50.576+0000] {processor.py:914} INFO - Processing file /home/sravan2418/airflow-env/lib/python3.11/site-packages/airflow/example_dags/example_bash_operator.py for tasks to queue
[2025-02-27T19:26:50.580+0000] {logging_mixin.py:190} INFO - [2025-02-27T19:26:50.579+0000] {dagbag.py:588} INFO - Filling up the DagBag from /home/sravan2418/airflow-env/lib/python3.11/site-packages/airflow/example_dags/example_bash_operator.py
[2025-02-27T19:26:50.603+0000] {processor.py:925} INFO - DAG(s) 'example_bash_operator' retrieved from /home/sravan2418/airflow-env/lib/python3.11/site-packages/airflow/example_dags/example_bash_operator.py
[2025-02-27T19:26:50.788+0000] {logging_mixin.py:190} INFO - [2025-02-27T19:26:50.788+0000] {dag.py:3239} INFO - Sync 1 DAGs
[2025-02-27T19:26:50.809+0000] {logging_mixin.py:190} INFO - [2025-02-27T19:26:50.809+0000] {dag.py:4180} INFO - Setting next_dagrun for example_bash_operator to 2025-02-26 00:00:00+00:00, run_after=2025-02-27 00:00:00+00:00
[2025-02-27T19:26:50.833+0000] {processor.py:208} INFO - Processing /home/sravan2418/airflow-env/lib/python3.11/site-packages/airflow/example_dags/example_bash_operator.py took 0.268 seconds
[2025-02-27T19:28:53.795+0000] {processor.py:186} INFO - Started process (PID=3091) to work on /home/sravan2418/airflow-env/lib/python3.11/site-packages/airflow/example_dags/example_bash_operator.py
[2025-02-27T19:28:53.798+0000] {processor.py:914} INFO - Processing file /home/sravan2418/airflow-env/lib/python3.11/site-packages/airflow/example_dags/example_bash_operator.py for tasks to queue
[2025-02-27T19:28:53.802+0000] {logging_mixin.py:190} INFO - [2025-02-27T19:28:53.801+0000] {dagbag.py:588} INFO - Filling up the DagBag from /home/sravan2418/airflow-env/lib/python3.11/site-packages/airflow/example_dags/example_bash_operator.py
[2025-02-27T19:28:53.825+0000] {processor.py:925} INFO - DAG(s) 'example_bash_operator' retrieved from /home/sravan2418/airflow-env/lib/python3.11/site-packages/airflow/example_dags/example_bash_operator.py
[2025-02-27T19:28:53.859+0000] {logging_mixin.py:190} INFO - [2025-02-27T19:28:53.858+0000] {dag.py:3239} INFO - Sync 1 DAGs
[2025-02-27T19:28:53.891+0000] {logging_mixin.py:190} INFO - [2025-02-27T19:28:53.890+0000] {dag.py:4180} INFO - Setting next_dagrun for example_bash_operator to 2025-02-26 00:00:00+00:00, run_after=2025-02-27 00:00:00+00:00
[2025-02-27T19:28:53.925+0000] {processor.py:208} INFO - Processing /home/sravan2418/airflow-env/lib/python3.11/site-packages/airflow/example_dags/example_bash_operator.py took 0.141 seconds
[2025-02-27T19:29:52.131+0000] {processor.py:186} INFO - Started process (PID=3158) to work on /home/sravan2418/airflow-env/lib/python3.11/site-packages/airflow/example_dags/example_bash_operator.py
[2025-02-27T19:29:52.134+0000] {processor.py:914} INFO - Processing file /home/sravan2418/airflow-env/lib/python3.11/site-packages/airflow/example_dags/example_bash_operator.py for tasks to queue
[2025-02-27T19:29:52.138+0000] {logging_mixin.py:190} INFO - [2025-02-27T19:29:52.137+0000] {dagbag.py:588} INFO - Filling up the DagBag from /home/sravan2418/airflow-env/lib/python3.11/site-packages/airflow/example_dags/example_bash_operator.py
[2025-02-27T19:29:52.162+0000] {processor.py:925} INFO - DAG(s) 'example_bash_operator' retrieved from /home/sravan2418/airflow-env/lib/python3.11/site-packages/airflow/example_dags/example_bash_operator.py
[2025-02-27T19:29:52.198+0000] {logging_mixin.py:190} INFO - [2025-02-27T19:29:52.198+0000] {dag.py:3239} INFO - Sync 1 DAGs
[2025-02-27T19:29:52.230+0000] {logging_mixin.py:190} INFO - [2025-02-27T19:29:52.230+0000] {dag.py:4180} INFO - Setting next_dagrun for example_bash_operator to 2025-02-26 00:00:00+00:00, run_after=2025-02-27 00:00:00+00:00
[2025-02-27T19:29:52.261+0000] {processor.py:208} INFO - Processing /home/sravan2418/airflow-env/lib/python3.11/site-packages/airflow/example_dags/example_bash_operator.py took 0.140 seconds
[2025-02-27T19:30:54.550+0000] {processor.py:186} INFO - Started process (PID=3221) to work on /home/sravan2418/airflow-env/lib/python3.11/site-packages/airflow/example_dags/example_bash_operator.py
[2025-02-27T19:30:54.552+0000] {processor.py:914} INFO - Processing file /home/sravan2418/airflow-env/lib/python3.11/site-packages/airflow/example_dags/example_bash_operator.py for tasks to queue
[2025-02-27T19:30:54.556+0000] {logging_mixin.py:190} INFO - [2025-02-27T19:30:54.555+0000] {dagbag.py:588} INFO - Filling up the DagBag from /home/sravan2418/airflow-env/lib/python3.11/site-packages/airflow/example_dags/example_bash_operator.py
[2025-02-27T19:30:54.580+0000] {processor.py:925} INFO - DAG(s) 'example_bash_operator' retrieved from /home/sravan2418/airflow-env/lib/python3.11/site-packages/airflow/example_dags/example_bash_operator.py
[2025-02-27T19:30:54.613+0000] {logging_mixin.py:190} INFO - [2025-02-27T19:30:54.612+0000] {dag.py:3239} INFO - Sync 1 DAGs
[2025-02-27T19:30:54.643+0000] {logging_mixin.py:190} INFO - [2025-02-27T19:30:54.642+0000] {dag.py:4180} INFO - Setting next_dagrun for example_bash_operator to 2025-02-26 00:00:00+00:00, run_after=2025-02-27 00:00:00+00:00
[2025-02-27T19:30:54.673+0000] {processor.py:208} INFO - Processing /home/sravan2418/airflow-env/lib/python3.11/site-packages/airflow/example_dags/example_bash_operator.py took 0.134 seconds
[2025-02-27T19:32:00.371+0000] {processor.py:186} INFO - Started process (PID=3283) to work on /home/sravan2418/airflow-env/lib/python3.11/site-packages/airflow/example_dags/example_bash_operator.py
[2025-02-27T19:32:00.374+0000] {processor.py:914} INFO - Processing file /home/sravan2418/airflow-env/lib/python3.11/site-packages/airflow/example_dags/example_bash_operator.py for tasks to queue
[2025-02-27T19:32:00.377+0000] {logging_mixin.py:190} INFO - [2025-02-27T19:32:00.376+0000] {dagbag.py:588} INFO - Filling up the DagBag from /home/sravan2418/airflow-env/lib/python3.11/site-packages/airflow/example_dags/example_bash_operator.py
[2025-02-27T19:32:00.399+0000] {processor.py:925} INFO - DAG(s) 'example_bash_operator' retrieved from /home/sravan2418/airflow-env/lib/python3.11/site-packages/airflow/example_dags/example_bash_operator.py
[2025-02-27T19:32:00.608+0000] {logging_mixin.py:190} INFO - [2025-02-27T19:32:00.608+0000] {dag.py:3239} INFO - Sync 1 DAGs
[2025-02-27T19:32:00.631+0000] {logging_mixin.py:190} INFO - [2025-02-27T19:32:00.631+0000] {dag.py:4180} INFO - Setting next_dagrun for example_bash_operator to 2025-02-26 00:00:00+00:00, run_after=2025-02-27 00:00:00+00:00
[2025-02-27T19:32:00.659+0000] {processor.py:208} INFO - Processing /home/sravan2418/airflow-env/lib/python3.11/site-packages/airflow/example_dags/example_bash_operator.py took 0.297 seconds
[2025-02-27T19:33:15.027+0000] {processor.py:186} INFO - Started process (PID=3358) to work on /home/sravan2418/airflow-env/lib/python3.11/site-packages/airflow/example_dags/example_bash_operator.py
[2025-02-27T19:33:15.030+0000] {processor.py:914} INFO - Processing file /home/sravan2418/airflow-env/lib/python3.11/site-packages/airflow/example_dags/example_bash_operator.py for tasks to queue
[2025-02-27T19:33:15.033+0000] {logging_mixin.py:190} INFO - [2025-02-27T19:33:15.032+0000] {dagbag.py:588} INFO - Filling up the DagBag from /home/sravan2418/airflow-env/lib/python3.11/site-packages/airflow/example_dags/example_bash_operator.py
[2025-02-27T19:33:15.054+0000] {processor.py:925} INFO - DAG(s) 'example_bash_operator' retrieved from /home/sravan2418/airflow-env/lib/python3.11/site-packages/airflow/example_dags/example_bash_operator.py
[2025-02-27T19:33:15.085+0000] {logging_mixin.py:190} INFO - [2025-02-27T19:33:15.085+0000] {dag.py:3239} INFO - Sync 1 DAGs
[2025-02-27T19:33:15.114+0000] {logging_mixin.py:190} INFO - [2025-02-27T19:33:15.114+0000] {dag.py:4180} INFO - Setting next_dagrun for example_bash_operator to 2025-02-26 00:00:00+00:00, run_after=2025-02-27 00:00:00+00:00
[2025-02-27T19:33:15.140+0000] {processor.py:208} INFO - Processing /home/sravan2418/airflow-env/lib/python3.11/site-packages/airflow/example_dags/example_bash_operator.py took 0.123 seconds
[2025-02-27T19:34:18.845+0000] {processor.py:186} INFO - Started process (PID=3422) to work on /home/sravan2418/airflow-env/lib/python3.11/site-packages/airflow/example_dags/example_bash_operator.py
[2025-02-27T19:34:18.847+0000] {processor.py:914} INFO - Processing file /home/sravan2418/airflow-env/lib/python3.11/site-packages/airflow/example_dags/example_bash_operator.py for tasks to queue
[2025-02-27T19:34:18.851+0000] {logging_mixin.py:190} INFO - [2025-02-27T19:34:18.850+0000] {dagbag.py:588} INFO - Filling up the DagBag from /home/sravan2418/airflow-env/lib/python3.11/site-packages/airflow/example_dags/example_bash_operator.py
[2025-02-27T19:34:18.872+0000] {processor.py:925} INFO - DAG(s) 'example_bash_operator' retrieved from /home/sravan2418/airflow-env/lib/python3.11/site-packages/airflow/example_dags/example_bash_operator.py
[2025-02-27T19:34:18.905+0000] {logging_mixin.py:190} INFO - [2025-02-27T19:34:18.904+0000] {dag.py:3239} INFO - Sync 1 DAGs
[2025-02-27T19:34:18.934+0000] {logging_mixin.py:190} INFO - [2025-02-27T19:34:18.933+0000] {dag.py:4180} INFO - Setting next_dagrun for example_bash_operator to 2025-02-26 00:00:00+00:00, run_after=2025-02-27 00:00:00+00:00
[2025-02-27T19:34:18.961+0000] {processor.py:208} INFO - Processing /home/sravan2418/airflow-env/lib/python3.11/site-packages/airflow/example_dags/example_bash_operator.py took 0.126 seconds
