[2025-02-27T19:21:58.024+0000] {processor.py:186} INFO - Started process (PID=2658) to work on /home/sravan2418/airflow-env/lib/python3.11/site-packages/airflow/example_dags/example_params_trigger_ui.py
[2025-02-27T19:21:58.025+0000] {processor.py:914} INFO - Processing file /home/sravan2418/airflow-env/lib/python3.11/site-packages/airflow/example_dags/example_params_trigger_ui.py for tasks to queue
[2025-02-27T19:21:58.028+0000] {logging_mixin.py:190} INFO - [2025-02-27T19:21:58.027+0000] {dagbag.py:588} INFO - Filling up the DagBag from /home/sravan2418/airflow-env/lib/python3.11/site-packages/airflow/example_dags/example_params_trigger_ui.py
[2025-02-27T19:21:58.045+0000] {processor.py:925} INFO - DAG(s) 'example_params_trigger_ui' retrieved from /home/sravan2418/airflow-env/lib/python3.11/site-packages/airflow/example_dags/example_params_trigger_ui.py
[2025-02-27T19:21:58.198+0000] {logging_mixin.py:190} INFO - [2025-02-27T19:21:58.197+0000] {override.py:1930} INFO - Created Permission View: can edit on DAG:example_params_trigger_ui
[2025-02-27T19:21:58.214+0000] {logging_mixin.py:190} INFO - [2025-02-27T19:21:58.213+0000] {override.py:1930} INFO - Created Permission View: can delete on DAG:example_params_trigger_ui
[2025-02-27T19:21:58.226+0000] {logging_mixin.py:190} INFO - [2025-02-27T19:21:58.225+0000] {override.py:1930} INFO - Created Permission View: can read on DAG:example_params_trigger_ui
[2025-02-27T19:21:58.244+0000] {logging_mixin.py:190} INFO - [2025-02-27T19:21:58.243+0000] {override.py:1930} INFO - Created Permission View: menu access on DAG Run:example_params_trigger_ui
[2025-02-27T19:21:58.255+0000] {logging_mixin.py:190} INFO - [2025-02-27T19:21:58.254+0000] {override.py:1930} INFO - Created Permission View: can create on DAG Run:example_params_trigger_ui
[2025-02-27T19:21:58.266+0000] {logging_mixin.py:190} INFO - [2025-02-27T19:21:58.266+0000] {override.py:1930} INFO - Created Permission View: can delete on DAG Run:example_params_trigger_ui
[2025-02-27T19:21:58.279+0000] {logging_mixin.py:190} INFO - [2025-02-27T19:21:58.279+0000] {override.py:1930} INFO - Created Permission View: can read on DAG Run:example_params_trigger_ui
[2025-02-27T19:21:58.280+0000] {logging_mixin.py:190} INFO - [2025-02-27T19:21:58.280+0000] {dag.py:3239} INFO - Sync 1 DAGs
[2025-02-27T19:21:58.294+0000] {logging_mixin.py:190} INFO - [2025-02-27T19:21:58.294+0000] {dag.py:3262} INFO - Creating ORM DAG for example_params_trigger_ui
[2025-02-27T19:21:58.295+0000] {logging_mixin.py:190} INFO - [2025-02-27T19:21:58.294+0000] {dag.py:4180} INFO - Setting next_dagrun for example_params_trigger_ui to None, run_after=None
[2025-02-27T19:21:58.325+0000] {processor.py:208} INFO - Processing /home/sravan2418/airflow-env/lib/python3.11/site-packages/airflow/example_dags/example_params_trigger_ui.py took 0.311 seconds
[2025-02-27T19:23:36.629+0000] {processor.py:186} INFO - Started process (PID=2745) to work on /home/sravan2418/airflow-env/lib/python3.11/site-packages/airflow/example_dags/example_params_trigger_ui.py
[2025-02-27T19:23:36.631+0000] {processor.py:914} INFO - Processing file /home/sravan2418/airflow-env/lib/python3.11/site-packages/airflow/example_dags/example_params_trigger_ui.py for tasks to queue
[2025-02-27T19:23:36.635+0000] {logging_mixin.py:190} INFO - [2025-02-27T19:23:36.634+0000] {dagbag.py:588} INFO - Filling up the DagBag from /home/sravan2418/airflow-env/lib/python3.11/site-packages/airflow/example_dags/example_params_trigger_ui.py
[2025-02-27T19:23:36.652+0000] {processor.py:925} INFO - DAG(s) 'example_params_trigger_ui' retrieved from /home/sravan2418/airflow-env/lib/python3.11/site-packages/airflow/example_dags/example_params_trigger_ui.py
[2025-02-27T19:23:36.699+0000] {logging_mixin.py:190} INFO - [2025-02-27T19:23:36.699+0000] {dag.py:3239} INFO - Sync 1 DAGs
[2025-02-27T19:23:36.715+0000] {logging_mixin.py:190} INFO - [2025-02-27T19:23:36.714+0000] {dag.py:4180} INFO - Setting next_dagrun for example_params_trigger_ui to None, run_after=None
[2025-02-27T19:23:36.741+0000] {processor.py:208} INFO - Processing /home/sravan2418/airflow-env/lib/python3.11/site-packages/airflow/example_dags/example_params_trigger_ui.py took 0.121 seconds
[2025-02-27T19:24:38.256+0000] {processor.py:186} INFO - Started process (PID=2815) to work on /home/sravan2418/airflow-env/lib/python3.11/site-packages/airflow/example_dags/example_params_trigger_ui.py
[2025-02-27T19:24:38.258+0000] {processor.py:914} INFO - Processing file /home/sravan2418/airflow-env/lib/python3.11/site-packages/airflow/example_dags/example_params_trigger_ui.py for tasks to queue
[2025-02-27T19:24:38.261+0000] {logging_mixin.py:190} INFO - [2025-02-27T19:24:38.260+0000] {dagbag.py:588} INFO - Filling up the DagBag from /home/sravan2418/airflow-env/lib/python3.11/site-packages/airflow/example_dags/example_params_trigger_ui.py
[2025-02-27T19:24:38.277+0000] {processor.py:925} INFO - DAG(s) 'example_params_trigger_ui' retrieved from /home/sravan2418/airflow-env/lib/python3.11/site-packages/airflow/example_dags/example_params_trigger_ui.py
[2025-02-27T19:24:38.325+0000] {logging_mixin.py:190} INFO - [2025-02-27T19:24:38.325+0000] {dag.py:3239} INFO - Sync 1 DAGs
[2025-02-27T19:24:38.340+0000] {logging_mixin.py:190} INFO - [2025-02-27T19:24:38.340+0000] {dag.py:4180} INFO - Setting next_dagrun for example_params_trigger_ui to None, run_after=None
[2025-02-27T19:24:38.367+0000] {processor.py:208} INFO - Processing /home/sravan2418/airflow-env/lib/python3.11/site-packages/airflow/example_dags/example_params_trigger_ui.py took 0.120 seconds
[2025-02-27T19:25:38.292+0000] {processor.py:186} INFO - Started process (PID=2875) to work on /home/sravan2418/airflow-env/lib/python3.11/site-packages/airflow/example_dags/example_params_trigger_ui.py
[2025-02-27T19:25:38.294+0000] {processor.py:914} INFO - Processing file /home/sravan2418/airflow-env/lib/python3.11/site-packages/airflow/example_dags/example_params_trigger_ui.py for tasks to queue
[2025-02-27T19:25:38.298+0000] {logging_mixin.py:190} INFO - [2025-02-27T19:25:38.298+0000] {dagbag.py:588} INFO - Filling up the DagBag from /home/sravan2418/airflow-env/lib/python3.11/site-packages/airflow/example_dags/example_params_trigger_ui.py
[2025-02-27T19:25:38.315+0000] {processor.py:925} INFO - DAG(s) 'example_params_trigger_ui' retrieved from /home/sravan2418/airflow-env/lib/python3.11/site-packages/airflow/example_dags/example_params_trigger_ui.py
[2025-02-27T19:25:38.362+0000] {logging_mixin.py:190} INFO - [2025-02-27T19:25:38.362+0000] {dag.py:3239} INFO - Sync 1 DAGs
[2025-02-27T19:25:38.377+0000] {logging_mixin.py:190} INFO - [2025-02-27T19:25:38.377+0000] {dag.py:4180} INFO - Setting next_dagrun for example_params_trigger_ui to None, run_after=None
[2025-02-27T19:25:38.403+0000] {processor.py:208} INFO - Processing /home/sravan2418/airflow-env/lib/python3.11/site-packages/airflow/example_dags/example_params_trigger_ui.py took 0.121 seconds
[2025-02-27T19:26:45.242+0000] {processor.py:186} INFO - Started process (PID=2941) to work on /home/sravan2418/airflow-env/lib/python3.11/site-packages/airflow/example_dags/example_params_trigger_ui.py
[2025-02-27T19:26:45.245+0000] {processor.py:914} INFO - Processing file /home/sravan2418/airflow-env/lib/python3.11/site-packages/airflow/example_dags/example_params_trigger_ui.py for tasks to queue
[2025-02-27T19:26:45.249+0000] {logging_mixin.py:190} INFO - [2025-02-27T19:26:45.248+0000] {dagbag.py:588} INFO - Filling up the DagBag from /home/sravan2418/airflow-env/lib/python3.11/site-packages/airflow/example_dags/example_params_trigger_ui.py
[2025-02-27T19:26:45.268+0000] {processor.py:925} INFO - DAG(s) 'example_params_trigger_ui' retrieved from /home/sravan2418/airflow-env/lib/python3.11/site-packages/airflow/example_dags/example_params_trigger_ui.py
[2025-02-27T19:26:45.535+0000] {logging_mixin.py:190} INFO - [2025-02-27T19:26:45.535+0000] {dag.py:3239} INFO - Sync 1 DAGs
[2025-02-27T19:26:45.552+0000] {logging_mixin.py:190} INFO - [2025-02-27T19:26:45.551+0000] {dag.py:4180} INFO - Setting next_dagrun for example_params_trigger_ui to None, run_after=None
[2025-02-27T19:26:45.585+0000] {processor.py:208} INFO - Processing /home/sravan2418/airflow-env/lib/python3.11/site-packages/airflow/example_dags/example_params_trigger_ui.py took 0.353 seconds
[2025-02-27T19:28:47.371+0000] {processor.py:186} INFO - Started process (PID=3085) to work on /home/sravan2418/airflow-env/lib/python3.11/site-packages/airflow/example_dags/example_params_trigger_ui.py
[2025-02-27T19:28:47.374+0000] {processor.py:914} INFO - Processing file /home/sravan2418/airflow-env/lib/python3.11/site-packages/airflow/example_dags/example_params_trigger_ui.py for tasks to queue
[2025-02-27T19:28:47.377+0000] {logging_mixin.py:190} INFO - [2025-02-27T19:28:47.377+0000] {dagbag.py:588} INFO - Filling up the DagBag from /home/sravan2418/airflow-env/lib/python3.11/site-packages/airflow/example_dags/example_params_trigger_ui.py
[2025-02-27T19:28:47.398+0000] {processor.py:925} INFO - DAG(s) 'example_params_trigger_ui' retrieved from /home/sravan2418/airflow-env/lib/python3.11/site-packages/airflow/example_dags/example_params_trigger_ui.py
[2025-02-27T19:28:47.450+0000] {logging_mixin.py:190} INFO - [2025-02-27T19:28:47.450+0000] {dag.py:3239} INFO - Sync 1 DAGs
[2025-02-27T19:28:47.473+0000] {logging_mixin.py:190} INFO - [2025-02-27T19:28:47.473+0000] {dag.py:4180} INFO - Setting next_dagrun for example_params_trigger_ui to None, run_after=None
[2025-02-27T19:28:47.508+0000] {processor.py:208} INFO - Processing /home/sravan2418/airflow-env/lib/python3.11/site-packages/airflow/example_dags/example_params_trigger_ui.py took 0.147 seconds
[2025-02-27T19:29:46.090+0000] {processor.py:186} INFO - Started process (PID=3152) to work on /home/sravan2418/airflow-env/lib/python3.11/site-packages/airflow/example_dags/example_params_trigger_ui.py
[2025-02-27T19:29:46.092+0000] {processor.py:914} INFO - Processing file /home/sravan2418/airflow-env/lib/python3.11/site-packages/airflow/example_dags/example_params_trigger_ui.py for tasks to queue
[2025-02-27T19:29:46.096+0000] {logging_mixin.py:190} INFO - [2025-02-27T19:29:46.095+0000] {dagbag.py:588} INFO - Filling up the DagBag from /home/sravan2418/airflow-env/lib/python3.11/site-packages/airflow/example_dags/example_params_trigger_ui.py
[2025-02-27T19:29:46.113+0000] {processor.py:925} INFO - DAG(s) 'example_params_trigger_ui' retrieved from /home/sravan2418/airflow-env/lib/python3.11/site-packages/airflow/example_dags/example_params_trigger_ui.py
[2025-02-27T19:29:46.161+0000] {logging_mixin.py:190} INFO - [2025-02-27T19:29:46.161+0000] {dag.py:3239} INFO - Sync 1 DAGs
[2025-02-27T19:29:46.178+0000] {logging_mixin.py:190} INFO - [2025-02-27T19:29:46.177+0000] {dag.py:4180} INFO - Setting next_dagrun for example_params_trigger_ui to None, run_after=None
[2025-02-27T19:29:46.205+0000] {processor.py:208} INFO - Processing /home/sravan2418/airflow-env/lib/python3.11/site-packages/airflow/example_dags/example_params_trigger_ui.py took 0.124 seconds
[2025-02-27T19:30:48.249+0000] {processor.py:186} INFO - Started process (PID=3215) to work on /home/sravan2418/airflow-env/lib/python3.11/site-packages/airflow/example_dags/example_params_trigger_ui.py
[2025-02-27T19:30:48.252+0000] {processor.py:914} INFO - Processing file /home/sravan2418/airflow-env/lib/python3.11/site-packages/airflow/example_dags/example_params_trigger_ui.py for tasks to queue
[2025-02-27T19:30:48.255+0000] {logging_mixin.py:190} INFO - [2025-02-27T19:30:48.255+0000] {dagbag.py:588} INFO - Filling up the DagBag from /home/sravan2418/airflow-env/lib/python3.11/site-packages/airflow/example_dags/example_params_trigger_ui.py
[2025-02-27T19:30:48.274+0000] {processor.py:925} INFO - DAG(s) 'example_params_trigger_ui' retrieved from /home/sravan2418/airflow-env/lib/python3.11/site-packages/airflow/example_dags/example_params_trigger_ui.py
[2025-02-27T19:30:48.328+0000] {logging_mixin.py:190} INFO - [2025-02-27T19:30:48.328+0000] {dag.py:3239} INFO - Sync 1 DAGs
[2025-02-27T19:30:48.348+0000] {logging_mixin.py:190} INFO - [2025-02-27T19:30:48.348+0000] {dag.py:4180} INFO - Setting next_dagrun for example_params_trigger_ui to None, run_after=None
[2025-02-27T19:30:48.378+0000] {processor.py:208} INFO - Processing /home/sravan2418/airflow-env/lib/python3.11/site-packages/airflow/example_dags/example_params_trigger_ui.py took 0.139 seconds
[2025-02-27T19:31:54.449+0000] {processor.py:186} INFO - Started process (PID=3277) to work on /home/sravan2418/airflow-env/lib/python3.11/site-packages/airflow/example_dags/example_params_trigger_ui.py
[2025-02-27T19:31:54.452+0000] {processor.py:914} INFO - Processing file /home/sravan2418/airflow-env/lib/python3.11/site-packages/airflow/example_dags/example_params_trigger_ui.py for tasks to queue
[2025-02-27T19:31:54.456+0000] {logging_mixin.py:190} INFO - [2025-02-27T19:31:54.455+0000] {dagbag.py:588} INFO - Filling up the DagBag from /home/sravan2418/airflow-env/lib/python3.11/site-packages/airflow/example_dags/example_params_trigger_ui.py
[2025-02-27T19:31:54.475+0000] {processor.py:925} INFO - DAG(s) 'example_params_trigger_ui' retrieved from /home/sravan2418/airflow-env/lib/python3.11/site-packages/airflow/example_dags/example_params_trigger_ui.py
[2025-02-27T19:31:54.689+0000] {logging_mixin.py:190} INFO - [2025-02-27T19:31:54.689+0000] {dag.py:3239} INFO - Sync 1 DAGs
[2025-02-27T19:31:54.702+0000] {logging_mixin.py:190} INFO - [2025-02-27T19:31:54.702+0000] {dag.py:4180} INFO - Setting next_dagrun for example_params_trigger_ui to None, run_after=None
[2025-02-27T19:31:54.727+0000] {processor.py:208} INFO - Processing /home/sravan2418/airflow-env/lib/python3.11/site-packages/airflow/example_dags/example_params_trigger_ui.py took 0.287 seconds
[2025-02-27T19:33:07.585+0000] {processor.py:186} INFO - Started process (PID=3352) to work on /home/sravan2418/airflow-env/lib/python3.11/site-packages/airflow/example_dags/example_params_trigger_ui.py
[2025-02-27T19:33:07.587+0000] {processor.py:914} INFO - Processing file /home/sravan2418/airflow-env/lib/python3.11/site-packages/airflow/example_dags/example_params_trigger_ui.py for tasks to queue
[2025-02-27T19:33:07.591+0000] {logging_mixin.py:190} INFO - [2025-02-27T19:33:07.590+0000] {dagbag.py:588} INFO - Filling up the DagBag from /home/sravan2418/airflow-env/lib/python3.11/site-packages/airflow/example_dags/example_params_trigger_ui.py
[2025-02-27T19:33:07.608+0000] {processor.py:925} INFO - DAG(s) 'example_params_trigger_ui' retrieved from /home/sravan2418/airflow-env/lib/python3.11/site-packages/airflow/example_dags/example_params_trigger_ui.py
[2025-02-27T19:33:07.656+0000] {logging_mixin.py:190} INFO - [2025-02-27T19:33:07.655+0000] {dag.py:3239} INFO - Sync 1 DAGs
[2025-02-27T19:33:07.672+0000] {logging_mixin.py:190} INFO - [2025-02-27T19:33:07.671+0000] {dag.py:4180} INFO - Setting next_dagrun for example_params_trigger_ui to None, run_after=None
[2025-02-27T19:33:07.700+0000] {processor.py:208} INFO - Processing /home/sravan2418/airflow-env/lib/python3.11/site-packages/airflow/example_dags/example_params_trigger_ui.py took 0.124 seconds
[2025-02-27T19:34:12.271+0000] {processor.py:186} INFO - Started process (PID=3415) to work on /home/sravan2418/airflow-env/lib/python3.11/site-packages/airflow/example_dags/example_params_trigger_ui.py
[2025-02-27T19:34:12.273+0000] {processor.py:914} INFO - Processing file /home/sravan2418/airflow-env/lib/python3.11/site-packages/airflow/example_dags/example_params_trigger_ui.py for tasks to queue
[2025-02-27T19:34:12.277+0000] {logging_mixin.py:190} INFO - [2025-02-27T19:34:12.277+0000] {dagbag.py:588} INFO - Filling up the DagBag from /home/sravan2418/airflow-env/lib/python3.11/site-packages/airflow/example_dags/example_params_trigger_ui.py
[2025-02-27T19:34:12.299+0000] {processor.py:925} INFO - DAG(s) 'example_params_trigger_ui' retrieved from /home/sravan2418/airflow-env/lib/python3.11/site-packages/airflow/example_dags/example_params_trigger_ui.py
[2025-02-27T19:34:12.353+0000] {logging_mixin.py:190} INFO - [2025-02-27T19:34:12.353+0000] {dag.py:3239} INFO - Sync 1 DAGs
[2025-02-27T19:34:12.374+0000] {logging_mixin.py:190} INFO - [2025-02-27T19:34:12.374+0000] {dag.py:4180} INFO - Setting next_dagrun for example_params_trigger_ui to None, run_after=None
[2025-02-27T19:34:12.408+0000] {processor.py:208} INFO - Processing /home/sravan2418/airflow-env/lib/python3.11/site-packages/airflow/example_dags/example_params_trigger_ui.py took 0.148 seconds
[2025-02-27T19:35:15.787+0000] {processor.py:186} INFO - Started process (PID=3482) to work on /home/sravan2418/airflow-env/lib/python3.11/site-packages/airflow/example_dags/example_params_trigger_ui.py
[2025-02-27T19:35:15.789+0000] {processor.py:914} INFO - Processing file /home/sravan2418/airflow-env/lib/python3.11/site-packages/airflow/example_dags/example_params_trigger_ui.py for tasks to queue
[2025-02-27T19:35:15.794+0000] {logging_mixin.py:190} INFO - [2025-02-27T19:35:15.793+0000] {dagbag.py:588} INFO - Filling up the DagBag from /home/sravan2418/airflow-env/lib/python3.11/site-packages/airflow/example_dags/example_params_trigger_ui.py
[2025-02-27T19:35:15.815+0000] {processor.py:925} INFO - DAG(s) 'example_params_trigger_ui' retrieved from /home/sravan2418/airflow-env/lib/python3.11/site-packages/airflow/example_dags/example_params_trigger_ui.py
[2025-02-27T19:35:15.871+0000] {logging_mixin.py:190} INFO - [2025-02-27T19:35:15.870+0000] {dag.py:3239} INFO - Sync 1 DAGs
[2025-02-27T19:35:15.890+0000] {logging_mixin.py:190} INFO - [2025-02-27T19:35:15.890+0000] {dag.py:4180} INFO - Setting next_dagrun for example_params_trigger_ui to None, run_after=None
[2025-02-27T19:35:15.926+0000] {processor.py:208} INFO - Processing /home/sravan2418/airflow-env/lib/python3.11/site-packages/airflow/example_dags/example_params_trigger_ui.py took 0.151 seconds
