[2025-02-27T19:21:46.566+0000] {processor.py:186} INFO - Started process (PID=2643) to work on /home/sravan2418/airflow-env/lib/python3.11/site-packages/airflow/example_dags/example_dataset_alias_with_no_taskflow.py
[2025-02-27T19:21:46.568+0000] {processor.py:914} INFO - Processing file /home/sravan2418/airflow-env/lib/python3.11/site-packages/airflow/example_dags/example_dataset_alias_with_no_taskflow.py for tasks to queue
[2025-02-27T19:21:46.571+0000] {logging_mixin.py:190} INFO - [2025-02-27T19:21:46.570+0000] {dagbag.py:588} INFO - Filling up the DagBag from /home/sravan2418/airflow-env/lib/python3.11/site-packages/airflow/example_dags/example_dataset_alias_with_no_taskflow.py
[2025-02-27T19:21:46.598+0000] {processor.py:925} INFO - DAG(s) 'dataset_alias_example_alias_producer_with_no_taskflow', 'dataset_s3_bucket_producer_with_no_taskflow', 'dataset_s3_bucket_consumer_with_no_taskflow', 'dataset_alias_example_alias_consumer_with_no_taskflow' retrieved from /home/sravan2418/airflow-env/lib/python3.11/site-packages/airflow/example_dags/example_dataset_alias_with_no_taskflow.py
[2025-02-27T19:21:46.717+0000] {logging_mixin.py:190} INFO - [2025-02-27T19:21:46.716+0000] {override.py:1930} INFO - Created Permission View: can edit on DAG:dataset_alias_example_alias_producer_with_no_taskflow
[2025-02-27T19:21:46.731+0000] {logging_mixin.py:190} INFO - [2025-02-27T19:21:46.730+0000] {override.py:1930} INFO - Created Permission View: can delete on DAG:dataset_alias_example_alias_producer_with_no_taskflow
[2025-02-27T19:21:46.741+0000] {logging_mixin.py:190} INFO - [2025-02-27T19:21:46.740+0000] {override.py:1930} INFO - Created Permission View: can read on DAG:dataset_alias_example_alias_producer_with_no_taskflow
[2025-02-27T19:21:46.757+0000] {logging_mixin.py:190} INFO - [2025-02-27T19:21:46.756+0000] {override.py:1930} INFO - Created Permission View: menu access on DAG Run:dataset_alias_example_alias_producer_with_no_taskflow
[2025-02-27T19:21:46.767+0000] {logging_mixin.py:190} INFO - [2025-02-27T19:21:46.767+0000] {override.py:1930} INFO - Created Permission View: can create on DAG Run:dataset_alias_example_alias_producer_with_no_taskflow
[2025-02-27T19:21:46.778+0000] {logging_mixin.py:190} INFO - [2025-02-27T19:21:46.778+0000] {override.py:1930} INFO - Created Permission View: can delete on DAG Run:dataset_alias_example_alias_producer_with_no_taskflow
[2025-02-27T19:21:46.790+0000] {logging_mixin.py:190} INFO - [2025-02-27T19:21:46.789+0000] {override.py:1930} INFO - Created Permission View: can read on DAG Run:dataset_alias_example_alias_producer_with_no_taskflow
[2025-02-27T19:21:46.813+0000] {logging_mixin.py:190} INFO - [2025-02-27T19:21:46.812+0000] {override.py:1930} INFO - Created Permission View: can edit on DAG:dataset_s3_bucket_producer_with_no_taskflow
[2025-02-27T19:21:46.823+0000] {logging_mixin.py:190} INFO - [2025-02-27T19:21:46.823+0000] {override.py:1930} INFO - Created Permission View: can delete on DAG:dataset_s3_bucket_producer_with_no_taskflow
[2025-02-27T19:21:46.834+0000] {logging_mixin.py:190} INFO - [2025-02-27T19:21:46.833+0000] {override.py:1930} INFO - Created Permission View: can read on DAG:dataset_s3_bucket_producer_with_no_taskflow
[2025-02-27T19:21:46.850+0000] {logging_mixin.py:190} INFO - [2025-02-27T19:21:46.849+0000] {override.py:1930} INFO - Created Permission View: menu access on DAG Run:dataset_s3_bucket_producer_with_no_taskflow
[2025-02-27T19:21:46.860+0000] {logging_mixin.py:190} INFO - [2025-02-27T19:21:46.860+0000] {override.py:1930} INFO - Created Permission View: can create on DAG Run:dataset_s3_bucket_producer_with_no_taskflow
[2025-02-27T19:21:46.870+0000] {logging_mixin.py:190} INFO - [2025-02-27T19:21:46.870+0000] {override.py:1930} INFO - Created Permission View: can delete on DAG Run:dataset_s3_bucket_producer_with_no_taskflow
[2025-02-27T19:21:46.880+0000] {logging_mixin.py:190} INFO - [2025-02-27T19:21:46.880+0000] {override.py:1930} INFO - Created Permission View: can read on DAG Run:dataset_s3_bucket_producer_with_no_taskflow
[2025-02-27T19:21:46.901+0000] {logging_mixin.py:190} INFO - [2025-02-27T19:21:46.900+0000] {override.py:1930} INFO - Created Permission View: can edit on DAG:dataset_s3_bucket_consumer_with_no_taskflow
[2025-02-27T19:21:46.911+0000] {logging_mixin.py:190} INFO - [2025-02-27T19:21:46.910+0000] {override.py:1930} INFO - Created Permission View: can delete on DAG:dataset_s3_bucket_consumer_with_no_taskflow
[2025-02-27T19:21:46.921+0000] {logging_mixin.py:190} INFO - [2025-02-27T19:21:46.920+0000] {override.py:1930} INFO - Created Permission View: can read on DAG:dataset_s3_bucket_consumer_with_no_taskflow
[2025-02-27T19:21:46.936+0000] {logging_mixin.py:190} INFO - [2025-02-27T19:21:46.936+0000] {override.py:1930} INFO - Created Permission View: menu access on DAG Run:dataset_s3_bucket_consumer_with_no_taskflow
[2025-02-27T19:21:46.947+0000] {logging_mixin.py:190} INFO - [2025-02-27T19:21:46.946+0000] {override.py:1930} INFO - Created Permission View: can create on DAG Run:dataset_s3_bucket_consumer_with_no_taskflow
[2025-02-27T19:21:46.957+0000] {logging_mixin.py:190} INFO - [2025-02-27T19:21:46.956+0000] {override.py:1930} INFO - Created Permission View: can delete on DAG Run:dataset_s3_bucket_consumer_with_no_taskflow
[2025-02-27T19:21:46.967+0000] {logging_mixin.py:190} INFO - [2025-02-27T19:21:46.966+0000] {override.py:1930} INFO - Created Permission View: can read on DAG Run:dataset_s3_bucket_consumer_with_no_taskflow
[2025-02-27T19:21:46.989+0000] {logging_mixin.py:190} INFO - [2025-02-27T19:21:46.988+0000] {override.py:1930} INFO - Created Permission View: can edit on DAG:dataset_alias_example_alias_consumer_with_no_taskflow
[2025-02-27T19:21:46.999+0000] {logging_mixin.py:190} INFO - [2025-02-27T19:21:46.998+0000] {override.py:1930} INFO - Created Permission View: can delete on DAG:dataset_alias_example_alias_consumer_with_no_taskflow
[2025-02-27T19:21:47.009+0000] {logging_mixin.py:190} INFO - [2025-02-27T19:21:47.008+0000] {override.py:1930} INFO - Created Permission View: can read on DAG:dataset_alias_example_alias_consumer_with_no_taskflow
[2025-02-27T19:21:47.025+0000] {logging_mixin.py:190} INFO - [2025-02-27T19:21:47.025+0000] {override.py:1930} INFO - Created Permission View: menu access on DAG Run:dataset_alias_example_alias_consumer_with_no_taskflow
[2025-02-27T19:21:47.036+0000] {logging_mixin.py:190} INFO - [2025-02-27T19:21:47.036+0000] {override.py:1930} INFO - Created Permission View: can create on DAG Run:dataset_alias_example_alias_consumer_with_no_taskflow
[2025-02-27T19:21:47.047+0000] {logging_mixin.py:190} INFO - [2025-02-27T19:21:47.046+0000] {override.py:1930} INFO - Created Permission View: can delete on DAG Run:dataset_alias_example_alias_consumer_with_no_taskflow
[2025-02-27T19:21:47.057+0000] {logging_mixin.py:190} INFO - [2025-02-27T19:21:47.056+0000] {override.py:1930} INFO - Created Permission View: can read on DAG Run:dataset_alias_example_alias_consumer_with_no_taskflow
[2025-02-27T19:21:47.057+0000] {logging_mixin.py:190} INFO - [2025-02-27T19:21:47.057+0000] {dag.py:3239} INFO - Sync 4 DAGs
[2025-02-27T19:21:47.070+0000] {logging_mixin.py:190} INFO - [2025-02-27T19:21:47.070+0000] {dag.py:3262} INFO - Creating ORM DAG for dataset_alias_example_alias_producer_with_no_taskflow
[2025-02-27T19:21:47.071+0000] {logging_mixin.py:190} INFO - [2025-02-27T19:21:47.070+0000] {dag.py:3262} INFO - Creating ORM DAG for dataset_s3_bucket_producer_with_no_taskflow
[2025-02-27T19:21:47.071+0000] {logging_mixin.py:190} INFO - [2025-02-27T19:21:47.071+0000] {dag.py:3262} INFO - Creating ORM DAG for dataset_alias_example_alias_consumer_with_no_taskflow
[2025-02-27T19:21:47.072+0000] {logging_mixin.py:190} INFO - [2025-02-27T19:21:47.072+0000] {dag.py:3262} INFO - Creating ORM DAG for dataset_s3_bucket_consumer_with_no_taskflow
[2025-02-27T19:21:47.084+0000] {logging_mixin.py:190} INFO - [2025-02-27T19:21:47.083+0000] {dag.py:4180} INFO - Setting next_dagrun for dataset_alias_example_alias_consumer_with_no_taskflow to None, run_after=None
[2025-02-27T19:21:47.085+0000] {logging_mixin.py:190} INFO - [2025-02-27T19:21:47.085+0000] {dag.py:4180} INFO - Setting next_dagrun for dataset_alias_example_alias_producer_with_no_taskflow to None, run_after=None
[2025-02-27T19:21:47.086+0000] {logging_mixin.py:190} INFO - [2025-02-27T19:21:47.086+0000] {dag.py:4180} INFO - Setting next_dagrun for dataset_s3_bucket_consumer_with_no_taskflow to None, run_after=None
[2025-02-27T19:21:47.087+0000] {logging_mixin.py:190} INFO - [2025-02-27T19:21:47.087+0000] {dag.py:4180} INFO - Setting next_dagrun for dataset_s3_bucket_producer_with_no_taskflow to None, run_after=None
[2025-02-27T19:21:47.131+0000] {processor.py:208} INFO - Processing /home/sravan2418/airflow-env/lib/python3.11/site-packages/airflow/example_dags/example_dataset_alias_with_no_taskflow.py took 0.573 seconds
[2025-02-27T19:23:27.602+0000] {processor.py:186} INFO - Started process (PID=2737) to work on /home/sravan2418/airflow-env/lib/python3.11/site-packages/airflow/example_dags/example_dataset_alias_with_no_taskflow.py
[2025-02-27T19:23:27.605+0000] {processor.py:914} INFO - Processing file /home/sravan2418/airflow-env/lib/python3.11/site-packages/airflow/example_dags/example_dataset_alias_with_no_taskflow.py for tasks to queue
[2025-02-27T19:23:27.609+0000] {logging_mixin.py:190} INFO - [2025-02-27T19:23:27.608+0000] {dagbag.py:588} INFO - Filling up the DagBag from /home/sravan2418/airflow-env/lib/python3.11/site-packages/airflow/example_dags/example_dataset_alias_with_no_taskflow.py
[2025-02-27T19:23:27.654+0000] {processor.py:925} INFO - DAG(s) 'dataset_alias_example_alias_producer_with_no_taskflow', 'dataset_s3_bucket_producer_with_no_taskflow', 'dataset_s3_bucket_consumer_with_no_taskflow', 'dataset_alias_example_alias_consumer_with_no_taskflow' retrieved from /home/sravan2418/airflow-env/lib/python3.11/site-packages/airflow/example_dags/example_dataset_alias_with_no_taskflow.py
[2025-02-27T19:23:27.688+0000] {logging_mixin.py:190} INFO - [2025-02-27T19:23:27.688+0000] {dag.py:3239} INFO - Sync 4 DAGs
[2025-02-27T19:23:27.717+0000] {logging_mixin.py:190} INFO - [2025-02-27T19:23:27.716+0000] {dag.py:4180} INFO - Setting next_dagrun for dataset_alias_example_alias_consumer_with_no_taskflow to None, run_after=None
[2025-02-27T19:23:27.720+0000] {logging_mixin.py:190} INFO - [2025-02-27T19:23:27.720+0000] {dag.py:4180} INFO - Setting next_dagrun for dataset_alias_example_alias_producer_with_no_taskflow to None, run_after=None
[2025-02-27T19:23:27.722+0000] {logging_mixin.py:190} INFO - [2025-02-27T19:23:27.722+0000] {dag.py:4180} INFO - Setting next_dagrun for dataset_s3_bucket_consumer_with_no_taskflow to None, run_after=None
[2025-02-27T19:23:27.723+0000] {logging_mixin.py:190} INFO - [2025-02-27T19:23:27.723+0000] {dag.py:4180} INFO - Setting next_dagrun for dataset_s3_bucket_producer_with_no_taskflow to None, run_after=None
[2025-02-27T19:23:27.760+0000] {processor.py:208} INFO - Processing /home/sravan2418/airflow-env/lib/python3.11/site-packages/airflow/example_dags/example_dataset_alias_with_no_taskflow.py took 0.170 seconds
[2025-02-27T19:24:28.249+0000] {processor.py:186} INFO - Started process (PID=2807) to work on /home/sravan2418/airflow-env/lib/python3.11/site-packages/airflow/example_dags/example_dataset_alias_with_no_taskflow.py
[2025-02-27T19:24:28.252+0000] {processor.py:914} INFO - Processing file /home/sravan2418/airflow-env/lib/python3.11/site-packages/airflow/example_dags/example_dataset_alias_with_no_taskflow.py for tasks to queue
[2025-02-27T19:24:28.257+0000] {logging_mixin.py:190} INFO - [2025-02-27T19:24:28.256+0000] {dagbag.py:588} INFO - Filling up the DagBag from /home/sravan2418/airflow-env/lib/python3.11/site-packages/airflow/example_dags/example_dataset_alias_with_no_taskflow.py
[2025-02-27T19:24:28.297+0000] {processor.py:925} INFO - DAG(s) 'dataset_s3_bucket_consumer_with_no_taskflow', 'dataset_s3_bucket_producer_with_no_taskflow', 'dataset_alias_example_alias_producer_with_no_taskflow', 'dataset_alias_example_alias_consumer_with_no_taskflow' retrieved from /home/sravan2418/airflow-env/lib/python3.11/site-packages/airflow/example_dags/example_dataset_alias_with_no_taskflow.py
[2025-02-27T19:24:28.331+0000] {logging_mixin.py:190} INFO - [2025-02-27T19:24:28.331+0000] {dag.py:3239} INFO - Sync 4 DAGs
[2025-02-27T19:24:28.360+0000] {logging_mixin.py:190} INFO - [2025-02-27T19:24:28.360+0000] {dag.py:4180} INFO - Setting next_dagrun for dataset_alias_example_alias_consumer_with_no_taskflow to None, run_after=None
[2025-02-27T19:24:28.363+0000] {logging_mixin.py:190} INFO - [2025-02-27T19:24:28.363+0000] {dag.py:4180} INFO - Setting next_dagrun for dataset_alias_example_alias_producer_with_no_taskflow to None, run_after=None
[2025-02-27T19:24:28.365+0000] {logging_mixin.py:190} INFO - [2025-02-27T19:24:28.365+0000] {dag.py:4180} INFO - Setting next_dagrun for dataset_s3_bucket_consumer_with_no_taskflow to None, run_after=None
[2025-02-27T19:24:28.367+0000] {logging_mixin.py:190} INFO - [2025-02-27T19:24:28.366+0000] {dag.py:4180} INFO - Setting next_dagrun for dataset_s3_bucket_producer_with_no_taskflow to None, run_after=None
[2025-02-27T19:24:28.401+0000] {processor.py:208} INFO - Processing /home/sravan2418/airflow-env/lib/python3.11/site-packages/airflow/example_dags/example_dataset_alias_with_no_taskflow.py took 0.164 seconds
[2025-02-27T19:25:29.362+0000] {processor.py:186} INFO - Started process (PID=2867) to work on /home/sravan2418/airflow-env/lib/python3.11/site-packages/airflow/example_dags/example_dataset_alias_with_no_taskflow.py
[2025-02-27T19:25:29.364+0000] {processor.py:914} INFO - Processing file /home/sravan2418/airflow-env/lib/python3.11/site-packages/airflow/example_dags/example_dataset_alias_with_no_taskflow.py for tasks to queue
[2025-02-27T19:25:29.369+0000] {logging_mixin.py:190} INFO - [2025-02-27T19:25:29.368+0000] {dagbag.py:588} INFO - Filling up the DagBag from /home/sravan2418/airflow-env/lib/python3.11/site-packages/airflow/example_dags/example_dataset_alias_with_no_taskflow.py
[2025-02-27T19:25:29.410+0000] {processor.py:925} INFO - DAG(s) 'dataset_alias_example_alias_consumer_with_no_taskflow', 'dataset_s3_bucket_consumer_with_no_taskflow', 'dataset_s3_bucket_producer_with_no_taskflow', 'dataset_alias_example_alias_producer_with_no_taskflow' retrieved from /home/sravan2418/airflow-env/lib/python3.11/site-packages/airflow/example_dags/example_dataset_alias_with_no_taskflow.py
[2025-02-27T19:25:29.441+0000] {logging_mixin.py:190} INFO - [2025-02-27T19:25:29.440+0000] {dag.py:3239} INFO - Sync 4 DAGs
[2025-02-27T19:25:29.471+0000] {logging_mixin.py:190} INFO - [2025-02-27T19:25:29.470+0000] {dag.py:4180} INFO - Setting next_dagrun for dataset_alias_example_alias_consumer_with_no_taskflow to None, run_after=None
[2025-02-27T19:25:29.475+0000] {logging_mixin.py:190} INFO - [2025-02-27T19:25:29.474+0000] {dag.py:4180} INFO - Setting next_dagrun for dataset_alias_example_alias_producer_with_no_taskflow to None, run_after=None
[2025-02-27T19:25:29.476+0000] {logging_mixin.py:190} INFO - [2025-02-27T19:25:29.476+0000] {dag.py:4180} INFO - Setting next_dagrun for dataset_s3_bucket_consumer_with_no_taskflow to None, run_after=None
[2025-02-27T19:25:29.478+0000] {logging_mixin.py:190} INFO - [2025-02-27T19:25:29.478+0000] {dag.py:4180} INFO - Setting next_dagrun for dataset_s3_bucket_producer_with_no_taskflow to None, run_after=None
[2025-02-27T19:25:29.515+0000] {processor.py:208} INFO - Processing /home/sravan2418/airflow-env/lib/python3.11/site-packages/airflow/example_dags/example_dataset_alias_with_no_taskflow.py took 0.164 seconds
[2025-02-27T19:26:35.026+0000] {processor.py:186} INFO - Started process (PID=2933) to work on /home/sravan2418/airflow-env/lib/python3.11/site-packages/airflow/example_dags/example_dataset_alias_with_no_taskflow.py
[2025-02-27T19:26:35.029+0000] {processor.py:914} INFO - Processing file /home/sravan2418/airflow-env/lib/python3.11/site-packages/airflow/example_dags/example_dataset_alias_with_no_taskflow.py for tasks to queue
[2025-02-27T19:26:35.032+0000] {logging_mixin.py:190} INFO - [2025-02-27T19:26:35.031+0000] {dagbag.py:588} INFO - Filling up the DagBag from /home/sravan2418/airflow-env/lib/python3.11/site-packages/airflow/example_dags/example_dataset_alias_with_no_taskflow.py
[2025-02-27T19:26:35.068+0000] {processor.py:925} INFO - DAG(s) 'dataset_s3_bucket_producer_with_no_taskflow', 'dataset_alias_example_alias_consumer_with_no_taskflow', 'dataset_alias_example_alias_producer_with_no_taskflow', 'dataset_s3_bucket_consumer_with_no_taskflow' retrieved from /home/sravan2418/airflow-env/lib/python3.11/site-packages/airflow/example_dags/example_dataset_alias_with_no_taskflow.py
[2025-02-27T19:26:35.093+0000] {logging_mixin.py:190} INFO - [2025-02-27T19:26:35.092+0000] {dag.py:3239} INFO - Sync 4 DAGs
[2025-02-27T19:26:35.383+0000] {logging_mixin.py:190} INFO - [2025-02-27T19:26:35.383+0000] {dag.py:4180} INFO - Setting next_dagrun for dataset_alias_example_alias_consumer_with_no_taskflow to None, run_after=None
[2025-02-27T19:26:35.388+0000] {logging_mixin.py:190} INFO - [2025-02-27T19:26:35.387+0000] {dag.py:4180} INFO - Setting next_dagrun for dataset_alias_example_alias_producer_with_no_taskflow to None, run_after=None
[2025-02-27T19:26:35.390+0000] {logging_mixin.py:190} INFO - [2025-02-27T19:26:35.390+0000] {dag.py:4180} INFO - Setting next_dagrun for dataset_s3_bucket_consumer_with_no_taskflow to None, run_after=None
[2025-02-27T19:26:35.392+0000] {logging_mixin.py:190} INFO - [2025-02-27T19:26:35.392+0000] {dag.py:4180} INFO - Setting next_dagrun for dataset_s3_bucket_producer_with_no_taskflow to None, run_after=None
[2025-02-27T19:26:35.456+0000] {processor.py:208} INFO - Processing /home/sravan2418/airflow-env/lib/python3.11/site-packages/airflow/example_dags/example_dataset_alias_with_no_taskflow.py took 0.442 seconds
[2025-02-27T19:27:39.342+0000] {processor.py:186} INFO - Started process (PID=2997) to work on /home/sravan2418/airflow-env/lib/python3.11/site-packages/airflow/example_dags/example_dataset_alias_with_no_taskflow.py
[2025-02-27T19:27:39.344+0000] {processor.py:914} INFO - Processing file /home/sravan2418/airflow-env/lib/python3.11/site-packages/airflow/example_dags/example_dataset_alias_with_no_taskflow.py for tasks to queue
[2025-02-27T19:27:39.347+0000] {logging_mixin.py:190} INFO - [2025-02-27T19:27:39.347+0000] {dagbag.py:588} INFO - Filling up the DagBag from /home/sravan2418/airflow-env/lib/python3.11/site-packages/airflow/example_dags/example_dataset_alias_with_no_taskflow.py
[2025-02-27T19:27:39.381+0000] {processor.py:925} INFO - DAG(s) 'dataset_s3_bucket_producer_with_no_taskflow', 'dataset_alias_example_alias_producer_with_no_taskflow', 'dataset_alias_example_alias_consumer_with_no_taskflow', 'dataset_s3_bucket_consumer_with_no_taskflow' retrieved from /home/sravan2418/airflow-env/lib/python3.11/site-packages/airflow/example_dags/example_dataset_alias_with_no_taskflow.py
[2025-02-27T19:27:39.407+0000] {logging_mixin.py:190} INFO - [2025-02-27T19:27:39.406+0000] {dag.py:3239} INFO - Sync 4 DAGs
[2025-02-27T19:27:39.432+0000] {logging_mixin.py:190} INFO - [2025-02-27T19:27:39.432+0000] {dag.py:4180} INFO - Setting next_dagrun for dataset_alias_example_alias_consumer_with_no_taskflow to None, run_after=None
[2025-02-27T19:27:39.435+0000] {logging_mixin.py:190} INFO - [2025-02-27T19:27:39.435+0000] {dag.py:4180} INFO - Setting next_dagrun for dataset_alias_example_alias_producer_with_no_taskflow to None, run_after=None
[2025-02-27T19:27:39.436+0000] {logging_mixin.py:190} INFO - [2025-02-27T19:27:39.436+0000] {dag.py:4180} INFO - Setting next_dagrun for dataset_s3_bucket_consumer_with_no_taskflow to None, run_after=None
[2025-02-27T19:27:39.437+0000] {logging_mixin.py:190} INFO - [2025-02-27T19:27:39.437+0000] {dag.py:4180} INFO - Setting next_dagrun for dataset_s3_bucket_producer_with_no_taskflow to None, run_after=None
[2025-02-27T19:27:39.466+0000] {processor.py:208} INFO - Processing /home/sravan2418/airflow-env/lib/python3.11/site-packages/airflow/example_dags/example_dataset_alias_with_no_taskflow.py took 0.133 seconds
[2025-02-27T19:28:39.242+0000] {processor.py:186} INFO - Started process (PID=3075) to work on /home/sravan2418/airflow-env/lib/python3.11/site-packages/airflow/example_dags/example_dataset_alias_with_no_taskflow.py
[2025-02-27T19:28:39.245+0000] {processor.py:914} INFO - Processing file /home/sravan2418/airflow-env/lib/python3.11/site-packages/airflow/example_dags/example_dataset_alias_with_no_taskflow.py for tasks to queue
[2025-02-27T19:28:39.249+0000] {logging_mixin.py:190} INFO - [2025-02-27T19:28:39.248+0000] {dagbag.py:588} INFO - Filling up the DagBag from /home/sravan2418/airflow-env/lib/python3.11/site-packages/airflow/example_dags/example_dataset_alias_with_no_taskflow.py
[2025-02-27T19:28:39.293+0000] {processor.py:925} INFO - DAG(s) 'dataset_alias_example_alias_consumer_with_no_taskflow', 'dataset_alias_example_alias_producer_with_no_taskflow', 'dataset_s3_bucket_consumer_with_no_taskflow', 'dataset_s3_bucket_producer_with_no_taskflow' retrieved from /home/sravan2418/airflow-env/lib/python3.11/site-packages/airflow/example_dags/example_dataset_alias_with_no_taskflow.py
[2025-02-27T19:28:39.329+0000] {logging_mixin.py:190} INFO - [2025-02-27T19:28:39.328+0000] {dag.py:3239} INFO - Sync 4 DAGs
[2025-02-27T19:28:39.354+0000] {logging_mixin.py:190} INFO - [2025-02-27T19:28:39.354+0000] {dag.py:4180} INFO - Setting next_dagrun for dataset_alias_example_alias_consumer_with_no_taskflow to None, run_after=None
[2025-02-27T19:28:39.357+0000] {logging_mixin.py:190} INFO - [2025-02-27T19:28:39.357+0000] {dag.py:4180} INFO - Setting next_dagrun for dataset_alias_example_alias_producer_with_no_taskflow to None, run_after=None
[2025-02-27T19:28:39.358+0000] {logging_mixin.py:190} INFO - [2025-02-27T19:28:39.358+0000] {dag.py:4180} INFO - Setting next_dagrun for dataset_s3_bucket_consumer_with_no_taskflow to None, run_after=None
[2025-02-27T19:28:39.360+0000] {logging_mixin.py:190} INFO - [2025-02-27T19:28:39.359+0000] {dag.py:4180} INFO - Setting next_dagrun for dataset_s3_bucket_producer_with_no_taskflow to None, run_after=None
[2025-02-27T19:28:39.391+0000] {processor.py:208} INFO - Processing /home/sravan2418/airflow-env/lib/python3.11/site-packages/airflow/example_dags/example_dataset_alias_with_no_taskflow.py took 0.161 seconds
[2025-02-27T19:29:38.215+0000] {processor.py:186} INFO - Started process (PID=3142) to work on /home/sravan2418/airflow-env/lib/python3.11/site-packages/airflow/example_dags/example_dataset_alias_with_no_taskflow.py
[2025-02-27T19:29:38.218+0000] {processor.py:914} INFO - Processing file /home/sravan2418/airflow-env/lib/python3.11/site-packages/airflow/example_dags/example_dataset_alias_with_no_taskflow.py for tasks to queue
[2025-02-27T19:29:38.222+0000] {logging_mixin.py:190} INFO - [2025-02-27T19:29:38.222+0000] {dagbag.py:588} INFO - Filling up the DagBag from /home/sravan2418/airflow-env/lib/python3.11/site-packages/airflow/example_dags/example_dataset_alias_with_no_taskflow.py
[2025-02-27T19:29:38.258+0000] {processor.py:925} INFO - DAG(s) 'dataset_s3_bucket_consumer_with_no_taskflow', 'dataset_alias_example_alias_consumer_with_no_taskflow', 'dataset_alias_example_alias_producer_with_no_taskflow', 'dataset_s3_bucket_producer_with_no_taskflow' retrieved from /home/sravan2418/airflow-env/lib/python3.11/site-packages/airflow/example_dags/example_dataset_alias_with_no_taskflow.py
[2025-02-27T19:29:38.285+0000] {logging_mixin.py:190} INFO - [2025-02-27T19:29:38.284+0000] {dag.py:3239} INFO - Sync 4 DAGs
[2025-02-27T19:29:38.309+0000] {logging_mixin.py:190} INFO - [2025-02-27T19:29:38.308+0000] {dag.py:4180} INFO - Setting next_dagrun for dataset_alias_example_alias_consumer_with_no_taskflow to None, run_after=None
[2025-02-27T19:29:38.311+0000] {logging_mixin.py:190} INFO - [2025-02-27T19:29:38.311+0000] {dag.py:4180} INFO - Setting next_dagrun for dataset_alias_example_alias_producer_with_no_taskflow to None, run_after=None
[2025-02-27T19:29:38.313+0000] {logging_mixin.py:190} INFO - [2025-02-27T19:29:38.313+0000] {dag.py:4180} INFO - Setting next_dagrun for dataset_s3_bucket_consumer_with_no_taskflow to None, run_after=None
[2025-02-27T19:29:38.314+0000] {logging_mixin.py:190} INFO - [2025-02-27T19:29:38.314+0000] {dag.py:4180} INFO - Setting next_dagrun for dataset_s3_bucket_producer_with_no_taskflow to None, run_after=None
[2025-02-27T19:29:38.343+0000] {processor.py:208} INFO - Processing /home/sravan2418/airflow-env/lib/python3.11/site-packages/airflow/example_dags/example_dataset_alias_with_no_taskflow.py took 0.138 seconds
[2025-02-27T19:30:40.618+0000] {processor.py:186} INFO - Started process (PID=3207) to work on /home/sravan2418/airflow-env/lib/python3.11/site-packages/airflow/example_dags/example_dataset_alias_with_no_taskflow.py
[2025-02-27T19:30:40.620+0000] {processor.py:914} INFO - Processing file /home/sravan2418/airflow-env/lib/python3.11/site-packages/airflow/example_dags/example_dataset_alias_with_no_taskflow.py for tasks to queue
[2025-02-27T19:30:40.623+0000] {logging_mixin.py:190} INFO - [2025-02-27T19:30:40.623+0000] {dagbag.py:588} INFO - Filling up the DagBag from /home/sravan2418/airflow-env/lib/python3.11/site-packages/airflow/example_dags/example_dataset_alias_with_no_taskflow.py
[2025-02-27T19:30:40.657+0000] {processor.py:925} INFO - DAG(s) 'dataset_s3_bucket_consumer_with_no_taskflow', 'dataset_alias_example_alias_consumer_with_no_taskflow', 'dataset_s3_bucket_producer_with_no_taskflow', 'dataset_alias_example_alias_producer_with_no_taskflow' retrieved from /home/sravan2418/airflow-env/lib/python3.11/site-packages/airflow/example_dags/example_dataset_alias_with_no_taskflow.py
[2025-02-27T19:30:40.682+0000] {logging_mixin.py:190} INFO - [2025-02-27T19:30:40.682+0000] {dag.py:3239} INFO - Sync 4 DAGs
[2025-02-27T19:30:40.707+0000] {logging_mixin.py:190} INFO - [2025-02-27T19:30:40.707+0000] {dag.py:4180} INFO - Setting next_dagrun for dataset_alias_example_alias_consumer_with_no_taskflow to None, run_after=None
[2025-02-27T19:30:40.710+0000] {logging_mixin.py:190} INFO - [2025-02-27T19:30:40.710+0000] {dag.py:4180} INFO - Setting next_dagrun for dataset_alias_example_alias_producer_with_no_taskflow to None, run_after=None
[2025-02-27T19:30:40.711+0000] {logging_mixin.py:190} INFO - [2025-02-27T19:30:40.711+0000] {dag.py:4180} INFO - Setting next_dagrun for dataset_s3_bucket_consumer_with_no_taskflow to None, run_after=None
[2025-02-27T19:30:40.712+0000] {logging_mixin.py:190} INFO - [2025-02-27T19:30:40.712+0000] {dag.py:4180} INFO - Setting next_dagrun for dataset_s3_bucket_producer_with_no_taskflow to None, run_after=None
[2025-02-27T19:30:40.744+0000] {processor.py:208} INFO - Processing /home/sravan2418/airflow-env/lib/python3.11/site-packages/airflow/example_dags/example_dataset_alias_with_no_taskflow.py took 0.135 seconds
[2025-02-27T19:31:45.452+0000] {processor.py:186} INFO - Started process (PID=3269) to work on /home/sravan2418/airflow-env/lib/python3.11/site-packages/airflow/example_dags/example_dataset_alias_with_no_taskflow.py
[2025-02-27T19:31:45.454+0000] {processor.py:914} INFO - Processing file /home/sravan2418/airflow-env/lib/python3.11/site-packages/airflow/example_dags/example_dataset_alias_with_no_taskflow.py for tasks to queue
[2025-02-27T19:31:45.457+0000] {logging_mixin.py:190} INFO - [2025-02-27T19:31:45.456+0000] {dagbag.py:588} INFO - Filling up the DagBag from /home/sravan2418/airflow-env/lib/python3.11/site-packages/airflow/example_dags/example_dataset_alias_with_no_taskflow.py
[2025-02-27T19:31:45.492+0000] {processor.py:925} INFO - DAG(s) 'dataset_alias_example_alias_consumer_with_no_taskflow', 'dataset_s3_bucket_producer_with_no_taskflow', 'dataset_alias_example_alias_producer_with_no_taskflow', 'dataset_s3_bucket_consumer_with_no_taskflow' retrieved from /home/sravan2418/airflow-env/lib/python3.11/site-packages/airflow/example_dags/example_dataset_alias_with_no_taskflow.py
[2025-02-27T19:31:45.520+0000] {logging_mixin.py:190} INFO - [2025-02-27T19:31:45.520+0000] {dag.py:3239} INFO - Sync 4 DAGs
[2025-02-27T19:31:45.706+0000] {logging_mixin.py:190} INFO - [2025-02-27T19:31:45.706+0000] {dag.py:4180} INFO - Setting next_dagrun for dataset_alias_example_alias_consumer_with_no_taskflow to None, run_after=None
[2025-02-27T19:31:45.709+0000] {logging_mixin.py:190} INFO - [2025-02-27T19:31:45.709+0000] {dag.py:4180} INFO - Setting next_dagrun for dataset_alias_example_alias_producer_with_no_taskflow to None, run_after=None
[2025-02-27T19:31:45.710+0000] {logging_mixin.py:190} INFO - [2025-02-27T19:31:45.710+0000] {dag.py:4180} INFO - Setting next_dagrun for dataset_s3_bucket_consumer_with_no_taskflow to None, run_after=None
[2025-02-27T19:31:45.711+0000] {logging_mixin.py:190} INFO - [2025-02-27T19:31:45.711+0000] {dag.py:4180} INFO - Setting next_dagrun for dataset_s3_bucket_producer_with_no_taskflow to None, run_after=None
[2025-02-27T19:31:45.739+0000] {processor.py:208} INFO - Processing /home/sravan2418/airflow-env/lib/python3.11/site-packages/airflow/example_dags/example_dataset_alias_with_no_taskflow.py took 0.298 seconds
[2025-02-27T19:32:59.624+0000] {processor.py:186} INFO - Started process (PID=3344) to work on /home/sravan2418/airflow-env/lib/python3.11/site-packages/airflow/example_dags/example_dataset_alias_with_no_taskflow.py
[2025-02-27T19:32:59.627+0000] {processor.py:914} INFO - Processing file /home/sravan2418/airflow-env/lib/python3.11/site-packages/airflow/example_dags/example_dataset_alias_with_no_taskflow.py for tasks to queue
[2025-02-27T19:32:59.633+0000] {logging_mixin.py:190} INFO - [2025-02-27T19:32:59.631+0000] {dagbag.py:588} INFO - Filling up the DagBag from /home/sravan2418/airflow-env/lib/python3.11/site-packages/airflow/example_dags/example_dataset_alias_with_no_taskflow.py
[2025-02-27T19:32:59.678+0000] {processor.py:925} INFO - DAG(s) 'dataset_s3_bucket_producer_with_no_taskflow', 'dataset_s3_bucket_consumer_with_no_taskflow', 'dataset_alias_example_alias_consumer_with_no_taskflow', 'dataset_alias_example_alias_producer_with_no_taskflow' retrieved from /home/sravan2418/airflow-env/lib/python3.11/site-packages/airflow/example_dags/example_dataset_alias_with_no_taskflow.py
[2025-02-27T19:32:59.710+0000] {logging_mixin.py:190} INFO - [2025-02-27T19:32:59.710+0000] {dag.py:3239} INFO - Sync 4 DAGs
[2025-02-27T19:32:59.747+0000] {logging_mixin.py:190} INFO - [2025-02-27T19:32:59.746+0000] {dag.py:4180} INFO - Setting next_dagrun for dataset_alias_example_alias_consumer_with_no_taskflow to None, run_after=None
[2025-02-27T19:32:59.751+0000] {logging_mixin.py:190} INFO - [2025-02-27T19:32:59.751+0000] {dag.py:4180} INFO - Setting next_dagrun for dataset_alias_example_alias_producer_with_no_taskflow to None, run_after=None
[2025-02-27T19:32:59.753+0000] {logging_mixin.py:190} INFO - [2025-02-27T19:32:59.753+0000] {dag.py:4180} INFO - Setting next_dagrun for dataset_s3_bucket_consumer_with_no_taskflow to None, run_after=None
[2025-02-27T19:32:59.755+0000] {logging_mixin.py:190} INFO - [2025-02-27T19:32:59.755+0000] {dag.py:4180} INFO - Setting next_dagrun for dataset_s3_bucket_producer_with_no_taskflow to None, run_after=None
[2025-02-27T19:32:59.796+0000] {processor.py:208} INFO - Processing /home/sravan2418/airflow-env/lib/python3.11/site-packages/airflow/example_dags/example_dataset_alias_with_no_taskflow.py took 0.186 seconds
[2025-02-27T19:34:03.552+0000] {processor.py:186} INFO - Started process (PID=3407) to work on /home/sravan2418/airflow-env/lib/python3.11/site-packages/airflow/example_dags/example_dataset_alias_with_no_taskflow.py
[2025-02-27T19:34:03.554+0000] {processor.py:914} INFO - Processing file /home/sravan2418/airflow-env/lib/python3.11/site-packages/airflow/example_dags/example_dataset_alias_with_no_taskflow.py for tasks to queue
[2025-02-27T19:34:03.558+0000] {logging_mixin.py:190} INFO - [2025-02-27T19:34:03.557+0000] {dagbag.py:588} INFO - Filling up the DagBag from /home/sravan2418/airflow-env/lib/python3.11/site-packages/airflow/example_dags/example_dataset_alias_with_no_taskflow.py
[2025-02-27T19:34:03.596+0000] {processor.py:925} INFO - DAG(s) 'dataset_alias_example_alias_consumer_with_no_taskflow', 'dataset_s3_bucket_producer_with_no_taskflow', 'dataset_alias_example_alias_producer_with_no_taskflow', 'dataset_s3_bucket_consumer_with_no_taskflow' retrieved from /home/sravan2418/airflow-env/lib/python3.11/site-packages/airflow/example_dags/example_dataset_alias_with_no_taskflow.py
[2025-02-27T19:34:03.622+0000] {logging_mixin.py:190} INFO - [2025-02-27T19:34:03.622+0000] {dag.py:3239} INFO - Sync 4 DAGs
[2025-02-27T19:34:03.649+0000] {logging_mixin.py:190} INFO - [2025-02-27T19:34:03.649+0000] {dag.py:4180} INFO - Setting next_dagrun for dataset_alias_example_alias_consumer_with_no_taskflow to None, run_after=None
[2025-02-27T19:34:03.654+0000] {logging_mixin.py:190} INFO - [2025-02-27T19:34:03.653+0000] {dag.py:4180} INFO - Setting next_dagrun for dataset_alias_example_alias_producer_with_no_taskflow to None, run_after=None
[2025-02-27T19:34:03.655+0000] {logging_mixin.py:190} INFO - [2025-02-27T19:34:03.655+0000] {dag.py:4180} INFO - Setting next_dagrun for dataset_s3_bucket_consumer_with_no_taskflow to None, run_after=None
[2025-02-27T19:34:03.656+0000] {logging_mixin.py:190} INFO - [2025-02-27T19:34:03.656+0000] {dag.py:4180} INFO - Setting next_dagrun for dataset_s3_bucket_producer_with_no_taskflow to None, run_after=None
[2025-02-27T19:34:03.687+0000] {processor.py:208} INFO - Processing /home/sravan2418/airflow-env/lib/python3.11/site-packages/airflow/example_dags/example_dataset_alias_with_no_taskflow.py took 0.145 seconds
[2025-02-27T19:35:06.759+0000] {processor.py:186} INFO - Started process (PID=3472) to work on /home/sravan2418/airflow-env/lib/python3.11/site-packages/airflow/example_dags/example_dataset_alias_with_no_taskflow.py
[2025-02-27T19:35:06.761+0000] {processor.py:914} INFO - Processing file /home/sravan2418/airflow-env/lib/python3.11/site-packages/airflow/example_dags/example_dataset_alias_with_no_taskflow.py for tasks to queue
[2025-02-27T19:35:06.766+0000] {logging_mixin.py:190} INFO - [2025-02-27T19:35:06.765+0000] {dagbag.py:588} INFO - Filling up the DagBag from /home/sravan2418/airflow-env/lib/python3.11/site-packages/airflow/example_dags/example_dataset_alias_with_no_taskflow.py
[2025-02-27T19:35:06.811+0000] {processor.py:925} INFO - DAG(s) 'dataset_alias_example_alias_consumer_with_no_taskflow', 'dataset_s3_bucket_consumer_with_no_taskflow', 'dataset_s3_bucket_producer_with_no_taskflow', 'dataset_alias_example_alias_producer_with_no_taskflow' retrieved from /home/sravan2418/airflow-env/lib/python3.11/site-packages/airflow/example_dags/example_dataset_alias_with_no_taskflow.py
[2025-02-27T19:35:06.843+0000] {logging_mixin.py:190} INFO - [2025-02-27T19:35:06.843+0000] {dag.py:3239} INFO - Sync 4 DAGs
[2025-02-27T19:35:06.875+0000] {logging_mixin.py:190} INFO - [2025-02-27T19:35:06.875+0000] {dag.py:4180} INFO - Setting next_dagrun for dataset_alias_example_alias_consumer_with_no_taskflow to None, run_after=None
[2025-02-27T19:35:06.879+0000] {logging_mixin.py:190} INFO - [2025-02-27T19:35:06.879+0000] {dag.py:4180} INFO - Setting next_dagrun for dataset_alias_example_alias_producer_with_no_taskflow to None, run_after=None
[2025-02-27T19:35:06.881+0000] {logging_mixin.py:190} INFO - [2025-02-27T19:35:06.880+0000] {dag.py:4180} INFO - Setting next_dagrun for dataset_s3_bucket_consumer_with_no_taskflow to None, run_after=None
[2025-02-27T19:35:06.882+0000] {logging_mixin.py:190} INFO - [2025-02-27T19:35:06.882+0000] {dag.py:4180} INFO - Setting next_dagrun for dataset_s3_bucket_producer_with_no_taskflow to None, run_after=None
[2025-02-27T19:35:06.924+0000] {processor.py:208} INFO - Processing /home/sravan2418/airflow-env/lib/python3.11/site-packages/airflow/example_dags/example_dataset_alias_with_no_taskflow.py took 0.177 seconds
