[2025-02-27T19:21:31.206+0000] {processor.py:186} INFO - Started process (PID=2629) to work on /home/sravan2418/airflow-env/lib/python3.11/site-packages/airflow/example_dags/example_xcom.py
[2025-02-27T19:21:31.207+0000] {processor.py:914} INFO - Processing file /home/sravan2418/airflow-env/lib/python3.11/site-packages/airflow/example_dags/example_xcom.py for tasks to queue
[2025-02-27T19:21:31.210+0000] {logging_mixin.py:190} INFO - [2025-02-27T19:21:31.209+0000] {dagbag.py:588} INFO - Filling up the DagBag from /home/sravan2418/airflow-env/lib/python3.11/site-packages/airflow/example_dags/example_xcom.py
[2025-02-27T19:21:31.224+0000] {processor.py:925} INFO - DAG(s) 'example_xcom' retrieved from /home/sravan2418/airflow-env/lib/python3.11/site-packages/airflow/example_dags/example_xcom.py
[2025-02-27T19:21:31.347+0000] {logging_mixin.py:190} INFO - [2025-02-27T19:21:31.346+0000] {override.py:1930} INFO - Created Permission View: can edit on DAG:example_xcom
[2025-02-27T19:21:31.362+0000] {logging_mixin.py:190} INFO - [2025-02-27T19:21:31.361+0000] {override.py:1930} INFO - Created Permission View: can delete on DAG:example_xcom
[2025-02-27T19:21:31.374+0000] {logging_mixin.py:190} INFO - [2025-02-27T19:21:31.373+0000] {override.py:1930} INFO - Created Permission View: can read on DAG:example_xcom
[2025-02-27T19:21:31.391+0000] {logging_mixin.py:190} INFO - [2025-02-27T19:21:31.390+0000] {override.py:1930} INFO - Created Permission View: menu access on DAG Run:example_xcom
[2025-02-27T19:21:31.401+0000] {logging_mixin.py:190} INFO - [2025-02-27T19:21:31.400+0000] {override.py:1930} INFO - Created Permission View: can create on DAG Run:example_xcom
[2025-02-27T19:21:31.411+0000] {logging_mixin.py:190} INFO - [2025-02-27T19:21:31.411+0000] {override.py:1930} INFO - Created Permission View: can delete on DAG Run:example_xcom
[2025-02-27T19:21:31.421+0000] {logging_mixin.py:190} INFO - [2025-02-27T19:21:31.421+0000] {override.py:1930} INFO - Created Permission View: can read on DAG Run:example_xcom
[2025-02-27T19:21:31.422+0000] {logging_mixin.py:190} INFO - [2025-02-27T19:21:31.422+0000] {dag.py:3239} INFO - Sync 1 DAGs
[2025-02-27T19:21:31.434+0000] {logging_mixin.py:190} INFO - [2025-02-27T19:21:31.434+0000] {dag.py:3262} INFO - Creating ORM DAG for example_xcom
[2025-02-27T19:21:31.443+0000] {logging_mixin.py:190} INFO - [2025-02-27T19:21:31.443+0000] {dag.py:4180} INFO - Setting next_dagrun for example_xcom to 2021-01-01 00:00:00+00:00, run_after=2021-01-01 00:00:00+00:00
[2025-02-27T19:21:31.467+0000] {processor.py:208} INFO - Processing /home/sravan2418/airflow-env/lib/python3.11/site-packages/airflow/example_dags/example_xcom.py took 0.269 seconds
[2025-02-27T19:23:14.584+0000] {processor.py:186} INFO - Started process (PID=2723) to work on /home/sravan2418/airflow-env/lib/python3.11/site-packages/airflow/example_dags/example_xcom.py
[2025-02-27T19:23:14.587+0000] {processor.py:914} INFO - Processing file /home/sravan2418/airflow-env/lib/python3.11/site-packages/airflow/example_dags/example_xcom.py for tasks to queue
[2025-02-27T19:23:14.591+0000] {logging_mixin.py:190} INFO - [2025-02-27T19:23:14.590+0000] {dagbag.py:588} INFO - Filling up the DagBag from /home/sravan2418/airflow-env/lib/python3.11/site-packages/airflow/example_dags/example_xcom.py
[2025-02-27T19:23:14.608+0000] {processor.py:925} INFO - DAG(s) 'example_xcom' retrieved from /home/sravan2418/airflow-env/lib/python3.11/site-packages/airflow/example_dags/example_xcom.py
[2025-02-27T19:23:14.640+0000] {logging_mixin.py:190} INFO - [2025-02-27T19:23:14.640+0000] {dag.py:3239} INFO - Sync 1 DAGs
[2025-02-27T19:23:14.671+0000] {logging_mixin.py:190} INFO - [2025-02-27T19:23:14.671+0000] {dag.py:4180} INFO - Setting next_dagrun for example_xcom to 2021-01-01 00:00:00+00:00, run_after=2021-01-01 00:00:00+00:00
[2025-02-27T19:23:14.704+0000] {processor.py:208} INFO - Processing /home/sravan2418/airflow-env/lib/python3.11/site-packages/airflow/example_dags/example_xcom.py took 0.131 seconds
[2025-02-27T19:24:14.722+0000] {processor.py:186} INFO - Started process (PID=2784) to work on /home/sravan2418/airflow-env/lib/python3.11/site-packages/airflow/example_dags/example_xcom.py
[2025-02-27T19:24:14.725+0000] {processor.py:914} INFO - Processing file /home/sravan2418/airflow-env/lib/python3.11/site-packages/airflow/example_dags/example_xcom.py for tasks to queue
[2025-02-27T19:24:14.729+0000] {logging_mixin.py:190} INFO - [2025-02-27T19:24:14.728+0000] {dagbag.py:588} INFO - Filling up the DagBag from /home/sravan2418/airflow-env/lib/python3.11/site-packages/airflow/example_dags/example_xcom.py
[2025-02-27T19:24:14.750+0000] {processor.py:925} INFO - DAG(s) 'example_xcom' retrieved from /home/sravan2418/airflow-env/lib/python3.11/site-packages/airflow/example_dags/example_xcom.py
[2025-02-27T19:24:14.783+0000] {logging_mixin.py:190} INFO - [2025-02-27T19:24:14.782+0000] {dag.py:3239} INFO - Sync 1 DAGs
[2025-02-27T19:24:14.816+0000] {logging_mixin.py:190} INFO - [2025-02-27T19:24:14.816+0000] {dag.py:4180} INFO - Setting next_dagrun for example_xcom to 2021-01-01 00:00:00+00:00, run_after=2021-01-01 00:00:00+00:00
[2025-02-27T19:24:14.849+0000] {processor.py:208} INFO - Processing /home/sravan2418/airflow-env/lib/python3.11/site-packages/airflow/example_dags/example_xcom.py took 0.138 seconds
[2025-02-27T19:25:15.959+0000] {processor.py:186} INFO - Started process (PID=2854) to work on /home/sravan2418/airflow-env/lib/python3.11/site-packages/airflow/example_dags/example_xcom.py
[2025-02-27T19:25:15.961+0000] {processor.py:914} INFO - Processing file /home/sravan2418/airflow-env/lib/python3.11/site-packages/airflow/example_dags/example_xcom.py for tasks to queue
[2025-02-27T19:25:15.964+0000] {logging_mixin.py:190} INFO - [2025-02-27T19:25:15.964+0000] {dagbag.py:588} INFO - Filling up the DagBag from /home/sravan2418/airflow-env/lib/python3.11/site-packages/airflow/example_dags/example_xcom.py
[2025-02-27T19:25:15.979+0000] {processor.py:925} INFO - DAG(s) 'example_xcom' retrieved from /home/sravan2418/airflow-env/lib/python3.11/site-packages/airflow/example_dags/example_xcom.py
[2025-02-27T19:25:16.002+0000] {logging_mixin.py:190} INFO - [2025-02-27T19:25:16.002+0000] {dag.py:3239} INFO - Sync 1 DAGs
[2025-02-27T19:25:16.027+0000] {logging_mixin.py:190} INFO - [2025-02-27T19:25:16.027+0000] {dag.py:4180} INFO - Setting next_dagrun for example_xcom to 2021-01-01 00:00:00+00:00, run_after=2021-01-01 00:00:00+00:00
[2025-02-27T19:25:16.055+0000] {processor.py:208} INFO - Processing /home/sravan2418/airflow-env/lib/python3.11/site-packages/airflow/example_dags/example_xcom.py took 0.105 seconds
[2025-02-27T19:26:18.365+0000] {processor.py:186} INFO - Started process (PID=2916) to work on /home/sravan2418/airflow-env/lib/python3.11/site-packages/airflow/example_dags/example_xcom.py
[2025-02-27T19:26:18.368+0000] {processor.py:914} INFO - Processing file /home/sravan2418/airflow-env/lib/python3.11/site-packages/airflow/example_dags/example_xcom.py for tasks to queue
[2025-02-27T19:26:18.372+0000] {logging_mixin.py:190} INFO - [2025-02-27T19:26:18.371+0000] {dagbag.py:588} INFO - Filling up the DagBag from /home/sravan2418/airflow-env/lib/python3.11/site-packages/airflow/example_dags/example_xcom.py
[2025-02-27T19:26:18.389+0000] {processor.py:925} INFO - DAG(s) 'example_xcom' retrieved from /home/sravan2418/airflow-env/lib/python3.11/site-packages/airflow/example_dags/example_xcom.py
[2025-02-27T19:26:18.417+0000] {logging_mixin.py:190} INFO - [2025-02-27T19:26:18.417+0000] {dag.py:3239} INFO - Sync 1 DAGs
[2025-02-27T19:26:18.446+0000] {logging_mixin.py:190} INFO - [2025-02-27T19:26:18.445+0000] {dag.py:4180} INFO - Setting next_dagrun for example_xcom to 2021-01-01 00:00:00+00:00, run_after=2021-01-01 00:00:00+00:00
[2025-02-27T19:26:18.689+0000] {processor.py:208} INFO - Processing /home/sravan2418/airflow-env/lib/python3.11/site-packages/airflow/example_dags/example_xcom.py took 0.337 seconds
[2025-02-27T19:27:23.701+0000] {processor.py:186} INFO - Started process (PID=2983) to work on /home/sravan2418/airflow-env/lib/python3.11/site-packages/airflow/example_dags/example_xcom.py
[2025-02-27T19:27:23.703+0000] {processor.py:914} INFO - Processing file /home/sravan2418/airflow-env/lib/python3.11/site-packages/airflow/example_dags/example_xcom.py for tasks to queue
[2025-02-27T19:27:23.706+0000] {logging_mixin.py:190} INFO - [2025-02-27T19:27:23.706+0000] {dagbag.py:588} INFO - Filling up the DagBag from /home/sravan2418/airflow-env/lib/python3.11/site-packages/airflow/example_dags/example_xcom.py
[2025-02-27T19:27:23.721+0000] {processor.py:925} INFO - DAG(s) 'example_xcom' retrieved from /home/sravan2418/airflow-env/lib/python3.11/site-packages/airflow/example_dags/example_xcom.py
[2025-02-27T19:27:23.744+0000] {logging_mixin.py:190} INFO - [2025-02-27T19:27:23.744+0000] {dag.py:3239} INFO - Sync 1 DAGs
[2025-02-27T19:27:23.769+0000] {logging_mixin.py:190} INFO - [2025-02-27T19:27:23.768+0000] {dag.py:4180} INFO - Setting next_dagrun for example_xcom to 2021-01-01 00:00:00+00:00, run_after=2021-01-01 00:00:00+00:00
[2025-02-27T19:27:23.796+0000] {processor.py:208} INFO - Processing /home/sravan2418/airflow-env/lib/python3.11/site-packages/airflow/example_dags/example_xcom.py took 0.104 seconds
[2025-02-27T19:28:26.443+0000] {processor.py:186} INFO - Started process (PID=3060) to work on /home/sravan2418/airflow-env/lib/python3.11/site-packages/airflow/example_dags/example_xcom.py
[2025-02-27T19:28:26.445+0000] {processor.py:914} INFO - Processing file /home/sravan2418/airflow-env/lib/python3.11/site-packages/airflow/example_dags/example_xcom.py for tasks to queue
[2025-02-27T19:28:26.449+0000] {logging_mixin.py:190} INFO - [2025-02-27T19:28:26.448+0000] {dagbag.py:588} INFO - Filling up the DagBag from /home/sravan2418/airflow-env/lib/python3.11/site-packages/airflow/example_dags/example_xcom.py
[2025-02-27T19:28:26.468+0000] {processor.py:925} INFO - DAG(s) 'example_xcom' retrieved from /home/sravan2418/airflow-env/lib/python3.11/site-packages/airflow/example_dags/example_xcom.py
[2025-02-27T19:28:26.504+0000] {logging_mixin.py:190} INFO - [2025-02-27T19:28:26.503+0000] {dag.py:3239} INFO - Sync 1 DAGs
[2025-02-27T19:28:26.538+0000] {logging_mixin.py:190} INFO - [2025-02-27T19:28:26.538+0000] {dag.py:4180} INFO - Setting next_dagrun for example_xcom to 2021-01-01 00:00:00+00:00, run_after=2021-01-01 00:00:00+00:00
[2025-02-27T19:28:26.570+0000] {processor.py:208} INFO - Processing /home/sravan2418/airflow-env/lib/python3.11/site-packages/airflow/example_dags/example_xcom.py took 0.138 seconds
[2025-02-27T19:29:25.268+0000] {processor.py:186} INFO - Started process (PID=3127) to work on /home/sravan2418/airflow-env/lib/python3.11/site-packages/airflow/example_dags/example_xcom.py
[2025-02-27T19:29:25.271+0000] {processor.py:914} INFO - Processing file /home/sravan2418/airflow-env/lib/python3.11/site-packages/airflow/example_dags/example_xcom.py for tasks to queue
[2025-02-27T19:29:25.274+0000] {logging_mixin.py:190} INFO - [2025-02-27T19:29:25.273+0000] {dagbag.py:588} INFO - Filling up the DagBag from /home/sravan2418/airflow-env/lib/python3.11/site-packages/airflow/example_dags/example_xcom.py
[2025-02-27T19:29:25.288+0000] {processor.py:925} INFO - DAG(s) 'example_xcom' retrieved from /home/sravan2418/airflow-env/lib/python3.11/site-packages/airflow/example_dags/example_xcom.py
[2025-02-27T19:29:25.312+0000] {logging_mixin.py:190} INFO - [2025-02-27T19:29:25.311+0000] {dag.py:3239} INFO - Sync 1 DAGs
[2025-02-27T19:29:25.336+0000] {logging_mixin.py:190} INFO - [2025-02-27T19:29:25.336+0000] {dag.py:4180} INFO - Setting next_dagrun for example_xcom to 2021-01-01 00:00:00+00:00, run_after=2021-01-01 00:00:00+00:00
[2025-02-27T19:29:25.362+0000] {processor.py:208} INFO - Processing /home/sravan2418/airflow-env/lib/python3.11/site-packages/airflow/example_dags/example_xcom.py took 0.102 seconds
[2025-02-27T19:30:24.012+0000] {processor.py:186} INFO - Started process (PID=3190) to work on /home/sravan2418/airflow-env/lib/python3.11/site-packages/airflow/example_dags/example_xcom.py
[2025-02-27T19:30:24.015+0000] {processor.py:914} INFO - Processing file /home/sravan2418/airflow-env/lib/python3.11/site-packages/airflow/example_dags/example_xcom.py for tasks to queue
[2025-02-27T19:30:24.019+0000] {logging_mixin.py:190} INFO - [2025-02-27T19:30:24.018+0000] {dagbag.py:588} INFO - Filling up the DagBag from /home/sravan2418/airflow-env/lib/python3.11/site-packages/airflow/example_dags/example_xcom.py
[2025-02-27T19:30:24.036+0000] {processor.py:925} INFO - DAG(s) 'example_xcom' retrieved from /home/sravan2418/airflow-env/lib/python3.11/site-packages/airflow/example_dags/example_xcom.py
[2025-02-27T19:30:24.064+0000] {logging_mixin.py:190} INFO - [2025-02-27T19:30:24.064+0000] {dag.py:3239} INFO - Sync 1 DAGs
[2025-02-27T19:30:24.096+0000] {logging_mixin.py:190} INFO - [2025-02-27T19:30:24.096+0000] {dag.py:4180} INFO - Setting next_dagrun for example_xcom to 2021-01-01 00:00:00+00:00, run_after=2021-01-01 00:00:00+00:00
[2025-02-27T19:30:24.129+0000] {processor.py:208} INFO - Processing /home/sravan2418/airflow-env/lib/python3.11/site-packages/airflow/example_dags/example_xcom.py took 0.127 seconds
[2025-02-27T19:31:28.125+0000] {processor.py:186} INFO - Started process (PID=3254) to work on /home/sravan2418/airflow-env/lib/python3.11/site-packages/airflow/example_dags/example_xcom.py
[2025-02-27T19:31:28.128+0000] {processor.py:914} INFO - Processing file /home/sravan2418/airflow-env/lib/python3.11/site-packages/airflow/example_dags/example_xcom.py for tasks to queue
[2025-02-27T19:31:28.132+0000] {logging_mixin.py:190} INFO - [2025-02-27T19:31:28.131+0000] {dagbag.py:588} INFO - Filling up the DagBag from /home/sravan2418/airflow-env/lib/python3.11/site-packages/airflow/example_dags/example_xcom.py
[2025-02-27T19:31:28.150+0000] {processor.py:925} INFO - DAG(s) 'example_xcom' retrieved from /home/sravan2418/airflow-env/lib/python3.11/site-packages/airflow/example_dags/example_xcom.py
[2025-02-27T19:31:28.178+0000] {logging_mixin.py:190} INFO - [2025-02-27T19:31:28.178+0000] {dag.py:3239} INFO - Sync 1 DAGs
[2025-02-27T19:31:28.208+0000] {logging_mixin.py:190} INFO - [2025-02-27T19:31:28.207+0000] {dag.py:4180} INFO - Setting next_dagrun for example_xcom to 2021-01-01 00:00:00+00:00, run_after=2021-01-01 00:00:00+00:00
[2025-02-27T19:31:28.412+0000] {processor.py:208} INFO - Processing /home/sravan2418/airflow-env/lib/python3.11/site-packages/airflow/example_dags/example_xcom.py took 0.297 seconds
[2025-02-27T19:32:38.316+0000] {processor.py:186} INFO - Started process (PID=3323) to work on /home/sravan2418/airflow-env/lib/python3.11/site-packages/airflow/example_dags/example_xcom.py
[2025-02-27T19:32:38.319+0000] {processor.py:914} INFO - Processing file /home/sravan2418/airflow-env/lib/python3.11/site-packages/airflow/example_dags/example_xcom.py for tasks to queue
[2025-02-27T19:32:38.323+0000] {logging_mixin.py:190} INFO - [2025-02-27T19:32:38.322+0000] {dagbag.py:588} INFO - Filling up the DagBag from /home/sravan2418/airflow-env/lib/python3.11/site-packages/airflow/example_dags/example_xcom.py
[2025-02-27T19:32:38.342+0000] {processor.py:925} INFO - DAG(s) 'example_xcom' retrieved from /home/sravan2418/airflow-env/lib/python3.11/site-packages/airflow/example_dags/example_xcom.py
[2025-02-27T19:32:38.371+0000] {logging_mixin.py:190} INFO - [2025-02-27T19:32:38.371+0000] {dag.py:3239} INFO - Sync 1 DAGs
[2025-02-27T19:32:38.405+0000] {logging_mixin.py:190} INFO - [2025-02-27T19:32:38.405+0000] {dag.py:4180} INFO - Setting next_dagrun for example_xcom to 2021-01-01 00:00:00+00:00, run_after=2021-01-01 00:00:00+00:00
[2025-02-27T19:32:38.443+0000] {processor.py:208} INFO - Processing /home/sravan2418/airflow-env/lib/python3.11/site-packages/airflow/example_dags/example_xcom.py took 0.142 seconds
[2025-02-27T19:33:46.052+0000] {processor.py:186} INFO - Started process (PID=3390) to work on /home/sravan2418/airflow-env/lib/python3.11/site-packages/airflow/example_dags/example_xcom.py
[2025-02-27T19:33:46.055+0000] {processor.py:914} INFO - Processing file /home/sravan2418/airflow-env/lib/python3.11/site-packages/airflow/example_dags/example_xcom.py for tasks to queue
[2025-02-27T19:33:46.059+0000] {logging_mixin.py:190} INFO - [2025-02-27T19:33:46.058+0000] {dagbag.py:588} INFO - Filling up the DagBag from /home/sravan2418/airflow-env/lib/python3.11/site-packages/airflow/example_dags/example_xcom.py
[2025-02-27T19:33:46.075+0000] {processor.py:925} INFO - DAG(s) 'example_xcom' retrieved from /home/sravan2418/airflow-env/lib/python3.11/site-packages/airflow/example_dags/example_xcom.py
[2025-02-27T19:33:46.099+0000] {logging_mixin.py:190} INFO - [2025-02-27T19:33:46.099+0000] {dag.py:3239} INFO - Sync 1 DAGs
[2025-02-27T19:33:46.126+0000] {logging_mixin.py:190} INFO - [2025-02-27T19:33:46.125+0000] {dag.py:4180} INFO - Setting next_dagrun for example_xcom to 2021-01-01 00:00:00+00:00, run_after=2021-01-01 00:00:00+00:00
[2025-02-27T19:33:46.154+0000] {processor.py:208} INFO - Processing /home/sravan2418/airflow-env/lib/python3.11/site-packages/airflow/example_dags/example_xcom.py took 0.111 seconds
[2025-02-27T19:34:49.479+0000] {processor.py:186} INFO - Started process (PID=3455) to work on /home/sravan2418/airflow-env/lib/python3.11/site-packages/airflow/example_dags/example_xcom.py
[2025-02-27T19:34:49.482+0000] {processor.py:914} INFO - Processing file /home/sravan2418/airflow-env/lib/python3.11/site-packages/airflow/example_dags/example_xcom.py for tasks to queue
[2025-02-27T19:34:49.486+0000] {logging_mixin.py:190} INFO - [2025-02-27T19:34:49.485+0000] {dagbag.py:588} INFO - Filling up the DagBag from /home/sravan2418/airflow-env/lib/python3.11/site-packages/airflow/example_dags/example_xcom.py
[2025-02-27T19:34:49.506+0000] {processor.py:925} INFO - DAG(s) 'example_xcom' retrieved from /home/sravan2418/airflow-env/lib/python3.11/site-packages/airflow/example_dags/example_xcom.py
[2025-02-27T19:34:49.536+0000] {logging_mixin.py:190} INFO - [2025-02-27T19:34:49.535+0000] {dag.py:3239} INFO - Sync 1 DAGs
[2025-02-27T19:34:49.567+0000] {logging_mixin.py:190} INFO - [2025-02-27T19:34:49.567+0000] {dag.py:4180} INFO - Setting next_dagrun for example_xcom to 2021-01-01 00:00:00+00:00, run_after=2021-01-01 00:00:00+00:00
[2025-02-27T19:34:49.601+0000] {processor.py:208} INFO - Processing /home/sravan2418/airflow-env/lib/python3.11/site-packages/airflow/example_dags/example_xcom.py took 0.133 seconds
