[2025-02-27T19:21:55.220+0000] {processor.py:186} INFO - Started process (PID=2656) to work on /home/sravan2418/airflow-env/lib/python3.11/site-packages/airflow/example_dags/example_python_decorator.py
[2025-02-27T19:21:55.221+0000] {processor.py:914} INFO - Processing file /home/sravan2418/airflow-env/lib/python3.11/site-packages/airflow/example_dags/example_python_decorator.py for tasks to queue
[2025-02-27T19:21:55.224+0000] {logging_mixin.py:190} INFO - [2025-02-27T19:21:55.224+0000] {dagbag.py:588} INFO - Filling up the DagBag from /home/sravan2418/airflow-env/lib/python3.11/site-packages/airflow/example_dags/example_python_decorator.py
[2025-02-27T19:21:55.237+0000] {logging_mixin.py:190} INFO - [2025-02-27T19:21:55.237+0000] {example_python_decorator.py:80} WARNING - The virtalenv_python example task requires virtualenv, please install it.
[2025-02-27T19:21:55.242+0000] {processor.py:925} INFO - DAG(s) 'example_python_decorator' retrieved from /home/sravan2418/airflow-env/lib/python3.11/site-packages/airflow/example_dags/example_python_decorator.py
[2025-02-27T19:21:55.381+0000] {logging_mixin.py:190} INFO - [2025-02-27T19:21:55.380+0000] {override.py:1930} INFO - Created Permission View: can edit on DAG:example_python_decorator
[2025-02-27T19:21:55.396+0000] {logging_mixin.py:190} INFO - [2025-02-27T19:21:55.395+0000] {override.py:1930} INFO - Created Permission View: can delete on DAG:example_python_decorator
[2025-02-27T19:21:55.408+0000] {logging_mixin.py:190} INFO - [2025-02-27T19:21:55.407+0000] {override.py:1930} INFO - Created Permission View: can read on DAG:example_python_decorator
[2025-02-27T19:21:55.426+0000] {logging_mixin.py:190} INFO - [2025-02-27T19:21:55.425+0000] {override.py:1930} INFO - Created Permission View: menu access on DAG Run:example_python_decorator
[2025-02-27T19:21:55.439+0000] {logging_mixin.py:190} INFO - [2025-02-27T19:21:55.439+0000] {override.py:1930} INFO - Created Permission View: can create on DAG Run:example_python_decorator
[2025-02-27T19:21:55.450+0000] {logging_mixin.py:190} INFO - [2025-02-27T19:21:55.450+0000] {override.py:1930} INFO - Created Permission View: can delete on DAG Run:example_python_decorator
[2025-02-27T19:21:55.461+0000] {logging_mixin.py:190} INFO - [2025-02-27T19:21:55.461+0000] {override.py:1930} INFO - Created Permission View: can read on DAG Run:example_python_decorator
[2025-02-27T19:21:55.462+0000] {logging_mixin.py:190} INFO - [2025-02-27T19:21:55.462+0000] {dag.py:3239} INFO - Sync 1 DAGs
[2025-02-27T19:21:55.476+0000] {logging_mixin.py:190} INFO - [2025-02-27T19:21:55.475+0000] {dag.py:3262} INFO - Creating ORM DAG for example_python_decorator
[2025-02-27T19:21:55.476+0000] {logging_mixin.py:190} INFO - [2025-02-27T19:21:55.476+0000] {dag.py:4180} INFO - Setting next_dagrun for example_python_decorator to None, run_after=None
[2025-02-27T19:21:55.505+0000] {processor.py:208} INFO - Processing /home/sravan2418/airflow-env/lib/python3.11/site-packages/airflow/example_dags/example_python_decorator.py took 0.293 seconds
[2025-02-27T19:23:34.126+0000] {processor.py:186} INFO - Started process (PID=2743) to work on /home/sravan2418/airflow-env/lib/python3.11/site-packages/airflow/example_dags/example_python_decorator.py
[2025-02-27T19:23:34.128+0000] {processor.py:914} INFO - Processing file /home/sravan2418/airflow-env/lib/python3.11/site-packages/airflow/example_dags/example_python_decorator.py for tasks to queue
[2025-02-27T19:23:34.131+0000] {logging_mixin.py:190} INFO - [2025-02-27T19:23:34.131+0000] {dagbag.py:588} INFO - Filling up the DagBag from /home/sravan2418/airflow-env/lib/python3.11/site-packages/airflow/example_dags/example_python_decorator.py
[2025-02-27T19:23:34.144+0000] {logging_mixin.py:190} INFO - [2025-02-27T19:23:34.144+0000] {example_python_decorator.py:80} WARNING - The virtalenv_python example task requires virtualenv, please install it.
[2025-02-27T19:23:34.148+0000] {processor.py:925} INFO - DAG(s) 'example_python_decorator' retrieved from /home/sravan2418/airflow-env/lib/python3.11/site-packages/airflow/example_dags/example_python_decorator.py
[2025-02-27T19:23:34.173+0000] {logging_mixin.py:190} INFO - [2025-02-27T19:23:34.173+0000] {dag.py:3239} INFO - Sync 1 DAGs
[2025-02-27T19:23:34.189+0000] {logging_mixin.py:190} INFO - [2025-02-27T19:23:34.188+0000] {dag.py:4180} INFO - Setting next_dagrun for example_python_decorator to None, run_after=None
[2025-02-27T19:23:34.216+0000] {processor.py:208} INFO - Processing /home/sravan2418/airflow-env/lib/python3.11/site-packages/airflow/example_dags/example_python_decorator.py took 0.099 seconds
[2025-02-27T19:24:35.752+0000] {processor.py:186} INFO - Started process (PID=2813) to work on /home/sravan2418/airflow-env/lib/python3.11/site-packages/airflow/example_dags/example_python_decorator.py
[2025-02-27T19:24:35.754+0000] {processor.py:914} INFO - Processing file /home/sravan2418/airflow-env/lib/python3.11/site-packages/airflow/example_dags/example_python_decorator.py for tasks to queue
[2025-02-27T19:24:35.758+0000] {logging_mixin.py:190} INFO - [2025-02-27T19:24:35.757+0000] {dagbag.py:588} INFO - Filling up the DagBag from /home/sravan2418/airflow-env/lib/python3.11/site-packages/airflow/example_dags/example_python_decorator.py
[2025-02-27T19:24:35.772+0000] {logging_mixin.py:190} INFO - [2025-02-27T19:24:35.772+0000] {example_python_decorator.py:80} WARNING - The virtalenv_python example task requires virtualenv, please install it.
[2025-02-27T19:24:35.776+0000] {processor.py:925} INFO - DAG(s) 'example_python_decorator' retrieved from /home/sravan2418/airflow-env/lib/python3.11/site-packages/airflow/example_dags/example_python_decorator.py
[2025-02-27T19:24:35.801+0000] {logging_mixin.py:190} INFO - [2025-02-27T19:24:35.800+0000] {dag.py:3239} INFO - Sync 1 DAGs
[2025-02-27T19:24:35.817+0000] {logging_mixin.py:190} INFO - [2025-02-27T19:24:35.817+0000] {dag.py:4180} INFO - Setting next_dagrun for example_python_decorator to None, run_after=None
[2025-02-27T19:24:35.844+0000] {processor.py:208} INFO - Processing /home/sravan2418/airflow-env/lib/python3.11/site-packages/airflow/example_dags/example_python_decorator.py took 0.102 seconds
[2025-02-27T19:25:36.485+0000] {processor.py:186} INFO - Started process (PID=2873) to work on /home/sravan2418/airflow-env/lib/python3.11/site-packages/airflow/example_dags/example_python_decorator.py
[2025-02-27T19:25:36.488+0000] {processor.py:914} INFO - Processing file /home/sravan2418/airflow-env/lib/python3.11/site-packages/airflow/example_dags/example_python_decorator.py for tasks to queue
[2025-02-27T19:25:36.491+0000] {logging_mixin.py:190} INFO - [2025-02-27T19:25:36.490+0000] {dagbag.py:588} INFO - Filling up the DagBag from /home/sravan2418/airflow-env/lib/python3.11/site-packages/airflow/example_dags/example_python_decorator.py
[2025-02-27T19:25:36.504+0000] {logging_mixin.py:190} INFO - [2025-02-27T19:25:36.504+0000] {example_python_decorator.py:80} WARNING - The virtalenv_python example task requires virtualenv, please install it.
[2025-02-27T19:25:36.507+0000] {processor.py:925} INFO - DAG(s) 'example_python_decorator' retrieved from /home/sravan2418/airflow-env/lib/python3.11/site-packages/airflow/example_dags/example_python_decorator.py
[2025-02-27T19:25:36.531+0000] {logging_mixin.py:190} INFO - [2025-02-27T19:25:36.531+0000] {dag.py:3239} INFO - Sync 1 DAGs
[2025-02-27T19:25:36.548+0000] {logging_mixin.py:190} INFO - [2025-02-27T19:25:36.548+0000] {dag.py:4180} INFO - Setting next_dagrun for example_python_decorator to None, run_after=None
[2025-02-27T19:25:36.575+0000] {processor.py:208} INFO - Processing /home/sravan2418/airflow-env/lib/python3.11/site-packages/airflow/example_dags/example_python_decorator.py took 0.098 seconds
[2025-02-27T19:26:42.434+0000] {processor.py:186} INFO - Started process (PID=2939) to work on /home/sravan2418/airflow-env/lib/python3.11/site-packages/airflow/example_dags/example_python_decorator.py
[2025-02-27T19:26:42.437+0000] {processor.py:914} INFO - Processing file /home/sravan2418/airflow-env/lib/python3.11/site-packages/airflow/example_dags/example_python_decorator.py for tasks to queue
[2025-02-27T19:26:42.441+0000] {logging_mixin.py:190} INFO - [2025-02-27T19:26:42.440+0000] {dagbag.py:588} INFO - Filling up the DagBag from /home/sravan2418/airflow-env/lib/python3.11/site-packages/airflow/example_dags/example_python_decorator.py
[2025-02-27T19:26:42.456+0000] {logging_mixin.py:190} INFO - [2025-02-27T19:26:42.455+0000] {example_python_decorator.py:80} WARNING - The virtalenv_python example task requires virtualenv, please install it.
[2025-02-27T19:26:42.460+0000] {processor.py:925} INFO - DAG(s) 'example_python_decorator' retrieved from /home/sravan2418/airflow-env/lib/python3.11/site-packages/airflow/example_dags/example_python_decorator.py
[2025-02-27T19:26:42.488+0000] {logging_mixin.py:190} INFO - [2025-02-27T19:26:42.487+0000] {dag.py:3239} INFO - Sync 1 DAGs
[2025-02-27T19:26:42.686+0000] {logging_mixin.py:190} INFO - [2025-02-27T19:26:42.686+0000] {dag.py:4180} INFO - Setting next_dagrun for example_python_decorator to None, run_after=None
[2025-02-27T19:26:42.711+0000] {processor.py:208} INFO - Processing /home/sravan2418/airflow-env/lib/python3.11/site-packages/airflow/example_dags/example_python_decorator.py took 0.287 seconds
[2025-02-27T19:28:45.128+0000] {processor.py:186} INFO - Started process (PID=3083) to work on /home/sravan2418/airflow-env/lib/python3.11/site-packages/airflow/example_dags/example_python_decorator.py
[2025-02-27T19:28:45.130+0000] {processor.py:914} INFO - Processing file /home/sravan2418/airflow-env/lib/python3.11/site-packages/airflow/example_dags/example_python_decorator.py for tasks to queue
[2025-02-27T19:28:45.133+0000] {logging_mixin.py:190} INFO - [2025-02-27T19:28:45.132+0000] {dagbag.py:588} INFO - Filling up the DagBag from /home/sravan2418/airflow-env/lib/python3.11/site-packages/airflow/example_dags/example_python_decorator.py
[2025-02-27T19:28:45.146+0000] {logging_mixin.py:190} INFO - [2025-02-27T19:28:45.146+0000] {example_python_decorator.py:80} WARNING - The virtalenv_python example task requires virtualenv, please install it.
[2025-02-27T19:28:45.149+0000] {processor.py:925} INFO - DAG(s) 'example_python_decorator' retrieved from /home/sravan2418/airflow-env/lib/python3.11/site-packages/airflow/example_dags/example_python_decorator.py
[2025-02-27T19:28:45.176+0000] {logging_mixin.py:190} INFO - [2025-02-27T19:28:45.175+0000] {dag.py:3239} INFO - Sync 1 DAGs
[2025-02-27T19:28:45.192+0000] {logging_mixin.py:190} INFO - [2025-02-27T19:28:45.192+0000] {dag.py:4180} INFO - Setting next_dagrun for example_python_decorator to None, run_after=None
[2025-02-27T19:28:45.219+0000] {processor.py:208} INFO - Processing /home/sravan2418/airflow-env/lib/python3.11/site-packages/airflow/example_dags/example_python_decorator.py took 0.101 seconds
[2025-02-27T19:29:43.917+0000] {processor.py:186} INFO - Started process (PID=3150) to work on /home/sravan2418/airflow-env/lib/python3.11/site-packages/airflow/example_dags/example_python_decorator.py
[2025-02-27T19:29:43.919+0000] {processor.py:914} INFO - Processing file /home/sravan2418/airflow-env/lib/python3.11/site-packages/airflow/example_dags/example_python_decorator.py for tasks to queue
[2025-02-27T19:29:43.923+0000] {logging_mixin.py:190} INFO - [2025-02-27T19:29:43.922+0000] {dagbag.py:588} INFO - Filling up the DagBag from /home/sravan2418/airflow-env/lib/python3.11/site-packages/airflow/example_dags/example_python_decorator.py
[2025-02-27T19:29:43.939+0000] {logging_mixin.py:190} INFO - [2025-02-27T19:29:43.939+0000] {example_python_decorator.py:80} WARNING - The virtalenv_python example task requires virtualenv, please install it.
[2025-02-27T19:29:43.943+0000] {processor.py:925} INFO - DAG(s) 'example_python_decorator' retrieved from /home/sravan2418/airflow-env/lib/python3.11/site-packages/airflow/example_dags/example_python_decorator.py
[2025-02-27T19:29:43.971+0000] {logging_mixin.py:190} INFO - [2025-02-27T19:29:43.970+0000] {dag.py:3239} INFO - Sync 1 DAGs
[2025-02-27T19:29:43.990+0000] {logging_mixin.py:190} INFO - [2025-02-27T19:29:43.990+0000] {dag.py:4180} INFO - Setting next_dagrun for example_python_decorator to None, run_after=None
[2025-02-27T19:29:44.022+0000] {processor.py:208} INFO - Processing /home/sravan2418/airflow-env/lib/python3.11/site-packages/airflow/example_dags/example_python_decorator.py took 0.119 seconds
[2025-02-27T19:30:46.342+0000] {processor.py:186} INFO - Started process (PID=3213) to work on /home/sravan2418/airflow-env/lib/python3.11/site-packages/airflow/example_dags/example_python_decorator.py
[2025-02-27T19:30:46.344+0000] {processor.py:914} INFO - Processing file /home/sravan2418/airflow-env/lib/python3.11/site-packages/airflow/example_dags/example_python_decorator.py for tasks to queue
[2025-02-27T19:30:46.348+0000] {logging_mixin.py:190} INFO - [2025-02-27T19:30:46.347+0000] {dagbag.py:588} INFO - Filling up the DagBag from /home/sravan2418/airflow-env/lib/python3.11/site-packages/airflow/example_dags/example_python_decorator.py
[2025-02-27T19:30:46.368+0000] {logging_mixin.py:190} INFO - [2025-02-27T19:30:46.368+0000] {example_python_decorator.py:80} WARNING - The virtalenv_python example task requires virtualenv, please install it.
[2025-02-27T19:30:46.373+0000] {processor.py:925} INFO - DAG(s) 'example_python_decorator' retrieved from /home/sravan2418/airflow-env/lib/python3.11/site-packages/airflow/example_dags/example_python_decorator.py
[2025-02-27T19:30:46.405+0000] {logging_mixin.py:190} INFO - [2025-02-27T19:30:46.404+0000] {dag.py:3239} INFO - Sync 1 DAGs
[2025-02-27T19:30:46.423+0000] {logging_mixin.py:190} INFO - [2025-02-27T19:30:46.423+0000] {dag.py:4180} INFO - Setting next_dagrun for example_python_decorator to None, run_after=None
[2025-02-27T19:30:46.454+0000] {processor.py:208} INFO - Processing /home/sravan2418/airflow-env/lib/python3.11/site-packages/airflow/example_dags/example_python_decorator.py took 0.122 seconds
[2025-02-27T19:31:52.360+0000] {processor.py:186} INFO - Started process (PID=3275) to work on /home/sravan2418/airflow-env/lib/python3.11/site-packages/airflow/example_dags/example_python_decorator.py
[2025-02-27T19:31:52.362+0000] {processor.py:914} INFO - Processing file /home/sravan2418/airflow-env/lib/python3.11/site-packages/airflow/example_dags/example_python_decorator.py for tasks to queue
[2025-02-27T19:31:52.366+0000] {logging_mixin.py:190} INFO - [2025-02-27T19:31:52.365+0000] {dagbag.py:588} INFO - Filling up the DagBag from /home/sravan2418/airflow-env/lib/python3.11/site-packages/airflow/example_dags/example_python_decorator.py
[2025-02-27T19:31:52.382+0000] {logging_mixin.py:190} INFO - [2025-02-27T19:31:52.381+0000] {example_python_decorator.py:80} WARNING - The virtalenv_python example task requires virtualenv, please install it.
[2025-02-27T19:31:52.386+0000] {processor.py:925} INFO - DAG(s) 'example_python_decorator' retrieved from /home/sravan2418/airflow-env/lib/python3.11/site-packages/airflow/example_dags/example_python_decorator.py
[2025-02-27T19:31:52.414+0000] {logging_mixin.py:190} INFO - [2025-02-27T19:31:52.414+0000] {dag.py:3239} INFO - Sync 1 DAGs
[2025-02-27T19:31:52.657+0000] {logging_mixin.py:190} INFO - [2025-02-27T19:31:52.657+0000] {dag.py:4180} INFO - Setting next_dagrun for example_python_decorator to None, run_after=None
[2025-02-27T19:31:52.687+0000] {processor.py:208} INFO - Processing /home/sravan2418/airflow-env/lib/python3.11/site-packages/airflow/example_dags/example_python_decorator.py took 0.337 seconds
[2025-02-27T19:33:05.389+0000] {processor.py:186} INFO - Started process (PID=3350) to work on /home/sravan2418/airflow-env/lib/python3.11/site-packages/airflow/example_dags/example_python_decorator.py
[2025-02-27T19:33:05.391+0000] {processor.py:914} INFO - Processing file /home/sravan2418/airflow-env/lib/python3.11/site-packages/airflow/example_dags/example_python_decorator.py for tasks to queue
[2025-02-27T19:33:05.396+0000] {logging_mixin.py:190} INFO - [2025-02-27T19:33:05.395+0000] {dagbag.py:588} INFO - Filling up the DagBag from /home/sravan2418/airflow-env/lib/python3.11/site-packages/airflow/example_dags/example_python_decorator.py
[2025-02-27T19:33:05.413+0000] {logging_mixin.py:190} INFO - [2025-02-27T19:33:05.412+0000] {example_python_decorator.py:80} WARNING - The virtalenv_python example task requires virtualenv, please install it.
[2025-02-27T19:33:05.417+0000] {processor.py:925} INFO - DAG(s) 'example_python_decorator' retrieved from /home/sravan2418/airflow-env/lib/python3.11/site-packages/airflow/example_dags/example_python_decorator.py
[2025-02-27T19:33:05.446+0000] {logging_mixin.py:190} INFO - [2025-02-27T19:33:05.446+0000] {dag.py:3239} INFO - Sync 1 DAGs
[2025-02-27T19:33:05.468+0000] {logging_mixin.py:190} INFO - [2025-02-27T19:33:05.467+0000] {dag.py:4180} INFO - Setting next_dagrun for example_python_decorator to None, run_after=None
[2025-02-27T19:33:05.503+0000] {processor.py:208} INFO - Processing /home/sravan2418/airflow-env/lib/python3.11/site-packages/airflow/example_dags/example_python_decorator.py took 0.126 seconds
[2025-02-27T19:34:09.750+0000] {processor.py:186} INFO - Started process (PID=3413) to work on /home/sravan2418/airflow-env/lib/python3.11/site-packages/airflow/example_dags/example_python_decorator.py
[2025-02-27T19:34:09.753+0000] {processor.py:914} INFO - Processing file /home/sravan2418/airflow-env/lib/python3.11/site-packages/airflow/example_dags/example_python_decorator.py for tasks to queue
[2025-02-27T19:34:09.757+0000] {logging_mixin.py:190} INFO - [2025-02-27T19:34:09.757+0000] {dagbag.py:588} INFO - Filling up the DagBag from /home/sravan2418/airflow-env/lib/python3.11/site-packages/airflow/example_dags/example_python_decorator.py
[2025-02-27T19:34:09.773+0000] {logging_mixin.py:190} INFO - [2025-02-27T19:34:09.772+0000] {example_python_decorator.py:80} WARNING - The virtalenv_python example task requires virtualenv, please install it.
[2025-02-27T19:34:09.776+0000] {processor.py:925} INFO - DAG(s) 'example_python_decorator' retrieved from /home/sravan2418/airflow-env/lib/python3.11/site-packages/airflow/example_dags/example_python_decorator.py
[2025-02-27T19:34:09.806+0000] {logging_mixin.py:190} INFO - [2025-02-27T19:34:09.805+0000] {dag.py:3239} INFO - Sync 1 DAGs
[2025-02-27T19:34:09.827+0000] {logging_mixin.py:190} INFO - [2025-02-27T19:34:09.826+0000] {dag.py:4180} INFO - Setting next_dagrun for example_python_decorator to None, run_after=None
[2025-02-27T19:34:09.866+0000] {processor.py:208} INFO - Processing /home/sravan2418/airflow-env/lib/python3.11/site-packages/airflow/example_dags/example_python_decorator.py took 0.128 seconds
[2025-02-27T19:35:13.288+0000] {processor.py:186} INFO - Started process (PID=3478) to work on /home/sravan2418/airflow-env/lib/python3.11/site-packages/airflow/example_dags/example_python_decorator.py
[2025-02-27T19:35:13.290+0000] {processor.py:914} INFO - Processing file /home/sravan2418/airflow-env/lib/python3.11/site-packages/airflow/example_dags/example_python_decorator.py for tasks to queue
[2025-02-27T19:35:13.293+0000] {logging_mixin.py:190} INFO - [2025-02-27T19:35:13.293+0000] {dagbag.py:588} INFO - Filling up the DagBag from /home/sravan2418/airflow-env/lib/python3.11/site-packages/airflow/example_dags/example_python_decorator.py
[2025-02-27T19:35:13.307+0000] {logging_mixin.py:190} INFO - [2025-02-27T19:35:13.307+0000] {example_python_decorator.py:80} WARNING - The virtalenv_python example task requires virtualenv, please install it.
[2025-02-27T19:35:13.310+0000] {processor.py:925} INFO - DAG(s) 'example_python_decorator' retrieved from /home/sravan2418/airflow-env/lib/python3.11/site-packages/airflow/example_dags/example_python_decorator.py
[2025-02-27T19:35:13.335+0000] {logging_mixin.py:190} INFO - [2025-02-27T19:35:13.335+0000] {dag.py:3239} INFO - Sync 1 DAGs
[2025-02-27T19:35:13.351+0000] {logging_mixin.py:190} INFO - [2025-02-27T19:35:13.351+0000] {dag.py:4180} INFO - Setting next_dagrun for example_python_decorator to None, run_after=None
[2025-02-27T19:35:13.378+0000] {processor.py:208} INFO - Processing /home/sravan2418/airflow-env/lib/python3.11/site-packages/airflow/example_dags/example_python_decorator.py took 0.103 seconds
