[2025-02-27T19:21:51.013+0000] {processor.py:186} INFO - Started process (PID=2648) to work on /home/sravan2418/airflow-env/lib/python3.11/site-packages/airflow/example_dags/example_kubernetes_executor.py
[2025-02-27T19:21:51.014+0000] {processor.py:914} INFO - Processing file /home/sravan2418/airflow-env/lib/python3.11/site-packages/airflow/example_dags/example_kubernetes_executor.py for tasks to queue
[2025-02-27T19:21:51.018+0000] {logging_mixin.py:190} INFO - [2025-02-27T19:21:51.018+0000] {dagbag.py:588} INFO - Filling up the DagBag from /home/sravan2418/airflow-env/lib/python3.11/site-packages/airflow/example_dags/example_kubernetes_executor.py
[2025-02-27T19:21:51.024+0000] {logging_mixin.py:190} INFO - [2025-02-27T19:21:51.023+0000] {example_kubernetes_executor.py:39} WARNING - The example_kubernetes_executor example DAG requires the kubernetes provider. Please install it with: pip install apache-airflow[cncf.kubernetes]
[2025-02-27T19:21:51.024+0000] {processor.py:927} WARNING - No viable dags retrieved from /home/sravan2418/airflow-env/lib/python3.11/site-packages/airflow/example_dags/example_kubernetes_executor.py
[2025-02-27T19:21:51.044+0000] {processor.py:208} INFO - Processing /home/sravan2418/airflow-env/lib/python3.11/site-packages/airflow/example_dags/example_kubernetes_executor.py took 0.041 seconds
[2025-02-27T19:23:31.377+0000] {processor.py:186} INFO - Started process (PID=2740) to work on /home/sravan2418/airflow-env/lib/python3.11/site-packages/airflow/example_dags/example_kubernetes_executor.py
[2025-02-27T19:23:31.380+0000] {processor.py:914} INFO - Processing file /home/sravan2418/airflow-env/lib/python3.11/site-packages/airflow/example_dags/example_kubernetes_executor.py for tasks to queue
[2025-02-27T19:23:31.383+0000] {logging_mixin.py:190} INFO - [2025-02-27T19:23:31.383+0000] {dagbag.py:588} INFO - Filling up the DagBag from /home/sravan2418/airflow-env/lib/python3.11/site-packages/airflow/example_dags/example_kubernetes_executor.py
[2025-02-27T19:23:31.389+0000] {logging_mixin.py:190} INFO - [2025-02-27T19:23:31.389+0000] {example_kubernetes_executor.py:39} WARNING - The example_kubernetes_executor example DAG requires the kubernetes provider. Please install it with: pip install apache-airflow[cncf.kubernetes]
[2025-02-27T19:23:31.390+0000] {processor.py:927} WARNING - No viable dags retrieved from /home/sravan2418/airflow-env/lib/python3.11/site-packages/airflow/example_dags/example_kubernetes_executor.py
[2025-02-27T19:23:31.409+0000] {processor.py:208} INFO - Processing /home/sravan2418/airflow-env/lib/python3.11/site-packages/airflow/example_dags/example_kubernetes_executor.py took 0.043 seconds
[2025-02-27T19:24:31.996+0000] {processor.py:186} INFO - Started process (PID=2810) to work on /home/sravan2418/airflow-env/lib/python3.11/site-packages/airflow/example_dags/example_kubernetes_executor.py
[2025-02-27T19:24:31.998+0000] {processor.py:914} INFO - Processing file /home/sravan2418/airflow-env/lib/python3.11/site-packages/airflow/example_dags/example_kubernetes_executor.py for tasks to queue
[2025-02-27T19:24:32.002+0000] {logging_mixin.py:190} INFO - [2025-02-27T19:24:32.002+0000] {dagbag.py:588} INFO - Filling up the DagBag from /home/sravan2418/airflow-env/lib/python3.11/site-packages/airflow/example_dags/example_kubernetes_executor.py
[2025-02-27T19:24:32.008+0000] {logging_mixin.py:190} INFO - [2025-02-27T19:24:32.007+0000] {example_kubernetes_executor.py:39} WARNING - The example_kubernetes_executor example DAG requires the kubernetes provider. Please install it with: pip install apache-airflow[cncf.kubernetes]
[2025-02-27T19:24:32.008+0000] {processor.py:927} WARNING - No viable dags retrieved from /home/sravan2418/airflow-env/lib/python3.11/site-packages/airflow/example_dags/example_kubernetes_executor.py
[2025-02-27T19:24:32.028+0000] {processor.py:208} INFO - Processing /home/sravan2418/airflow-env/lib/python3.11/site-packages/airflow/example_dags/example_kubernetes_executor.py took 0.042 seconds
[2025-02-27T19:25:33.125+0000] {processor.py:186} INFO - Started process (PID=2870) to work on /home/sravan2418/airflow-env/lib/python3.11/site-packages/airflow/example_dags/example_kubernetes_executor.py
[2025-02-27T19:25:33.127+0000] {processor.py:914} INFO - Processing file /home/sravan2418/airflow-env/lib/python3.11/site-packages/airflow/example_dags/example_kubernetes_executor.py for tasks to queue
[2025-02-27T19:25:33.131+0000] {logging_mixin.py:190} INFO - [2025-02-27T19:25:33.130+0000] {dagbag.py:588} INFO - Filling up the DagBag from /home/sravan2418/airflow-env/lib/python3.11/site-packages/airflow/example_dags/example_kubernetes_executor.py
[2025-02-27T19:25:33.136+0000] {logging_mixin.py:190} INFO - [2025-02-27T19:25:33.136+0000] {example_kubernetes_executor.py:39} WARNING - The example_kubernetes_executor example DAG requires the kubernetes provider. Please install it with: pip install apache-airflow[cncf.kubernetes]
[2025-02-27T19:25:33.137+0000] {processor.py:927} WARNING - No viable dags retrieved from /home/sravan2418/airflow-env/lib/python3.11/site-packages/airflow/example_dags/example_kubernetes_executor.py
[2025-02-27T19:25:33.156+0000] {processor.py:208} INFO - Processing /home/sravan2418/airflow-env/lib/python3.11/site-packages/airflow/example_dags/example_kubernetes_executor.py took 0.042 seconds
[2025-02-27T19:26:38.478+0000] {processor.py:186} INFO - Started process (PID=2936) to work on /home/sravan2418/airflow-env/lib/python3.11/site-packages/airflow/example_dags/example_kubernetes_executor.py
[2025-02-27T19:26:38.480+0000] {processor.py:914} INFO - Processing file /home/sravan2418/airflow-env/lib/python3.11/site-packages/airflow/example_dags/example_kubernetes_executor.py for tasks to queue
[2025-02-27T19:26:38.483+0000] {logging_mixin.py:190} INFO - [2025-02-27T19:26:38.482+0000] {dagbag.py:588} INFO - Filling up the DagBag from /home/sravan2418/airflow-env/lib/python3.11/site-packages/airflow/example_dags/example_kubernetes_executor.py
[2025-02-27T19:26:38.487+0000] {logging_mixin.py:190} INFO - [2025-02-27T19:26:38.487+0000] {example_kubernetes_executor.py:39} WARNING - The example_kubernetes_executor example DAG requires the kubernetes provider. Please install it with: pip install apache-airflow[cncf.kubernetes]
[2025-02-27T19:26:38.488+0000] {processor.py:927} WARNING - No viable dags retrieved from /home/sravan2418/airflow-env/lib/python3.11/site-packages/airflow/example_dags/example_kubernetes_executor.py
[2025-02-27T19:26:38.503+0000] {processor.py:208} INFO - Processing /home/sravan2418/airflow-env/lib/python3.11/site-packages/airflow/example_dags/example_kubernetes_executor.py took 0.034 seconds
[2025-02-27T19:27:42.374+0000] {processor.py:186} INFO - Started process (PID=3000) to work on /home/sravan2418/airflow-env/lib/python3.11/site-packages/airflow/example_dags/example_kubernetes_executor.py
[2025-02-27T19:27:42.376+0000] {processor.py:914} INFO - Processing file /home/sravan2418/airflow-env/lib/python3.11/site-packages/airflow/example_dags/example_kubernetes_executor.py for tasks to queue
[2025-02-27T19:27:42.379+0000] {logging_mixin.py:190} INFO - [2025-02-27T19:27:42.379+0000] {dagbag.py:588} INFO - Filling up the DagBag from /home/sravan2418/airflow-env/lib/python3.11/site-packages/airflow/example_dags/example_kubernetes_executor.py
[2025-02-27T19:27:42.383+0000] {logging_mixin.py:190} INFO - [2025-02-27T19:27:42.383+0000] {example_kubernetes_executor.py:39} WARNING - The example_kubernetes_executor example DAG requires the kubernetes provider. Please install it with: pip install apache-airflow[cncf.kubernetes]
[2025-02-27T19:27:42.384+0000] {processor.py:927} WARNING - No viable dags retrieved from /home/sravan2418/airflow-env/lib/python3.11/site-packages/airflow/example_dags/example_kubernetes_executor.py
[2025-02-27T19:27:42.400+0000] {processor.py:208} INFO - Processing /home/sravan2418/airflow-env/lib/python3.11/site-packages/airflow/example_dags/example_kubernetes_executor.py took 0.035 seconds
[2025-02-27T19:28:42.107+0000] {processor.py:186} INFO - Started process (PID=3079) to work on /home/sravan2418/airflow-env/lib/python3.11/site-packages/airflow/example_dags/example_kubernetes_executor.py
[2025-02-27T19:28:42.109+0000] {processor.py:914} INFO - Processing file /home/sravan2418/airflow-env/lib/python3.11/site-packages/airflow/example_dags/example_kubernetes_executor.py for tasks to queue
[2025-02-27T19:28:42.113+0000] {logging_mixin.py:190} INFO - [2025-02-27T19:28:42.112+0000] {dagbag.py:588} INFO - Filling up the DagBag from /home/sravan2418/airflow-env/lib/python3.11/site-packages/airflow/example_dags/example_kubernetes_executor.py
[2025-02-27T19:28:42.118+0000] {logging_mixin.py:190} INFO - [2025-02-27T19:28:42.117+0000] {example_kubernetes_executor.py:39} WARNING - The example_kubernetes_executor example DAG requires the kubernetes provider. Please install it with: pip install apache-airflow[cncf.kubernetes]
[2025-02-27T19:28:42.118+0000] {processor.py:927} WARNING - No viable dags retrieved from /home/sravan2418/airflow-env/lib/python3.11/site-packages/airflow/example_dags/example_kubernetes_executor.py
[2025-02-27T19:28:42.134+0000] {processor.py:208} INFO - Processing /home/sravan2418/airflow-env/lib/python3.11/site-packages/airflow/example_dags/example_kubernetes_executor.py took 0.036 seconds
[2025-02-27T19:29:41.167+0000] {processor.py:186} INFO - Started process (PID=3147) to work on /home/sravan2418/airflow-env/lib/python3.11/site-packages/airflow/example_dags/example_kubernetes_executor.py
[2025-02-27T19:29:41.170+0000] {processor.py:914} INFO - Processing file /home/sravan2418/airflow-env/lib/python3.11/site-packages/airflow/example_dags/example_kubernetes_executor.py for tasks to queue
[2025-02-27T19:29:41.174+0000] {logging_mixin.py:190} INFO - [2025-02-27T19:29:41.173+0000] {dagbag.py:588} INFO - Filling up the DagBag from /home/sravan2418/airflow-env/lib/python3.11/site-packages/airflow/example_dags/example_kubernetes_executor.py
[2025-02-27T19:29:41.179+0000] {logging_mixin.py:190} INFO - [2025-02-27T19:29:41.178+0000] {example_kubernetes_executor.py:39} WARNING - The example_kubernetes_executor example DAG requires the kubernetes provider. Please install it with: pip install apache-airflow[cncf.kubernetes]
[2025-02-27T19:29:41.179+0000] {processor.py:927} WARNING - No viable dags retrieved from /home/sravan2418/airflow-env/lib/python3.11/site-packages/airflow/example_dags/example_kubernetes_executor.py
[2025-02-27T19:29:41.195+0000] {processor.py:208} INFO - Processing /home/sravan2418/airflow-env/lib/python3.11/site-packages/airflow/example_dags/example_kubernetes_executor.py took 0.037 seconds
[2025-02-27T19:30:43.239+0000] {processor.py:186} INFO - Started process (PID=3210) to work on /home/sravan2418/airflow-env/lib/python3.11/site-packages/airflow/example_dags/example_kubernetes_executor.py
[2025-02-27T19:30:43.241+0000] {processor.py:914} INFO - Processing file /home/sravan2418/airflow-env/lib/python3.11/site-packages/airflow/example_dags/example_kubernetes_executor.py for tasks to queue
[2025-02-27T19:30:43.245+0000] {logging_mixin.py:190} INFO - [2025-02-27T19:30:43.244+0000] {dagbag.py:588} INFO - Filling up the DagBag from /home/sravan2418/airflow-env/lib/python3.11/site-packages/airflow/example_dags/example_kubernetes_executor.py
[2025-02-27T19:30:43.250+0000] {logging_mixin.py:190} INFO - [2025-02-27T19:30:43.249+0000] {example_kubernetes_executor.py:39} WARNING - The example_kubernetes_executor example DAG requires the kubernetes provider. Please install it with: pip install apache-airflow[cncf.kubernetes]
[2025-02-27T19:30:43.250+0000] {processor.py:927} WARNING - No viable dags retrieved from /home/sravan2418/airflow-env/lib/python3.11/site-packages/airflow/example_dags/example_kubernetes_executor.py
[2025-02-27T19:30:43.265+0000] {processor.py:208} INFO - Processing /home/sravan2418/airflow-env/lib/python3.11/site-packages/airflow/example_dags/example_kubernetes_executor.py took 0.037 seconds
[2025-02-27T19:31:49.118+0000] {processor.py:186} INFO - Started process (PID=3272) to work on /home/sravan2418/airflow-env/lib/python3.11/site-packages/airflow/example_dags/example_kubernetes_executor.py
[2025-02-27T19:31:49.121+0000] {processor.py:914} INFO - Processing file /home/sravan2418/airflow-env/lib/python3.11/site-packages/airflow/example_dags/example_kubernetes_executor.py for tasks to queue
[2025-02-27T19:31:49.124+0000] {logging_mixin.py:190} INFO - [2025-02-27T19:31:49.124+0000] {dagbag.py:588} INFO - Filling up the DagBag from /home/sravan2418/airflow-env/lib/python3.11/site-packages/airflow/example_dags/example_kubernetes_executor.py
[2025-02-27T19:31:49.130+0000] {logging_mixin.py:190} INFO - [2025-02-27T19:31:49.130+0000] {example_kubernetes_executor.py:39} WARNING - The example_kubernetes_executor example DAG requires the kubernetes provider. Please install it with: pip install apache-airflow[cncf.kubernetes]
[2025-02-27T19:31:49.131+0000] {processor.py:927} WARNING - No viable dags retrieved from /home/sravan2418/airflow-env/lib/python3.11/site-packages/airflow/example_dags/example_kubernetes_executor.py
[2025-02-27T19:31:49.150+0000] {processor.py:208} INFO - Processing /home/sravan2418/airflow-env/lib/python3.11/site-packages/airflow/example_dags/example_kubernetes_executor.py took 0.043 seconds
[2025-02-27T19:33:02.591+0000] {processor.py:186} INFO - Started process (PID=3347) to work on /home/sravan2418/airflow-env/lib/python3.11/site-packages/airflow/example_dags/example_kubernetes_executor.py
[2025-02-27T19:33:02.593+0000] {processor.py:914} INFO - Processing file /home/sravan2418/airflow-env/lib/python3.11/site-packages/airflow/example_dags/example_kubernetes_executor.py for tasks to queue
[2025-02-27T19:33:02.597+0000] {logging_mixin.py:190} INFO - [2025-02-27T19:33:02.596+0000] {dagbag.py:588} INFO - Filling up the DagBag from /home/sravan2418/airflow-env/lib/python3.11/site-packages/airflow/example_dags/example_kubernetes_executor.py
[2025-02-27T19:33:02.602+0000] {logging_mixin.py:190} INFO - [2025-02-27T19:33:02.602+0000] {example_kubernetes_executor.py:39} WARNING - The example_kubernetes_executor example DAG requires the kubernetes provider. Please install it with: pip install apache-airflow[cncf.kubernetes]
[2025-02-27T19:33:02.603+0000] {processor.py:927} WARNING - No viable dags retrieved from /home/sravan2418/airflow-env/lib/python3.11/site-packages/airflow/example_dags/example_kubernetes_executor.py
[2025-02-27T19:33:02.621+0000] {processor.py:208} INFO - Processing /home/sravan2418/airflow-env/lib/python3.11/site-packages/airflow/example_dags/example_kubernetes_executor.py took 0.040 seconds
[2025-02-27T19:34:06.283+0000] {processor.py:186} INFO - Started process (PID=3410) to work on /home/sravan2418/airflow-env/lib/python3.11/site-packages/airflow/example_dags/example_kubernetes_executor.py
[2025-02-27T19:34:06.286+0000] {processor.py:914} INFO - Processing file /home/sravan2418/airflow-env/lib/python3.11/site-packages/airflow/example_dags/example_kubernetes_executor.py for tasks to queue
[2025-02-27T19:34:06.290+0000] {logging_mixin.py:190} INFO - [2025-02-27T19:34:06.289+0000] {dagbag.py:588} INFO - Filling up the DagBag from /home/sravan2418/airflow-env/lib/python3.11/site-packages/airflow/example_dags/example_kubernetes_executor.py
[2025-02-27T19:34:06.297+0000] {logging_mixin.py:190} INFO - [2025-02-27T19:34:06.296+0000] {example_kubernetes_executor.py:39} WARNING - The example_kubernetes_executor example DAG requires the kubernetes provider. Please install it with: pip install apache-airflow[cncf.kubernetes]
[2025-02-27T19:34:06.297+0000] {processor.py:927} WARNING - No viable dags retrieved from /home/sravan2418/airflow-env/lib/python3.11/site-packages/airflow/example_dags/example_kubernetes_executor.py
[2025-02-27T19:34:06.317+0000] {processor.py:208} INFO - Processing /home/sravan2418/airflow-env/lib/python3.11/site-packages/airflow/example_dags/example_kubernetes_executor.py took 0.045 seconds
[2025-02-27T19:35:09.904+0000] {processor.py:186} INFO - Started process (PID=3475) to work on /home/sravan2418/airflow-env/lib/python3.11/site-packages/airflow/example_dags/example_kubernetes_executor.py
[2025-02-27T19:35:09.906+0000] {processor.py:914} INFO - Processing file /home/sravan2418/airflow-env/lib/python3.11/site-packages/airflow/example_dags/example_kubernetes_executor.py for tasks to queue
[2025-02-27T19:35:09.911+0000] {logging_mixin.py:190} INFO - [2025-02-27T19:35:09.910+0000] {dagbag.py:588} INFO - Filling up the DagBag from /home/sravan2418/airflow-env/lib/python3.11/site-packages/airflow/example_dags/example_kubernetes_executor.py
[2025-02-27T19:35:09.917+0000] {logging_mixin.py:190} INFO - [2025-02-27T19:35:09.916+0000] {example_kubernetes_executor.py:39} WARNING - The example_kubernetes_executor example DAG requires the kubernetes provider. Please install it with: pip install apache-airflow[cncf.kubernetes]
[2025-02-27T19:35:09.917+0000] {processor.py:927} WARNING - No viable dags retrieved from /home/sravan2418/airflow-env/lib/python3.11/site-packages/airflow/example_dags/example_kubernetes_executor.py
[2025-02-27T19:35:09.938+0000] {processor.py:208} INFO - Processing /home/sravan2418/airflow-env/lib/python3.11/site-packages/airflow/example_dags/example_kubernetes_executor.py took 0.048 seconds
