[2025-02-27T19:21:49.564+0000] {processor.py:186} INFO - Started process (PID=2647) to work on /home/sravan2418/airflow-env/lib/python3.11/site-packages/airflow/example_dags/example_latest_only_with_trigger.py
[2025-02-27T19:21:49.566+0000] {processor.py:914} INFO - Processing file /home/sravan2418/airflow-env/lib/python3.11/site-packages/airflow/example_dags/example_latest_only_with_trigger.py for tasks to queue
[2025-02-27T19:21:49.570+0000] {logging_mixin.py:190} INFO - [2025-02-27T19:21:49.569+0000] {dagbag.py:588} INFO - Filling up the DagBag from /home/sravan2418/airflow-env/lib/python3.11/site-packages/airflow/example_dags/example_latest_only_with_trigger.py
[2025-02-27T19:21:49.584+0000] {processor.py:925} INFO - DAG(s) 'latest_only_with_trigger' retrieved from /home/sravan2418/airflow-env/lib/python3.11/site-packages/airflow/example_dags/example_latest_only_with_trigger.py
[2025-02-27T19:21:49.734+0000] {logging_mixin.py:190} INFO - [2025-02-27T19:21:49.732+0000] {override.py:1930} INFO - Created Permission View: can edit on DAG:latest_only_with_trigger
[2025-02-27T19:21:49.749+0000] {logging_mixin.py:190} INFO - [2025-02-27T19:21:49.749+0000] {override.py:1930} INFO - Created Permission View: can delete on DAG:latest_only_with_trigger
[2025-02-27T19:21:49.760+0000] {logging_mixin.py:190} INFO - [2025-02-27T19:21:49.760+0000] {override.py:1930} INFO - Created Permission View: can read on DAG:latest_only_with_trigger
[2025-02-27T19:21:49.779+0000] {logging_mixin.py:190} INFO - [2025-02-27T19:21:49.778+0000] {override.py:1930} INFO - Created Permission View: menu access on DAG Run:latest_only_with_trigger
[2025-02-27T19:21:49.790+0000] {logging_mixin.py:190} INFO - [2025-02-27T19:21:49.789+0000] {override.py:1930} INFO - Created Permission View: can create on DAG Run:latest_only_with_trigger
[2025-02-27T19:21:49.802+0000] {logging_mixin.py:190} INFO - [2025-02-27T19:21:49.801+0000] {override.py:1930} INFO - Created Permission View: can delete on DAG Run:latest_only_with_trigger
[2025-02-27T19:21:49.812+0000] {logging_mixin.py:190} INFO - [2025-02-27T19:21:49.811+0000] {override.py:1930} INFO - Created Permission View: can read on DAG Run:latest_only_with_trigger
[2025-02-27T19:21:49.812+0000] {logging_mixin.py:190} INFO - [2025-02-27T19:21:49.812+0000] {dag.py:3239} INFO - Sync 1 DAGs
[2025-02-27T19:21:49.826+0000] {logging_mixin.py:190} INFO - [2025-02-27T19:21:49.826+0000] {dag.py:3262} INFO - Creating ORM DAG for latest_only_with_trigger
[2025-02-27T19:21:49.837+0000] {logging_mixin.py:190} INFO - [2025-02-27T19:21:49.837+0000] {dag.py:4180} INFO - Setting next_dagrun for latest_only_with_trigger to 2025-02-27 12:00:00+00:00, run_after=2025-02-27 16:00:00+00:00
[2025-02-27T19:21:49.861+0000] {processor.py:208} INFO - Processing /home/sravan2418/airflow-env/lib/python3.11/site-packages/airflow/example_dags/example_latest_only_with_trigger.py took 0.308 seconds
[2025-02-27T19:23:30.122+0000] {processor.py:186} INFO - Started process (PID=2739) to work on /home/sravan2418/airflow-env/lib/python3.11/site-packages/airflow/example_dags/example_latest_only_with_trigger.py
[2025-02-27T19:23:30.124+0000] {processor.py:914} INFO - Processing file /home/sravan2418/airflow-env/lib/python3.11/site-packages/airflow/example_dags/example_latest_only_with_trigger.py for tasks to queue
[2025-02-27T19:23:30.128+0000] {logging_mixin.py:190} INFO - [2025-02-27T19:23:30.127+0000] {dagbag.py:588} INFO - Filling up the DagBag from /home/sravan2418/airflow-env/lib/python3.11/site-packages/airflow/example_dags/example_latest_only_with_trigger.py
[2025-02-27T19:23:30.142+0000] {processor.py:925} INFO - DAG(s) 'latest_only_with_trigger' retrieved from /home/sravan2418/airflow-env/lib/python3.11/site-packages/airflow/example_dags/example_latest_only_with_trigger.py
[2025-02-27T19:23:30.168+0000] {logging_mixin.py:190} INFO - [2025-02-27T19:23:30.167+0000] {dag.py:3239} INFO - Sync 1 DAGs
[2025-02-27T19:23:30.193+0000] {logging_mixin.py:190} INFO - [2025-02-27T19:23:30.193+0000] {dag.py:4180} INFO - Setting next_dagrun for latest_only_with_trigger to 2025-02-27 12:00:00+00:00, run_after=2025-02-27 16:00:00+00:00
[2025-02-27T19:23:30.219+0000] {processor.py:208} INFO - Processing /home/sravan2418/airflow-env/lib/python3.11/site-packages/airflow/example_dags/example_latest_only_with_trigger.py took 0.107 seconds
[2025-02-27T19:24:30.733+0000] {processor.py:186} INFO - Started process (PID=2809) to work on /home/sravan2418/airflow-env/lib/python3.11/site-packages/airflow/example_dags/example_latest_only_with_trigger.py
[2025-02-27T19:24:30.735+0000] {processor.py:914} INFO - Processing file /home/sravan2418/airflow-env/lib/python3.11/site-packages/airflow/example_dags/example_latest_only_with_trigger.py for tasks to queue
[2025-02-27T19:24:30.739+0000] {logging_mixin.py:190} INFO - [2025-02-27T19:24:30.738+0000] {dagbag.py:588} INFO - Filling up the DagBag from /home/sravan2418/airflow-env/lib/python3.11/site-packages/airflow/example_dags/example_latest_only_with_trigger.py
[2025-02-27T19:24:30.751+0000] {processor.py:925} INFO - DAG(s) 'latest_only_with_trigger' retrieved from /home/sravan2418/airflow-env/lib/python3.11/site-packages/airflow/example_dags/example_latest_only_with_trigger.py
[2025-02-27T19:24:30.776+0000] {logging_mixin.py:190} INFO - [2025-02-27T19:24:30.776+0000] {dag.py:3239} INFO - Sync 1 DAGs
[2025-02-27T19:24:30.801+0000] {logging_mixin.py:190} INFO - [2025-02-27T19:24:30.801+0000] {dag.py:4180} INFO - Setting next_dagrun for latest_only_with_trigger to 2025-02-27 12:00:00+00:00, run_after=2025-02-27 16:00:00+00:00
[2025-02-27T19:24:30.829+0000] {processor.py:208} INFO - Processing /home/sravan2418/airflow-env/lib/python3.11/site-packages/airflow/example_dags/example_latest_only_with_trigger.py took 0.106 seconds
[2025-02-27T19:25:31.873+0000] {processor.py:186} INFO - Started process (PID=2869) to work on /home/sravan2418/airflow-env/lib/python3.11/site-packages/airflow/example_dags/example_latest_only_with_trigger.py
[2025-02-27T19:25:31.875+0000] {processor.py:914} INFO - Processing file /home/sravan2418/airflow-env/lib/python3.11/site-packages/airflow/example_dags/example_latest_only_with_trigger.py for tasks to queue
[2025-02-27T19:25:31.879+0000] {logging_mixin.py:190} INFO - [2025-02-27T19:25:31.878+0000] {dagbag.py:588} INFO - Filling up the DagBag from /home/sravan2418/airflow-env/lib/python3.11/site-packages/airflow/example_dags/example_latest_only_with_trigger.py
[2025-02-27T19:25:31.891+0000] {processor.py:925} INFO - DAG(s) 'latest_only_with_trigger' retrieved from /home/sravan2418/airflow-env/lib/python3.11/site-packages/airflow/example_dags/example_latest_only_with_trigger.py
[2025-02-27T19:25:31.915+0000] {logging_mixin.py:190} INFO - [2025-02-27T19:25:31.915+0000] {dag.py:3239} INFO - Sync 1 DAGs
[2025-02-27T19:25:31.941+0000] {logging_mixin.py:190} INFO - [2025-02-27T19:25:31.940+0000] {dag.py:4180} INFO - Setting next_dagrun for latest_only_with_trigger to 2025-02-27 12:00:00+00:00, run_after=2025-02-27 16:00:00+00:00
[2025-02-27T19:25:31.966+0000] {processor.py:208} INFO - Processing /home/sravan2418/airflow-env/lib/python3.11/site-packages/airflow/example_dags/example_latest_only_with_trigger.py took 0.102 seconds
[2025-02-27T19:26:37.132+0000] {processor.py:186} INFO - Started process (PID=2935) to work on /home/sravan2418/airflow-env/lib/python3.11/site-packages/airflow/example_dags/example_latest_only_with_trigger.py
[2025-02-27T19:26:37.134+0000] {processor.py:914} INFO - Processing file /home/sravan2418/airflow-env/lib/python3.11/site-packages/airflow/example_dags/example_latest_only_with_trigger.py for tasks to queue
[2025-02-27T19:26:37.138+0000] {logging_mixin.py:190} INFO - [2025-02-27T19:26:37.137+0000] {dagbag.py:588} INFO - Filling up the DagBag from /home/sravan2418/airflow-env/lib/python3.11/site-packages/airflow/example_dags/example_latest_only_with_trigger.py
[2025-02-27T19:26:37.150+0000] {processor.py:925} INFO - DAG(s) 'latest_only_with_trigger' retrieved from /home/sravan2418/airflow-env/lib/python3.11/site-packages/airflow/example_dags/example_latest_only_with_trigger.py
[2025-02-27T19:26:37.172+0000] {logging_mixin.py:190} INFO - [2025-02-27T19:26:37.172+0000] {dag.py:3239} INFO - Sync 1 DAGs
[2025-02-27T19:26:37.351+0000] {logging_mixin.py:190} INFO - [2025-02-27T19:26:37.351+0000] {dag.py:4180} INFO - Setting next_dagrun for latest_only_with_trigger to 2025-02-27 12:00:00+00:00, run_after=2025-02-27 16:00:00+00:00
[2025-02-27T19:26:37.373+0000] {processor.py:208} INFO - Processing /home/sravan2418/airflow-env/lib/python3.11/site-packages/airflow/example_dags/example_latest_only_with_trigger.py took 0.251 seconds
[2025-02-27T19:27:41.848+0000] {processor.py:186} INFO - Started process (PID=2999) to work on /home/sravan2418/airflow-env/lib/python3.11/site-packages/airflow/example_dags/example_latest_only_with_trigger.py
[2025-02-27T19:27:41.851+0000] {processor.py:914} INFO - Processing file /home/sravan2418/airflow-env/lib/python3.11/site-packages/airflow/example_dags/example_latest_only_with_trigger.py for tasks to queue
[2025-02-27T19:27:41.854+0000] {logging_mixin.py:190} INFO - [2025-02-27T19:27:41.853+0000] {dagbag.py:588} INFO - Filling up the DagBag from /home/sravan2418/airflow-env/lib/python3.11/site-packages/airflow/example_dags/example_latest_only_with_trigger.py
[2025-02-27T19:27:41.865+0000] {processor.py:925} INFO - DAG(s) 'latest_only_with_trigger' retrieved from /home/sravan2418/airflow-env/lib/python3.11/site-packages/airflow/example_dags/example_latest_only_with_trigger.py
[2025-02-27T19:27:41.889+0000] {logging_mixin.py:190} INFO - [2025-02-27T19:27:41.888+0000] {dag.py:3239} INFO - Sync 1 DAGs
[2025-02-27T19:27:41.914+0000] {logging_mixin.py:190} INFO - [2025-02-27T19:27:41.914+0000] {dag.py:4180} INFO - Setting next_dagrun for latest_only_with_trigger to 2025-02-27 12:00:00+00:00, run_after=2025-02-27 16:00:00+00:00
[2025-02-27T19:27:41.940+0000] {processor.py:208} INFO - Processing /home/sravan2418/airflow-env/lib/python3.11/site-packages/airflow/example_dags/example_latest_only_with_trigger.py took 0.100 seconds
[2025-02-27T19:28:40.837+0000] {processor.py:186} INFO - Started process (PID=3077) to work on /home/sravan2418/airflow-env/lib/python3.11/site-packages/airflow/example_dags/example_latest_only_with_trigger.py
[2025-02-27T19:28:40.840+0000] {processor.py:914} INFO - Processing file /home/sravan2418/airflow-env/lib/python3.11/site-packages/airflow/example_dags/example_latest_only_with_trigger.py for tasks to queue
[2025-02-27T19:28:40.843+0000] {logging_mixin.py:190} INFO - [2025-02-27T19:28:40.843+0000] {dagbag.py:588} INFO - Filling up the DagBag from /home/sravan2418/airflow-env/lib/python3.11/site-packages/airflow/example_dags/example_latest_only_with_trigger.py
[2025-02-27T19:28:40.861+0000] {processor.py:925} INFO - DAG(s) 'latest_only_with_trigger' retrieved from /home/sravan2418/airflow-env/lib/python3.11/site-packages/airflow/example_dags/example_latest_only_with_trigger.py
[2025-02-27T19:28:40.890+0000] {logging_mixin.py:190} INFO - [2025-02-27T19:28:40.890+0000] {dag.py:3239} INFO - Sync 1 DAGs
[2025-02-27T19:28:40.919+0000] {logging_mixin.py:190} INFO - [2025-02-27T19:28:40.919+0000] {dag.py:4180} INFO - Setting next_dagrun for latest_only_with_trigger to 2025-02-27 12:00:00+00:00, run_after=2025-02-27 16:00:00+00:00
[2025-02-27T19:28:40.949+0000] {processor.py:208} INFO - Processing /home/sravan2418/airflow-env/lib/python3.11/site-packages/airflow/example_dags/example_latest_only_with_trigger.py took 0.123 seconds
[2025-02-27T19:29:39.914+0000] {processor.py:186} INFO - Started process (PID=3144) to work on /home/sravan2418/airflow-env/lib/python3.11/site-packages/airflow/example_dags/example_latest_only_with_trigger.py
[2025-02-27T19:29:39.916+0000] {processor.py:914} INFO - Processing file /home/sravan2418/airflow-env/lib/python3.11/site-packages/airflow/example_dags/example_latest_only_with_trigger.py for tasks to queue
[2025-02-27T19:29:39.920+0000] {logging_mixin.py:190} INFO - [2025-02-27T19:29:39.919+0000] {dagbag.py:588} INFO - Filling up the DagBag from /home/sravan2418/airflow-env/lib/python3.11/site-packages/airflow/example_dags/example_latest_only_with_trigger.py
[2025-02-27T19:29:39.934+0000] {processor.py:925} INFO - DAG(s) 'latest_only_with_trigger' retrieved from /home/sravan2418/airflow-env/lib/python3.11/site-packages/airflow/example_dags/example_latest_only_with_trigger.py
[2025-02-27T19:29:39.961+0000] {logging_mixin.py:190} INFO - [2025-02-27T19:29:39.961+0000] {dag.py:3239} INFO - Sync 1 DAGs
[2025-02-27T19:29:39.990+0000] {logging_mixin.py:190} INFO - [2025-02-27T19:29:39.990+0000] {dag.py:4180} INFO - Setting next_dagrun for latest_only_with_trigger to 2025-02-27 12:00:00+00:00, run_after=2025-02-27 16:00:00+00:00
[2025-02-27T19:29:40.022+0000] {processor.py:208} INFO - Processing /home/sravan2418/airflow-env/lib/python3.11/site-packages/airflow/example_dags/example_latest_only_with_trigger.py took 0.118 seconds
[2025-02-27T19:30:42.338+0000] {processor.py:186} INFO - Started process (PID=3209) to work on /home/sravan2418/airflow-env/lib/python3.11/site-packages/airflow/example_dags/example_latest_only_with_trigger.py
[2025-02-27T19:30:42.340+0000] {processor.py:914} INFO - Processing file /home/sravan2418/airflow-env/lib/python3.11/site-packages/airflow/example_dags/example_latest_only_with_trigger.py for tasks to queue
[2025-02-27T19:30:42.344+0000] {logging_mixin.py:190} INFO - [2025-02-27T19:30:42.343+0000] {dagbag.py:588} INFO - Filling up the DagBag from /home/sravan2418/airflow-env/lib/python3.11/site-packages/airflow/example_dags/example_latest_only_with_trigger.py
[2025-02-27T19:30:42.358+0000] {processor.py:925} INFO - DAG(s) 'latest_only_with_trigger' retrieved from /home/sravan2418/airflow-env/lib/python3.11/site-packages/airflow/example_dags/example_latest_only_with_trigger.py
[2025-02-27T19:30:42.382+0000] {logging_mixin.py:190} INFO - [2025-02-27T19:30:42.381+0000] {dag.py:3239} INFO - Sync 1 DAGs
[2025-02-27T19:30:42.406+0000] {logging_mixin.py:190} INFO - [2025-02-27T19:30:42.406+0000] {dag.py:4180} INFO - Setting next_dagrun for latest_only_with_trigger to 2025-02-27 12:00:00+00:00, run_after=2025-02-27 16:00:00+00:00
[2025-02-27T19:30:42.432+0000] {processor.py:208} INFO - Processing /home/sravan2418/airflow-env/lib/python3.11/site-packages/airflow/example_dags/example_latest_only_with_trigger.py took 0.103 seconds
[2025-02-27T19:31:47.762+0000] {processor.py:186} INFO - Started process (PID=3271) to work on /home/sravan2418/airflow-env/lib/python3.11/site-packages/airflow/example_dags/example_latest_only_with_trigger.py
[2025-02-27T19:31:47.765+0000] {processor.py:914} INFO - Processing file /home/sravan2418/airflow-env/lib/python3.11/site-packages/airflow/example_dags/example_latest_only_with_trigger.py for tasks to queue
[2025-02-27T19:31:47.768+0000] {logging_mixin.py:190} INFO - [2025-02-27T19:31:47.767+0000] {dagbag.py:588} INFO - Filling up the DagBag from /home/sravan2418/airflow-env/lib/python3.11/site-packages/airflow/example_dags/example_latest_only_with_trigger.py
[2025-02-27T19:31:47.781+0000] {processor.py:925} INFO - DAG(s) 'latest_only_with_trigger' retrieved from /home/sravan2418/airflow-env/lib/python3.11/site-packages/airflow/example_dags/example_latest_only_with_trigger.py
[2025-02-27T19:31:47.805+0000] {logging_mixin.py:190} INFO - [2025-02-27T19:31:47.805+0000] {dag.py:3239} INFO - Sync 1 DAGs
[2025-02-27T19:31:47.994+0000] {logging_mixin.py:190} INFO - [2025-02-27T19:31:47.993+0000] {dag.py:4180} INFO - Setting next_dagrun for latest_only_with_trigger to 2025-02-27 12:00:00+00:00, run_after=2025-02-27 16:00:00+00:00
[2025-02-27T19:31:48.019+0000] {processor.py:208} INFO - Processing /home/sravan2418/airflow-env/lib/python3.11/site-packages/airflow/example_dags/example_latest_only_with_trigger.py took 0.266 seconds
[2025-02-27T19:33:02.157+0000] {processor.py:186} INFO - Started process (PID=3346) to work on /home/sravan2418/airflow-env/lib/python3.11/site-packages/airflow/example_dags/example_latest_only_with_trigger.py
[2025-02-27T19:33:02.160+0000] {processor.py:914} INFO - Processing file /home/sravan2418/airflow-env/lib/python3.11/site-packages/airflow/example_dags/example_latest_only_with_trigger.py for tasks to queue
[2025-02-27T19:33:02.163+0000] {logging_mixin.py:190} INFO - [2025-02-27T19:33:02.162+0000] {dagbag.py:588} INFO - Filling up the DagBag from /home/sravan2418/airflow-env/lib/python3.11/site-packages/airflow/example_dags/example_latest_only_with_trigger.py
[2025-02-27T19:33:02.177+0000] {processor.py:925} INFO - DAG(s) 'latest_only_with_trigger' retrieved from /home/sravan2418/airflow-env/lib/python3.11/site-packages/airflow/example_dags/example_latest_only_with_trigger.py
[2025-02-27T19:33:02.204+0000] {logging_mixin.py:190} INFO - [2025-02-27T19:33:02.203+0000] {dag.py:3239} INFO - Sync 1 DAGs
[2025-02-27T19:33:02.235+0000] {logging_mixin.py:190} INFO - [2025-02-27T19:33:02.235+0000] {dag.py:4180} INFO - Setting next_dagrun for latest_only_with_trigger to 2025-02-27 12:00:00+00:00, run_after=2025-02-27 16:00:00+00:00
[2025-02-27T19:33:02.265+0000] {processor.py:208} INFO - Processing /home/sravan2418/airflow-env/lib/python3.11/site-packages/airflow/example_dags/example_latest_only_with_trigger.py took 0.119 seconds
[2025-02-27T19:34:05.023+0000] {processor.py:186} INFO - Started process (PID=3409) to work on /home/sravan2418/airflow-env/lib/python3.11/site-packages/airflow/example_dags/example_latest_only_with_trigger.py
[2025-02-27T19:34:05.026+0000] {processor.py:914} INFO - Processing file /home/sravan2418/airflow-env/lib/python3.11/site-packages/airflow/example_dags/example_latest_only_with_trigger.py for tasks to queue
[2025-02-27T19:34:05.030+0000] {logging_mixin.py:190} INFO - [2025-02-27T19:34:05.029+0000] {dagbag.py:588} INFO - Filling up the DagBag from /home/sravan2418/airflow-env/lib/python3.11/site-packages/airflow/example_dags/example_latest_only_with_trigger.py
[2025-02-27T19:34:05.044+0000] {processor.py:925} INFO - DAG(s) 'latest_only_with_trigger' retrieved from /home/sravan2418/airflow-env/lib/python3.11/site-packages/airflow/example_dags/example_latest_only_with_trigger.py
[2025-02-27T19:34:05.070+0000] {logging_mixin.py:190} INFO - [2025-02-27T19:34:05.069+0000] {dag.py:3239} INFO - Sync 1 DAGs
[2025-02-27T19:34:05.103+0000] {logging_mixin.py:190} INFO - [2025-02-27T19:34:05.102+0000] {dag.py:4180} INFO - Setting next_dagrun for latest_only_with_trigger to 2025-02-27 12:00:00+00:00, run_after=2025-02-27 16:00:00+00:00
[2025-02-27T19:34:05.130+0000] {processor.py:208} INFO - Processing /home/sravan2418/airflow-env/lib/python3.11/site-packages/airflow/example_dags/example_latest_only_with_trigger.py took 0.117 seconds
[2025-02-27T19:35:08.640+0000] {processor.py:186} INFO - Started process (PID=3474) to work on /home/sravan2418/airflow-env/lib/python3.11/site-packages/airflow/example_dags/example_latest_only_with_trigger.py
[2025-02-27T19:35:08.643+0000] {processor.py:914} INFO - Processing file /home/sravan2418/airflow-env/lib/python3.11/site-packages/airflow/example_dags/example_latest_only_with_trigger.py for tasks to queue
[2025-02-27T19:35:08.648+0000] {logging_mixin.py:190} INFO - [2025-02-27T19:35:08.647+0000] {dagbag.py:588} INFO - Filling up the DagBag from /home/sravan2418/airflow-env/lib/python3.11/site-packages/airflow/example_dags/example_latest_only_with_trigger.py
[2025-02-27T19:35:08.664+0000] {processor.py:925} INFO - DAG(s) 'latest_only_with_trigger' retrieved from /home/sravan2418/airflow-env/lib/python3.11/site-packages/airflow/example_dags/example_latest_only_with_trigger.py
[2025-02-27T19:35:08.694+0000] {logging_mixin.py:190} INFO - [2025-02-27T19:35:08.694+0000] {dag.py:3239} INFO - Sync 1 DAGs
[2025-02-27T19:35:08.728+0000] {logging_mixin.py:190} INFO - [2025-02-27T19:35:08.727+0000] {dag.py:4180} INFO - Setting next_dagrun for latest_only_with_trigger to 2025-02-27 12:00:00+00:00, run_after=2025-02-27 16:00:00+00:00
[2025-02-27T19:35:08.765+0000] {processor.py:208} INFO - Processing /home/sravan2418/airflow-env/lib/python3.11/site-packages/airflow/example_dags/example_latest_only_with_trigger.py took 0.136 seconds
