[2025-02-27T19:23:44.753+0000] {processor.py:186} INFO - Started process (PID=2753) to work on /home/sravan2418/airflow-env/lib/python3.11/site-packages/airflow/example_dags/example_branch_datetime_operator.py
[2025-02-27T19:23:44.754+0000] {processor.py:914} INFO - Processing file /home/sravan2418/airflow-env/lib/python3.11/site-packages/airflow/example_dags/example_branch_datetime_operator.py for tasks to queue
[2025-02-27T19:23:44.757+0000] {logging_mixin.py:190} INFO - [2025-02-27T19:23:44.757+0000] {dagbag.py:588} INFO - Filling up the DagBag from /home/sravan2418/airflow-env/lib/python3.11/site-packages/airflow/example_dags/example_branch_datetime_operator.py
[2025-02-27T19:23:44.776+0000] {processor.py:925} INFO - DAG(s) 'example_branch_datetime_operator_3', 'example_branch_datetime_operator', 'example_branch_datetime_operator_2' retrieved from /home/sravan2418/airflow-env/lib/python3.11/site-packages/airflow/example_dags/example_branch_datetime_operator.py
[2025-02-27T19:23:44.900+0000] {logging_mixin.py:190} INFO - [2025-02-27T19:23:44.899+0000] {override.py:1930} INFO - Created Permission View: can edit on DAG:example_branch_datetime_operator_3
[2025-02-27T19:23:44.916+0000] {logging_mixin.py:190} INFO - [2025-02-27T19:23:44.915+0000] {override.py:1930} INFO - Created Permission View: can read on DAG:example_branch_datetime_operator_3
[2025-02-27T19:23:44.927+0000] {logging_mixin.py:190} INFO - [2025-02-27T19:23:44.927+0000] {override.py:1930} INFO - Created Permission View: can delete on DAG:example_branch_datetime_operator_3
[2025-02-27T19:23:44.944+0000] {logging_mixin.py:190} INFO - [2025-02-27T19:23:44.944+0000] {override.py:1930} INFO - Created Permission View: can read on DAG Run:example_branch_datetime_operator_3
[2025-02-27T19:23:44.955+0000] {logging_mixin.py:190} INFO - [2025-02-27T19:23:44.954+0000] {override.py:1930} INFO - Created Permission View: can delete on DAG Run:example_branch_datetime_operator_3
[2025-02-27T19:23:44.966+0000] {logging_mixin.py:190} INFO - [2025-02-27T19:23:44.965+0000] {override.py:1930} INFO - Created Permission View: menu access on DAG Run:example_branch_datetime_operator_3
[2025-02-27T19:23:44.977+0000] {logging_mixin.py:190} INFO - [2025-02-27T19:23:44.976+0000] {override.py:1930} INFO - Created Permission View: can create on DAG Run:example_branch_datetime_operator_3
[2025-02-27T19:23:44.999+0000] {logging_mixin.py:190} INFO - [2025-02-27T19:23:44.999+0000] {override.py:1930} INFO - Created Permission View: can edit on DAG:example_branch_datetime_operator
[2025-02-27T19:23:45.009+0000] {logging_mixin.py:190} INFO - [2025-02-27T19:23:45.009+0000] {override.py:1930} INFO - Created Permission View: can read on DAG:example_branch_datetime_operator
[2025-02-27T19:23:45.019+0000] {logging_mixin.py:190} INFO - [2025-02-27T19:23:45.019+0000] {override.py:1930} INFO - Created Permission View: can delete on DAG:example_branch_datetime_operator
[2025-02-27T19:23:45.038+0000] {logging_mixin.py:190} INFO - [2025-02-27T19:23:45.037+0000] {override.py:1930} INFO - Created Permission View: can read on DAG Run:example_branch_datetime_operator
[2025-02-27T19:23:45.049+0000] {logging_mixin.py:190} INFO - [2025-02-27T19:23:45.049+0000] {override.py:1930} INFO - Created Permission View: can delete on DAG Run:example_branch_datetime_operator
[2025-02-27T19:23:45.060+0000] {logging_mixin.py:190} INFO - [2025-02-27T19:23:45.059+0000] {override.py:1930} INFO - Created Permission View: menu access on DAG Run:example_branch_datetime_operator
[2025-02-27T19:23:45.070+0000] {logging_mixin.py:190} INFO - [2025-02-27T19:23:45.070+0000] {override.py:1930} INFO - Created Permission View: can create on DAG Run:example_branch_datetime_operator
[2025-02-27T19:23:45.093+0000] {logging_mixin.py:190} INFO - [2025-02-27T19:23:45.093+0000] {override.py:1930} INFO - Created Permission View: can edit on DAG:example_branch_datetime_operator_2
[2025-02-27T19:23:45.104+0000] {logging_mixin.py:190} INFO - [2025-02-27T19:23:45.104+0000] {override.py:1930} INFO - Created Permission View: can read on DAG:example_branch_datetime_operator_2
[2025-02-27T19:23:45.115+0000] {logging_mixin.py:190} INFO - [2025-02-27T19:23:45.114+0000] {override.py:1930} INFO - Created Permission View: can delete on DAG:example_branch_datetime_operator_2
[2025-02-27T19:23:45.131+0000] {logging_mixin.py:190} INFO - [2025-02-27T19:23:45.130+0000] {override.py:1930} INFO - Created Permission View: can read on DAG Run:example_branch_datetime_operator_2
[2025-02-27T19:23:45.141+0000] {logging_mixin.py:190} INFO - [2025-02-27T19:23:45.140+0000] {override.py:1930} INFO - Created Permission View: can delete on DAG Run:example_branch_datetime_operator_2
[2025-02-27T19:23:45.151+0000] {logging_mixin.py:190} INFO - [2025-02-27T19:23:45.150+0000] {override.py:1930} INFO - Created Permission View: menu access on DAG Run:example_branch_datetime_operator_2
[2025-02-27T19:23:45.161+0000] {logging_mixin.py:190} INFO - [2025-02-27T19:23:45.161+0000] {override.py:1930} INFO - Created Permission View: can create on DAG Run:example_branch_datetime_operator_2
[2025-02-27T19:23:45.162+0000] {logging_mixin.py:190} INFO - [2025-02-27T19:23:45.162+0000] {dag.py:3239} INFO - Sync 3 DAGs
[2025-02-27T19:23:45.176+0000] {logging_mixin.py:190} INFO - [2025-02-27T19:23:45.176+0000] {dag.py:3262} INFO - Creating ORM DAG for example_branch_datetime_operator_3
[2025-02-27T19:23:45.177+0000] {logging_mixin.py:190} INFO - [2025-02-27T19:23:45.176+0000] {dag.py:3262} INFO - Creating ORM DAG for example_branch_datetime_operator
[2025-02-27T19:23:45.177+0000] {logging_mixin.py:190} INFO - [2025-02-27T19:23:45.177+0000] {dag.py:3262} INFO - Creating ORM DAG for example_branch_datetime_operator_2
[2025-02-27T19:23:45.195+0000] {logging_mixin.py:190} INFO - [2025-02-27T19:23:45.194+0000] {dag.py:4180} INFO - Setting next_dagrun for example_branch_datetime_operator to 2025-02-26 00:00:00+00:00, run_after=2025-02-27 00:00:00+00:00
[2025-02-27T19:23:45.197+0000] {logging_mixin.py:190} INFO - [2025-02-27T19:23:45.197+0000] {dag.py:4180} INFO - Setting next_dagrun for example_branch_datetime_operator_2 to 2025-02-26 00:00:00+00:00, run_after=2025-02-27 00:00:00+00:00
[2025-02-27T19:23:45.199+0000] {logging_mixin.py:190} INFO - [2025-02-27T19:23:45.199+0000] {dag.py:4180} INFO - Setting next_dagrun for example_branch_datetime_operator_3 to 2025-02-26 00:00:00+00:00, run_after=2025-02-27 00:00:00+00:00
[2025-02-27T19:23:45.223+0000] {processor.py:208} INFO - Processing /home/sravan2418/airflow-env/lib/python3.11/site-packages/airflow/example_dags/example_branch_datetime_operator.py took 0.479 seconds
[2025-02-27T19:24:46.273+0000] {processor.py:186} INFO - Started process (PID=2823) to work on /home/sravan2418/airflow-env/lib/python3.11/site-packages/airflow/example_dags/example_branch_datetime_operator.py
[2025-02-27T19:24:46.275+0000] {processor.py:914} INFO - Processing file /home/sravan2418/airflow-env/lib/python3.11/site-packages/airflow/example_dags/example_branch_datetime_operator.py for tasks to queue
[2025-02-27T19:24:46.279+0000] {logging_mixin.py:190} INFO - [2025-02-27T19:24:46.278+0000] {dagbag.py:588} INFO - Filling up the DagBag from /home/sravan2418/airflow-env/lib/python3.11/site-packages/airflow/example_dags/example_branch_datetime_operator.py
[2025-02-27T19:24:46.301+0000] {processor.py:925} INFO - DAG(s) 'example_branch_datetime_operator_3', 'example_branch_datetime_operator', 'example_branch_datetime_operator_2' retrieved from /home/sravan2418/airflow-env/lib/python3.11/site-packages/airflow/example_dags/example_branch_datetime_operator.py
[2025-02-27T19:24:46.337+0000] {logging_mixin.py:190} INFO - [2025-02-27T19:24:46.337+0000] {dag.py:3239} INFO - Sync 3 DAGs
[2025-02-27T19:24:46.370+0000] {logging_mixin.py:190} INFO - [2025-02-27T19:24:46.370+0000] {dag.py:4180} INFO - Setting next_dagrun for example_branch_datetime_operator to 2025-02-26 00:00:00+00:00, run_after=2025-02-27 00:00:00+00:00
[2025-02-27T19:24:46.376+0000] {logging_mixin.py:190} INFO - [2025-02-27T19:24:46.376+0000] {dag.py:4180} INFO - Setting next_dagrun for example_branch_datetime_operator_2 to 2025-02-26 00:00:00+00:00, run_after=2025-02-27 00:00:00+00:00
[2025-02-27T19:24:46.380+0000] {logging_mixin.py:190} INFO - [2025-02-27T19:24:46.380+0000] {dag.py:4180} INFO - Setting next_dagrun for example_branch_datetime_operator_3 to 2025-02-26 00:00:00+00:00, run_after=2025-02-27 00:00:00+00:00
[2025-02-27T19:24:46.409+0000] {processor.py:208} INFO - Processing /home/sravan2418/airflow-env/lib/python3.11/site-packages/airflow/example_dags/example_branch_datetime_operator.py took 0.147 seconds
[2025-02-27T19:25:47.395+0000] {processor.py:186} INFO - Started process (PID=2885) to work on /home/sravan2418/airflow-env/lib/python3.11/site-packages/airflow/example_dags/example_branch_datetime_operator.py
[2025-02-27T19:25:47.398+0000] {processor.py:914} INFO - Processing file /home/sravan2418/airflow-env/lib/python3.11/site-packages/airflow/example_dags/example_branch_datetime_operator.py for tasks to queue
[2025-02-27T19:25:47.402+0000] {logging_mixin.py:190} INFO - [2025-02-27T19:25:47.401+0000] {dagbag.py:588} INFO - Filling up the DagBag from /home/sravan2418/airflow-env/lib/python3.11/site-packages/airflow/example_dags/example_branch_datetime_operator.py
[2025-02-27T19:25:47.423+0000] {processor.py:925} INFO - DAG(s) 'example_branch_datetime_operator_3', 'example_branch_datetime_operator_2', 'example_branch_datetime_operator' retrieved from /home/sravan2418/airflow-env/lib/python3.11/site-packages/airflow/example_dags/example_branch_datetime_operator.py
[2025-02-27T19:25:47.458+0000] {logging_mixin.py:190} INFO - [2025-02-27T19:25:47.458+0000] {dag.py:3239} INFO - Sync 3 DAGs
[2025-02-27T19:25:47.491+0000] {logging_mixin.py:190} INFO - [2025-02-27T19:25:47.490+0000] {dag.py:4180} INFO - Setting next_dagrun for example_branch_datetime_operator to 2025-02-26 00:00:00+00:00, run_after=2025-02-27 00:00:00+00:00
[2025-02-27T19:25:47.498+0000] {logging_mixin.py:190} INFO - [2025-02-27T19:25:47.497+0000] {dag.py:4180} INFO - Setting next_dagrun for example_branch_datetime_operator_2 to 2025-02-26 00:00:00+00:00, run_after=2025-02-27 00:00:00+00:00
[2025-02-27T19:25:47.501+0000] {logging_mixin.py:190} INFO - [2025-02-27T19:25:47.501+0000] {dag.py:4180} INFO - Setting next_dagrun for example_branch_datetime_operator_3 to 2025-02-26 00:00:00+00:00, run_after=2025-02-27 00:00:00+00:00
[2025-02-27T19:25:47.530+0000] {processor.py:208} INFO - Processing /home/sravan2418/airflow-env/lib/python3.11/site-packages/airflow/example_dags/example_branch_datetime_operator.py took 0.146 seconds
[2025-02-27T19:26:51.788+0000] {processor.py:186} INFO - Started process (PID=2949) to work on /home/sravan2418/airflow-env/lib/python3.11/site-packages/airflow/example_dags/example_branch_datetime_operator.py
[2025-02-27T19:26:51.790+0000] {processor.py:914} INFO - Processing file /home/sravan2418/airflow-env/lib/python3.11/site-packages/airflow/example_dags/example_branch_datetime_operator.py for tasks to queue
[2025-02-27T19:26:51.793+0000] {logging_mixin.py:190} INFO - [2025-02-27T19:26:51.792+0000] {dagbag.py:588} INFO - Filling up the DagBag from /home/sravan2418/airflow-env/lib/python3.11/site-packages/airflow/example_dags/example_branch_datetime_operator.py
[2025-02-27T19:26:51.811+0000] {processor.py:925} INFO - DAG(s) 'example_branch_datetime_operator', 'example_branch_datetime_operator_2', 'example_branch_datetime_operator_3' retrieved from /home/sravan2418/airflow-env/lib/python3.11/site-packages/airflow/example_dags/example_branch_datetime_operator.py
[2025-02-27T19:26:51.995+0000] {logging_mixin.py:190} INFO - [2025-02-27T19:26:51.994+0000] {dag.py:3239} INFO - Sync 3 DAGs
[2025-02-27T19:26:52.016+0000] {logging_mixin.py:190} INFO - [2025-02-27T19:26:52.016+0000] {dag.py:4180} INFO - Setting next_dagrun for example_branch_datetime_operator to 2025-02-26 00:00:00+00:00, run_after=2025-02-27 00:00:00+00:00
[2025-02-27T19:26:52.022+0000] {logging_mixin.py:190} INFO - [2025-02-27T19:26:52.021+0000] {dag.py:4180} INFO - Setting next_dagrun for example_branch_datetime_operator_2 to 2025-02-26 00:00:00+00:00, run_after=2025-02-27 00:00:00+00:00
[2025-02-27T19:26:52.024+0000] {logging_mixin.py:190} INFO - [2025-02-27T19:26:52.024+0000] {dag.py:4180} INFO - Setting next_dagrun for example_branch_datetime_operator_3 to 2025-02-26 00:00:00+00:00, run_after=2025-02-27 00:00:00+00:00
[2025-02-27T19:26:52.046+0000] {processor.py:208} INFO - Processing /home/sravan2418/airflow-env/lib/python3.11/site-packages/airflow/example_dags/example_branch_datetime_operator.py took 0.267 seconds
[2025-02-27T19:28:56.297+0000] {processor.py:186} INFO - Started process (PID=3097) to work on /home/sravan2418/airflow-env/lib/python3.11/site-packages/airflow/example_dags/example_branch_datetime_operator.py
[2025-02-27T19:28:56.300+0000] {processor.py:914} INFO - Processing file /home/sravan2418/airflow-env/lib/python3.11/site-packages/airflow/example_dags/example_branch_datetime_operator.py for tasks to queue
[2025-02-27T19:28:56.303+0000] {logging_mixin.py:190} INFO - [2025-02-27T19:28:56.303+0000] {dagbag.py:588} INFO - Filling up the DagBag from /home/sravan2418/airflow-env/lib/python3.11/site-packages/airflow/example_dags/example_branch_datetime_operator.py
[2025-02-27T19:28:56.323+0000] {processor.py:925} INFO - DAG(s) 'example_branch_datetime_operator_3', 'example_branch_datetime_operator_2', 'example_branch_datetime_operator' retrieved from /home/sravan2418/airflow-env/lib/python3.11/site-packages/airflow/example_dags/example_branch_datetime_operator.py
[2025-02-27T19:28:56.353+0000] {logging_mixin.py:190} INFO - [2025-02-27T19:28:56.353+0000] {dag.py:3239} INFO - Sync 3 DAGs
[2025-02-27T19:28:56.382+0000] {logging_mixin.py:190} INFO - [2025-02-27T19:28:56.382+0000] {dag.py:4180} INFO - Setting next_dagrun for example_branch_datetime_operator to 2025-02-26 00:00:00+00:00, run_after=2025-02-27 00:00:00+00:00
[2025-02-27T19:28:56.387+0000] {logging_mixin.py:190} INFO - [2025-02-27T19:28:56.387+0000] {dag.py:4180} INFO - Setting next_dagrun for example_branch_datetime_operator_2 to 2025-02-26 00:00:00+00:00, run_after=2025-02-27 00:00:00+00:00
[2025-02-27T19:28:56.390+0000] {logging_mixin.py:190} INFO - [2025-02-27T19:28:56.390+0000] {dag.py:4180} INFO - Setting next_dagrun for example_branch_datetime_operator_3 to 2025-02-26 00:00:00+00:00, run_after=2025-02-27 00:00:00+00:00
[2025-02-27T19:28:56.417+0000] {processor.py:208} INFO - Processing /home/sravan2418/airflow-env/lib/python3.11/site-packages/airflow/example_dags/example_branch_datetime_operator.py took 0.128 seconds
[2025-02-27T19:29:54.446+0000] {processor.py:186} INFO - Started process (PID=3160) to work on /home/sravan2418/airflow-env/lib/python3.11/site-packages/airflow/example_dags/example_branch_datetime_operator.py
[2025-02-27T19:29:54.448+0000] {processor.py:914} INFO - Processing file /home/sravan2418/airflow-env/lib/python3.11/site-packages/airflow/example_dags/example_branch_datetime_operator.py for tasks to queue
[2025-02-27T19:29:54.451+0000] {logging_mixin.py:190} INFO - [2025-02-27T19:29:54.451+0000] {dagbag.py:588} INFO - Filling up the DagBag from /home/sravan2418/airflow-env/lib/python3.11/site-packages/airflow/example_dags/example_branch_datetime_operator.py
[2025-02-27T19:29:54.472+0000] {processor.py:925} INFO - DAG(s) 'example_branch_datetime_operator', 'example_branch_datetime_operator_3', 'example_branch_datetime_operator_2' retrieved from /home/sravan2418/airflow-env/lib/python3.11/site-packages/airflow/example_dags/example_branch_datetime_operator.py
[2025-02-27T19:29:54.506+0000] {logging_mixin.py:190} INFO - [2025-02-27T19:29:54.505+0000] {dag.py:3239} INFO - Sync 3 DAGs
[2025-02-27T19:29:54.536+0000] {logging_mixin.py:190} INFO - [2025-02-27T19:29:54.536+0000] {dag.py:4180} INFO - Setting next_dagrun for example_branch_datetime_operator to 2025-02-26 00:00:00+00:00, run_after=2025-02-27 00:00:00+00:00
[2025-02-27T19:29:54.542+0000] {logging_mixin.py:190} INFO - [2025-02-27T19:29:54.541+0000] {dag.py:4180} INFO - Setting next_dagrun for example_branch_datetime_operator_2 to 2025-02-26 00:00:00+00:00, run_after=2025-02-27 00:00:00+00:00
[2025-02-27T19:29:54.544+0000] {logging_mixin.py:190} INFO - [2025-02-27T19:29:54.544+0000] {dag.py:4180} INFO - Setting next_dagrun for example_branch_datetime_operator_3 to 2025-02-26 00:00:00+00:00, run_after=2025-02-27 00:00:00+00:00
[2025-02-27T19:29:54.568+0000] {processor.py:208} INFO - Processing /home/sravan2418/airflow-env/lib/python3.11/site-packages/airflow/example_dags/example_branch_datetime_operator.py took 0.132 seconds
[2025-02-27T19:30:56.873+0000] {processor.py:186} INFO - Started process (PID=3223) to work on /home/sravan2418/airflow-env/lib/python3.11/site-packages/airflow/example_dags/example_branch_datetime_operator.py
[2025-02-27T19:30:56.875+0000] {processor.py:914} INFO - Processing file /home/sravan2418/airflow-env/lib/python3.11/site-packages/airflow/example_dags/example_branch_datetime_operator.py for tasks to queue
[2025-02-27T19:30:56.879+0000] {logging_mixin.py:190} INFO - [2025-02-27T19:30:56.878+0000] {dagbag.py:588} INFO - Filling up the DagBag from /home/sravan2418/airflow-env/lib/python3.11/site-packages/airflow/example_dags/example_branch_datetime_operator.py
[2025-02-27T19:30:56.897+0000] {processor.py:925} INFO - DAG(s) 'example_branch_datetime_operator_3', 'example_branch_datetime_operator_2', 'example_branch_datetime_operator' retrieved from /home/sravan2418/airflow-env/lib/python3.11/site-packages/airflow/example_dags/example_branch_datetime_operator.py
[2025-02-27T19:30:56.925+0000] {logging_mixin.py:190} INFO - [2025-02-27T19:30:56.925+0000] {dag.py:3239} INFO - Sync 3 DAGs
[2025-02-27T19:30:56.952+0000] {logging_mixin.py:190} INFO - [2025-02-27T19:30:56.952+0000] {dag.py:4180} INFO - Setting next_dagrun for example_branch_datetime_operator to 2025-02-26 00:00:00+00:00, run_after=2025-02-27 00:00:00+00:00
[2025-02-27T19:30:56.957+0000] {logging_mixin.py:190} INFO - [2025-02-27T19:30:56.957+0000] {dag.py:4180} INFO - Setting next_dagrun for example_branch_datetime_operator_2 to 2025-02-26 00:00:00+00:00, run_after=2025-02-27 00:00:00+00:00
[2025-02-27T19:30:56.960+0000] {logging_mixin.py:190} INFO - [2025-02-27T19:30:56.960+0000] {dag.py:4180} INFO - Setting next_dagrun for example_branch_datetime_operator_3 to 2025-02-26 00:00:00+00:00, run_after=2025-02-27 00:00:00+00:00
[2025-02-27T19:30:56.984+0000] {processor.py:208} INFO - Processing /home/sravan2418/airflow-env/lib/python3.11/site-packages/airflow/example_dags/example_branch_datetime_operator.py took 0.119 seconds
[2025-02-27T19:32:03.113+0000] {processor.py:186} INFO - Started process (PID=3285) to work on /home/sravan2418/airflow-env/lib/python3.11/site-packages/airflow/example_dags/example_branch_datetime_operator.py
[2025-02-27T19:32:03.116+0000] {processor.py:914} INFO - Processing file /home/sravan2418/airflow-env/lib/python3.11/site-packages/airflow/example_dags/example_branch_datetime_operator.py for tasks to queue
[2025-02-27T19:32:03.119+0000] {logging_mixin.py:190} INFO - [2025-02-27T19:32:03.118+0000] {dagbag.py:588} INFO - Filling up the DagBag from /home/sravan2418/airflow-env/lib/python3.11/site-packages/airflow/example_dags/example_branch_datetime_operator.py
[2025-02-27T19:32:03.139+0000] {processor.py:925} INFO - DAG(s) 'example_branch_datetime_operator_2', 'example_branch_datetime_operator', 'example_branch_datetime_operator_3' retrieved from /home/sravan2418/airflow-env/lib/python3.11/site-packages/airflow/example_dags/example_branch_datetime_operator.py
[2025-02-27T19:32:03.334+0000] {logging_mixin.py:190} INFO - [2025-02-27T19:32:03.334+0000] {dag.py:3239} INFO - Sync 3 DAGs
[2025-02-27T19:32:03.356+0000] {logging_mixin.py:190} INFO - [2025-02-27T19:32:03.356+0000] {dag.py:4180} INFO - Setting next_dagrun for example_branch_datetime_operator to 2025-02-26 00:00:00+00:00, run_after=2025-02-27 00:00:00+00:00
[2025-02-27T19:32:03.362+0000] {logging_mixin.py:190} INFO - [2025-02-27T19:32:03.362+0000] {dag.py:4180} INFO - Setting next_dagrun for example_branch_datetime_operator_2 to 2025-02-26 00:00:00+00:00, run_after=2025-02-27 00:00:00+00:00
[2025-02-27T19:32:03.365+0000] {logging_mixin.py:190} INFO - [2025-02-27T19:32:03.365+0000] {dag.py:4180} INFO - Setting next_dagrun for example_branch_datetime_operator_3 to 2025-02-26 00:00:00+00:00, run_after=2025-02-27 00:00:00+00:00
[2025-02-27T19:32:03.386+0000] {processor.py:208} INFO - Processing /home/sravan2418/airflow-env/lib/python3.11/site-packages/airflow/example_dags/example_branch_datetime_operator.py took 0.283 seconds
[2025-02-27T19:33:16.591+0000] {processor.py:186} INFO - Started process (PID=3361) to work on /home/sravan2418/airflow-env/lib/python3.11/site-packages/airflow/example_dags/example_branch_datetime_operator.py
[2025-02-27T19:33:16.594+0000] {processor.py:914} INFO - Processing file /home/sravan2418/airflow-env/lib/python3.11/site-packages/airflow/example_dags/example_branch_datetime_operator.py for tasks to queue
[2025-02-27T19:33:16.599+0000] {logging_mixin.py:190} INFO - [2025-02-27T19:33:16.598+0000] {dagbag.py:588} INFO - Filling up the DagBag from /home/sravan2418/airflow-env/lib/python3.11/site-packages/airflow/example_dags/example_branch_datetime_operator.py
[2025-02-27T19:33:16.624+0000] {processor.py:925} INFO - DAG(s) 'example_branch_datetime_operator_2', 'example_branch_datetime_operator_3', 'example_branch_datetime_operator' retrieved from /home/sravan2418/airflow-env/lib/python3.11/site-packages/airflow/example_dags/example_branch_datetime_operator.py
[2025-02-27T19:33:16.660+0000] {logging_mixin.py:190} INFO - [2025-02-27T19:33:16.660+0000] {dag.py:3239} INFO - Sync 3 DAGs
[2025-02-27T19:33:16.693+0000] {logging_mixin.py:190} INFO - [2025-02-27T19:33:16.693+0000] {dag.py:4180} INFO - Setting next_dagrun for example_branch_datetime_operator to 2025-02-26 00:00:00+00:00, run_after=2025-02-27 00:00:00+00:00
[2025-02-27T19:33:16.700+0000] {logging_mixin.py:190} INFO - [2025-02-27T19:33:16.700+0000] {dag.py:4180} INFO - Setting next_dagrun for example_branch_datetime_operator_2 to 2025-02-26 00:00:00+00:00, run_after=2025-02-27 00:00:00+00:00
[2025-02-27T19:33:16.703+0000] {logging_mixin.py:190} INFO - [2025-02-27T19:33:16.703+0000] {dag.py:4180} INFO - Setting next_dagrun for example_branch_datetime_operator_3 to 2025-02-26 00:00:00+00:00, run_after=2025-02-27 00:00:00+00:00
[2025-02-27T19:33:16.733+0000] {processor.py:208} INFO - Processing /home/sravan2418/airflow-env/lib/python3.11/site-packages/airflow/example_dags/example_branch_datetime_operator.py took 0.154 seconds
[2025-02-27T19:34:21.304+0000] {processor.py:186} INFO - Started process (PID=3425) to work on /home/sravan2418/airflow-env/lib/python3.11/site-packages/airflow/example_dags/example_branch_datetime_operator.py
[2025-02-27T19:34:21.306+0000] {processor.py:914} INFO - Processing file /home/sravan2418/airflow-env/lib/python3.11/site-packages/airflow/example_dags/example_branch_datetime_operator.py for tasks to queue
[2025-02-27T19:34:21.310+0000] {logging_mixin.py:190} INFO - [2025-02-27T19:34:21.309+0000] {dagbag.py:588} INFO - Filling up the DagBag from /home/sravan2418/airflow-env/lib/python3.11/site-packages/airflow/example_dags/example_branch_datetime_operator.py
[2025-02-27T19:34:21.331+0000] {processor.py:925} INFO - DAG(s) 'example_branch_datetime_operator_3', 'example_branch_datetime_operator_2', 'example_branch_datetime_operator' retrieved from /home/sravan2418/airflow-env/lib/python3.11/site-packages/airflow/example_dags/example_branch_datetime_operator.py
[2025-02-27T19:34:21.367+0000] {logging_mixin.py:190} INFO - [2025-02-27T19:34:21.366+0000] {dag.py:3239} INFO - Sync 3 DAGs
[2025-02-27T19:34:21.400+0000] {logging_mixin.py:190} INFO - [2025-02-27T19:34:21.399+0000] {dag.py:4180} INFO - Setting next_dagrun for example_branch_datetime_operator to 2025-02-26 00:00:00+00:00, run_after=2025-02-27 00:00:00+00:00
[2025-02-27T19:34:21.405+0000] {logging_mixin.py:190} INFO - [2025-02-27T19:34:21.405+0000] {dag.py:4180} INFO - Setting next_dagrun for example_branch_datetime_operator_2 to 2025-02-26 00:00:00+00:00, run_after=2025-02-27 00:00:00+00:00
[2025-02-27T19:34:21.408+0000] {logging_mixin.py:190} INFO - [2025-02-27T19:34:21.408+0000] {dag.py:4180} INFO - Setting next_dagrun for example_branch_datetime_operator_3 to 2025-02-26 00:00:00+00:00, run_after=2025-02-27 00:00:00+00:00
[2025-02-27T19:34:21.431+0000] {processor.py:208} INFO - Processing /home/sravan2418/airflow-env/lib/python3.11/site-packages/airflow/example_dags/example_branch_datetime_operator.py took 0.137 seconds
