[2025-02-27T19:22:04.579+0000] {processor.py:186} INFO - Started process (PID=2665) to work on /home/sravan2418/airflow-env/lib/python3.11/site-packages/airflow/example_dags/example_branch_operator_decorator.py
[2025-02-27T19:22:04.580+0000] {processor.py:914} INFO - Processing file /home/sravan2418/airflow-env/lib/python3.11/site-packages/airflow/example_dags/example_branch_operator_decorator.py for tasks to queue
[2025-02-27T19:22:04.583+0000] {logging_mixin.py:190} INFO - [2025-02-27T19:22:04.583+0000] {dagbag.py:588} INFO - Filling up the DagBag from /home/sravan2418/airflow-env/lib/python3.11/site-packages/airflow/example_dags/example_branch_operator_decorator.py
[2025-02-27T19:22:04.588+0000] {processor.py:927} WARNING - No viable dags retrieved from /home/sravan2418/airflow-env/lib/python3.11/site-packages/airflow/example_dags/example_branch_operator_decorator.py
[2025-02-27T19:22:04.604+0000] {processor.py:208} INFO - Processing /home/sravan2418/airflow-env/lib/python3.11/site-packages/airflow/example_dags/example_branch_operator_decorator.py took 0.035 seconds
[2025-02-27T19:23:41.876+0000] {processor.py:186} INFO - Started process (PID=2750) to work on /home/sravan2418/airflow-env/lib/python3.11/site-packages/airflow/example_dags/example_branch_operator_decorator.py
[2025-02-27T19:23:41.879+0000] {processor.py:914} INFO - Processing file /home/sravan2418/airflow-env/lib/python3.11/site-packages/airflow/example_dags/example_branch_operator_decorator.py for tasks to queue
[2025-02-27T19:23:41.883+0000] {logging_mixin.py:190} INFO - [2025-02-27T19:23:41.882+0000] {dagbag.py:588} INFO - Filling up the DagBag from /home/sravan2418/airflow-env/lib/python3.11/site-packages/airflow/example_dags/example_branch_operator_decorator.py
[2025-02-27T19:23:41.888+0000] {processor.py:927} WARNING - No viable dags retrieved from /home/sravan2418/airflow-env/lib/python3.11/site-packages/airflow/example_dags/example_branch_operator_decorator.py
[2025-02-27T19:23:41.907+0000] {processor.py:208} INFO - Processing /home/sravan2418/airflow-env/lib/python3.11/site-packages/airflow/example_dags/example_branch_operator_decorator.py took 0.042 seconds
[2025-02-27T19:24:43.524+0000] {processor.py:186} INFO - Started process (PID=2820) to work on /home/sravan2418/airflow-env/lib/python3.11/site-packages/airflow/example_dags/example_branch_operator_decorator.py
[2025-02-27T19:24:43.526+0000] {processor.py:914} INFO - Processing file /home/sravan2418/airflow-env/lib/python3.11/site-packages/airflow/example_dags/example_branch_operator_decorator.py for tasks to queue
[2025-02-27T19:24:43.529+0000] {logging_mixin.py:190} INFO - [2025-02-27T19:24:43.529+0000] {dagbag.py:588} INFO - Filling up the DagBag from /home/sravan2418/airflow-env/lib/python3.11/site-packages/airflow/example_dags/example_branch_operator_decorator.py
[2025-02-27T19:24:43.534+0000] {processor.py:927} WARNING - No viable dags retrieved from /home/sravan2418/airflow-env/lib/python3.11/site-packages/airflow/example_dags/example_branch_operator_decorator.py
[2025-02-27T19:24:43.550+0000] {processor.py:208} INFO - Processing /home/sravan2418/airflow-env/lib/python3.11/site-packages/airflow/example_dags/example_branch_operator_decorator.py took 0.036 seconds
[2025-02-27T19:25:44.589+0000] {processor.py:186} INFO - Started process (PID=2880) to work on /home/sravan2418/airflow-env/lib/python3.11/site-packages/airflow/example_dags/example_branch_operator_decorator.py
[2025-02-27T19:25:44.592+0000] {processor.py:914} INFO - Processing file /home/sravan2418/airflow-env/lib/python3.11/site-packages/airflow/example_dags/example_branch_operator_decorator.py for tasks to queue
[2025-02-27T19:25:44.596+0000] {logging_mixin.py:190} INFO - [2025-02-27T19:25:44.595+0000] {dagbag.py:588} INFO - Filling up the DagBag from /home/sravan2418/airflow-env/lib/python3.11/site-packages/airflow/example_dags/example_branch_operator_decorator.py
[2025-02-27T19:25:44.602+0000] {processor.py:927} WARNING - No viable dags retrieved from /home/sravan2418/airflow-env/lib/python3.11/site-packages/airflow/example_dags/example_branch_operator_decorator.py
[2025-02-27T19:25:44.622+0000] {processor.py:208} INFO - Processing /home/sravan2418/airflow-env/lib/python3.11/site-packages/airflow/example_dags/example_branch_operator_decorator.py took 0.043 seconds
[2025-02-27T19:26:50.353+0000] {processor.py:186} INFO - Started process (PID=2946) to work on /home/sravan2418/airflow-env/lib/python3.11/site-packages/airflow/example_dags/example_branch_operator_decorator.py
[2025-02-27T19:26:50.355+0000] {processor.py:914} INFO - Processing file /home/sravan2418/airflow-env/lib/python3.11/site-packages/airflow/example_dags/example_branch_operator_decorator.py for tasks to queue
[2025-02-27T19:26:50.358+0000] {logging_mixin.py:190} INFO - [2025-02-27T19:26:50.358+0000] {dagbag.py:588} INFO - Filling up the DagBag from /home/sravan2418/airflow-env/lib/python3.11/site-packages/airflow/example_dags/example_branch_operator_decorator.py
[2025-02-27T19:26:50.363+0000] {processor.py:927} WARNING - No viable dags retrieved from /home/sravan2418/airflow-env/lib/python3.11/site-packages/airflow/example_dags/example_branch_operator_decorator.py
[2025-02-27T19:26:50.378+0000] {processor.py:208} INFO - Processing /home/sravan2418/airflow-env/lib/python3.11/site-packages/airflow/example_dags/example_branch_operator_decorator.py took 0.034 seconds
[2025-02-27T19:28:52.641+0000] {processor.py:186} INFO - Started process (PID=3090) to work on /home/sravan2418/airflow-env/lib/python3.11/site-packages/airflow/example_dags/example_branch_operator_decorator.py
[2025-02-27T19:28:52.643+0000] {processor.py:914} INFO - Processing file /home/sravan2418/airflow-env/lib/python3.11/site-packages/airflow/example_dags/example_branch_operator_decorator.py for tasks to queue
[2025-02-27T19:28:52.646+0000] {logging_mixin.py:190} INFO - [2025-02-27T19:28:52.646+0000] {dagbag.py:588} INFO - Filling up the DagBag from /home/sravan2418/airflow-env/lib/python3.11/site-packages/airflow/example_dags/example_branch_operator_decorator.py
[2025-02-27T19:28:52.651+0000] {processor.py:927} WARNING - No viable dags retrieved from /home/sravan2418/airflow-env/lib/python3.11/site-packages/airflow/example_dags/example_branch_operator_decorator.py
[2025-02-27T19:28:52.668+0000] {processor.py:208} INFO - Processing /home/sravan2418/airflow-env/lib/python3.11/site-packages/airflow/example_dags/example_branch_operator_decorator.py took 0.036 seconds
[2025-02-27T19:29:51.694+0000] {processor.py:186} INFO - Started process (PID=3157) to work on /home/sravan2418/airflow-env/lib/python3.11/site-packages/airflow/example_dags/example_branch_operator_decorator.py
[2025-02-27T19:29:51.698+0000] {processor.py:914} INFO - Processing file /home/sravan2418/airflow-env/lib/python3.11/site-packages/airflow/example_dags/example_branch_operator_decorator.py for tasks to queue
[2025-02-27T19:29:51.701+0000] {logging_mixin.py:190} INFO - [2025-02-27T19:29:51.701+0000] {dagbag.py:588} INFO - Filling up the DagBag from /home/sravan2418/airflow-env/lib/python3.11/site-packages/airflow/example_dags/example_branch_operator_decorator.py
[2025-02-27T19:29:51.707+0000] {processor.py:927} WARNING - No viable dags retrieved from /home/sravan2418/airflow-env/lib/python3.11/site-packages/airflow/example_dags/example_branch_operator_decorator.py
[2025-02-27T19:29:51.727+0000] {processor.py:208} INFO - Processing /home/sravan2418/airflow-env/lib/python3.11/site-packages/airflow/example_dags/example_branch_operator_decorator.py took 0.043 seconds
[2025-02-27T19:30:53.386+0000] {processor.py:186} INFO - Started process (PID=3220) to work on /home/sravan2418/airflow-env/lib/python3.11/site-packages/airflow/example_dags/example_branch_operator_decorator.py
[2025-02-27T19:30:53.388+0000] {processor.py:914} INFO - Processing file /home/sravan2418/airflow-env/lib/python3.11/site-packages/airflow/example_dags/example_branch_operator_decorator.py for tasks to queue
[2025-02-27T19:30:53.391+0000] {logging_mixin.py:190} INFO - [2025-02-27T19:30:53.391+0000] {dagbag.py:588} INFO - Filling up the DagBag from /home/sravan2418/airflow-env/lib/python3.11/site-packages/airflow/example_dags/example_branch_operator_decorator.py
[2025-02-27T19:30:53.396+0000] {processor.py:927} WARNING - No viable dags retrieved from /home/sravan2418/airflow-env/lib/python3.11/site-packages/airflow/example_dags/example_branch_operator_decorator.py
[2025-02-27T19:30:53.411+0000] {processor.py:208} INFO - Processing /home/sravan2418/airflow-env/lib/python3.11/site-packages/airflow/example_dags/example_branch_operator_decorator.py took 0.034 seconds
[2025-02-27T19:31:59.885+0000] {processor.py:186} INFO - Started process (PID=3282) to work on /home/sravan2418/airflow-env/lib/python3.11/site-packages/airflow/example_dags/example_branch_operator_decorator.py
[2025-02-27T19:31:59.888+0000] {processor.py:914} INFO - Processing file /home/sravan2418/airflow-env/lib/python3.11/site-packages/airflow/example_dags/example_branch_operator_decorator.py for tasks to queue
[2025-02-27T19:31:59.892+0000] {logging_mixin.py:190} INFO - [2025-02-27T19:31:59.891+0000] {dagbag.py:588} INFO - Filling up the DagBag from /home/sravan2418/airflow-env/lib/python3.11/site-packages/airflow/example_dags/example_branch_operator_decorator.py
[2025-02-27T19:31:59.898+0000] {processor.py:927} WARNING - No viable dags retrieved from /home/sravan2418/airflow-env/lib/python3.11/site-packages/airflow/example_dags/example_branch_operator_decorator.py
[2025-02-27T19:31:59.918+0000] {processor.py:208} INFO - Processing /home/sravan2418/airflow-env/lib/python3.11/site-packages/airflow/example_dags/example_branch_operator_decorator.py took 0.043 seconds
[2025-02-27T19:33:13.881+0000] {processor.py:186} INFO - Started process (PID=3357) to work on /home/sravan2418/airflow-env/lib/python3.11/site-packages/airflow/example_dags/example_branch_operator_decorator.py
[2025-02-27T19:33:13.884+0000] {processor.py:914} INFO - Processing file /home/sravan2418/airflow-env/lib/python3.11/site-packages/airflow/example_dags/example_branch_operator_decorator.py for tasks to queue
[2025-02-27T19:33:13.887+0000] {logging_mixin.py:190} INFO - [2025-02-27T19:33:13.887+0000] {dagbag.py:588} INFO - Filling up the DagBag from /home/sravan2418/airflow-env/lib/python3.11/site-packages/airflow/example_dags/example_branch_operator_decorator.py
[2025-02-27T19:33:13.892+0000] {processor.py:927} WARNING - No viable dags retrieved from /home/sravan2418/airflow-env/lib/python3.11/site-packages/airflow/example_dags/example_branch_operator_decorator.py
[2025-02-27T19:33:13.909+0000] {processor.py:208} INFO - Processing /home/sravan2418/airflow-env/lib/python3.11/site-packages/airflow/example_dags/example_branch_operator_decorator.py took 0.038 seconds
[2025-02-27T19:34:17.691+0000] {processor.py:186} INFO - Started process (PID=3421) to work on /home/sravan2418/airflow-env/lib/python3.11/site-packages/airflow/example_dags/example_branch_operator_decorator.py
[2025-02-27T19:34:17.693+0000] {processor.py:914} INFO - Processing file /home/sravan2418/airflow-env/lib/python3.11/site-packages/airflow/example_dags/example_branch_operator_decorator.py for tasks to queue
[2025-02-27T19:34:17.697+0000] {logging_mixin.py:190} INFO - [2025-02-27T19:34:17.697+0000] {dagbag.py:588} INFO - Filling up the DagBag from /home/sravan2418/airflow-env/lib/python3.11/site-packages/airflow/example_dags/example_branch_operator_decorator.py
[2025-02-27T19:34:17.703+0000] {processor.py:927} WARNING - No viable dags retrieved from /home/sravan2418/airflow-env/lib/python3.11/site-packages/airflow/example_dags/example_branch_operator_decorator.py
[2025-02-27T19:34:17.724+0000] {processor.py:208} INFO - Processing /home/sravan2418/airflow-env/lib/python3.11/site-packages/airflow/example_dags/example_branch_operator_decorator.py took 0.044 seconds
