[2025-02-27T19:22:03.374+0000] {processor.py:186} INFO - Started process (PID=2664) to work on /home/sravan2418/airflow-env/lib/python3.11/site-packages/airflow/example_dags/example_branch_labels.py
[2025-02-27T19:22:03.375+0000] {processor.py:914} INFO - Processing file /home/sravan2418/airflow-env/lib/python3.11/site-packages/airflow/example_dags/example_branch_labels.py for tasks to queue
[2025-02-27T19:22:03.379+0000] {logging_mixin.py:190} INFO - [2025-02-27T19:22:03.378+0000] {dagbag.py:588} INFO - Filling up the DagBag from /home/sravan2418/airflow-env/lib/python3.11/site-packages/airflow/example_dags/example_branch_labels.py
[2025-02-27T19:22:03.393+0000] {processor.py:925} INFO - DAG(s) 'example_branch_labels' retrieved from /home/sravan2418/airflow-env/lib/python3.11/site-packages/airflow/example_dags/example_branch_labels.py
[2025-02-27T19:22:03.532+0000] {logging_mixin.py:190} INFO - [2025-02-27T19:22:03.530+0000] {override.py:1930} INFO - Created Permission View: can edit on DAG:example_branch_labels
[2025-02-27T19:22:03.548+0000] {logging_mixin.py:190} INFO - [2025-02-27T19:22:03.547+0000] {override.py:1930} INFO - Created Permission View: can delete on DAG:example_branch_labels
[2025-02-27T19:22:03.563+0000] {logging_mixin.py:190} INFO - [2025-02-27T19:22:03.562+0000] {override.py:1930} INFO - Created Permission View: can read on DAG:example_branch_labels
[2025-02-27T19:22:03.582+0000] {logging_mixin.py:190} INFO - [2025-02-27T19:22:03.581+0000] {override.py:1930} INFO - Created Permission View: menu access on DAG Run:example_branch_labels
[2025-02-27T19:22:03.594+0000] {logging_mixin.py:190} INFO - [2025-02-27T19:22:03.593+0000] {override.py:1930} INFO - Created Permission View: can create on DAG Run:example_branch_labels
[2025-02-27T19:22:03.606+0000] {logging_mixin.py:190} INFO - [2025-02-27T19:22:03.605+0000] {override.py:1930} INFO - Created Permission View: can delete on DAG Run:example_branch_labels
[2025-02-27T19:22:03.617+0000] {logging_mixin.py:190} INFO - [2025-02-27T19:22:03.616+0000] {override.py:1930} INFO - Created Permission View: can read on DAG Run:example_branch_labels
[2025-02-27T19:22:03.617+0000] {logging_mixin.py:190} INFO - [2025-02-27T19:22:03.617+0000] {dag.py:3239} INFO - Sync 1 DAGs
[2025-02-27T19:22:03.632+0000] {logging_mixin.py:190} INFO - [2025-02-27T19:22:03.632+0000] {dag.py:3262} INFO - Creating ORM DAG for example_branch_labels
[2025-02-27T19:22:03.644+0000] {logging_mixin.py:190} INFO - [2025-02-27T19:22:03.644+0000] {dag.py:4180} INFO - Setting next_dagrun for example_branch_labels to 2025-02-26 00:00:00+00:00, run_after=2025-02-27 00:00:00+00:00
[2025-02-27T19:22:03.669+0000] {processor.py:208} INFO - Processing /home/sravan2418/airflow-env/lib/python3.11/site-packages/airflow/example_dags/example_branch_labels.py took 0.303 seconds
[2025-02-27T19:23:40.624+0000] {processor.py:186} INFO - Started process (PID=2749) to work on /home/sravan2418/airflow-env/lib/python3.11/site-packages/airflow/example_dags/example_branch_labels.py
[2025-02-27T19:23:40.627+0000] {processor.py:914} INFO - Processing file /home/sravan2418/airflow-env/lib/python3.11/site-packages/airflow/example_dags/example_branch_labels.py for tasks to queue
[2025-02-27T19:23:40.630+0000] {logging_mixin.py:190} INFO - [2025-02-27T19:23:40.630+0000] {dagbag.py:588} INFO - Filling up the DagBag from /home/sravan2418/airflow-env/lib/python3.11/site-packages/airflow/example_dags/example_branch_labels.py
[2025-02-27T19:23:40.650+0000] {processor.py:925} INFO - DAG(s) 'example_branch_labels' retrieved from /home/sravan2418/airflow-env/lib/python3.11/site-packages/airflow/example_dags/example_branch_labels.py
[2025-02-27T19:23:40.674+0000] {logging_mixin.py:190} INFO - [2025-02-27T19:23:40.673+0000] {dag.py:3239} INFO - Sync 1 DAGs
[2025-02-27T19:23:40.700+0000] {logging_mixin.py:190} INFO - [2025-02-27T19:23:40.699+0000] {dag.py:4180} INFO - Setting next_dagrun for example_branch_labels to 2025-02-26 00:00:00+00:00, run_after=2025-02-27 00:00:00+00:00
[2025-02-27T19:23:40.726+0000] {processor.py:208} INFO - Processing /home/sravan2418/airflow-env/lib/python3.11/site-packages/airflow/example_dags/example_branch_labels.py took 0.110 seconds
[2025-02-27T19:24:42.273+0000] {processor.py:186} INFO - Started process (PID=2819) to work on /home/sravan2418/airflow-env/lib/python3.11/site-packages/airflow/example_dags/example_branch_labels.py
[2025-02-27T19:24:42.277+0000] {processor.py:914} INFO - Processing file /home/sravan2418/airflow-env/lib/python3.11/site-packages/airflow/example_dags/example_branch_labels.py for tasks to queue
[2025-02-27T19:24:42.281+0000] {logging_mixin.py:190} INFO - [2025-02-27T19:24:42.280+0000] {dagbag.py:588} INFO - Filling up the DagBag from /home/sravan2418/airflow-env/lib/python3.11/site-packages/airflow/example_dags/example_branch_labels.py
[2025-02-27T19:24:42.299+0000] {processor.py:925} INFO - DAG(s) 'example_branch_labels' retrieved from /home/sravan2418/airflow-env/lib/python3.11/site-packages/airflow/example_dags/example_branch_labels.py
[2025-02-27T19:24:42.327+0000] {logging_mixin.py:190} INFO - [2025-02-27T19:24:42.327+0000] {dag.py:3239} INFO - Sync 1 DAGs
[2025-02-27T19:24:42.361+0000] {logging_mixin.py:190} INFO - [2025-02-27T19:24:42.360+0000] {dag.py:4180} INFO - Setting next_dagrun for example_branch_labels to 2025-02-26 00:00:00+00:00, run_after=2025-02-27 00:00:00+00:00
[2025-02-27T19:24:42.393+0000] {processor.py:208} INFO - Processing /home/sravan2418/airflow-env/lib/python3.11/site-packages/airflow/example_dags/example_branch_labels.py took 0.131 seconds
[2025-02-27T19:25:43.319+0000] {processor.py:186} INFO - Started process (PID=2879) to work on /home/sravan2418/airflow-env/lib/python3.11/site-packages/airflow/example_dags/example_branch_labels.py
[2025-02-27T19:25:43.321+0000] {processor.py:914} INFO - Processing file /home/sravan2418/airflow-env/lib/python3.11/site-packages/airflow/example_dags/example_branch_labels.py for tasks to queue
[2025-02-27T19:25:43.325+0000] {logging_mixin.py:190} INFO - [2025-02-27T19:25:43.324+0000] {dagbag.py:588} INFO - Filling up the DagBag from /home/sravan2418/airflow-env/lib/python3.11/site-packages/airflow/example_dags/example_branch_labels.py
[2025-02-27T19:25:43.344+0000] {processor.py:925} INFO - DAG(s) 'example_branch_labels' retrieved from /home/sravan2418/airflow-env/lib/python3.11/site-packages/airflow/example_dags/example_branch_labels.py
[2025-02-27T19:25:43.371+0000] {logging_mixin.py:190} INFO - [2025-02-27T19:25:43.371+0000] {dag.py:3239} INFO - Sync 1 DAGs
[2025-02-27T19:25:43.401+0000] {logging_mixin.py:190} INFO - [2025-02-27T19:25:43.401+0000] {dag.py:4180} INFO - Setting next_dagrun for example_branch_labels to 2025-02-26 00:00:00+00:00, run_after=2025-02-27 00:00:00+00:00
[2025-02-27T19:25:43.430+0000] {processor.py:208} INFO - Processing /home/sravan2418/airflow-env/lib/python3.11/site-packages/airflow/example_dags/example_branch_labels.py took 0.123 seconds
[2025-02-27T19:26:49.005+0000] {processor.py:186} INFO - Started process (PID=2945) to work on /home/sravan2418/airflow-env/lib/python3.11/site-packages/airflow/example_dags/example_branch_labels.py
[2025-02-27T19:26:49.008+0000] {processor.py:914} INFO - Processing file /home/sravan2418/airflow-env/lib/python3.11/site-packages/airflow/example_dags/example_branch_labels.py for tasks to queue
[2025-02-27T19:26:49.011+0000] {logging_mixin.py:190} INFO - [2025-02-27T19:26:49.010+0000] {dagbag.py:588} INFO - Filling up the DagBag from /home/sravan2418/airflow-env/lib/python3.11/site-packages/airflow/example_dags/example_branch_labels.py
[2025-02-27T19:26:49.025+0000] {processor.py:925} INFO - DAG(s) 'example_branch_labels' retrieved from /home/sravan2418/airflow-env/lib/python3.11/site-packages/airflow/example_dags/example_branch_labels.py
[2025-02-27T19:26:49.049+0000] {logging_mixin.py:190} INFO - [2025-02-27T19:26:49.049+0000] {dag.py:3239} INFO - Sync 1 DAGs
[2025-02-27T19:26:49.218+0000] {logging_mixin.py:190} INFO - [2025-02-27T19:26:49.218+0000] {dag.py:4180} INFO - Setting next_dagrun for example_branch_labels to 2025-02-26 00:00:00+00:00, run_after=2025-02-27 00:00:00+00:00
[2025-02-27T19:26:49.240+0000] {processor.py:208} INFO - Processing /home/sravan2418/airflow-env/lib/python3.11/site-packages/airflow/example_dags/example_branch_labels.py took 0.243 seconds
[2025-02-27T19:28:51.373+0000] {processor.py:186} INFO - Started process (PID=3089) to work on /home/sravan2418/airflow-env/lib/python3.11/site-packages/airflow/example_dags/example_branch_labels.py
[2025-02-27T19:28:51.376+0000] {processor.py:914} INFO - Processing file /home/sravan2418/airflow-env/lib/python3.11/site-packages/airflow/example_dags/example_branch_labels.py for tasks to queue
[2025-02-27T19:28:51.380+0000] {logging_mixin.py:190} INFO - [2025-02-27T19:28:51.379+0000] {dagbag.py:588} INFO - Filling up the DagBag from /home/sravan2418/airflow-env/lib/python3.11/site-packages/airflow/example_dags/example_branch_labels.py
[2025-02-27T19:28:51.398+0000] {processor.py:925} INFO - DAG(s) 'example_branch_labels' retrieved from /home/sravan2418/airflow-env/lib/python3.11/site-packages/airflow/example_dags/example_branch_labels.py
[2025-02-27T19:28:51.426+0000] {logging_mixin.py:190} INFO - [2025-02-27T19:28:51.426+0000] {dag.py:3239} INFO - Sync 1 DAGs
[2025-02-27T19:28:51.457+0000] {logging_mixin.py:190} INFO - [2025-02-27T19:28:51.457+0000] {dag.py:4180} INFO - Setting next_dagrun for example_branch_labels to 2025-02-26 00:00:00+00:00, run_after=2025-02-27 00:00:00+00:00
[2025-02-27T19:28:51.489+0000] {processor.py:208} INFO - Processing /home/sravan2418/airflow-env/lib/python3.11/site-packages/airflow/example_dags/example_branch_labels.py took 0.127 seconds
[2025-02-27T19:29:50.443+0000] {processor.py:186} INFO - Started process (PID=3156) to work on /home/sravan2418/airflow-env/lib/python3.11/site-packages/airflow/example_dags/example_branch_labels.py
[2025-02-27T19:29:50.445+0000] {processor.py:914} INFO - Processing file /home/sravan2418/airflow-env/lib/python3.11/site-packages/airflow/example_dags/example_branch_labels.py for tasks to queue
[2025-02-27T19:29:50.448+0000] {logging_mixin.py:190} INFO - [2025-02-27T19:29:50.447+0000] {dagbag.py:588} INFO - Filling up the DagBag from /home/sravan2418/airflow-env/lib/python3.11/site-packages/airflow/example_dags/example_branch_labels.py
[2025-02-27T19:29:50.463+0000] {processor.py:925} INFO - DAG(s) 'example_branch_labels' retrieved from /home/sravan2418/airflow-env/lib/python3.11/site-packages/airflow/example_dags/example_branch_labels.py
[2025-02-27T19:29:50.486+0000] {logging_mixin.py:190} INFO - [2025-02-27T19:29:50.485+0000] {dag.py:3239} INFO - Sync 1 DAGs
[2025-02-27T19:29:50.511+0000] {logging_mixin.py:190} INFO - [2025-02-27T19:29:50.511+0000] {dag.py:4180} INFO - Setting next_dagrun for example_branch_labels to 2025-02-26 00:00:00+00:00, run_after=2025-02-27 00:00:00+00:00
[2025-02-27T19:29:50.535+0000] {processor.py:208} INFO - Processing /home/sravan2418/airflow-env/lib/python3.11/site-packages/airflow/example_dags/example_branch_labels.py took 0.101 seconds
[2025-02-27T19:30:52.875+0000] {processor.py:186} INFO - Started process (PID=3219) to work on /home/sravan2418/airflow-env/lib/python3.11/site-packages/airflow/example_dags/example_branch_labels.py
[2025-02-27T19:30:52.877+0000] {processor.py:914} INFO - Processing file /home/sravan2418/airflow-env/lib/python3.11/site-packages/airflow/example_dags/example_branch_labels.py for tasks to queue
[2025-02-27T19:30:52.880+0000] {logging_mixin.py:190} INFO - [2025-02-27T19:30:52.880+0000] {dagbag.py:588} INFO - Filling up the DagBag from /home/sravan2418/airflow-env/lib/python3.11/site-packages/airflow/example_dags/example_branch_labels.py
[2025-02-27T19:30:52.896+0000] {processor.py:925} INFO - DAG(s) 'example_branch_labels' retrieved from /home/sravan2418/airflow-env/lib/python3.11/site-packages/airflow/example_dags/example_branch_labels.py
[2025-02-27T19:30:52.921+0000] {logging_mixin.py:190} INFO - [2025-02-27T19:30:52.921+0000] {dag.py:3239} INFO - Sync 1 DAGs
[2025-02-27T19:30:52.949+0000] {logging_mixin.py:190} INFO - [2025-02-27T19:30:52.949+0000] {dag.py:4180} INFO - Setting next_dagrun for example_branch_labels to 2025-02-26 00:00:00+00:00, run_after=2025-02-27 00:00:00+00:00
[2025-02-27T19:30:52.976+0000] {processor.py:208} INFO - Processing /home/sravan2418/airflow-env/lib/python3.11/site-packages/airflow/example_dags/example_branch_labels.py took 0.110 seconds
[2025-02-27T19:31:59.069+0000] {processor.py:186} INFO - Started process (PID=3281) to work on /home/sravan2418/airflow-env/lib/python3.11/site-packages/airflow/example_dags/example_branch_labels.py
[2025-02-27T19:31:59.071+0000] {processor.py:914} INFO - Processing file /home/sravan2418/airflow-env/lib/python3.11/site-packages/airflow/example_dags/example_branch_labels.py for tasks to queue
[2025-02-27T19:31:59.075+0000] {logging_mixin.py:190} INFO - [2025-02-27T19:31:59.075+0000] {dagbag.py:588} INFO - Filling up the DagBag from /home/sravan2418/airflow-env/lib/python3.11/site-packages/airflow/example_dags/example_branch_labels.py
[2025-02-27T19:31:59.093+0000] {processor.py:925} INFO - DAG(s) 'example_branch_labels' retrieved from /home/sravan2418/airflow-env/lib/python3.11/site-packages/airflow/example_dags/example_branch_labels.py
[2025-02-27T19:31:59.120+0000] {logging_mixin.py:190} INFO - [2025-02-27T19:31:59.120+0000] {dag.py:3239} INFO - Sync 1 DAGs
[2025-02-27T19:31:59.361+0000] {logging_mixin.py:190} INFO - [2025-02-27T19:31:59.361+0000] {dag.py:4180} INFO - Setting next_dagrun for example_branch_labels to 2025-02-26 00:00:00+00:00, run_after=2025-02-27 00:00:00+00:00
[2025-02-27T19:31:59.391+0000] {processor.py:208} INFO - Processing /home/sravan2418/airflow-env/lib/python3.11/site-packages/airflow/example_dags/example_branch_labels.py took 0.333 seconds
[2025-02-27T19:33:12.622+0000] {processor.py:186} INFO - Started process (PID=3356) to work on /home/sravan2418/airflow-env/lib/python3.11/site-packages/airflow/example_dags/example_branch_labels.py
[2025-02-27T19:33:12.625+0000] {processor.py:914} INFO - Processing file /home/sravan2418/airflow-env/lib/python3.11/site-packages/airflow/example_dags/example_branch_labels.py for tasks to queue
[2025-02-27T19:33:12.629+0000] {logging_mixin.py:190} INFO - [2025-02-27T19:33:12.629+0000] {dagbag.py:588} INFO - Filling up the DagBag from /home/sravan2418/airflow-env/lib/python3.11/site-packages/airflow/example_dags/example_branch_labels.py
[2025-02-27T19:33:12.652+0000] {processor.py:925} INFO - DAG(s) 'example_branch_labels' retrieved from /home/sravan2418/airflow-env/lib/python3.11/site-packages/airflow/example_dags/example_branch_labels.py
[2025-02-27T19:33:12.684+0000] {logging_mixin.py:190} INFO - [2025-02-27T19:33:12.683+0000] {dag.py:3239} INFO - Sync 1 DAGs
[2025-02-27T19:33:12.721+0000] {logging_mixin.py:190} INFO - [2025-02-27T19:33:12.721+0000] {dag.py:4180} INFO - Setting next_dagrun for example_branch_labels to 2025-02-26 00:00:00+00:00, run_after=2025-02-27 00:00:00+00:00
[2025-02-27T19:33:12.753+0000] {processor.py:208} INFO - Processing /home/sravan2418/airflow-env/lib/python3.11/site-packages/airflow/example_dags/example_branch_labels.py took 0.143 seconds
[2025-02-27T19:34:17.301+0000] {processor.py:186} INFO - Started process (PID=3420) to work on /home/sravan2418/airflow-env/lib/python3.11/site-packages/airflow/example_dags/example_branch_labels.py
[2025-02-27T19:34:17.304+0000] {processor.py:914} INFO - Processing file /home/sravan2418/airflow-env/lib/python3.11/site-packages/airflow/example_dags/example_branch_labels.py for tasks to queue
[2025-02-27T19:34:17.309+0000] {logging_mixin.py:190} INFO - [2025-02-27T19:34:17.308+0000] {dagbag.py:588} INFO - Filling up the DagBag from /home/sravan2418/airflow-env/lib/python3.11/site-packages/airflow/example_dags/example_branch_labels.py
[2025-02-27T19:34:17.329+0000] {processor.py:925} INFO - DAG(s) 'example_branch_labels' retrieved from /home/sravan2418/airflow-env/lib/python3.11/site-packages/airflow/example_dags/example_branch_labels.py
[2025-02-27T19:34:17.357+0000] {logging_mixin.py:190} INFO - [2025-02-27T19:34:17.357+0000] {dag.py:3239} INFO - Sync 1 DAGs
[2025-02-27T19:34:17.391+0000] {logging_mixin.py:190} INFO - [2025-02-27T19:34:17.391+0000] {dag.py:4180} INFO - Setting next_dagrun for example_branch_labels to 2025-02-26 00:00:00+00:00, run_after=2025-02-27 00:00:00+00:00
[2025-02-27T19:34:17.422+0000] {processor.py:208} INFO - Processing /home/sravan2418/airflow-env/lib/python3.11/site-packages/airflow/example_dags/example_branch_labels.py took 0.136 seconds
