[2025-02-27T19:23:43.385+0000] {processor.py:186} INFO - Started process (PID=2752) to work on /home/sravan2418/airflow-env/lib/python3.11/site-packages/airflow/example_dags/example_branch_day_of_week_operator.py
[2025-02-27T19:23:43.386+0000] {processor.py:914} INFO - Processing file /home/sravan2418/airflow-env/lib/python3.11/site-packages/airflow/example_dags/example_branch_day_of_week_operator.py for tasks to queue
[2025-02-27T19:23:43.390+0000] {logging_mixin.py:190} INFO - [2025-02-27T19:23:43.389+0000] {dagbag.py:588} INFO - Filling up the DagBag from /home/sravan2418/airflow-env/lib/python3.11/site-packages/airflow/example_dags/example_branch_day_of_week_operator.py
[2025-02-27T19:23:43.407+0000] {processor.py:925} INFO - DAG(s) 'example_weekday_branch_operator' retrieved from /home/sravan2418/airflow-env/lib/python3.11/site-packages/airflow/example_dags/example_branch_day_of_week_operator.py
[2025-02-27T19:23:43.533+0000] {logging_mixin.py:190} INFO - [2025-02-27T19:23:43.533+0000] {override.py:1930} INFO - Created Permission View: can edit on DAG:example_weekday_branch_operator
[2025-02-27T19:23:43.549+0000] {logging_mixin.py:190} INFO - [2025-02-27T19:23:43.548+0000] {override.py:1930} INFO - Created Permission View: can read on DAG:example_weekday_branch_operator
[2025-02-27T19:23:43.560+0000] {logging_mixin.py:190} INFO - [2025-02-27T19:23:43.559+0000] {override.py:1930} INFO - Created Permission View: can delete on DAG:example_weekday_branch_operator
[2025-02-27T19:23:43.576+0000] {logging_mixin.py:190} INFO - [2025-02-27T19:23:43.575+0000] {override.py:1930} INFO - Created Permission View: can read on DAG Run:example_weekday_branch_operator
[2025-02-27T19:23:43.587+0000] {logging_mixin.py:190} INFO - [2025-02-27T19:23:43.586+0000] {override.py:1930} INFO - Created Permission View: can delete on DAG Run:example_weekday_branch_operator
[2025-02-27T19:23:43.598+0000] {logging_mixin.py:190} INFO - [2025-02-27T19:23:43.597+0000] {override.py:1930} INFO - Created Permission View: menu access on DAG Run:example_weekday_branch_operator
[2025-02-27T19:23:43.608+0000] {logging_mixin.py:190} INFO - [2025-02-27T19:23:43.608+0000] {override.py:1930} INFO - Created Permission View: can create on DAG Run:example_weekday_branch_operator
[2025-02-27T19:23:43.609+0000] {logging_mixin.py:190} INFO - [2025-02-27T19:23:43.608+0000] {dag.py:3239} INFO - Sync 1 DAGs
[2025-02-27T19:23:43.622+0000] {logging_mixin.py:190} INFO - [2025-02-27T19:23:43.621+0000] {dag.py:3262} INFO - Creating ORM DAG for example_weekday_branch_operator
[2025-02-27T19:23:43.635+0000] {logging_mixin.py:190} INFO - [2025-02-27T19:23:43.635+0000] {dag.py:4180} INFO - Setting next_dagrun for example_weekday_branch_operator to 2025-02-26 00:00:00+00:00, run_after=2025-02-27 00:00:00+00:00
[2025-02-27T19:23:43.660+0000] {processor.py:208} INFO - Processing /home/sravan2418/airflow-env/lib/python3.11/site-packages/airflow/example_dags/example_branch_day_of_week_operator.py took 0.286 seconds
[2025-02-27T19:24:45.929+0000] {processor.py:186} INFO - Started process (PID=2822) to work on /home/sravan2418/airflow-env/lib/python3.11/site-packages/airflow/example_dags/example_branch_day_of_week_operator.py
[2025-02-27T19:24:45.932+0000] {processor.py:914} INFO - Processing file /home/sravan2418/airflow-env/lib/python3.11/site-packages/airflow/example_dags/example_branch_day_of_week_operator.py for tasks to queue
[2025-02-27T19:24:45.936+0000] {logging_mixin.py:190} INFO - [2025-02-27T19:24:45.935+0000] {dagbag.py:588} INFO - Filling up the DagBag from /home/sravan2418/airflow-env/lib/python3.11/site-packages/airflow/example_dags/example_branch_day_of_week_operator.py
[2025-02-27T19:24:45.953+0000] {processor.py:925} INFO - DAG(s) 'example_weekday_branch_operator' retrieved from /home/sravan2418/airflow-env/lib/python3.11/site-packages/airflow/example_dags/example_branch_day_of_week_operator.py
[2025-02-27T19:24:45.982+0000] {logging_mixin.py:190} INFO - [2025-02-27T19:24:45.982+0000] {dag.py:3239} INFO - Sync 1 DAGs
[2025-02-27T19:24:46.014+0000] {logging_mixin.py:190} INFO - [2025-02-27T19:24:46.013+0000] {dag.py:4180} INFO - Setting next_dagrun for example_weekday_branch_operator to 2025-02-26 00:00:00+00:00, run_after=2025-02-27 00:00:00+00:00
[2025-02-27T19:24:46.045+0000] {processor.py:208} INFO - Processing /home/sravan2418/airflow-env/lib/python3.11/site-packages/airflow/example_dags/example_branch_day_of_week_operator.py took 0.128 seconds
[2025-02-27T19:25:46.985+0000] {processor.py:186} INFO - Started process (PID=2884) to work on /home/sravan2418/airflow-env/lib/python3.11/site-packages/airflow/example_dags/example_branch_day_of_week_operator.py
[2025-02-27T19:25:46.987+0000] {processor.py:914} INFO - Processing file /home/sravan2418/airflow-env/lib/python3.11/site-packages/airflow/example_dags/example_branch_day_of_week_operator.py for tasks to queue
[2025-02-27T19:25:46.991+0000] {logging_mixin.py:190} INFO - [2025-02-27T19:25:46.990+0000] {dagbag.py:588} INFO - Filling up the DagBag from /home/sravan2418/airflow-env/lib/python3.11/site-packages/airflow/example_dags/example_branch_day_of_week_operator.py
[2025-02-27T19:25:47.006+0000] {processor.py:925} INFO - DAG(s) 'example_weekday_branch_operator' retrieved from /home/sravan2418/airflow-env/lib/python3.11/site-packages/airflow/example_dags/example_branch_day_of_week_operator.py
[2025-02-27T19:25:47.029+0000] {logging_mixin.py:190} INFO - [2025-02-27T19:25:47.029+0000] {dag.py:3239} INFO - Sync 1 DAGs
[2025-02-27T19:25:47.054+0000] {logging_mixin.py:190} INFO - [2025-02-27T19:25:47.054+0000] {dag.py:4180} INFO - Setting next_dagrun for example_weekday_branch_operator to 2025-02-26 00:00:00+00:00, run_after=2025-02-27 00:00:00+00:00
[2025-02-27T19:25:47.080+0000] {processor.py:208} INFO - Processing /home/sravan2418/airflow-env/lib/python3.11/site-packages/airflow/example_dags/example_branch_day_of_week_operator.py took 0.103 seconds
[2025-02-27T19:26:51.429+0000] {processor.py:186} INFO - Started process (PID=2948) to work on /home/sravan2418/airflow-env/lib/python3.11/site-packages/airflow/example_dags/example_branch_day_of_week_operator.py
[2025-02-27T19:26:51.431+0000] {processor.py:914} INFO - Processing file /home/sravan2418/airflow-env/lib/python3.11/site-packages/airflow/example_dags/example_branch_day_of_week_operator.py for tasks to queue
[2025-02-27T19:26:51.434+0000] {logging_mixin.py:190} INFO - [2025-02-27T19:26:51.434+0000] {dagbag.py:588} INFO - Filling up the DagBag from /home/sravan2418/airflow-env/lib/python3.11/site-packages/airflow/example_dags/example_branch_day_of_week_operator.py
[2025-02-27T19:26:51.449+0000] {processor.py:925} INFO - DAG(s) 'example_weekday_branch_operator' retrieved from /home/sravan2418/airflow-env/lib/python3.11/site-packages/airflow/example_dags/example_branch_day_of_week_operator.py
[2025-02-27T19:26:51.630+0000] {logging_mixin.py:190} INFO - [2025-02-27T19:26:51.630+0000] {dag.py:3239} INFO - Sync 1 DAGs
[2025-02-27T19:26:51.652+0000] {logging_mixin.py:190} INFO - [2025-02-27T19:26:51.652+0000] {dag.py:4180} INFO - Setting next_dagrun for example_weekday_branch_operator to 2025-02-26 00:00:00+00:00, run_after=2025-02-27 00:00:00+00:00
[2025-02-27T19:26:51.676+0000] {processor.py:208} INFO - Processing /home/sravan2418/airflow-env/lib/python3.11/site-packages/airflow/example_dags/example_branch_day_of_week_operator.py took 0.256 seconds
[2025-02-27T19:28:55.050+0000] {processor.py:186} INFO - Started process (PID=3094) to work on /home/sravan2418/airflow-env/lib/python3.11/site-packages/airflow/example_dags/example_branch_day_of_week_operator.py
[2025-02-27T19:28:55.053+0000] {processor.py:914} INFO - Processing file /home/sravan2418/airflow-env/lib/python3.11/site-packages/airflow/example_dags/example_branch_day_of_week_operator.py for tasks to queue
[2025-02-27T19:28:55.057+0000] {logging_mixin.py:190} INFO - [2025-02-27T19:28:55.056+0000] {dagbag.py:588} INFO - Filling up the DagBag from /home/sravan2418/airflow-env/lib/python3.11/site-packages/airflow/example_dags/example_branch_day_of_week_operator.py
[2025-02-27T19:28:55.075+0000] {processor.py:925} INFO - DAG(s) 'example_weekday_branch_operator' retrieved from /home/sravan2418/airflow-env/lib/python3.11/site-packages/airflow/example_dags/example_branch_day_of_week_operator.py
[2025-02-27T19:28:55.100+0000] {logging_mixin.py:190} INFO - [2025-02-27T19:28:55.100+0000] {dag.py:3239} INFO - Sync 1 DAGs
[2025-02-27T19:28:55.127+0000] {logging_mixin.py:190} INFO - [2025-02-27T19:28:55.127+0000] {dag.py:4180} INFO - Setting next_dagrun for example_weekday_branch_operator to 2025-02-26 00:00:00+00:00, run_after=2025-02-27 00:00:00+00:00
[2025-02-27T19:28:55.157+0000] {processor.py:208} INFO - Processing /home/sravan2418/airflow-env/lib/python3.11/site-packages/airflow/example_dags/example_branch_day_of_week_operator.py took 0.117 seconds
[2025-02-27T19:29:53.390+0000] {processor.py:186} INFO - Started process (PID=3159) to work on /home/sravan2418/airflow-env/lib/python3.11/site-packages/airflow/example_dags/example_branch_day_of_week_operator.py
[2025-02-27T19:29:53.393+0000] {processor.py:914} INFO - Processing file /home/sravan2418/airflow-env/lib/python3.11/site-packages/airflow/example_dags/example_branch_day_of_week_operator.py for tasks to queue
[2025-02-27T19:29:53.397+0000] {logging_mixin.py:190} INFO - [2025-02-27T19:29:53.397+0000] {dagbag.py:588} INFO - Filling up the DagBag from /home/sravan2418/airflow-env/lib/python3.11/site-packages/airflow/example_dags/example_branch_day_of_week_operator.py
[2025-02-27T19:29:53.418+0000] {processor.py:925} INFO - DAG(s) 'example_weekday_branch_operator' retrieved from /home/sravan2418/airflow-env/lib/python3.11/site-packages/airflow/example_dags/example_branch_day_of_week_operator.py
[2025-02-27T19:29:53.448+0000] {logging_mixin.py:190} INFO - [2025-02-27T19:29:53.447+0000] {dag.py:3239} INFO - Sync 1 DAGs
[2025-02-27T19:29:53.486+0000] {logging_mixin.py:190} INFO - [2025-02-27T19:29:53.485+0000] {dag.py:4180} INFO - Setting next_dagrun for example_weekday_branch_operator to 2025-02-26 00:00:00+00:00, run_after=2025-02-27 00:00:00+00:00
[2025-02-27T19:29:53.520+0000] {processor.py:208} INFO - Processing /home/sravan2418/airflow-env/lib/python3.11/site-packages/airflow/example_dags/example_branch_day_of_week_operator.py took 0.140 seconds
[2025-02-27T19:30:55.805+0000] {processor.py:186} INFO - Started process (PID=3222) to work on /home/sravan2418/airflow-env/lib/python3.11/site-packages/airflow/example_dags/example_branch_day_of_week_operator.py
[2025-02-27T19:30:55.807+0000] {processor.py:914} INFO - Processing file /home/sravan2418/airflow-env/lib/python3.11/site-packages/airflow/example_dags/example_branch_day_of_week_operator.py for tasks to queue
[2025-02-27T19:30:55.811+0000] {logging_mixin.py:190} INFO - [2025-02-27T19:30:55.810+0000] {dagbag.py:588} INFO - Filling up the DagBag from /home/sravan2418/airflow-env/lib/python3.11/site-packages/airflow/example_dags/example_branch_day_of_week_operator.py
[2025-02-27T19:30:55.831+0000] {processor.py:925} INFO - DAG(s) 'example_weekday_branch_operator' retrieved from /home/sravan2418/airflow-env/lib/python3.11/site-packages/airflow/example_dags/example_branch_day_of_week_operator.py
[2025-02-27T19:30:55.856+0000] {logging_mixin.py:190} INFO - [2025-02-27T19:30:55.856+0000] {dag.py:3239} INFO - Sync 1 DAGs
[2025-02-27T19:30:55.885+0000] {logging_mixin.py:190} INFO - [2025-02-27T19:30:55.884+0000] {dag.py:4180} INFO - Setting next_dagrun for example_weekday_branch_operator to 2025-02-26 00:00:00+00:00, run_after=2025-02-27 00:00:00+00:00
[2025-02-27T19:30:55.914+0000] {processor.py:208} INFO - Processing /home/sravan2418/airflow-env/lib/python3.11/site-packages/airflow/example_dags/example_branch_day_of_week_operator.py took 0.119 seconds
[2025-02-27T19:32:01.856+0000] {processor.py:186} INFO - Started process (PID=3284) to work on /home/sravan2418/airflow-env/lib/python3.11/site-packages/airflow/example_dags/example_branch_day_of_week_operator.py
[2025-02-27T19:32:01.859+0000] {processor.py:914} INFO - Processing file /home/sravan2418/airflow-env/lib/python3.11/site-packages/airflow/example_dags/example_branch_day_of_week_operator.py for tasks to queue
[2025-02-27T19:32:01.862+0000] {logging_mixin.py:190} INFO - [2025-02-27T19:32:01.862+0000] {dagbag.py:588} INFO - Filling up the DagBag from /home/sravan2418/airflow-env/lib/python3.11/site-packages/airflow/example_dags/example_branch_day_of_week_operator.py
[2025-02-27T19:32:01.882+0000] {processor.py:925} INFO - DAG(s) 'example_weekday_branch_operator' retrieved from /home/sravan2418/airflow-env/lib/python3.11/site-packages/airflow/example_dags/example_branch_day_of_week_operator.py
[2025-02-27T19:32:02.128+0000] {logging_mixin.py:190} INFO - [2025-02-27T19:32:02.127+0000] {dag.py:3239} INFO - Sync 1 DAGs
[2025-02-27T19:32:02.150+0000] {logging_mixin.py:190} INFO - [2025-02-27T19:32:02.150+0000] {dag.py:4180} INFO - Setting next_dagrun for example_weekday_branch_operator to 2025-02-26 00:00:00+00:00, run_after=2025-02-27 00:00:00+00:00
[2025-02-27T19:32:02.176+0000] {processor.py:208} INFO - Processing /home/sravan2418/airflow-env/lib/python3.11/site-packages/airflow/example_dags/example_branch_day_of_week_operator.py took 0.331 seconds
[2025-02-27T19:33:16.285+0000] {processor.py:186} INFO - Started process (PID=3360) to work on /home/sravan2418/airflow-env/lib/python3.11/site-packages/airflow/example_dags/example_branch_day_of_week_operator.py
[2025-02-27T19:33:16.287+0000] {processor.py:914} INFO - Processing file /home/sravan2418/airflow-env/lib/python3.11/site-packages/airflow/example_dags/example_branch_day_of_week_operator.py for tasks to queue
[2025-02-27T19:33:16.292+0000] {logging_mixin.py:190} INFO - [2025-02-27T19:33:16.291+0000] {dagbag.py:588} INFO - Filling up the DagBag from /home/sravan2418/airflow-env/lib/python3.11/site-packages/airflow/example_dags/example_branch_day_of_week_operator.py
[2025-02-27T19:33:16.312+0000] {processor.py:925} INFO - DAG(s) 'example_weekday_branch_operator' retrieved from /home/sravan2418/airflow-env/lib/python3.11/site-packages/airflow/example_dags/example_branch_day_of_week_operator.py
[2025-02-27T19:33:16.341+0000] {logging_mixin.py:190} INFO - [2025-02-27T19:33:16.340+0000] {dag.py:3239} INFO - Sync 1 DAGs
[2025-02-27T19:33:16.374+0000] {logging_mixin.py:190} INFO - [2025-02-27T19:33:16.373+0000] {dag.py:4180} INFO - Setting next_dagrun for example_weekday_branch_operator to 2025-02-26 00:00:00+00:00, run_after=2025-02-27 00:00:00+00:00
[2025-02-27T19:33:16.406+0000] {processor.py:208} INFO - Processing /home/sravan2418/airflow-env/lib/python3.11/site-packages/airflow/example_dags/example_branch_day_of_week_operator.py took 0.132 seconds
[2025-02-27T19:34:20.042+0000] {processor.py:186} INFO - Started process (PID=3423) to work on /home/sravan2418/airflow-env/lib/python3.11/site-packages/airflow/example_dags/example_branch_day_of_week_operator.py
[2025-02-27T19:34:20.045+0000] {processor.py:914} INFO - Processing file /home/sravan2418/airflow-env/lib/python3.11/site-packages/airflow/example_dags/example_branch_day_of_week_operator.py for tasks to queue
[2025-02-27T19:34:20.048+0000] {logging_mixin.py:190} INFO - [2025-02-27T19:34:20.048+0000] {dagbag.py:588} INFO - Filling up the DagBag from /home/sravan2418/airflow-env/lib/python3.11/site-packages/airflow/example_dags/example_branch_day_of_week_operator.py
[2025-02-27T19:34:20.065+0000] {processor.py:925} INFO - DAG(s) 'example_weekday_branch_operator' retrieved from /home/sravan2418/airflow-env/lib/python3.11/site-packages/airflow/example_dags/example_branch_day_of_week_operator.py
[2025-02-27T19:34:20.089+0000] {logging_mixin.py:190} INFO - [2025-02-27T19:34:20.088+0000] {dag.py:3239} INFO - Sync 1 DAGs
[2025-02-27T19:34:20.121+0000] {logging_mixin.py:190} INFO - [2025-02-27T19:34:20.121+0000] {dag.py:4180} INFO - Setting next_dagrun for example_weekday_branch_operator to 2025-02-26 00:00:00+00:00, run_after=2025-02-27 00:00:00+00:00
[2025-02-27T19:34:20.147+0000] {processor.py:208} INFO - Processing /home/sravan2418/airflow-env/lib/python3.11/site-packages/airflow/example_dags/example_branch_day_of_week_operator.py took 0.114 seconds
