[2025-02-27T19:21:13.729+0000] {processor.py:186} INFO - Started process (PID=2590) to work on /home/sravan2418/airflow-env/lib/python3.11/site-packages/airflow/example_dags/example_trigger_controller_dag.py
[2025-02-27T19:21:13.730+0000] {processor.py:914} INFO - Processing file /home/sravan2418/airflow-env/lib/python3.11/site-packages/airflow/example_dags/example_trigger_controller_dag.py for tasks to queue
[2025-02-27T19:21:13.733+0000] {logging_mixin.py:190} INFO - [2025-02-27T19:21:13.732+0000] {dagbag.py:588} INFO - Filling up the DagBag from /home/sravan2418/airflow-env/lib/python3.11/site-packages/airflow/example_dags/example_trigger_controller_dag.py
[2025-02-27T19:21:13.743+0000] {processor.py:925} INFO - DAG(s) 'example_trigger_controller_dag' retrieved from /home/sravan2418/airflow-env/lib/python3.11/site-packages/airflow/example_dags/example_trigger_controller_dag.py
[2025-02-27T19:21:13.869+0000] {logging_mixin.py:190} INFO - [2025-02-27T19:21:13.868+0000] {override.py:1930} INFO - Created Permission View: can edit on DAG:example_trigger_controller_dag
[2025-02-27T19:21:13.883+0000] {logging_mixin.py:190} INFO - [2025-02-27T19:21:13.882+0000] {override.py:1930} INFO - Created Permission View: can delete on DAG:example_trigger_controller_dag
[2025-02-27T19:21:13.894+0000] {logging_mixin.py:190} INFO - [2025-02-27T19:21:13.893+0000] {override.py:1930} INFO - Created Permission View: can read on DAG:example_trigger_controller_dag
[2025-02-27T19:21:13.911+0000] {logging_mixin.py:190} INFO - [2025-02-27T19:21:13.911+0000] {override.py:1930} INFO - Created Permission View: menu access on DAG Run:example_trigger_controller_dag
[2025-02-27T19:21:13.922+0000] {logging_mixin.py:190} INFO - [2025-02-27T19:21:13.922+0000] {override.py:1930} INFO - Created Permission View: can create on DAG Run:example_trigger_controller_dag
[2025-02-27T19:21:13.933+0000] {logging_mixin.py:190} INFO - [2025-02-27T19:21:13.932+0000] {override.py:1930} INFO - Created Permission View: can delete on DAG Run:example_trigger_controller_dag
[2025-02-27T19:21:13.943+0000] {logging_mixin.py:190} INFO - [2025-02-27T19:21:13.942+0000] {override.py:1930} INFO - Created Permission View: can read on DAG Run:example_trigger_controller_dag
[2025-02-27T19:21:13.944+0000] {logging_mixin.py:190} INFO - [2025-02-27T19:21:13.944+0000] {dag.py:3239} INFO - Sync 1 DAGs
[2025-02-27T19:21:13.959+0000] {logging_mixin.py:190} INFO - [2025-02-27T19:21:13.959+0000] {dag.py:3262} INFO - Creating ORM DAG for example_trigger_controller_dag
[2025-02-27T19:21:13.969+0000] {logging_mixin.py:190} INFO - [2025-02-27T19:21:13.968+0000] {dag.py:4180} INFO - Setting next_dagrun for example_trigger_controller_dag to 2021-01-01 00:00:00+00:00, run_after=2021-01-01 00:00:00+00:00
[2025-02-27T19:21:13.990+0000] {processor.py:208} INFO - Processing /home/sravan2418/airflow-env/lib/python3.11/site-packages/airflow/example_dags/example_trigger_controller_dag.py took 0.272 seconds
[2025-02-27T19:22:58.052+0000] {processor.py:186} INFO - Started process (PID=2709) to work on /home/sravan2418/airflow-env/lib/python3.11/site-packages/airflow/example_dags/example_trigger_controller_dag.py
[2025-02-27T19:22:58.058+0000] {processor.py:914} INFO - Processing file /home/sravan2418/airflow-env/lib/python3.11/site-packages/airflow/example_dags/example_trigger_controller_dag.py for tasks to queue
[2025-02-27T19:22:58.061+0000] {logging_mixin.py:190} INFO - [2025-02-27T19:22:58.061+0000] {dagbag.py:588} INFO - Filling up the DagBag from /home/sravan2418/airflow-env/lib/python3.11/site-packages/airflow/example_dags/example_trigger_controller_dag.py
[2025-02-27T19:22:58.072+0000] {processor.py:925} INFO - DAG(s) 'example_trigger_controller_dag' retrieved from /home/sravan2418/airflow-env/lib/python3.11/site-packages/airflow/example_dags/example_trigger_controller_dag.py
[2025-02-27T19:22:58.095+0000] {logging_mixin.py:190} INFO - [2025-02-27T19:22:58.095+0000] {dag.py:3239} INFO - Sync 1 DAGs
[2025-02-27T19:22:58.121+0000] {logging_mixin.py:190} INFO - [2025-02-27T19:22:58.120+0000] {dag.py:4180} INFO - Setting next_dagrun for example_trigger_controller_dag to 2021-01-01 00:00:00+00:00, run_after=2021-01-01 00:00:00+00:00
[2025-02-27T19:22:58.145+0000] {processor.py:208} INFO - Processing /home/sravan2418/airflow-env/lib/python3.11/site-packages/airflow/example_dags/example_trigger_controller_dag.py took 0.103 seconds
[2025-02-27T19:23:59.271+0000] {processor.py:186} INFO - Started process (PID=2768) to work on /home/sravan2418/airflow-env/lib/python3.11/site-packages/airflow/example_dags/example_trigger_controller_dag.py
[2025-02-27T19:23:59.273+0000] {processor.py:914} INFO - Processing file /home/sravan2418/airflow-env/lib/python3.11/site-packages/airflow/example_dags/example_trigger_controller_dag.py for tasks to queue
[2025-02-27T19:23:59.276+0000] {logging_mixin.py:190} INFO - [2025-02-27T19:23:59.276+0000] {dagbag.py:588} INFO - Filling up the DagBag from /home/sravan2418/airflow-env/lib/python3.11/site-packages/airflow/example_dags/example_trigger_controller_dag.py
[2025-02-27T19:23:59.288+0000] {processor.py:925} INFO - DAG(s) 'example_trigger_controller_dag' retrieved from /home/sravan2418/airflow-env/lib/python3.11/site-packages/airflow/example_dags/example_trigger_controller_dag.py
[2025-02-27T19:23:59.312+0000] {logging_mixin.py:190} INFO - [2025-02-27T19:23:59.312+0000] {dag.py:3239} INFO - Sync 1 DAGs
[2025-02-27T19:23:59.337+0000] {logging_mixin.py:190} INFO - [2025-02-27T19:23:59.336+0000] {dag.py:4180} INFO - Setting next_dagrun for example_trigger_controller_dag to 2021-01-01 00:00:00+00:00, run_after=2021-01-01 00:00:00+00:00
[2025-02-27T19:23:59.362+0000] {processor.py:208} INFO - Processing /home/sravan2418/airflow-env/lib/python3.11/site-packages/airflow/example_dags/example_trigger_controller_dag.py took 0.100 seconds
[2025-02-27T19:25:01.109+0000] {processor.py:186} INFO - Started process (PID=2840) to work on /home/sravan2418/airflow-env/lib/python3.11/site-packages/airflow/example_dags/example_trigger_controller_dag.py
[2025-02-27T19:25:01.112+0000] {processor.py:914} INFO - Processing file /home/sravan2418/airflow-env/lib/python3.11/site-packages/airflow/example_dags/example_trigger_controller_dag.py for tasks to queue
[2025-02-27T19:25:01.116+0000] {logging_mixin.py:190} INFO - [2025-02-27T19:25:01.115+0000] {dagbag.py:588} INFO - Filling up the DagBag from /home/sravan2418/airflow-env/lib/python3.11/site-packages/airflow/example_dags/example_trigger_controller_dag.py
[2025-02-27T19:25:01.130+0000] {processor.py:925} INFO - DAG(s) 'example_trigger_controller_dag' retrieved from /home/sravan2418/airflow-env/lib/python3.11/site-packages/airflow/example_dags/example_trigger_controller_dag.py
[2025-02-27T19:25:01.158+0000] {logging_mixin.py:190} INFO - [2025-02-27T19:25:01.158+0000] {dag.py:3239} INFO - Sync 1 DAGs
[2025-02-27T19:25:01.188+0000] {logging_mixin.py:190} INFO - [2025-02-27T19:25:01.188+0000] {dag.py:4180} INFO - Setting next_dagrun for example_trigger_controller_dag to 2021-01-01 00:00:00+00:00, run_after=2021-01-01 00:00:00+00:00
[2025-02-27T19:25:01.228+0000] {processor.py:208} INFO - Processing /home/sravan2418/airflow-env/lib/python3.11/site-packages/airflow/example_dags/example_trigger_controller_dag.py took 0.131 seconds
[2025-02-27T19:26:02.356+0000] {processor.py:186} INFO - Started process (PID=2900) to work on /home/sravan2418/airflow-env/lib/python3.11/site-packages/airflow/example_dags/example_trigger_controller_dag.py
[2025-02-27T19:26:02.359+0000] {processor.py:914} INFO - Processing file /home/sravan2418/airflow-env/lib/python3.11/site-packages/airflow/example_dags/example_trigger_controller_dag.py for tasks to queue
[2025-02-27T19:26:02.362+0000] {logging_mixin.py:190} INFO - [2025-02-27T19:26:02.361+0000] {dagbag.py:588} INFO - Filling up the DagBag from /home/sravan2418/airflow-env/lib/python3.11/site-packages/airflow/example_dags/example_trigger_controller_dag.py
[2025-02-27T19:26:02.373+0000] {processor.py:925} INFO - DAG(s) 'example_trigger_controller_dag' retrieved from /home/sravan2418/airflow-env/lib/python3.11/site-packages/airflow/example_dags/example_trigger_controller_dag.py
[2025-02-27T19:26:02.394+0000] {logging_mixin.py:190} INFO - [2025-02-27T19:26:02.394+0000] {dag.py:3239} INFO - Sync 1 DAGs
[2025-02-27T19:26:02.418+0000] {logging_mixin.py:190} INFO - [2025-02-27T19:26:02.418+0000] {dag.py:4180} INFO - Setting next_dagrun for example_trigger_controller_dag to 2021-01-01 00:00:00+00:00, run_after=2021-01-01 00:00:00+00:00
[2025-02-27T19:26:02.445+0000] {processor.py:208} INFO - Processing /home/sravan2418/airflow-env/lib/python3.11/site-packages/airflow/example_dags/example_trigger_controller_dag.py took 0.098 seconds
[2025-02-27T19:27:10.443+0000] {processor.py:186} INFO - Started process (PID=2965) to work on /home/sravan2418/airflow-env/lib/python3.11/site-packages/airflow/example_dags/example_trigger_controller_dag.py
[2025-02-27T19:27:10.446+0000] {processor.py:914} INFO - Processing file /home/sravan2418/airflow-env/lib/python3.11/site-packages/airflow/example_dags/example_trigger_controller_dag.py for tasks to queue
[2025-02-27T19:27:10.451+0000] {logging_mixin.py:190} INFO - [2025-02-27T19:27:10.450+0000] {dagbag.py:588} INFO - Filling up the DagBag from /home/sravan2418/airflow-env/lib/python3.11/site-packages/airflow/example_dags/example_trigger_controller_dag.py
[2025-02-27T19:27:10.473+0000] {processor.py:925} INFO - DAG(s) 'example_trigger_controller_dag' retrieved from /home/sravan2418/airflow-env/lib/python3.11/site-packages/airflow/example_dags/example_trigger_controller_dag.py
[2025-02-27T19:27:10.510+0000] {logging_mixin.py:190} INFO - [2025-02-27T19:27:10.510+0000] {dag.py:3239} INFO - Sync 1 DAGs
[2025-02-27T19:27:10.550+0000] {logging_mixin.py:190} INFO - [2025-02-27T19:27:10.549+0000] {dag.py:4180} INFO - Setting next_dagrun for example_trigger_controller_dag to 2021-01-01 00:00:00+00:00, run_after=2021-01-01 00:00:00+00:00
[2025-02-27T19:27:10.584+0000] {processor.py:208} INFO - Processing /home/sravan2418/airflow-env/lib/python3.11/site-packages/airflow/example_dags/example_trigger_controller_dag.py took 0.157 seconds
[2025-02-27T19:28:10.898+0000] {processor.py:186} INFO - Started process (PID=3042) to work on /home/sravan2418/airflow-env/lib/python3.11/site-packages/airflow/example_dags/example_trigger_controller_dag.py
[2025-02-27T19:28:10.900+0000] {processor.py:914} INFO - Processing file /home/sravan2418/airflow-env/lib/python3.11/site-packages/airflow/example_dags/example_trigger_controller_dag.py for tasks to queue
[2025-02-27T19:28:10.903+0000] {logging_mixin.py:190} INFO - [2025-02-27T19:28:10.903+0000] {dagbag.py:588} INFO - Filling up the DagBag from /home/sravan2418/airflow-env/lib/python3.11/site-packages/airflow/example_dags/example_trigger_controller_dag.py
[2025-02-27T19:28:10.914+0000] {processor.py:925} INFO - DAG(s) 'example_trigger_controller_dag' retrieved from /home/sravan2418/airflow-env/lib/python3.11/site-packages/airflow/example_dags/example_trigger_controller_dag.py
[2025-02-27T19:28:10.936+0000] {logging_mixin.py:190} INFO - [2025-02-27T19:28:10.936+0000] {dag.py:3239} INFO - Sync 1 DAGs
[2025-02-27T19:28:10.962+0000] {logging_mixin.py:190} INFO - [2025-02-27T19:28:10.961+0000] {dag.py:4180} INFO - Setting next_dagrun for example_trigger_controller_dag to 2021-01-01 00:00:00+00:00, run_after=2021-01-01 00:00:00+00:00
[2025-02-27T19:28:10.988+0000] {processor.py:208} INFO - Processing /home/sravan2418/airflow-env/lib/python3.11/site-packages/airflow/example_dags/example_trigger_controller_dag.py took 0.100 seconds
[2025-02-27T19:29:10.732+0000] {processor.py:186} INFO - Started process (PID=3113) to work on /home/sravan2418/airflow-env/lib/python3.11/site-packages/airflow/example_dags/example_trigger_controller_dag.py
[2025-02-27T19:29:10.734+0000] {processor.py:914} INFO - Processing file /home/sravan2418/airflow-env/lib/python3.11/site-packages/airflow/example_dags/example_trigger_controller_dag.py for tasks to queue
[2025-02-27T19:29:10.737+0000] {logging_mixin.py:190} INFO - [2025-02-27T19:29:10.737+0000] {dagbag.py:588} INFO - Filling up the DagBag from /home/sravan2418/airflow-env/lib/python3.11/site-packages/airflow/example_dags/example_trigger_controller_dag.py
[2025-02-27T19:29:10.749+0000] {processor.py:925} INFO - DAG(s) 'example_trigger_controller_dag' retrieved from /home/sravan2418/airflow-env/lib/python3.11/site-packages/airflow/example_dags/example_trigger_controller_dag.py
[2025-02-27T19:29:10.771+0000] {logging_mixin.py:190} INFO - [2025-02-27T19:29:10.771+0000] {dag.py:3239} INFO - Sync 1 DAGs
[2025-02-27T19:29:10.797+0000] {logging_mixin.py:190} INFO - [2025-02-27T19:29:10.796+0000] {dag.py:4180} INFO - Setting next_dagrun for example_trigger_controller_dag to 2021-01-01 00:00:00+00:00, run_after=2021-01-01 00:00:00+00:00
[2025-02-27T19:29:10.824+0000] {processor.py:208} INFO - Processing /home/sravan2418/airflow-env/lib/python3.11/site-packages/airflow/example_dags/example_trigger_controller_dag.py took 0.100 seconds
[2025-02-27T19:30:08.451+0000] {processor.py:186} INFO - Started process (PID=3174) to work on /home/sravan2418/airflow-env/lib/python3.11/site-packages/airflow/example_dags/example_trigger_controller_dag.py
[2025-02-27T19:30:08.454+0000] {processor.py:914} INFO - Processing file /home/sravan2418/airflow-env/lib/python3.11/site-packages/airflow/example_dags/example_trigger_controller_dag.py for tasks to queue
[2025-02-27T19:30:08.458+0000] {logging_mixin.py:190} INFO - [2025-02-27T19:30:08.457+0000] {dagbag.py:588} INFO - Filling up the DagBag from /home/sravan2418/airflow-env/lib/python3.11/site-packages/airflow/example_dags/example_trigger_controller_dag.py
[2025-02-27T19:30:08.473+0000] {processor.py:925} INFO - DAG(s) 'example_trigger_controller_dag' retrieved from /home/sravan2418/airflow-env/lib/python3.11/site-packages/airflow/example_dags/example_trigger_controller_dag.py
[2025-02-27T19:30:08.500+0000] {logging_mixin.py:190} INFO - [2025-02-27T19:30:08.500+0000] {dag.py:3239} INFO - Sync 1 DAGs
[2025-02-27T19:30:08.534+0000] {logging_mixin.py:190} INFO - [2025-02-27T19:30:08.534+0000] {dag.py:4180} INFO - Setting next_dagrun for example_trigger_controller_dag to 2021-01-01 00:00:00+00:00, run_after=2021-01-01 00:00:00+00:00
[2025-02-27T19:30:08.585+0000] {processor.py:208} INFO - Processing /home/sravan2418/airflow-env/lib/python3.11/site-packages/airflow/example_dags/example_trigger_controller_dag.py took 0.145 seconds
[2025-02-27T19:31:12.468+0000] {processor.py:186} INFO - Started process (PID=3238) to work on /home/sravan2418/airflow-env/lib/python3.11/site-packages/airflow/example_dags/example_trigger_controller_dag.py
[2025-02-27T19:31:12.470+0000] {processor.py:914} INFO - Processing file /home/sravan2418/airflow-env/lib/python3.11/site-packages/airflow/example_dags/example_trigger_controller_dag.py for tasks to queue
[2025-02-27T19:31:12.472+0000] {logging_mixin.py:190} INFO - [2025-02-27T19:31:12.472+0000] {dagbag.py:588} INFO - Filling up the DagBag from /home/sravan2418/airflow-env/lib/python3.11/site-packages/airflow/example_dags/example_trigger_controller_dag.py
[2025-02-27T19:31:12.483+0000] {processor.py:925} INFO - DAG(s) 'example_trigger_controller_dag' retrieved from /home/sravan2418/airflow-env/lib/python3.11/site-packages/airflow/example_dags/example_trigger_controller_dag.py
[2025-02-27T19:31:12.504+0000] {logging_mixin.py:190} INFO - [2025-02-27T19:31:12.504+0000] {dag.py:3239} INFO - Sync 1 DAGs
[2025-02-27T19:31:12.528+0000] {logging_mixin.py:190} INFO - [2025-02-27T19:31:12.527+0000] {dag.py:4180} INFO - Setting next_dagrun for example_trigger_controller_dag to 2021-01-01 00:00:00+00:00, run_after=2021-01-01 00:00:00+00:00
[2025-02-27T19:31:12.552+0000] {processor.py:208} INFO - Processing /home/sravan2418/airflow-env/lib/python3.11/site-packages/airflow/example_dags/example_trigger_controller_dag.py took 0.093 seconds
[2025-02-27T19:32:21.665+0000] {processor.py:186} INFO - Started process (PID=3309) to work on /home/sravan2418/airflow-env/lib/python3.11/site-packages/airflow/example_dags/example_trigger_controller_dag.py
[2025-02-27T19:32:21.669+0000] {processor.py:914} INFO - Processing file /home/sravan2418/airflow-env/lib/python3.11/site-packages/airflow/example_dags/example_trigger_controller_dag.py for tasks to queue
[2025-02-27T19:32:21.675+0000] {logging_mixin.py:190} INFO - [2025-02-27T19:32:21.675+0000] {dagbag.py:588} INFO - Filling up the DagBag from /home/sravan2418/airflow-env/lib/python3.11/site-packages/airflow/example_dags/example_trigger_controller_dag.py
[2025-02-27T19:32:21.697+0000] {processor.py:925} INFO - DAG(s) 'example_trigger_controller_dag' retrieved from /home/sravan2418/airflow-env/lib/python3.11/site-packages/airflow/example_dags/example_trigger_controller_dag.py
[2025-02-27T19:32:21.742+0000] {logging_mixin.py:190} INFO - [2025-02-27T19:32:21.742+0000] {dag.py:3239} INFO - Sync 1 DAGs
[2025-02-27T19:32:21.798+0000] {logging_mixin.py:190} INFO - [2025-02-27T19:32:21.798+0000] {dag.py:4180} INFO - Setting next_dagrun for example_trigger_controller_dag to 2021-01-01 00:00:00+00:00, run_after=2021-01-01 00:00:00+00:00
[2025-02-27T19:32:21.849+0000] {processor.py:208} INFO - Processing /home/sravan2418/airflow-env/lib/python3.11/site-packages/airflow/example_dags/example_trigger_controller_dag.py took 0.201 seconds
[2025-02-27T19:33:29.501+0000] {processor.py:186} INFO - Started process (PID=3374) to work on /home/sravan2418/airflow-env/lib/python3.11/site-packages/airflow/example_dags/example_trigger_controller_dag.py
[2025-02-27T19:33:29.504+0000] {processor.py:914} INFO - Processing file /home/sravan2418/airflow-env/lib/python3.11/site-packages/airflow/example_dags/example_trigger_controller_dag.py for tasks to queue
[2025-02-27T19:33:29.509+0000] {logging_mixin.py:190} INFO - [2025-02-27T19:33:29.508+0000] {dagbag.py:588} INFO - Filling up the DagBag from /home/sravan2418/airflow-env/lib/python3.11/site-packages/airflow/example_dags/example_trigger_controller_dag.py
[2025-02-27T19:33:29.525+0000] {processor.py:925} INFO - DAG(s) 'example_trigger_controller_dag' retrieved from /home/sravan2418/airflow-env/lib/python3.11/site-packages/airflow/example_dags/example_trigger_controller_dag.py
[2025-02-27T19:33:29.553+0000] {logging_mixin.py:190} INFO - [2025-02-27T19:33:29.552+0000] {dag.py:3239} INFO - Sync 1 DAGs
[2025-02-27T19:33:29.586+0000] {logging_mixin.py:190} INFO - [2025-02-27T19:33:29.585+0000] {dag.py:4180} INFO - Setting next_dagrun for example_trigger_controller_dag to 2021-01-01 00:00:00+00:00, run_after=2021-01-01 00:00:00+00:00
[2025-02-27T19:33:29.623+0000] {processor.py:208} INFO - Processing /home/sravan2418/airflow-env/lib/python3.11/site-packages/airflow/example_dags/example_trigger_controller_dag.py took 0.135 seconds
[2025-02-27T19:34:34.130+0000] {processor.py:186} INFO - Started process (PID=3440) to work on /home/sravan2418/airflow-env/lib/python3.11/site-packages/airflow/example_dags/example_trigger_controller_dag.py
[2025-02-27T19:34:34.133+0000] {processor.py:914} INFO - Processing file /home/sravan2418/airflow-env/lib/python3.11/site-packages/airflow/example_dags/example_trigger_controller_dag.py for tasks to queue
[2025-02-27T19:34:34.137+0000] {logging_mixin.py:190} INFO - [2025-02-27T19:34:34.136+0000] {dagbag.py:588} INFO - Filling up the DagBag from /home/sravan2418/airflow-env/lib/python3.11/site-packages/airflow/example_dags/example_trigger_controller_dag.py
[2025-02-27T19:34:34.151+0000] {processor.py:925} INFO - DAG(s) 'example_trigger_controller_dag' retrieved from /home/sravan2418/airflow-env/lib/python3.11/site-packages/airflow/example_dags/example_trigger_controller_dag.py
[2025-02-27T19:34:34.179+0000] {logging_mixin.py:190} INFO - [2025-02-27T19:34:34.178+0000] {dag.py:3239} INFO - Sync 1 DAGs
[2025-02-27T19:34:34.214+0000] {logging_mixin.py:190} INFO - [2025-02-27T19:34:34.214+0000] {dag.py:4180} INFO - Setting next_dagrun for example_trigger_controller_dag to 2021-01-01 00:00:00+00:00, run_after=2021-01-01 00:00:00+00:00
[2025-02-27T19:34:34.246+0000] {processor.py:208} INFO - Processing /home/sravan2418/airflow-env/lib/python3.11/site-packages/airflow/example_dags/example_trigger_controller_dag.py took 0.127 seconds
