[2025-02-27T19:22:02.038+0000] {processor.py:186} INFO - Started process (PID=2663) to work on /home/sravan2418/airflow-env/lib/python3.11/site-packages/airflow/example_dags/example_inlet_event_extra.py
[2025-02-27T19:22:02.039+0000] {processor.py:914} INFO - Processing file /home/sravan2418/airflow-env/lib/python3.11/site-packages/airflow/example_dags/example_inlet_event_extra.py for tasks to queue
[2025-02-27T19:22:02.042+0000] {logging_mixin.py:190} INFO - [2025-02-27T19:22:02.041+0000] {dagbag.py:588} INFO - Filling up the DagBag from /home/sravan2418/airflow-env/lib/python3.11/site-packages/airflow/example_dags/example_inlet_event_extra.py
[2025-02-27T19:22:02.061+0000] {processor.py:925} INFO - DAG(s) 'read_dataset_event_from_classic', 'read_dataset_event' retrieved from /home/sravan2418/airflow-env/lib/python3.11/site-packages/airflow/example_dags/example_inlet_event_extra.py
[2025-02-27T19:22:02.194+0000] {logging_mixin.py:190} INFO - [2025-02-27T19:22:02.193+0000] {override.py:1930} INFO - Created Permission View: can edit on DAG:read_dataset_event_from_classic
[2025-02-27T19:22:02.211+0000] {logging_mixin.py:190} INFO - [2025-02-27T19:22:02.211+0000] {override.py:1930} INFO - Created Permission View: can delete on DAG:read_dataset_event_from_classic
[2025-02-27T19:22:02.223+0000] {logging_mixin.py:190} INFO - [2025-02-27T19:22:02.222+0000] {override.py:1930} INFO - Created Permission View: can read on DAG:read_dataset_event_from_classic
[2025-02-27T19:22:02.242+0000] {logging_mixin.py:190} INFO - [2025-02-27T19:22:02.242+0000] {override.py:1930} INFO - Created Permission View: menu access on DAG Run:read_dataset_event_from_classic
[2025-02-27T19:22:02.254+0000] {logging_mixin.py:190} INFO - [2025-02-27T19:22:02.253+0000] {override.py:1930} INFO - Created Permission View: can create on DAG Run:read_dataset_event_from_classic
[2025-02-27T19:22:02.267+0000] {logging_mixin.py:190} INFO - [2025-02-27T19:22:02.266+0000] {override.py:1930} INFO - Created Permission View: can delete on DAG Run:read_dataset_event_from_classic
[2025-02-27T19:22:02.280+0000] {logging_mixin.py:190} INFO - [2025-02-27T19:22:02.280+0000] {override.py:1930} INFO - Created Permission View: can read on DAG Run:read_dataset_event_from_classic
[2025-02-27T19:22:02.309+0000] {logging_mixin.py:190} INFO - [2025-02-27T19:22:02.309+0000] {override.py:1930} INFO - Created Permission View: can edit on DAG:read_dataset_event
[2025-02-27T19:22:02.321+0000] {logging_mixin.py:190} INFO - [2025-02-27T19:22:02.321+0000] {override.py:1930} INFO - Created Permission View: can delete on DAG:read_dataset_event
[2025-02-27T19:22:02.333+0000] {logging_mixin.py:190} INFO - [2025-02-27T19:22:02.332+0000] {override.py:1930} INFO - Created Permission View: can read on DAG:read_dataset_event
[2025-02-27T19:22:02.352+0000] {logging_mixin.py:190} INFO - [2025-02-27T19:22:02.352+0000] {override.py:1930} INFO - Created Permission View: menu access on DAG Run:read_dataset_event
[2025-02-27T19:22:02.364+0000] {logging_mixin.py:190} INFO - [2025-02-27T19:22:02.363+0000] {override.py:1930} INFO - Created Permission View: can create on DAG Run:read_dataset_event
[2025-02-27T19:22:02.376+0000] {logging_mixin.py:190} INFO - [2025-02-27T19:22:02.376+0000] {override.py:1930} INFO - Created Permission View: can delete on DAG Run:read_dataset_event
[2025-02-27T19:22:02.390+0000] {logging_mixin.py:190} INFO - [2025-02-27T19:22:02.390+0000] {override.py:1930} INFO - Created Permission View: can read on DAG Run:read_dataset_event
[2025-02-27T19:22:02.391+0000] {logging_mixin.py:190} INFO - [2025-02-27T19:22:02.391+0000] {dag.py:3239} INFO - Sync 2 DAGs
[2025-02-27T19:22:02.409+0000] {logging_mixin.py:190} INFO - [2025-02-27T19:22:02.409+0000] {dag.py:3262} INFO - Creating ORM DAG for read_dataset_event_from_classic
[2025-02-27T19:22:02.410+0000] {logging_mixin.py:190} INFO - [2025-02-27T19:22:02.410+0000] {dag.py:3262} INFO - Creating ORM DAG for read_dataset_event
[2025-02-27T19:22:02.424+0000] {logging_mixin.py:190} INFO - [2025-02-27T19:22:02.424+0000] {dag.py:4180} INFO - Setting next_dagrun for read_dataset_event to 2025-02-26 00:00:00+00:00, run_after=2025-02-27 00:00:00+00:00
[2025-02-27T19:22:02.426+0000] {logging_mixin.py:190} INFO - [2025-02-27T19:22:02.426+0000] {dag.py:4180} INFO - Setting next_dagrun for read_dataset_event_from_classic to 2025-02-26 00:00:00+00:00, run_after=2025-02-27 00:00:00+00:00
[2025-02-27T19:22:02.453+0000] {processor.py:208} INFO - Processing /home/sravan2418/airflow-env/lib/python3.11/site-packages/airflow/example_dags/example_inlet_event_extra.py took 0.424 seconds
[2025-02-27T19:23:39.379+0000] {processor.py:186} INFO - Started process (PID=2748) to work on /home/sravan2418/airflow-env/lib/python3.11/site-packages/airflow/example_dags/example_inlet_event_extra.py
[2025-02-27T19:23:39.381+0000] {processor.py:914} INFO - Processing file /home/sravan2418/airflow-env/lib/python3.11/site-packages/airflow/example_dags/example_inlet_event_extra.py for tasks to queue
[2025-02-27T19:23:39.384+0000] {logging_mixin.py:190} INFO - [2025-02-27T19:23:39.384+0000] {dagbag.py:588} INFO - Filling up the DagBag from /home/sravan2418/airflow-env/lib/python3.11/site-packages/airflow/example_dags/example_inlet_event_extra.py
[2025-02-27T19:23:39.403+0000] {processor.py:925} INFO - DAG(s) 'read_dataset_event_from_classic', 'read_dataset_event' retrieved from /home/sravan2418/airflow-env/lib/python3.11/site-packages/airflow/example_dags/example_inlet_event_extra.py
[2025-02-27T19:23:39.428+0000] {logging_mixin.py:190} INFO - [2025-02-27T19:23:39.428+0000] {dag.py:3239} INFO - Sync 2 DAGs
[2025-02-27T19:23:39.454+0000] {logging_mixin.py:190} INFO - [2025-02-27T19:23:39.454+0000] {dag.py:4180} INFO - Setting next_dagrun for read_dataset_event to 2025-02-26 00:00:00+00:00, run_after=2025-02-27 00:00:00+00:00
[2025-02-27T19:23:39.460+0000] {logging_mixin.py:190} INFO - [2025-02-27T19:23:39.460+0000] {dag.py:4180} INFO - Setting next_dagrun for read_dataset_event_from_classic to 2025-02-26 00:00:00+00:00, run_after=2025-02-27 00:00:00+00:00
[2025-02-27T19:23:39.483+0000] {processor.py:208} INFO - Processing /home/sravan2418/airflow-env/lib/python3.11/site-packages/airflow/example_dags/example_inlet_event_extra.py took 0.113 seconds
[2025-02-27T19:24:41.009+0000] {processor.py:186} INFO - Started process (PID=2818) to work on /home/sravan2418/airflow-env/lib/python3.11/site-packages/airflow/example_dags/example_inlet_event_extra.py
[2025-02-27T19:24:41.011+0000] {processor.py:914} INFO - Processing file /home/sravan2418/airflow-env/lib/python3.11/site-packages/airflow/example_dags/example_inlet_event_extra.py for tasks to queue
[2025-02-27T19:24:41.014+0000] {logging_mixin.py:190} INFO - [2025-02-27T19:24:41.013+0000] {dagbag.py:588} INFO - Filling up the DagBag from /home/sravan2418/airflow-env/lib/python3.11/site-packages/airflow/example_dags/example_inlet_event_extra.py
[2025-02-27T19:24:41.033+0000] {processor.py:925} INFO - DAG(s) 'read_dataset_event_from_classic', 'read_dataset_event' retrieved from /home/sravan2418/airflow-env/lib/python3.11/site-packages/airflow/example_dags/example_inlet_event_extra.py
[2025-02-27T19:24:41.057+0000] {logging_mixin.py:190} INFO - [2025-02-27T19:24:41.057+0000] {dag.py:3239} INFO - Sync 2 DAGs
[2025-02-27T19:24:41.085+0000] {logging_mixin.py:190} INFO - [2025-02-27T19:24:41.084+0000] {dag.py:4180} INFO - Setting next_dagrun for read_dataset_event to 2025-02-26 00:00:00+00:00, run_after=2025-02-27 00:00:00+00:00
[2025-02-27T19:24:41.090+0000] {logging_mixin.py:190} INFO - [2025-02-27T19:24:41.090+0000] {dag.py:4180} INFO - Setting next_dagrun for read_dataset_event_from_classic to 2025-02-26 00:00:00+00:00, run_after=2025-02-27 00:00:00+00:00
[2025-02-27T19:24:41.114+0000] {processor.py:208} INFO - Processing /home/sravan2418/airflow-env/lib/python3.11/site-packages/airflow/example_dags/example_inlet_event_extra.py took 0.115 seconds
[2025-02-27T19:25:42.073+0000] {processor.py:186} INFO - Started process (PID=2878) to work on /home/sravan2418/airflow-env/lib/python3.11/site-packages/airflow/example_dags/example_inlet_event_extra.py
[2025-02-27T19:25:42.075+0000] {processor.py:914} INFO - Processing file /home/sravan2418/airflow-env/lib/python3.11/site-packages/airflow/example_dags/example_inlet_event_extra.py for tasks to queue
[2025-02-27T19:25:42.080+0000] {logging_mixin.py:190} INFO - [2025-02-27T19:25:42.079+0000] {dagbag.py:588} INFO - Filling up the DagBag from /home/sravan2418/airflow-env/lib/python3.11/site-packages/airflow/example_dags/example_inlet_event_extra.py
[2025-02-27T19:25:42.102+0000] {processor.py:925} INFO - DAG(s) 'read_dataset_event', 'read_dataset_event_from_classic' retrieved from /home/sravan2418/airflow-env/lib/python3.11/site-packages/airflow/example_dags/example_inlet_event_extra.py
[2025-02-27T19:25:42.130+0000] {logging_mixin.py:190} INFO - [2025-02-27T19:25:42.130+0000] {dag.py:3239} INFO - Sync 2 DAGs
[2025-02-27T19:25:42.162+0000] {logging_mixin.py:190} INFO - [2025-02-27T19:25:42.161+0000] {dag.py:4180} INFO - Setting next_dagrun for read_dataset_event to 2025-02-26 00:00:00+00:00, run_after=2025-02-27 00:00:00+00:00
[2025-02-27T19:25:42.168+0000] {logging_mixin.py:190} INFO - [2025-02-27T19:25:42.167+0000] {dag.py:4180} INFO - Setting next_dagrun for read_dataset_event_from_classic to 2025-02-26 00:00:00+00:00, run_after=2025-02-27 00:00:00+00:00
[2025-02-27T19:25:42.194+0000] {processor.py:208} INFO - Processing /home/sravan2418/airflow-env/lib/python3.11/site-packages/airflow/example_dags/example_inlet_event_extra.py took 0.133 seconds
[2025-02-27T19:26:47.651+0000] {processor.py:186} INFO - Started process (PID=2944) to work on /home/sravan2418/airflow-env/lib/python3.11/site-packages/airflow/example_dags/example_inlet_event_extra.py
[2025-02-27T19:26:47.653+0000] {processor.py:914} INFO - Processing file /home/sravan2418/airflow-env/lib/python3.11/site-packages/airflow/example_dags/example_inlet_event_extra.py for tasks to queue
[2025-02-27T19:26:47.656+0000] {logging_mixin.py:190} INFO - [2025-02-27T19:26:47.655+0000] {dagbag.py:588} INFO - Filling up the DagBag from /home/sravan2418/airflow-env/lib/python3.11/site-packages/airflow/example_dags/example_inlet_event_extra.py
[2025-02-27T19:26:47.674+0000] {processor.py:925} INFO - DAG(s) 'read_dataset_event_from_classic', 'read_dataset_event' retrieved from /home/sravan2418/airflow-env/lib/python3.11/site-packages/airflow/example_dags/example_inlet_event_extra.py
[2025-02-27T19:26:47.852+0000] {logging_mixin.py:190} INFO - [2025-02-27T19:26:47.852+0000] {dag.py:3239} INFO - Sync 2 DAGs
[2025-02-27T19:26:47.875+0000] {logging_mixin.py:190} INFO - [2025-02-27T19:26:47.875+0000] {dag.py:4180} INFO - Setting next_dagrun for read_dataset_event to 2025-02-26 00:00:00+00:00, run_after=2025-02-27 00:00:00+00:00
[2025-02-27T19:26:47.882+0000] {logging_mixin.py:190} INFO - [2025-02-27T19:26:47.882+0000] {dag.py:4180} INFO - Setting next_dagrun for read_dataset_event_from_classic to 2025-02-26 00:00:00+00:00, run_after=2025-02-27 00:00:00+00:00
[2025-02-27T19:26:47.904+0000] {processor.py:208} INFO - Processing /home/sravan2418/airflow-env/lib/python3.11/site-packages/airflow/example_dags/example_inlet_event_extra.py took 0.262 seconds
[2025-02-27T19:28:50.657+0000] {processor.py:186} INFO - Started process (PID=3088) to work on /home/sravan2418/airflow-env/lib/python3.11/site-packages/airflow/example_dags/example_inlet_event_extra.py
[2025-02-27T19:28:50.659+0000] {processor.py:914} INFO - Processing file /home/sravan2418/airflow-env/lib/python3.11/site-packages/airflow/example_dags/example_inlet_event_extra.py for tasks to queue
[2025-02-27T19:28:50.663+0000] {logging_mixin.py:190} INFO - [2025-02-27T19:28:50.663+0000] {dagbag.py:588} INFO - Filling up the DagBag from /home/sravan2418/airflow-env/lib/python3.11/site-packages/airflow/example_dags/example_inlet_event_extra.py
[2025-02-27T19:28:50.686+0000] {processor.py:925} INFO - DAG(s) 'read_dataset_event_from_classic', 'read_dataset_event' retrieved from /home/sravan2418/airflow-env/lib/python3.11/site-packages/airflow/example_dags/example_inlet_event_extra.py
[2025-02-27T19:28:50.715+0000] {logging_mixin.py:190} INFO - [2025-02-27T19:28:50.715+0000] {dag.py:3239} INFO - Sync 2 DAGs
[2025-02-27T19:28:50.748+0000] {logging_mixin.py:190} INFO - [2025-02-27T19:28:50.747+0000] {dag.py:4180} INFO - Setting next_dagrun for read_dataset_event to 2025-02-26 00:00:00+00:00, run_after=2025-02-27 00:00:00+00:00
[2025-02-27T19:28:50.754+0000] {logging_mixin.py:190} INFO - [2025-02-27T19:28:50.754+0000] {dag.py:4180} INFO - Setting next_dagrun for read_dataset_event_from_classic to 2025-02-26 00:00:00+00:00, run_after=2025-02-27 00:00:00+00:00
[2025-02-27T19:28:50.783+0000] {processor.py:208} INFO - Processing /home/sravan2418/airflow-env/lib/python3.11/site-packages/airflow/example_dags/example_inlet_event_extra.py took 0.137 seconds
[2025-02-27T19:29:49.179+0000] {processor.py:186} INFO - Started process (PID=3155) to work on /home/sravan2418/airflow-env/lib/python3.11/site-packages/airflow/example_dags/example_inlet_event_extra.py
[2025-02-27T19:29:49.183+0000] {processor.py:914} INFO - Processing file /home/sravan2418/airflow-env/lib/python3.11/site-packages/airflow/example_dags/example_inlet_event_extra.py for tasks to queue
[2025-02-27T19:29:49.187+0000] {logging_mixin.py:190} INFO - [2025-02-27T19:29:49.186+0000] {dagbag.py:588} INFO - Filling up the DagBag from /home/sravan2418/airflow-env/lib/python3.11/site-packages/airflow/example_dags/example_inlet_event_extra.py
[2025-02-27T19:29:49.207+0000] {processor.py:925} INFO - DAG(s) 'read_dataset_event_from_classic', 'read_dataset_event' retrieved from /home/sravan2418/airflow-env/lib/python3.11/site-packages/airflow/example_dags/example_inlet_event_extra.py
[2025-02-27T19:29:49.232+0000] {logging_mixin.py:190} INFO - [2025-02-27T19:29:49.232+0000] {dag.py:3239} INFO - Sync 2 DAGs
[2025-02-27T19:29:49.260+0000] {logging_mixin.py:190} INFO - [2025-02-27T19:29:49.259+0000] {dag.py:4180} INFO - Setting next_dagrun for read_dataset_event to 2025-02-26 00:00:00+00:00, run_after=2025-02-27 00:00:00+00:00
[2025-02-27T19:29:49.265+0000] {logging_mixin.py:190} INFO - [2025-02-27T19:29:49.265+0000] {dag.py:4180} INFO - Setting next_dagrun for read_dataset_event_from_classic to 2025-02-26 00:00:00+00:00, run_after=2025-02-27 00:00:00+00:00
[2025-02-27T19:29:49.289+0000] {processor.py:208} INFO - Processing /home/sravan2418/airflow-env/lib/python3.11/site-packages/airflow/example_dags/example_inlet_event_extra.py took 0.120 seconds
[2025-02-27T19:30:51.610+0000] {processor.py:186} INFO - Started process (PID=3218) to work on /home/sravan2418/airflow-env/lib/python3.11/site-packages/airflow/example_dags/example_inlet_event_extra.py
[2025-02-27T19:30:51.612+0000] {processor.py:914} INFO - Processing file /home/sravan2418/airflow-env/lib/python3.11/site-packages/airflow/example_dags/example_inlet_event_extra.py for tasks to queue
[2025-02-27T19:30:51.616+0000] {logging_mixin.py:190} INFO - [2025-02-27T19:30:51.616+0000] {dagbag.py:588} INFO - Filling up the DagBag from /home/sravan2418/airflow-env/lib/python3.11/site-packages/airflow/example_dags/example_inlet_event_extra.py
[2025-02-27T19:30:51.640+0000] {processor.py:925} INFO - DAG(s) 'read_dataset_event_from_classic', 'read_dataset_event' retrieved from /home/sravan2418/airflow-env/lib/python3.11/site-packages/airflow/example_dags/example_inlet_event_extra.py
[2025-02-27T19:30:51.669+0000] {logging_mixin.py:190} INFO - [2025-02-27T19:30:51.668+0000] {dag.py:3239} INFO - Sync 2 DAGs
[2025-02-27T19:30:51.702+0000] {logging_mixin.py:190} INFO - [2025-02-27T19:30:51.702+0000] {dag.py:4180} INFO - Setting next_dagrun for read_dataset_event to 2025-02-26 00:00:00+00:00, run_after=2025-02-27 00:00:00+00:00
[2025-02-27T19:30:51.709+0000] {logging_mixin.py:190} INFO - [2025-02-27T19:30:51.709+0000] {dag.py:4180} INFO - Setting next_dagrun for read_dataset_event_from_classic to 2025-02-26 00:00:00+00:00, run_after=2025-02-27 00:00:00+00:00
[2025-02-27T19:30:51.740+0000] {processor.py:208} INFO - Processing /home/sravan2418/airflow-env/lib/python3.11/site-packages/airflow/example_dags/example_inlet_event_extra.py took 0.141 seconds
[2025-02-27T19:31:57.717+0000] {processor.py:186} INFO - Started process (PID=3280) to work on /home/sravan2418/airflow-env/lib/python3.11/site-packages/airflow/example_dags/example_inlet_event_extra.py
[2025-02-27T19:31:57.719+0000] {processor.py:914} INFO - Processing file /home/sravan2418/airflow-env/lib/python3.11/site-packages/airflow/example_dags/example_inlet_event_extra.py for tasks to queue
[2025-02-27T19:31:57.722+0000] {logging_mixin.py:190} INFO - [2025-02-27T19:31:57.721+0000] {dagbag.py:588} INFO - Filling up the DagBag from /home/sravan2418/airflow-env/lib/python3.11/site-packages/airflow/example_dags/example_inlet_event_extra.py
[2025-02-27T19:31:57.743+0000] {processor.py:925} INFO - DAG(s) 'read_dataset_event_from_classic', 'read_dataset_event' retrieved from /home/sravan2418/airflow-env/lib/python3.11/site-packages/airflow/example_dags/example_inlet_event_extra.py
[2025-02-27T19:31:57.928+0000] {logging_mixin.py:190} INFO - [2025-02-27T19:31:57.927+0000] {dag.py:3239} INFO - Sync 2 DAGs
[2025-02-27T19:31:57.954+0000] {logging_mixin.py:190} INFO - [2025-02-27T19:31:57.954+0000] {dag.py:4180} INFO - Setting next_dagrun for read_dataset_event to 2025-02-26 00:00:00+00:00, run_after=2025-02-27 00:00:00+00:00
[2025-02-27T19:31:57.959+0000] {logging_mixin.py:190} INFO - [2025-02-27T19:31:57.959+0000] {dag.py:4180} INFO - Setting next_dagrun for read_dataset_event_from_classic to 2025-02-26 00:00:00+00:00, run_after=2025-02-27 00:00:00+00:00
[2025-02-27T19:31:57.981+0000] {processor.py:208} INFO - Processing /home/sravan2418/airflow-env/lib/python3.11/site-packages/airflow/example_dags/example_inlet_event_extra.py took 0.274 seconds
[2025-02-27T19:33:11.360+0000] {processor.py:186} INFO - Started process (PID=3355) to work on /home/sravan2418/airflow-env/lib/python3.11/site-packages/airflow/example_dags/example_inlet_event_extra.py
[2025-02-27T19:33:11.363+0000] {processor.py:914} INFO - Processing file /home/sravan2418/airflow-env/lib/python3.11/site-packages/airflow/example_dags/example_inlet_event_extra.py for tasks to queue
[2025-02-27T19:33:11.367+0000] {logging_mixin.py:190} INFO - [2025-02-27T19:33:11.366+0000] {dagbag.py:588} INFO - Filling up the DagBag from /home/sravan2418/airflow-env/lib/python3.11/site-packages/airflow/example_dags/example_inlet_event_extra.py
[2025-02-27T19:33:11.393+0000] {processor.py:925} INFO - DAG(s) 'read_dataset_event_from_classic', 'read_dataset_event' retrieved from /home/sravan2418/airflow-env/lib/python3.11/site-packages/airflow/example_dags/example_inlet_event_extra.py
[2025-02-27T19:33:11.428+0000] {logging_mixin.py:190} INFO - [2025-02-27T19:33:11.428+0000] {dag.py:3239} INFO - Sync 2 DAGs
[2025-02-27T19:33:11.465+0000] {logging_mixin.py:190} INFO - [2025-02-27T19:33:11.464+0000] {dag.py:4180} INFO - Setting next_dagrun for read_dataset_event to 2025-02-26 00:00:00+00:00, run_after=2025-02-27 00:00:00+00:00
[2025-02-27T19:33:11.472+0000] {logging_mixin.py:190} INFO - [2025-02-27T19:33:11.471+0000] {dag.py:4180} INFO - Setting next_dagrun for read_dataset_event_from_classic to 2025-02-26 00:00:00+00:00, run_after=2025-02-27 00:00:00+00:00
[2025-02-27T19:33:11.504+0000] {processor.py:208} INFO - Processing /home/sravan2418/airflow-env/lib/python3.11/site-packages/airflow/example_dags/example_inlet_event_extra.py took 0.156 seconds
[2025-02-27T19:34:16.048+0000] {processor.py:186} INFO - Started process (PID=3418) to work on /home/sravan2418/airflow-env/lib/python3.11/site-packages/airflow/example_dags/example_inlet_event_extra.py
[2025-02-27T19:34:16.051+0000] {processor.py:914} INFO - Processing file /home/sravan2418/airflow-env/lib/python3.11/site-packages/airflow/example_dags/example_inlet_event_extra.py for tasks to queue
[2025-02-27T19:34:16.055+0000] {logging_mixin.py:190} INFO - [2025-02-27T19:34:16.055+0000] {dagbag.py:588} INFO - Filling up the DagBag from /home/sravan2418/airflow-env/lib/python3.11/site-packages/airflow/example_dags/example_inlet_event_extra.py
[2025-02-27T19:34:16.084+0000] {processor.py:925} INFO - DAG(s) 'read_dataset_event_from_classic', 'read_dataset_event' retrieved from /home/sravan2418/airflow-env/lib/python3.11/site-packages/airflow/example_dags/example_inlet_event_extra.py
[2025-02-27T19:34:16.114+0000] {logging_mixin.py:190} INFO - [2025-02-27T19:34:16.113+0000] {dag.py:3239} INFO - Sync 2 DAGs
[2025-02-27T19:34:16.148+0000] {logging_mixin.py:190} INFO - [2025-02-27T19:34:16.147+0000] {dag.py:4180} INFO - Setting next_dagrun for read_dataset_event to 2025-02-26 00:00:00+00:00, run_after=2025-02-27 00:00:00+00:00
[2025-02-27T19:34:16.154+0000] {logging_mixin.py:190} INFO - [2025-02-27T19:34:16.154+0000] {dag.py:4180} INFO - Setting next_dagrun for read_dataset_event_from_classic to 2025-02-26 00:00:00+00:00, run_after=2025-02-27 00:00:00+00:00
[2025-02-27T19:34:16.184+0000] {processor.py:208} INFO - Processing /home/sravan2418/airflow-env/lib/python3.11/site-packages/airflow/example_dags/example_inlet_event_extra.py took 0.148 seconds
