[2025-02-27T19:21:15.074+0000] {processor.py:186} INFO - Started process (PID=2591) to work on /home/sravan2418/airflow-env/lib/python3.11/site-packages/airflow/example_dags/example_setup_teardown_taskflow.py
[2025-02-27T19:21:15.075+0000] {processor.py:914} INFO - Processing file /home/sravan2418/airflow-env/lib/python3.11/site-packages/airflow/example_dags/example_setup_teardown_taskflow.py for tasks to queue
[2025-02-27T19:21:15.078+0000] {logging_mixin.py:190} INFO - [2025-02-27T19:21:15.077+0000] {dagbag.py:588} INFO - Filling up the DagBag from /home/sravan2418/airflow-env/lib/python3.11/site-packages/airflow/example_dags/example_setup_teardown_taskflow.py
[2025-02-27T19:21:15.093+0000] {processor.py:925} INFO - DAG(s) 'example_setup_teardown_taskflow' retrieved from /home/sravan2418/airflow-env/lib/python3.11/site-packages/airflow/example_dags/example_setup_teardown_taskflow.py
[2025-02-27T19:21:15.218+0000] {logging_mixin.py:190} INFO - [2025-02-27T19:21:15.217+0000] {override.py:1930} INFO - Created Permission View: can edit on DAG:example_setup_teardown_taskflow
[2025-02-27T19:21:15.234+0000] {logging_mixin.py:190} INFO - [2025-02-27T19:21:15.233+0000] {override.py:1930} INFO - Created Permission View: can delete on DAG:example_setup_teardown_taskflow
[2025-02-27T19:21:15.245+0000] {logging_mixin.py:190} INFO - [2025-02-27T19:21:15.244+0000] {override.py:1930} INFO - Created Permission View: can read on DAG:example_setup_teardown_taskflow
[2025-02-27T19:21:15.260+0000] {logging_mixin.py:190} INFO - [2025-02-27T19:21:15.259+0000] {override.py:1930} INFO - Created Permission View: menu access on DAG Run:example_setup_teardown_taskflow
[2025-02-27T19:21:15.271+0000] {logging_mixin.py:190} INFO - [2025-02-27T19:21:15.270+0000] {override.py:1930} INFO - Created Permission View: can create on DAG Run:example_setup_teardown_taskflow
[2025-02-27T19:21:15.281+0000] {logging_mixin.py:190} INFO - [2025-02-27T19:21:15.281+0000] {override.py:1930} INFO - Created Permission View: can delete on DAG Run:example_setup_teardown_taskflow
[2025-02-27T19:21:15.291+0000] {logging_mixin.py:190} INFO - [2025-02-27T19:21:15.291+0000] {override.py:1930} INFO - Created Permission View: can read on DAG Run:example_setup_teardown_taskflow
[2025-02-27T19:21:15.292+0000] {logging_mixin.py:190} INFO - [2025-02-27T19:21:15.291+0000] {dag.py:3239} INFO - Sync 1 DAGs
[2025-02-27T19:21:15.308+0000] {logging_mixin.py:190} INFO - [2025-02-27T19:21:15.307+0000] {dag.py:3262} INFO - Creating ORM DAG for example_setup_teardown_taskflow
[2025-02-27T19:21:15.309+0000] {logging_mixin.py:190} INFO - [2025-02-27T19:21:15.308+0000] {dag.py:4180} INFO - Setting next_dagrun for example_setup_teardown_taskflow to None, run_after=None
[2025-02-27T19:21:15.331+0000] {processor.py:208} INFO - Processing /home/sravan2418/airflow-env/lib/python3.11/site-packages/airflow/example_dags/example_setup_teardown_taskflow.py took 0.266 seconds
[2025-02-27T19:22:59.297+0000] {processor.py:186} INFO - Started process (PID=2710) to work on /home/sravan2418/airflow-env/lib/python3.11/site-packages/airflow/example_dags/example_setup_teardown_taskflow.py
[2025-02-27T19:22:59.301+0000] {processor.py:914} INFO - Processing file /home/sravan2418/airflow-env/lib/python3.11/site-packages/airflow/example_dags/example_setup_teardown_taskflow.py for tasks to queue
[2025-02-27T19:22:59.305+0000] {logging_mixin.py:190} INFO - [2025-02-27T19:22:59.304+0000] {dagbag.py:588} INFO - Filling up the DagBag from /home/sravan2418/airflow-env/lib/python3.11/site-packages/airflow/example_dags/example_setup_teardown_taskflow.py
[2025-02-27T19:22:59.323+0000] {processor.py:925} INFO - DAG(s) 'example_setup_teardown_taskflow' retrieved from /home/sravan2418/airflow-env/lib/python3.11/site-packages/airflow/example_dags/example_setup_teardown_taskflow.py
[2025-02-27T19:22:59.349+0000] {logging_mixin.py:190} INFO - [2025-02-27T19:22:59.349+0000] {dag.py:3239} INFO - Sync 1 DAGs
[2025-02-27T19:22:59.366+0000] {logging_mixin.py:190} INFO - [2025-02-27T19:22:59.366+0000] {dag.py:4180} INFO - Setting next_dagrun for example_setup_teardown_taskflow to None, run_after=None
[2025-02-27T19:22:59.392+0000] {processor.py:208} INFO - Processing /home/sravan2418/airflow-env/lib/python3.11/site-packages/airflow/example_dags/example_setup_teardown_taskflow.py took 0.104 seconds
[2025-02-27T19:24:00.535+0000] {processor.py:186} INFO - Started process (PID=2769) to work on /home/sravan2418/airflow-env/lib/python3.11/site-packages/airflow/example_dags/example_setup_teardown_taskflow.py
[2025-02-27T19:24:00.538+0000] {processor.py:914} INFO - Processing file /home/sravan2418/airflow-env/lib/python3.11/site-packages/airflow/example_dags/example_setup_teardown_taskflow.py for tasks to queue
[2025-02-27T19:24:00.542+0000] {logging_mixin.py:190} INFO - [2025-02-27T19:24:00.541+0000] {dagbag.py:588} INFO - Filling up the DagBag from /home/sravan2418/airflow-env/lib/python3.11/site-packages/airflow/example_dags/example_setup_teardown_taskflow.py
[2025-02-27T19:24:00.561+0000] {processor.py:925} INFO - DAG(s) 'example_setup_teardown_taskflow' retrieved from /home/sravan2418/airflow-env/lib/python3.11/site-packages/airflow/example_dags/example_setup_teardown_taskflow.py
[2025-02-27T19:24:00.592+0000] {logging_mixin.py:190} INFO - [2025-02-27T19:24:00.592+0000] {dag.py:3239} INFO - Sync 1 DAGs
[2025-02-27T19:24:00.612+0000] {logging_mixin.py:190} INFO - [2025-02-27T19:24:00.612+0000] {dag.py:4180} INFO - Setting next_dagrun for example_setup_teardown_taskflow to None, run_after=None
[2025-02-27T19:24:00.646+0000] {processor.py:208} INFO - Processing /home/sravan2418/airflow-env/lib/python3.11/site-packages/airflow/example_dags/example_setup_teardown_taskflow.py took 0.121 seconds
[2025-02-27T19:25:01.964+0000] {processor.py:186} INFO - Started process (PID=2841) to work on /home/sravan2418/airflow-env/lib/python3.11/site-packages/airflow/example_dags/example_setup_teardown_taskflow.py
[2025-02-27T19:25:01.967+0000] {processor.py:914} INFO - Processing file /home/sravan2418/airflow-env/lib/python3.11/site-packages/airflow/example_dags/example_setup_teardown_taskflow.py for tasks to queue
[2025-02-27T19:25:01.970+0000] {logging_mixin.py:190} INFO - [2025-02-27T19:25:01.970+0000] {dagbag.py:588} INFO - Filling up the DagBag from /home/sravan2418/airflow-env/lib/python3.11/site-packages/airflow/example_dags/example_setup_teardown_taskflow.py
[2025-02-27T19:25:01.987+0000] {processor.py:925} INFO - DAG(s) 'example_setup_teardown_taskflow' retrieved from /home/sravan2418/airflow-env/lib/python3.11/site-packages/airflow/example_dags/example_setup_teardown_taskflow.py
[2025-02-27T19:25:02.012+0000] {logging_mixin.py:190} INFO - [2025-02-27T19:25:02.012+0000] {dag.py:3239} INFO - Sync 1 DAGs
[2025-02-27T19:25:02.029+0000] {logging_mixin.py:190} INFO - [2025-02-27T19:25:02.028+0000] {dag.py:4180} INFO - Setting next_dagrun for example_setup_teardown_taskflow to None, run_after=None
[2025-02-27T19:25:02.060+0000] {processor.py:208} INFO - Processing /home/sravan2418/airflow-env/lib/python3.11/site-packages/airflow/example_dags/example_setup_teardown_taskflow.py took 0.105 seconds
[2025-02-27T19:26:03.608+0000] {processor.py:186} INFO - Started process (PID=2901) to work on /home/sravan2418/airflow-env/lib/python3.11/site-packages/airflow/example_dags/example_setup_teardown_taskflow.py
[2025-02-27T19:26:03.610+0000] {processor.py:914} INFO - Processing file /home/sravan2418/airflow-env/lib/python3.11/site-packages/airflow/example_dags/example_setup_teardown_taskflow.py for tasks to queue
[2025-02-27T19:26:03.614+0000] {logging_mixin.py:190} INFO - [2025-02-27T19:26:03.613+0000] {dagbag.py:588} INFO - Filling up the DagBag from /home/sravan2418/airflow-env/lib/python3.11/site-packages/airflow/example_dags/example_setup_teardown_taskflow.py
[2025-02-27T19:26:03.634+0000] {processor.py:925} INFO - DAG(s) 'example_setup_teardown_taskflow' retrieved from /home/sravan2418/airflow-env/lib/python3.11/site-packages/airflow/example_dags/example_setup_teardown_taskflow.py
[2025-02-27T19:26:03.663+0000] {logging_mixin.py:190} INFO - [2025-02-27T19:26:03.663+0000] {dag.py:3239} INFO - Sync 1 DAGs
[2025-02-27T19:26:03.682+0000] {logging_mixin.py:190} INFO - [2025-02-27T19:26:03.681+0000] {dag.py:4180} INFO - Setting next_dagrun for example_setup_teardown_taskflow to None, run_after=None
[2025-02-27T19:26:03.711+0000] {processor.py:208} INFO - Processing /home/sravan2418/airflow-env/lib/python3.11/site-packages/airflow/example_dags/example_setup_teardown_taskflow.py took 0.113 seconds
[2025-02-27T19:27:11.690+0000] {processor.py:186} INFO - Started process (PID=2966) to work on /home/sravan2418/airflow-env/lib/python3.11/site-packages/airflow/example_dags/example_setup_teardown_taskflow.py
[2025-02-27T19:27:11.693+0000] {processor.py:914} INFO - Processing file /home/sravan2418/airflow-env/lib/python3.11/site-packages/airflow/example_dags/example_setup_teardown_taskflow.py for tasks to queue
[2025-02-27T19:27:11.696+0000] {logging_mixin.py:190} INFO - [2025-02-27T19:27:11.696+0000] {dagbag.py:588} INFO - Filling up the DagBag from /home/sravan2418/airflow-env/lib/python3.11/site-packages/airflow/example_dags/example_setup_teardown_taskflow.py
[2025-02-27T19:27:11.713+0000] {processor.py:925} INFO - DAG(s) 'example_setup_teardown_taskflow' retrieved from /home/sravan2418/airflow-env/lib/python3.11/site-packages/airflow/example_dags/example_setup_teardown_taskflow.py
[2025-02-27T19:27:11.739+0000] {logging_mixin.py:190} INFO - [2025-02-27T19:27:11.739+0000] {dag.py:3239} INFO - Sync 1 DAGs
[2025-02-27T19:27:11.762+0000] {logging_mixin.py:190} INFO - [2025-02-27T19:27:11.761+0000] {dag.py:4180} INFO - Setting next_dagrun for example_setup_teardown_taskflow to None, run_after=None
[2025-02-27T19:27:11.800+0000] {processor.py:208} INFO - Processing /home/sravan2418/airflow-env/lib/python3.11/site-packages/airflow/example_dags/example_setup_teardown_taskflow.py took 0.119 seconds
[2025-02-27T19:28:12.149+0000] {processor.py:186} INFO - Started process (PID=3043) to work on /home/sravan2418/airflow-env/lib/python3.11/site-packages/airflow/example_dags/example_setup_teardown_taskflow.py
[2025-02-27T19:28:12.151+0000] {processor.py:914} INFO - Processing file /home/sravan2418/airflow-env/lib/python3.11/site-packages/airflow/example_dags/example_setup_teardown_taskflow.py for tasks to queue
[2025-02-27T19:28:12.155+0000] {logging_mixin.py:190} INFO - [2025-02-27T19:28:12.154+0000] {dagbag.py:588} INFO - Filling up the DagBag from /home/sravan2418/airflow-env/lib/python3.11/site-packages/airflow/example_dags/example_setup_teardown_taskflow.py
[2025-02-27T19:28:12.174+0000] {processor.py:925} INFO - DAG(s) 'example_setup_teardown_taskflow' retrieved from /home/sravan2418/airflow-env/lib/python3.11/site-packages/airflow/example_dags/example_setup_teardown_taskflow.py
[2025-02-27T19:28:12.210+0000] {logging_mixin.py:190} INFO - [2025-02-27T19:28:12.209+0000] {dag.py:3239} INFO - Sync 1 DAGs
[2025-02-27T19:28:12.231+0000] {logging_mixin.py:190} INFO - [2025-02-27T19:28:12.230+0000] {dag.py:4180} INFO - Setting next_dagrun for example_setup_teardown_taskflow to None, run_after=None
[2025-02-27T19:28:12.261+0000] {processor.py:208} INFO - Processing /home/sravan2418/airflow-env/lib/python3.11/site-packages/airflow/example_dags/example_setup_teardown_taskflow.py took 0.122 seconds
[2025-02-27T19:29:11.166+0000] {processor.py:186} INFO - Started process (PID=3114) to work on /home/sravan2418/airflow-env/lib/python3.11/site-packages/airflow/example_dags/example_setup_teardown_taskflow.py
[2025-02-27T19:29:11.169+0000] {processor.py:914} INFO - Processing file /home/sravan2418/airflow-env/lib/python3.11/site-packages/airflow/example_dags/example_setup_teardown_taskflow.py for tasks to queue
[2025-02-27T19:29:11.173+0000] {logging_mixin.py:190} INFO - [2025-02-27T19:29:11.173+0000] {dagbag.py:588} INFO - Filling up the DagBag from /home/sravan2418/airflow-env/lib/python3.11/site-packages/airflow/example_dags/example_setup_teardown_taskflow.py
[2025-02-27T19:29:11.195+0000] {processor.py:925} INFO - DAG(s) 'example_setup_teardown_taskflow' retrieved from /home/sravan2418/airflow-env/lib/python3.11/site-packages/airflow/example_dags/example_setup_teardown_taskflow.py
[2025-02-27T19:29:11.227+0000] {logging_mixin.py:190} INFO - [2025-02-27T19:29:11.227+0000] {dag.py:3239} INFO - Sync 1 DAGs
[2025-02-27T19:29:11.248+0000] {logging_mixin.py:190} INFO - [2025-02-27T19:29:11.247+0000] {dag.py:4180} INFO - Setting next_dagrun for example_setup_teardown_taskflow to None, run_after=None
[2025-02-27T19:29:11.282+0000] {processor.py:208} INFO - Processing /home/sravan2418/airflow-env/lib/python3.11/site-packages/airflow/example_dags/example_setup_teardown_taskflow.py took 0.127 seconds
[2025-02-27T19:30:09.712+0000] {processor.py:186} INFO - Started process (PID=3175) to work on /home/sravan2418/airflow-env/lib/python3.11/site-packages/airflow/example_dags/example_setup_teardown_taskflow.py
[2025-02-27T19:30:09.715+0000] {processor.py:914} INFO - Processing file /home/sravan2418/airflow-env/lib/python3.11/site-packages/airflow/example_dags/example_setup_teardown_taskflow.py for tasks to queue
[2025-02-27T19:30:09.718+0000] {logging_mixin.py:190} INFO - [2025-02-27T19:30:09.718+0000] {dagbag.py:588} INFO - Filling up the DagBag from /home/sravan2418/airflow-env/lib/python3.11/site-packages/airflow/example_dags/example_setup_teardown_taskflow.py
[2025-02-27T19:30:09.744+0000] {processor.py:925} INFO - DAG(s) 'example_setup_teardown_taskflow' retrieved from /home/sravan2418/airflow-env/lib/python3.11/site-packages/airflow/example_dags/example_setup_teardown_taskflow.py
[2025-02-27T19:30:09.772+0000] {logging_mixin.py:190} INFO - [2025-02-27T19:30:09.772+0000] {dag.py:3239} INFO - Sync 1 DAGs
[2025-02-27T19:30:09.789+0000] {logging_mixin.py:190} INFO - [2025-02-27T19:30:09.789+0000] {dag.py:4180} INFO - Setting next_dagrun for example_setup_teardown_taskflow to None, run_after=None
[2025-02-27T19:30:09.821+0000] {processor.py:208} INFO - Processing /home/sravan2418/airflow-env/lib/python3.11/site-packages/airflow/example_dags/example_setup_teardown_taskflow.py took 0.119 seconds
[2025-02-27T19:31:13.560+0000] {processor.py:186} INFO - Started process (PID=3239) to work on /home/sravan2418/airflow-env/lib/python3.11/site-packages/airflow/example_dags/example_setup_teardown_taskflow.py
[2025-02-27T19:31:13.562+0000] {processor.py:914} INFO - Processing file /home/sravan2418/airflow-env/lib/python3.11/site-packages/airflow/example_dags/example_setup_teardown_taskflow.py for tasks to queue
[2025-02-27T19:31:13.566+0000] {logging_mixin.py:190} INFO - [2025-02-27T19:31:13.565+0000] {dagbag.py:588} INFO - Filling up the DagBag from /home/sravan2418/airflow-env/lib/python3.11/site-packages/airflow/example_dags/example_setup_teardown_taskflow.py
[2025-02-27T19:31:13.583+0000] {processor.py:925} INFO - DAG(s) 'example_setup_teardown_taskflow' retrieved from /home/sravan2418/airflow-env/lib/python3.11/site-packages/airflow/example_dags/example_setup_teardown_taskflow.py
[2025-02-27T19:31:13.611+0000] {logging_mixin.py:190} INFO - [2025-02-27T19:31:13.610+0000] {dag.py:3239} INFO - Sync 1 DAGs
[2025-02-27T19:31:13.626+0000] {logging_mixin.py:190} INFO - [2025-02-27T19:31:13.626+0000] {dag.py:4180} INFO - Setting next_dagrun for example_setup_teardown_taskflow to None, run_after=None
[2025-02-27T19:31:13.654+0000] {processor.py:208} INFO - Processing /home/sravan2418/airflow-env/lib/python3.11/site-packages/airflow/example_dags/example_setup_teardown_taskflow.py took 0.103 seconds
[2025-02-27T19:32:23.062+0000] {processor.py:186} INFO - Started process (PID=3310) to work on /home/sravan2418/airflow-env/lib/python3.11/site-packages/airflow/example_dags/example_setup_teardown_taskflow.py
[2025-02-27T19:32:23.065+0000] {processor.py:914} INFO - Processing file /home/sravan2418/airflow-env/lib/python3.11/site-packages/airflow/example_dags/example_setup_teardown_taskflow.py for tasks to queue
[2025-02-27T19:32:23.073+0000] {logging_mixin.py:190} INFO - [2025-02-27T19:32:23.072+0000] {dagbag.py:588} INFO - Filling up the DagBag from /home/sravan2418/airflow-env/lib/python3.11/site-packages/airflow/example_dags/example_setup_teardown_taskflow.py
[2025-02-27T19:32:23.108+0000] {processor.py:925} INFO - DAG(s) 'example_setup_teardown_taskflow' retrieved from /home/sravan2418/airflow-env/lib/python3.11/site-packages/airflow/example_dags/example_setup_teardown_taskflow.py
[2025-02-27T19:32:23.157+0000] {logging_mixin.py:190} INFO - [2025-02-27T19:32:23.156+0000] {dag.py:3239} INFO - Sync 1 DAGs
[2025-02-27T19:32:23.199+0000] {logging_mixin.py:190} INFO - [2025-02-27T19:32:23.199+0000] {dag.py:4180} INFO - Setting next_dagrun for example_setup_teardown_taskflow to None, run_after=None
[2025-02-27T19:32:23.254+0000] {processor.py:208} INFO - Processing /home/sravan2418/airflow-env/lib/python3.11/site-packages/airflow/example_dags/example_setup_teardown_taskflow.py took 0.212 seconds
[2025-02-27T19:33:30.749+0000] {processor.py:186} INFO - Started process (PID=3375) to work on /home/sravan2418/airflow-env/lib/python3.11/site-packages/airflow/example_dags/example_setup_teardown_taskflow.py
[2025-02-27T19:33:30.751+0000] {processor.py:914} INFO - Processing file /home/sravan2418/airflow-env/lib/python3.11/site-packages/airflow/example_dags/example_setup_teardown_taskflow.py for tasks to queue
[2025-02-27T19:33:30.755+0000] {logging_mixin.py:190} INFO - [2025-02-27T19:33:30.754+0000] {dagbag.py:588} INFO - Filling up the DagBag from /home/sravan2418/airflow-env/lib/python3.11/site-packages/airflow/example_dags/example_setup_teardown_taskflow.py
[2025-02-27T19:33:30.773+0000] {processor.py:925} INFO - DAG(s) 'example_setup_teardown_taskflow' retrieved from /home/sravan2418/airflow-env/lib/python3.11/site-packages/airflow/example_dags/example_setup_teardown_taskflow.py
[2025-02-27T19:33:30.801+0000] {logging_mixin.py:190} INFO - [2025-02-27T19:33:30.800+0000] {dag.py:3239} INFO - Sync 1 DAGs
[2025-02-27T19:33:30.818+0000] {logging_mixin.py:190} INFO - [2025-02-27T19:33:30.818+0000] {dag.py:4180} INFO - Setting next_dagrun for example_setup_teardown_taskflow to None, run_after=None
[2025-02-27T19:33:30.847+0000] {processor.py:208} INFO - Processing /home/sravan2418/airflow-env/lib/python3.11/site-packages/airflow/example_dags/example_setup_teardown_taskflow.py took 0.108 seconds
[2025-02-27T19:34:35.310+0000] {processor.py:186} INFO - Started process (PID=3441) to work on /home/sravan2418/airflow-env/lib/python3.11/site-packages/airflow/example_dags/example_setup_teardown_taskflow.py
[2025-02-27T19:34:35.313+0000] {processor.py:914} INFO - Processing file /home/sravan2418/airflow-env/lib/python3.11/site-packages/airflow/example_dags/example_setup_teardown_taskflow.py for tasks to queue
[2025-02-27T19:34:35.317+0000] {logging_mixin.py:190} INFO - [2025-02-27T19:34:35.316+0000] {dagbag.py:588} INFO - Filling up the DagBag from /home/sravan2418/airflow-env/lib/python3.11/site-packages/airflow/example_dags/example_setup_teardown_taskflow.py
[2025-02-27T19:34:35.338+0000] {processor.py:925} INFO - DAG(s) 'example_setup_teardown_taskflow' retrieved from /home/sravan2418/airflow-env/lib/python3.11/site-packages/airflow/example_dags/example_setup_teardown_taskflow.py
[2025-02-27T19:34:35.368+0000] {logging_mixin.py:190} INFO - [2025-02-27T19:34:35.368+0000] {dag.py:3239} INFO - Sync 1 DAGs
[2025-02-27T19:34:35.387+0000] {logging_mixin.py:190} INFO - [2025-02-27T19:34:35.386+0000] {dag.py:4180} INFO - Setting next_dagrun for example_setup_teardown_taskflow to None, run_after=None
[2025-02-27T19:34:35.421+0000] {processor.py:208} INFO - Processing /home/sravan2418/airflow-env/lib/python3.11/site-packages/airflow/example_dags/example_setup_teardown_taskflow.py took 0.123 seconds
