[2025-02-27T19:21:51.925+0000] {processor.py:186} INFO - Started process (PID=2649) to work on /home/sravan2418/airflow-env/lib/python3.11/site-packages/airflow/example_dags/example_datasets.py
[2025-02-27T19:21:51.927+0000] {processor.py:914} INFO - Processing file /home/sravan2418/airflow-env/lib/python3.11/site-packages/airflow/example_dags/example_datasets.py for tasks to queue
[2025-02-27T19:21:51.931+0000] {logging_mixin.py:190} INFO - [2025-02-27T19:21:51.930+0000] {dagbag.py:588} INFO - Filling up the DagBag from /home/sravan2418/airflow-env/lib/python3.11/site-packages/airflow/example_dags/example_datasets.py
[2025-02-27T19:21:51.956+0000] {processor.py:925} INFO - DAG(s) 'dataset_consumes_1_never_scheduled', 'dataset_consumes_1', 'consume_1_or_2_with_dataset_expressions', 'consume_1_and_2_with_dataset_expressions', 'dataset_produces_1', 'conditional_dataset_and_time_based_timetable', 'dataset_consumes_1_and_2', 'consume_1_or_both_2_and_3_with_dataset_expressions', 'dataset_consumes_unknown_never_scheduled', 'dataset_produces_2' retrieved from /home/sravan2418/airflow-env/lib/python3.11/site-packages/airflow/example_dags/example_datasets.py
[2025-02-27T19:21:52.096+0000] {logging_mixin.py:190} INFO - [2025-02-27T19:21:52.095+0000] {override.py:1930} INFO - Created Permission View: can edit on DAG:dataset_consumes_1_never_scheduled
[2025-02-27T19:21:52.113+0000] {logging_mixin.py:190} INFO - [2025-02-27T19:21:52.112+0000] {override.py:1930} INFO - Created Permission View: can delete on DAG:dataset_consumes_1_never_scheduled
[2025-02-27T19:21:52.125+0000] {logging_mixin.py:190} INFO - [2025-02-27T19:21:52.125+0000] {override.py:1930} INFO - Created Permission View: can read on DAG:dataset_consumes_1_never_scheduled
[2025-02-27T19:21:52.146+0000] {logging_mixin.py:190} INFO - [2025-02-27T19:21:52.145+0000] {override.py:1930} INFO - Created Permission View: menu access on DAG Run:dataset_consumes_1_never_scheduled
[2025-02-27T19:21:52.158+0000] {logging_mixin.py:190} INFO - [2025-02-27T19:21:52.158+0000] {override.py:1930} INFO - Created Permission View: can create on DAG Run:dataset_consumes_1_never_scheduled
[2025-02-27T19:21:52.170+0000] {logging_mixin.py:190} INFO - [2025-02-27T19:21:52.170+0000] {override.py:1930} INFO - Created Permission View: can delete on DAG Run:dataset_consumes_1_never_scheduled
[2025-02-27T19:21:52.185+0000] {logging_mixin.py:190} INFO - [2025-02-27T19:21:52.185+0000] {override.py:1930} INFO - Created Permission View: can read on DAG Run:dataset_consumes_1_never_scheduled
[2025-02-27T19:21:52.213+0000] {logging_mixin.py:190} INFO - [2025-02-27T19:21:52.212+0000] {override.py:1930} INFO - Created Permission View: can edit on DAG:dataset_consumes_1
[2025-02-27T19:21:52.244+0000] {logging_mixin.py:190} INFO - [2025-02-27T19:21:52.243+0000] {override.py:1930} INFO - Created Permission View: can delete on DAG:dataset_consumes_1
[2025-02-27T19:21:52.256+0000] {logging_mixin.py:190} INFO - [2025-02-27T19:21:52.255+0000] {override.py:1930} INFO - Created Permission View: can read on DAG:dataset_consumes_1
[2025-02-27T19:21:52.275+0000] {logging_mixin.py:190} INFO - [2025-02-27T19:21:52.274+0000] {override.py:1930} INFO - Created Permission View: menu access on DAG Run:dataset_consumes_1
[2025-02-27T19:21:52.288+0000] {logging_mixin.py:190} INFO - [2025-02-27T19:21:52.288+0000] {override.py:1930} INFO - Created Permission View: can create on DAG Run:dataset_consumes_1
[2025-02-27T19:21:52.301+0000] {logging_mixin.py:190} INFO - [2025-02-27T19:21:52.300+0000] {override.py:1930} INFO - Created Permission View: can delete on DAG Run:dataset_consumes_1
[2025-02-27T19:21:52.314+0000] {logging_mixin.py:190} INFO - [2025-02-27T19:21:52.314+0000] {override.py:1930} INFO - Created Permission View: can read on DAG Run:dataset_consumes_1
[2025-02-27T19:21:52.341+0000] {logging_mixin.py:190} INFO - [2025-02-27T19:21:52.341+0000] {override.py:1930} INFO - Created Permission View: can edit on DAG:consume_1_or_2_with_dataset_expressions
[2025-02-27T19:21:52.353+0000] {logging_mixin.py:190} INFO - [2025-02-27T19:21:52.353+0000] {override.py:1930} INFO - Created Permission View: can delete on DAG:consume_1_or_2_with_dataset_expressions
[2025-02-27T19:21:52.365+0000] {logging_mixin.py:190} INFO - [2025-02-27T19:21:52.365+0000] {override.py:1930} INFO - Created Permission View: can read on DAG:consume_1_or_2_with_dataset_expressions
[2025-02-27T19:21:52.384+0000] {logging_mixin.py:190} INFO - [2025-02-27T19:21:52.383+0000] {override.py:1930} INFO - Created Permission View: menu access on DAG Run:consume_1_or_2_with_dataset_expressions
[2025-02-27T19:21:52.395+0000] {logging_mixin.py:190} INFO - [2025-02-27T19:21:52.395+0000] {override.py:1930} INFO - Created Permission View: can create on DAG Run:consume_1_or_2_with_dataset_expressions
[2025-02-27T19:21:52.407+0000] {logging_mixin.py:190} INFO - [2025-02-27T19:21:52.406+0000] {override.py:1930} INFO - Created Permission View: can delete on DAG Run:consume_1_or_2_with_dataset_expressions
[2025-02-27T19:21:52.421+0000] {logging_mixin.py:190} INFO - [2025-02-27T19:21:52.420+0000] {override.py:1930} INFO - Created Permission View: can read on DAG Run:consume_1_or_2_with_dataset_expressions
[2025-02-27T19:21:52.447+0000] {logging_mixin.py:190} INFO - [2025-02-27T19:21:52.446+0000] {override.py:1930} INFO - Created Permission View: can edit on DAG:consume_1_and_2_with_dataset_expressions
[2025-02-27T19:21:52.459+0000] {logging_mixin.py:190} INFO - [2025-02-27T19:21:52.458+0000] {override.py:1930} INFO - Created Permission View: can delete on DAG:consume_1_and_2_with_dataset_expressions
[2025-02-27T19:21:52.471+0000] {logging_mixin.py:190} INFO - [2025-02-27T19:21:52.470+0000] {override.py:1930} INFO - Created Permission View: can read on DAG:consume_1_and_2_with_dataset_expressions
[2025-02-27T19:21:52.489+0000] {logging_mixin.py:190} INFO - [2025-02-27T19:21:52.488+0000] {override.py:1930} INFO - Created Permission View: menu access on DAG Run:consume_1_and_2_with_dataset_expressions
[2025-02-27T19:21:52.502+0000] {logging_mixin.py:190} INFO - [2025-02-27T19:21:52.501+0000] {override.py:1930} INFO - Created Permission View: can create on DAG Run:consume_1_and_2_with_dataset_expressions
[2025-02-27T19:21:52.514+0000] {logging_mixin.py:190} INFO - [2025-02-27T19:21:52.514+0000] {override.py:1930} INFO - Created Permission View: can delete on DAG Run:consume_1_and_2_with_dataset_expressions
[2025-02-27T19:21:52.527+0000] {logging_mixin.py:190} INFO - [2025-02-27T19:21:52.526+0000] {override.py:1930} INFO - Created Permission View: can read on DAG Run:consume_1_and_2_with_dataset_expressions
[2025-02-27T19:21:52.553+0000] {logging_mixin.py:190} INFO - [2025-02-27T19:21:52.552+0000] {override.py:1930} INFO - Created Permission View: can edit on DAG:dataset_produces_1
[2025-02-27T19:21:52.565+0000] {logging_mixin.py:190} INFO - [2025-02-27T19:21:52.564+0000] {override.py:1930} INFO - Created Permission View: can delete on DAG:dataset_produces_1
[2025-02-27T19:21:52.577+0000] {logging_mixin.py:190} INFO - [2025-02-27T19:21:52.577+0000] {override.py:1930} INFO - Created Permission View: can read on DAG:dataset_produces_1
[2025-02-27T19:21:52.595+0000] {logging_mixin.py:190} INFO - [2025-02-27T19:21:52.595+0000] {override.py:1930} INFO - Created Permission View: menu access on DAG Run:dataset_produces_1
[2025-02-27T19:21:52.607+0000] {logging_mixin.py:190} INFO - [2025-02-27T19:21:52.606+0000] {override.py:1930} INFO - Created Permission View: can create on DAG Run:dataset_produces_1
[2025-02-27T19:21:52.619+0000] {logging_mixin.py:190} INFO - [2025-02-27T19:21:52.618+0000] {override.py:1930} INFO - Created Permission View: can delete on DAG Run:dataset_produces_1
[2025-02-27T19:21:52.632+0000] {logging_mixin.py:190} INFO - [2025-02-27T19:21:52.631+0000] {override.py:1930} INFO - Created Permission View: can read on DAG Run:dataset_produces_1
[2025-02-27T19:21:52.656+0000] {logging_mixin.py:190} INFO - [2025-02-27T19:21:52.656+0000] {override.py:1930} INFO - Created Permission View: can edit on DAG:conditional_dataset_and_time_based_timetable
[2025-02-27T19:21:52.668+0000] {logging_mixin.py:190} INFO - [2025-02-27T19:21:52.668+0000] {override.py:1930} INFO - Created Permission View: can delete on DAG:conditional_dataset_and_time_based_timetable
[2025-02-27T19:21:52.680+0000] {logging_mixin.py:190} INFO - [2025-02-27T19:21:52.679+0000] {override.py:1930} INFO - Created Permission View: can read on DAG:conditional_dataset_and_time_based_timetable
[2025-02-27T19:21:52.698+0000] {logging_mixin.py:190} INFO - [2025-02-27T19:21:52.697+0000] {override.py:1930} INFO - Created Permission View: menu access on DAG Run:conditional_dataset_and_time_based_timetable
[2025-02-27T19:21:52.711+0000] {logging_mixin.py:190} INFO - [2025-02-27T19:21:52.711+0000] {override.py:1930} INFO - Created Permission View: can create on DAG Run:conditional_dataset_and_time_based_timetable
[2025-02-27T19:21:52.724+0000] {logging_mixin.py:190} INFO - [2025-02-27T19:21:52.723+0000] {override.py:1930} INFO - Created Permission View: can delete on DAG Run:conditional_dataset_and_time_based_timetable
[2025-02-27T19:21:52.736+0000] {logging_mixin.py:190} INFO - [2025-02-27T19:21:52.735+0000] {override.py:1930} INFO - Created Permission View: can read on DAG Run:conditional_dataset_and_time_based_timetable
[2025-02-27T19:21:52.763+0000] {logging_mixin.py:190} INFO - [2025-02-27T19:21:52.762+0000] {override.py:1930} INFO - Created Permission View: can edit on DAG:dataset_consumes_1_and_2
[2025-02-27T19:21:52.776+0000] {logging_mixin.py:190} INFO - [2025-02-27T19:21:52.775+0000] {override.py:1930} INFO - Created Permission View: can delete on DAG:dataset_consumes_1_and_2
[2025-02-27T19:21:52.789+0000] {logging_mixin.py:190} INFO - [2025-02-27T19:21:52.789+0000] {override.py:1930} INFO - Created Permission View: can read on DAG:dataset_consumes_1_and_2
[2025-02-27T19:21:52.808+0000] {logging_mixin.py:190} INFO - [2025-02-27T19:21:52.807+0000] {override.py:1930} INFO - Created Permission View: menu access on DAG Run:dataset_consumes_1_and_2
[2025-02-27T19:21:52.818+0000] {logging_mixin.py:190} INFO - [2025-02-27T19:21:52.818+0000] {override.py:1930} INFO - Created Permission View: can create on DAG Run:dataset_consumes_1_and_2
[2025-02-27T19:21:52.829+0000] {logging_mixin.py:190} INFO - [2025-02-27T19:21:52.829+0000] {override.py:1930} INFO - Created Permission View: can delete on DAG Run:dataset_consumes_1_and_2
[2025-02-27T19:21:52.839+0000] {logging_mixin.py:190} INFO - [2025-02-27T19:21:52.839+0000] {override.py:1930} INFO - Created Permission View: can read on DAG Run:dataset_consumes_1_and_2
[2025-02-27T19:21:52.861+0000] {logging_mixin.py:190} INFO - [2025-02-27T19:21:52.860+0000] {override.py:1930} INFO - Created Permission View: can edit on DAG:consume_1_or_both_2_and_3_with_dataset_expressions
[2025-02-27T19:21:52.871+0000] {logging_mixin.py:190} INFO - [2025-02-27T19:21:52.871+0000] {override.py:1930} INFO - Created Permission View: can delete on DAG:consume_1_or_both_2_and_3_with_dataset_expressions
[2025-02-27T19:21:52.882+0000] {logging_mixin.py:190} INFO - [2025-02-27T19:21:52.882+0000] {override.py:1930} INFO - Created Permission View: can read on DAG:consume_1_or_both_2_and_3_with_dataset_expressions
[2025-02-27T19:21:52.899+0000] {logging_mixin.py:190} INFO - [2025-02-27T19:21:52.898+0000] {override.py:1930} INFO - Created Permission View: menu access on DAG Run:consume_1_or_both_2_and_3_with_dataset_expressions
[2025-02-27T19:21:52.909+0000] {logging_mixin.py:190} INFO - [2025-02-27T19:21:52.908+0000] {override.py:1930} INFO - Created Permission View: can create on DAG Run:consume_1_or_both_2_and_3_with_dataset_expressions
[2025-02-27T19:21:52.919+0000] {logging_mixin.py:190} INFO - [2025-02-27T19:21:52.918+0000] {override.py:1930} INFO - Created Permission View: can delete on DAG Run:consume_1_or_both_2_and_3_with_dataset_expressions
[2025-02-27T19:21:52.930+0000] {logging_mixin.py:190} INFO - [2025-02-27T19:21:52.930+0000] {override.py:1930} INFO - Created Permission View: can read on DAG Run:consume_1_or_both_2_and_3_with_dataset_expressions
[2025-02-27T19:21:52.957+0000] {logging_mixin.py:190} INFO - [2025-02-27T19:21:52.957+0000] {override.py:1930} INFO - Created Permission View: can edit on DAG:dataset_consumes_unknown_never_scheduled
[2025-02-27T19:21:52.975+0000] {logging_mixin.py:190} INFO - [2025-02-27T19:21:52.974+0000] {override.py:1930} INFO - Created Permission View: can delete on DAG:dataset_consumes_unknown_never_scheduled
[2025-02-27T19:21:52.987+0000] {logging_mixin.py:190} INFO - [2025-02-27T19:21:52.986+0000] {override.py:1930} INFO - Created Permission View: can read on DAG:dataset_consumes_unknown_never_scheduled
[2025-02-27T19:21:53.004+0000] {logging_mixin.py:190} INFO - [2025-02-27T19:21:53.003+0000] {override.py:1930} INFO - Created Permission View: menu access on DAG Run:dataset_consumes_unknown_never_scheduled
[2025-02-27T19:21:53.016+0000] {logging_mixin.py:190} INFO - [2025-02-27T19:21:53.016+0000] {override.py:1930} INFO - Created Permission View: can create on DAG Run:dataset_consumes_unknown_never_scheduled
[2025-02-27T19:21:53.028+0000] {logging_mixin.py:190} INFO - [2025-02-27T19:21:53.027+0000] {override.py:1930} INFO - Created Permission View: can delete on DAG Run:dataset_consumes_unknown_never_scheduled
[2025-02-27T19:21:53.038+0000] {logging_mixin.py:190} INFO - [2025-02-27T19:21:53.038+0000] {override.py:1930} INFO - Created Permission View: can read on DAG Run:dataset_consumes_unknown_never_scheduled
[2025-02-27T19:21:53.061+0000] {logging_mixin.py:190} INFO - [2025-02-27T19:21:53.060+0000] {override.py:1930} INFO - Created Permission View: can edit on DAG:dataset_produces_2
[2025-02-27T19:21:53.071+0000] {logging_mixin.py:190} INFO - [2025-02-27T19:21:53.071+0000] {override.py:1930} INFO - Created Permission View: can delete on DAG:dataset_produces_2
[2025-02-27T19:21:53.081+0000] {logging_mixin.py:190} INFO - [2025-02-27T19:21:53.081+0000] {override.py:1930} INFO - Created Permission View: can read on DAG:dataset_produces_2
[2025-02-27T19:21:53.098+0000] {logging_mixin.py:190} INFO - [2025-02-27T19:21:53.097+0000] {override.py:1930} INFO - Created Permission View: menu access on DAG Run:dataset_produces_2
[2025-02-27T19:21:53.109+0000] {logging_mixin.py:190} INFO - [2025-02-27T19:21:53.108+0000] {override.py:1930} INFO - Created Permission View: can create on DAG Run:dataset_produces_2
[2025-02-27T19:21:53.119+0000] {logging_mixin.py:190} INFO - [2025-02-27T19:21:53.119+0000] {override.py:1930} INFO - Created Permission View: can delete on DAG Run:dataset_produces_2
[2025-02-27T19:21:53.129+0000] {logging_mixin.py:190} INFO - [2025-02-27T19:21:53.129+0000] {override.py:1930} INFO - Created Permission View: can read on DAG Run:dataset_produces_2
[2025-02-27T19:21:53.130+0000] {logging_mixin.py:190} INFO - [2025-02-27T19:21:53.130+0000] {dag.py:3239} INFO - Sync 10 DAGs
[2025-02-27T19:21:53.144+0000] {logging_mixin.py:190} INFO - [2025-02-27T19:21:53.144+0000] {dag.py:3262} INFO - Creating ORM DAG for dataset_produces_1
[2025-02-27T19:21:53.145+0000] {logging_mixin.py:190} INFO - [2025-02-27T19:21:53.145+0000] {dag.py:3262} INFO - Creating ORM DAG for dataset_consumes_1_and_2
[2025-02-27T19:21:53.146+0000] {logging_mixin.py:190} INFO - [2025-02-27T19:21:53.145+0000] {dag.py:3262} INFO - Creating ORM DAG for consume_1_or_both_2_and_3_with_dataset_expressions
[2025-02-27T19:21:53.146+0000] {logging_mixin.py:190} INFO - [2025-02-27T19:21:53.146+0000] {dag.py:3262} INFO - Creating ORM DAG for consume_1_or_2_with_dataset_expressions
[2025-02-27T19:21:53.147+0000] {logging_mixin.py:190} INFO - [2025-02-27T19:21:53.146+0000] {dag.py:3262} INFO - Creating ORM DAG for dataset_consumes_1
[2025-02-27T19:21:53.147+0000] {logging_mixin.py:190} INFO - [2025-02-27T19:21:53.147+0000] {dag.py:3262} INFO - Creating ORM DAG for conditional_dataset_and_time_based_timetable
[2025-02-27T19:21:53.148+0000] {logging_mixin.py:190} INFO - [2025-02-27T19:21:53.148+0000] {dag.py:3262} INFO - Creating ORM DAG for dataset_produces_2
[2025-02-27T19:21:53.149+0000] {logging_mixin.py:190} INFO - [2025-02-27T19:21:53.149+0000] {dag.py:3262} INFO - Creating ORM DAG for dataset_consumes_1_never_scheduled
[2025-02-27T19:21:53.149+0000] {logging_mixin.py:190} INFO - [2025-02-27T19:21:53.149+0000] {dag.py:3262} INFO - Creating ORM DAG for consume_1_and_2_with_dataset_expressions
[2025-02-27T19:21:53.150+0000] {logging_mixin.py:190} INFO - [2025-02-27T19:21:53.150+0000] {dag.py:3262} INFO - Creating ORM DAG for dataset_consumes_unknown_never_scheduled
[2025-02-27T19:21:53.161+0000] {logging_mixin.py:190} INFO - [2025-02-27T19:21:53.161+0000] {dag.py:4180} INFO - Setting next_dagrun for conditional_dataset_and_time_based_timetable to 2025-02-26 01:00:00+00:00, run_after=2025-02-26 01:00:00+00:00
[2025-02-27T19:21:53.162+0000] {logging_mixin.py:190} INFO - [2025-02-27T19:21:53.162+0000] {dag.py:4180} INFO - Setting next_dagrun for consume_1_and_2_with_dataset_expressions to None, run_after=None
[2025-02-27T19:21:53.162+0000] {logging_mixin.py:190} INFO - [2025-02-27T19:21:53.162+0000] {dag.py:4180} INFO - Setting next_dagrun for consume_1_or_2_with_dataset_expressions to None, run_after=None
[2025-02-27T19:21:53.162+0000] {logging_mixin.py:190} INFO - [2025-02-27T19:21:53.162+0000] {dag.py:4180} INFO - Setting next_dagrun for consume_1_or_both_2_and_3_with_dataset_expressions to None, run_after=None
[2025-02-27T19:21:53.163+0000] {logging_mixin.py:190} INFO - [2025-02-27T19:21:53.163+0000] {dag.py:4180} INFO - Setting next_dagrun for dataset_consumes_1 to None, run_after=None
[2025-02-27T19:21:53.163+0000] {logging_mixin.py:190} INFO - [2025-02-27T19:21:53.163+0000] {dag.py:4180} INFO - Setting next_dagrun for dataset_consumes_1_and_2 to None, run_after=None
[2025-02-27T19:21:53.164+0000] {logging_mixin.py:190} INFO - [2025-02-27T19:21:53.164+0000] {dag.py:4180} INFO - Setting next_dagrun for dataset_consumes_1_never_scheduled to None, run_after=None
[2025-02-27T19:21:53.164+0000] {logging_mixin.py:190} INFO - [2025-02-27T19:21:53.164+0000] {dag.py:4180} INFO - Setting next_dagrun for dataset_consumes_unknown_never_scheduled to None, run_after=None
[2025-02-27T19:21:53.166+0000] {logging_mixin.py:190} INFO - [2025-02-27T19:21:53.166+0000] {dag.py:4180} INFO - Setting next_dagrun for dataset_produces_1 to 2025-02-26 00:00:00+00:00, run_after=2025-02-27 00:00:00+00:00
[2025-02-27T19:21:53.167+0000] {logging_mixin.py:190} INFO - [2025-02-27T19:21:53.167+0000] {dag.py:4180} INFO - Setting next_dagrun for dataset_produces_2 to None, run_after=None
[2025-02-27T19:21:53.214+0000] {processor.py:208} INFO - Processing /home/sravan2418/airflow-env/lib/python3.11/site-packages/airflow/example_dags/example_datasets.py took 1.299 seconds
[2025-02-27T19:23:32.312+0000] {processor.py:186} INFO - Started process (PID=2741) to work on /home/sravan2418/airflow-env/lib/python3.11/site-packages/airflow/example_dags/example_datasets.py
[2025-02-27T19:23:32.314+0000] {processor.py:914} INFO - Processing file /home/sravan2418/airflow-env/lib/python3.11/site-packages/airflow/example_dags/example_datasets.py for tasks to queue
[2025-02-27T19:23:32.318+0000] {logging_mixin.py:190} INFO - [2025-02-27T19:23:32.317+0000] {dagbag.py:588} INFO - Filling up the DagBag from /home/sravan2418/airflow-env/lib/python3.11/site-packages/airflow/example_dags/example_datasets.py
[2025-02-27T19:23:32.341+0000] {processor.py:925} INFO - DAG(s) 'dataset_consumes_1_never_scheduled', 'dataset_consumes_1_and_2', 'dataset_produces_2', 'dataset_consumes_unknown_never_scheduled', 'dataset_consumes_1', 'consume_1_or_both_2_and_3_with_dataset_expressions', 'consume_1_or_2_with_dataset_expressions', 'consume_1_and_2_with_dataset_expressions', 'conditional_dataset_and_time_based_timetable', 'dataset_produces_1' retrieved from /home/sravan2418/airflow-env/lib/python3.11/site-packages/airflow/example_dags/example_datasets.py
[2025-02-27T19:23:32.391+0000] {logging_mixin.py:190} INFO - [2025-02-27T19:23:32.391+0000] {dag.py:3239} INFO - Sync 10 DAGs
[2025-02-27T19:23:32.420+0000] {logging_mixin.py:190} INFO - [2025-02-27T19:23:32.420+0000] {dag.py:4180} INFO - Setting next_dagrun for conditional_dataset_and_time_based_timetable to 2025-02-26 01:00:00+00:00, run_after=2025-02-26 01:00:00+00:00
[2025-02-27T19:23:32.424+0000] {logging_mixin.py:190} INFO - [2025-02-27T19:23:32.424+0000] {dag.py:4180} INFO - Setting next_dagrun for consume_1_and_2_with_dataset_expressions to None, run_after=None
[2025-02-27T19:23:32.425+0000] {logging_mixin.py:190} INFO - [2025-02-27T19:23:32.425+0000] {dag.py:4180} INFO - Setting next_dagrun for consume_1_or_2_with_dataset_expressions to None, run_after=None
[2025-02-27T19:23:32.426+0000] {logging_mixin.py:190} INFO - [2025-02-27T19:23:32.426+0000] {dag.py:4180} INFO - Setting next_dagrun for consume_1_or_both_2_and_3_with_dataset_expressions to None, run_after=None
[2025-02-27T19:23:32.427+0000] {logging_mixin.py:190} INFO - [2025-02-27T19:23:32.427+0000] {dag.py:4180} INFO - Setting next_dagrun for dataset_consumes_1 to None, run_after=None
[2025-02-27T19:23:32.428+0000] {logging_mixin.py:190} INFO - [2025-02-27T19:23:32.428+0000] {dag.py:4180} INFO - Setting next_dagrun for dataset_consumes_1_and_2 to None, run_after=None
[2025-02-27T19:23:32.429+0000] {logging_mixin.py:190} INFO - [2025-02-27T19:23:32.429+0000] {dag.py:4180} INFO - Setting next_dagrun for dataset_consumes_1_never_scheduled to None, run_after=None
[2025-02-27T19:23:32.430+0000] {logging_mixin.py:190} INFO - [2025-02-27T19:23:32.430+0000] {dag.py:4180} INFO - Setting next_dagrun for dataset_consumes_unknown_never_scheduled to None, run_after=None
[2025-02-27T19:23:32.432+0000] {logging_mixin.py:190} INFO - [2025-02-27T19:23:32.432+0000] {dag.py:4180} INFO - Setting next_dagrun for dataset_produces_1 to 2025-02-26 00:00:00+00:00, run_after=2025-02-27 00:00:00+00:00
[2025-02-27T19:23:32.433+0000] {logging_mixin.py:190} INFO - [2025-02-27T19:23:32.433+0000] {dag.py:4180} INFO - Setting next_dagrun for dataset_produces_2 to None, run_after=None
[2025-02-27T19:23:32.471+0000] {processor.py:208} INFO - Processing /home/sravan2418/airflow-env/lib/python3.11/site-packages/airflow/example_dags/example_datasets.py took 0.169 seconds
[2025-02-27T19:24:33.150+0000] {processor.py:186} INFO - Started process (PID=2811) to work on /home/sravan2418/airflow-env/lib/python3.11/site-packages/airflow/example_dags/example_datasets.py
[2025-02-27T19:24:33.153+0000] {processor.py:914} INFO - Processing file /home/sravan2418/airflow-env/lib/python3.11/site-packages/airflow/example_dags/example_datasets.py for tasks to queue
[2025-02-27T19:24:33.157+0000] {logging_mixin.py:190} INFO - [2025-02-27T19:24:33.156+0000] {dagbag.py:588} INFO - Filling up the DagBag from /home/sravan2418/airflow-env/lib/python3.11/site-packages/airflow/example_dags/example_datasets.py
[2025-02-27T19:24:33.184+0000] {processor.py:925} INFO - DAG(s) 'consume_1_and_2_with_dataset_expressions', 'consume_1_or_2_with_dataset_expressions', 'conditional_dataset_and_time_based_timetable', 'dataset_consumes_1', 'dataset_produces_1', 'dataset_consumes_1_never_scheduled', 'dataset_consumes_unknown_never_scheduled', 'dataset_produces_2', 'dataset_consumes_1_and_2', 'consume_1_or_both_2_and_3_with_dataset_expressions' retrieved from /home/sravan2418/airflow-env/lib/python3.11/site-packages/airflow/example_dags/example_datasets.py
[2025-02-27T19:24:33.241+0000] {logging_mixin.py:190} INFO - [2025-02-27T19:24:33.241+0000] {dag.py:3239} INFO - Sync 10 DAGs
[2025-02-27T19:24:33.274+0000] {logging_mixin.py:190} INFO - [2025-02-27T19:24:33.274+0000] {dag.py:4180} INFO - Setting next_dagrun for conditional_dataset_and_time_based_timetable to 2025-02-26 01:00:00+00:00, run_after=2025-02-26 01:00:00+00:00
[2025-02-27T19:24:33.280+0000] {logging_mixin.py:190} INFO - [2025-02-27T19:24:33.279+0000] {dag.py:4180} INFO - Setting next_dagrun for consume_1_and_2_with_dataset_expressions to None, run_after=None
[2025-02-27T19:24:33.281+0000] {logging_mixin.py:190} INFO - [2025-02-27T19:24:33.281+0000] {dag.py:4180} INFO - Setting next_dagrun for consume_1_or_2_with_dataset_expressions to None, run_after=None
[2025-02-27T19:24:33.282+0000] {logging_mixin.py:190} INFO - [2025-02-27T19:24:33.282+0000] {dag.py:4180} INFO - Setting next_dagrun for consume_1_or_both_2_and_3_with_dataset_expressions to None, run_after=None
[2025-02-27T19:24:33.284+0000] {logging_mixin.py:190} INFO - [2025-02-27T19:24:33.283+0000] {dag.py:4180} INFO - Setting next_dagrun for dataset_consumes_1 to None, run_after=None
[2025-02-27T19:24:33.285+0000] {logging_mixin.py:190} INFO - [2025-02-27T19:24:33.284+0000] {dag.py:4180} INFO - Setting next_dagrun for dataset_consumes_1_and_2 to None, run_after=None
[2025-02-27T19:24:33.286+0000] {logging_mixin.py:190} INFO - [2025-02-27T19:24:33.286+0000] {dag.py:4180} INFO - Setting next_dagrun for dataset_consumes_1_never_scheduled to None, run_after=None
[2025-02-27T19:24:33.287+0000] {logging_mixin.py:190} INFO - [2025-02-27T19:24:33.286+0000] {dag.py:4180} INFO - Setting next_dagrun for dataset_consumes_unknown_never_scheduled to None, run_after=None
[2025-02-27T19:24:33.290+0000] {logging_mixin.py:190} INFO - [2025-02-27T19:24:33.289+0000] {dag.py:4180} INFO - Setting next_dagrun for dataset_produces_1 to 2025-02-26 00:00:00+00:00, run_after=2025-02-27 00:00:00+00:00
[2025-02-27T19:24:33.291+0000] {logging_mixin.py:190} INFO - [2025-02-27T19:24:33.291+0000] {dag.py:4180} INFO - Setting next_dagrun for dataset_produces_2 to None, run_after=None
[2025-02-27T19:24:33.337+0000] {processor.py:208} INFO - Processing /home/sravan2418/airflow-env/lib/python3.11/site-packages/airflow/example_dags/example_datasets.py took 0.198 seconds
[2025-02-27T19:25:33.991+0000] {processor.py:186} INFO - Started process (PID=2871) to work on /home/sravan2418/airflow-env/lib/python3.11/site-packages/airflow/example_dags/example_datasets.py
[2025-02-27T19:25:33.993+0000] {processor.py:914} INFO - Processing file /home/sravan2418/airflow-env/lib/python3.11/site-packages/airflow/example_dags/example_datasets.py for tasks to queue
[2025-02-27T19:25:33.998+0000] {logging_mixin.py:190} INFO - [2025-02-27T19:25:33.997+0000] {dagbag.py:588} INFO - Filling up the DagBag from /home/sravan2418/airflow-env/lib/python3.11/site-packages/airflow/example_dags/example_datasets.py
[2025-02-27T19:25:34.022+0000] {processor.py:925} INFO - DAG(s) 'dataset_consumes_1_and_2', 'dataset_consumes_1_never_scheduled', 'dataset_produces_1', 'consume_1_and_2_with_dataset_expressions', 'dataset_consumes_unknown_never_scheduled', 'dataset_consumes_1', 'consume_1_or_2_with_dataset_expressions', 'consume_1_or_both_2_and_3_with_dataset_expressions', 'dataset_produces_2', 'conditional_dataset_and_time_based_timetable' retrieved from /home/sravan2418/airflow-env/lib/python3.11/site-packages/airflow/example_dags/example_datasets.py
[2025-02-27T19:25:34.068+0000] {logging_mixin.py:190} INFO - [2025-02-27T19:25:34.068+0000] {dag.py:3239} INFO - Sync 10 DAGs
[2025-02-27T19:25:34.095+0000] {logging_mixin.py:190} INFO - [2025-02-27T19:25:34.095+0000] {dag.py:4180} INFO - Setting next_dagrun for conditional_dataset_and_time_based_timetable to 2025-02-26 01:00:00+00:00, run_after=2025-02-26 01:00:00+00:00
[2025-02-27T19:25:34.099+0000] {logging_mixin.py:190} INFO - [2025-02-27T19:25:34.099+0000] {dag.py:4180} INFO - Setting next_dagrun for consume_1_and_2_with_dataset_expressions to None, run_after=None
[2025-02-27T19:25:34.100+0000] {logging_mixin.py:190} INFO - [2025-02-27T19:25:34.100+0000] {dag.py:4180} INFO - Setting next_dagrun for consume_1_or_2_with_dataset_expressions to None, run_after=None
[2025-02-27T19:25:34.101+0000] {logging_mixin.py:190} INFO - [2025-02-27T19:25:34.101+0000] {dag.py:4180} INFO - Setting next_dagrun for consume_1_or_both_2_and_3_with_dataset_expressions to None, run_after=None
[2025-02-27T19:25:34.102+0000] {logging_mixin.py:190} INFO - [2025-02-27T19:25:34.102+0000] {dag.py:4180} INFO - Setting next_dagrun for dataset_consumes_1 to None, run_after=None
[2025-02-27T19:25:34.103+0000] {logging_mixin.py:190} INFO - [2025-02-27T19:25:34.103+0000] {dag.py:4180} INFO - Setting next_dagrun for dataset_consumes_1_and_2 to None, run_after=None
[2025-02-27T19:25:34.104+0000] {logging_mixin.py:190} INFO - [2025-02-27T19:25:34.104+0000] {dag.py:4180} INFO - Setting next_dagrun for dataset_consumes_1_never_scheduled to None, run_after=None
[2025-02-27T19:25:34.105+0000] {logging_mixin.py:190} INFO - [2025-02-27T19:25:34.105+0000] {dag.py:4180} INFO - Setting next_dagrun for dataset_consumes_unknown_never_scheduled to None, run_after=None
[2025-02-27T19:25:34.107+0000] {logging_mixin.py:190} INFO - [2025-02-27T19:25:34.107+0000] {dag.py:4180} INFO - Setting next_dagrun for dataset_produces_1 to 2025-02-26 00:00:00+00:00, run_after=2025-02-27 00:00:00+00:00
[2025-02-27T19:25:34.109+0000] {logging_mixin.py:190} INFO - [2025-02-27T19:25:34.108+0000] {dag.py:4180} INFO - Setting next_dagrun for dataset_produces_2 to None, run_after=None
[2025-02-27T19:25:34.144+0000] {processor.py:208} INFO - Processing /home/sravan2418/airflow-env/lib/python3.11/site-packages/airflow/example_dags/example_datasets.py took 0.163 seconds
[2025-02-27T19:26:39.622+0000] {processor.py:186} INFO - Started process (PID=2937) to work on /home/sravan2418/airflow-env/lib/python3.11/site-packages/airflow/example_dags/example_datasets.py
[2025-02-27T19:26:39.624+0000] {processor.py:914} INFO - Processing file /home/sravan2418/airflow-env/lib/python3.11/site-packages/airflow/example_dags/example_datasets.py for tasks to queue
[2025-02-27T19:26:39.627+0000] {logging_mixin.py:190} INFO - [2025-02-27T19:26:39.626+0000] {dagbag.py:588} INFO - Filling up the DagBag from /home/sravan2418/airflow-env/lib/python3.11/site-packages/airflow/example_dags/example_datasets.py
[2025-02-27T19:26:39.648+0000] {processor.py:925} INFO - DAG(s) 'dataset_consumes_1', 'consume_1_or_both_2_and_3_with_dataset_expressions', 'dataset_produces_2', 'dataset_consumes_unknown_never_scheduled', 'consume_1_or_2_with_dataset_expressions', 'consume_1_and_2_with_dataset_expressions', 'conditional_dataset_and_time_based_timetable', 'dataset_consumes_1_and_2', 'dataset_produces_1', 'dataset_consumes_1_never_scheduled' retrieved from /home/sravan2418/airflow-env/lib/python3.11/site-packages/airflow/example_dags/example_datasets.py
[2025-02-27T19:26:39.857+0000] {logging_mixin.py:190} INFO - [2025-02-27T19:26:39.857+0000] {dag.py:3239} INFO - Sync 10 DAGs
[2025-02-27T19:26:39.882+0000] {logging_mixin.py:190} INFO - [2025-02-27T19:26:39.882+0000] {dag.py:4180} INFO - Setting next_dagrun for conditional_dataset_and_time_based_timetable to 2025-02-26 01:00:00+00:00, run_after=2025-02-26 01:00:00+00:00
[2025-02-27T19:26:39.886+0000] {logging_mixin.py:190} INFO - [2025-02-27T19:26:39.885+0000] {dag.py:4180} INFO - Setting next_dagrun for consume_1_and_2_with_dataset_expressions to None, run_after=None
[2025-02-27T19:26:39.887+0000] {logging_mixin.py:190} INFO - [2025-02-27T19:26:39.886+0000] {dag.py:4180} INFO - Setting next_dagrun for consume_1_or_2_with_dataset_expressions to None, run_after=None
[2025-02-27T19:26:39.888+0000] {logging_mixin.py:190} INFO - [2025-02-27T19:26:39.887+0000] {dag.py:4180} INFO - Setting next_dagrun for consume_1_or_both_2_and_3_with_dataset_expressions to None, run_after=None
[2025-02-27T19:26:39.889+0000] {logging_mixin.py:190} INFO - [2025-02-27T19:26:39.888+0000] {dag.py:4180} INFO - Setting next_dagrun for dataset_consumes_1 to None, run_after=None
[2025-02-27T19:26:39.890+0000] {logging_mixin.py:190} INFO - [2025-02-27T19:26:39.889+0000] {dag.py:4180} INFO - Setting next_dagrun for dataset_consumes_1_and_2 to None, run_after=None
[2025-02-27T19:26:39.891+0000] {logging_mixin.py:190} INFO - [2025-02-27T19:26:39.890+0000] {dag.py:4180} INFO - Setting next_dagrun for dataset_consumes_1_never_scheduled to None, run_after=None
[2025-02-27T19:26:39.891+0000] {logging_mixin.py:190} INFO - [2025-02-27T19:26:39.891+0000] {dag.py:4180} INFO - Setting next_dagrun for dataset_consumes_unknown_never_scheduled to None, run_after=None
[2025-02-27T19:26:39.894+0000] {logging_mixin.py:190} INFO - [2025-02-27T19:26:39.894+0000] {dag.py:4180} INFO - Setting next_dagrun for dataset_produces_1 to 2025-02-26 00:00:00+00:00, run_after=2025-02-27 00:00:00+00:00
[2025-02-27T19:26:39.895+0000] {logging_mixin.py:190} INFO - [2025-02-27T19:26:39.895+0000] {dag.py:4180} INFO - Setting next_dagrun for dataset_produces_2 to None, run_after=None
[2025-02-27T19:26:39.929+0000] {processor.py:208} INFO - Processing /home/sravan2418/airflow-env/lib/python3.11/site-packages/airflow/example_dags/example_datasets.py took 0.316 seconds
[2025-02-27T19:28:43.263+0000] {processor.py:186} INFO - Started process (PID=3081) to work on /home/sravan2418/airflow-env/lib/python3.11/site-packages/airflow/example_dags/example_datasets.py
[2025-02-27T19:28:43.266+0000] {processor.py:914} INFO - Processing file /home/sravan2418/airflow-env/lib/python3.11/site-packages/airflow/example_dags/example_datasets.py for tasks to queue
[2025-02-27T19:28:43.270+0000] {logging_mixin.py:190} INFO - [2025-02-27T19:28:43.269+0000] {dagbag.py:588} INFO - Filling up the DagBag from /home/sravan2418/airflow-env/lib/python3.11/site-packages/airflow/example_dags/example_datasets.py
[2025-02-27T19:28:43.298+0000] {processor.py:925} INFO - DAG(s) 'dataset_consumes_1_and_2', 'dataset_consumes_1_never_scheduled', 'dataset_consumes_1', 'consume_1_or_both_2_and_3_with_dataset_expressions', 'dataset_produces_1', 'consume_1_and_2_with_dataset_expressions', 'dataset_consumes_unknown_never_scheduled', 'conditional_dataset_and_time_based_timetable', 'consume_1_or_2_with_dataset_expressions', 'dataset_produces_2' retrieved from /home/sravan2418/airflow-env/lib/python3.11/site-packages/airflow/example_dags/example_datasets.py
[2025-02-27T19:28:43.354+0000] {logging_mixin.py:190} INFO - [2025-02-27T19:28:43.354+0000] {dag.py:3239} INFO - Sync 10 DAGs
[2025-02-27T19:28:43.388+0000] {logging_mixin.py:190} INFO - [2025-02-27T19:28:43.388+0000] {dag.py:4180} INFO - Setting next_dagrun for conditional_dataset_and_time_based_timetable to 2025-02-26 01:00:00+00:00, run_after=2025-02-26 01:00:00+00:00
[2025-02-27T19:28:43.393+0000] {logging_mixin.py:190} INFO - [2025-02-27T19:28:43.393+0000] {dag.py:4180} INFO - Setting next_dagrun for consume_1_and_2_with_dataset_expressions to None, run_after=None
[2025-02-27T19:28:43.395+0000] {logging_mixin.py:190} INFO - [2025-02-27T19:28:43.394+0000] {dag.py:4180} INFO - Setting next_dagrun for consume_1_or_2_with_dataset_expressions to None, run_after=None
[2025-02-27T19:28:43.396+0000] {logging_mixin.py:190} INFO - [2025-02-27T19:28:43.396+0000] {dag.py:4180} INFO - Setting next_dagrun for consume_1_or_both_2_and_3_with_dataset_expressions to None, run_after=None
[2025-02-27T19:28:43.397+0000] {logging_mixin.py:190} INFO - [2025-02-27T19:28:43.397+0000] {dag.py:4180} INFO - Setting next_dagrun for dataset_consumes_1 to None, run_after=None
[2025-02-27T19:28:43.398+0000] {logging_mixin.py:190} INFO - [2025-02-27T19:28:43.398+0000] {dag.py:4180} INFO - Setting next_dagrun for dataset_consumes_1_and_2 to None, run_after=None
[2025-02-27T19:28:43.399+0000] {logging_mixin.py:190} INFO - [2025-02-27T19:28:43.399+0000] {dag.py:4180} INFO - Setting next_dagrun for dataset_consumes_1_never_scheduled to None, run_after=None
[2025-02-27T19:28:43.400+0000] {logging_mixin.py:190} INFO - [2025-02-27T19:28:43.400+0000] {dag.py:4180} INFO - Setting next_dagrun for dataset_consumes_unknown_never_scheduled to None, run_after=None
[2025-02-27T19:28:43.403+0000] {logging_mixin.py:190} INFO - [2025-02-27T19:28:43.403+0000] {dag.py:4180} INFO - Setting next_dagrun for dataset_produces_1 to 2025-02-26 00:00:00+00:00, run_after=2025-02-27 00:00:00+00:00
[2025-02-27T19:28:43.404+0000] {logging_mixin.py:190} INFO - [2025-02-27T19:28:43.404+0000] {dag.py:4180} INFO - Setting next_dagrun for dataset_produces_2 to None, run_after=None
[2025-02-27T19:28:43.448+0000] {processor.py:208} INFO - Processing /home/sravan2418/airflow-env/lib/python3.11/site-packages/airflow/example_dags/example_datasets.py took 0.195 seconds
[2025-02-27T19:29:41.875+0000] {processor.py:186} INFO - Started process (PID=3148) to work on /home/sravan2418/airflow-env/lib/python3.11/site-packages/airflow/example_dags/example_datasets.py
[2025-02-27T19:29:41.877+0000] {processor.py:914} INFO - Processing file /home/sravan2418/airflow-env/lib/python3.11/site-packages/airflow/example_dags/example_datasets.py for tasks to queue
[2025-02-27T19:29:41.880+0000] {logging_mixin.py:190} INFO - [2025-02-27T19:29:41.880+0000] {dagbag.py:588} INFO - Filling up the DagBag from /home/sravan2418/airflow-env/lib/python3.11/site-packages/airflow/example_dags/example_datasets.py
[2025-02-27T19:29:41.906+0000] {processor.py:925} INFO - DAG(s) 'dataset_produces_1', 'consume_1_or_2_with_dataset_expressions', 'conditional_dataset_and_time_based_timetable', 'dataset_consumes_unknown_never_scheduled', 'consume_1_and_2_with_dataset_expressions', 'dataset_consumes_1', 'dataset_consumes_1_and_2', 'dataset_produces_2', 'consume_1_or_both_2_and_3_with_dataset_expressions', 'dataset_consumes_1_never_scheduled' retrieved from /home/sravan2418/airflow-env/lib/python3.11/site-packages/airflow/example_dags/example_datasets.py
[2025-02-27T19:29:41.949+0000] {logging_mixin.py:190} INFO - [2025-02-27T19:29:41.949+0000] {dag.py:3239} INFO - Sync 10 DAGs
[2025-02-27T19:29:41.978+0000] {logging_mixin.py:190} INFO - [2025-02-27T19:29:41.977+0000] {dag.py:4180} INFO - Setting next_dagrun for conditional_dataset_and_time_based_timetable to 2025-02-26 01:00:00+00:00, run_after=2025-02-26 01:00:00+00:00
[2025-02-27T19:29:41.982+0000] {logging_mixin.py:190} INFO - [2025-02-27T19:29:41.981+0000] {dag.py:4180} INFO - Setting next_dagrun for consume_1_and_2_with_dataset_expressions to None, run_after=None
[2025-02-27T19:29:41.983+0000] {logging_mixin.py:190} INFO - [2025-02-27T19:29:41.983+0000] {dag.py:4180} INFO - Setting next_dagrun for consume_1_or_2_with_dataset_expressions to None, run_after=None
[2025-02-27T19:29:41.984+0000] {logging_mixin.py:190} INFO - [2025-02-27T19:29:41.984+0000] {dag.py:4180} INFO - Setting next_dagrun for consume_1_or_both_2_and_3_with_dataset_expressions to None, run_after=None
[2025-02-27T19:29:41.985+0000] {logging_mixin.py:190} INFO - [2025-02-27T19:29:41.985+0000] {dag.py:4180} INFO - Setting next_dagrun for dataset_consumes_1 to None, run_after=None
[2025-02-27T19:29:41.986+0000] {logging_mixin.py:190} INFO - [2025-02-27T19:29:41.986+0000] {dag.py:4180} INFO - Setting next_dagrun for dataset_consumes_1_and_2 to None, run_after=None
[2025-02-27T19:29:41.987+0000] {logging_mixin.py:190} INFO - [2025-02-27T19:29:41.987+0000] {dag.py:4180} INFO - Setting next_dagrun for dataset_consumes_1_never_scheduled to None, run_after=None
[2025-02-27T19:29:41.988+0000] {logging_mixin.py:190} INFO - [2025-02-27T19:29:41.988+0000] {dag.py:4180} INFO - Setting next_dagrun for dataset_consumes_unknown_never_scheduled to None, run_after=None
[2025-02-27T19:29:41.991+0000] {logging_mixin.py:190} INFO - [2025-02-27T19:29:41.990+0000] {dag.py:4180} INFO - Setting next_dagrun for dataset_produces_1 to 2025-02-26 00:00:00+00:00, run_after=2025-02-27 00:00:00+00:00
[2025-02-27T19:29:41.992+0000] {logging_mixin.py:190} INFO - [2025-02-27T19:29:41.991+0000] {dag.py:4180} INFO - Setting next_dagrun for dataset_produces_2 to None, run_after=None
[2025-02-27T19:29:42.027+0000] {processor.py:208} INFO - Processing /home/sravan2418/airflow-env/lib/python3.11/site-packages/airflow/example_dags/example_datasets.py took 0.161 seconds
[2025-02-27T19:30:44.390+0000] {processor.py:186} INFO - Started process (PID=3211) to work on /home/sravan2418/airflow-env/lib/python3.11/site-packages/airflow/example_dags/example_datasets.py
[2025-02-27T19:30:44.392+0000] {processor.py:914} INFO - Processing file /home/sravan2418/airflow-env/lib/python3.11/site-packages/airflow/example_dags/example_datasets.py for tasks to queue
[2025-02-27T19:30:44.395+0000] {logging_mixin.py:190} INFO - [2025-02-27T19:30:44.394+0000] {dagbag.py:588} INFO - Filling up the DagBag from /home/sravan2418/airflow-env/lib/python3.11/site-packages/airflow/example_dags/example_datasets.py
[2025-02-27T19:30:44.418+0000] {processor.py:925} INFO - DAG(s) 'dataset_consumes_1_and_2', 'consume_1_and_2_with_dataset_expressions', 'consume_1_or_both_2_and_3_with_dataset_expressions', 'dataset_consumes_1_never_scheduled', 'consume_1_or_2_with_dataset_expressions', 'dataset_produces_1', 'dataset_consumes_unknown_never_scheduled', 'conditional_dataset_and_time_based_timetable', 'dataset_consumes_1', 'dataset_produces_2' retrieved from /home/sravan2418/airflow-env/lib/python3.11/site-packages/airflow/example_dags/example_datasets.py
[2025-02-27T19:30:44.461+0000] {logging_mixin.py:190} INFO - [2025-02-27T19:30:44.461+0000] {dag.py:3239} INFO - Sync 10 DAGs
[2025-02-27T19:30:44.490+0000] {logging_mixin.py:190} INFO - [2025-02-27T19:30:44.490+0000] {dag.py:4180} INFO - Setting next_dagrun for conditional_dataset_and_time_based_timetable to 2025-02-26 01:00:00+00:00, run_after=2025-02-26 01:00:00+00:00
[2025-02-27T19:30:44.494+0000] {logging_mixin.py:190} INFO - [2025-02-27T19:30:44.494+0000] {dag.py:4180} INFO - Setting next_dagrun for consume_1_and_2_with_dataset_expressions to None, run_after=None
[2025-02-27T19:30:44.496+0000] {logging_mixin.py:190} INFO - [2025-02-27T19:30:44.496+0000] {dag.py:4180} INFO - Setting next_dagrun for consume_1_or_2_with_dataset_expressions to None, run_after=None
[2025-02-27T19:30:44.497+0000] {logging_mixin.py:190} INFO - [2025-02-27T19:30:44.497+0000] {dag.py:4180} INFO - Setting next_dagrun for consume_1_or_both_2_and_3_with_dataset_expressions to None, run_after=None
[2025-02-27T19:30:44.498+0000] {logging_mixin.py:190} INFO - [2025-02-27T19:30:44.498+0000] {dag.py:4180} INFO - Setting next_dagrun for dataset_consumes_1 to None, run_after=None
[2025-02-27T19:30:44.499+0000] {logging_mixin.py:190} INFO - [2025-02-27T19:30:44.499+0000] {dag.py:4180} INFO - Setting next_dagrun for dataset_consumes_1_and_2 to None, run_after=None
[2025-02-27T19:30:44.500+0000] {logging_mixin.py:190} INFO - [2025-02-27T19:30:44.500+0000] {dag.py:4180} INFO - Setting next_dagrun for dataset_consumes_1_never_scheduled to None, run_after=None
[2025-02-27T19:30:44.501+0000] {logging_mixin.py:190} INFO - [2025-02-27T19:30:44.501+0000] {dag.py:4180} INFO - Setting next_dagrun for dataset_consumes_unknown_never_scheduled to None, run_after=None
[2025-02-27T19:30:44.503+0000] {logging_mixin.py:190} INFO - [2025-02-27T19:30:44.503+0000] {dag.py:4180} INFO - Setting next_dagrun for dataset_produces_1 to 2025-02-26 00:00:00+00:00, run_after=2025-02-27 00:00:00+00:00
[2025-02-27T19:30:44.504+0000] {logging_mixin.py:190} INFO - [2025-02-27T19:30:44.504+0000] {dag.py:4180} INFO - Setting next_dagrun for dataset_produces_2 to None, run_after=None
[2025-02-27T19:30:44.541+0000] {processor.py:208} INFO - Processing /home/sravan2418/airflow-env/lib/python3.11/site-packages/airflow/example_dags/example_datasets.py took 0.160 seconds
[2025-02-27T19:31:49.449+0000] {processor.py:186} INFO - Started process (PID=3273) to work on /home/sravan2418/airflow-env/lib/python3.11/site-packages/airflow/example_dags/example_datasets.py
[2025-02-27T19:31:49.451+0000] {processor.py:914} INFO - Processing file /home/sravan2418/airflow-env/lib/python3.11/site-packages/airflow/example_dags/example_datasets.py for tasks to queue
[2025-02-27T19:31:49.455+0000] {logging_mixin.py:190} INFO - [2025-02-27T19:31:49.455+0000] {dagbag.py:588} INFO - Filling up the DagBag from /home/sravan2418/airflow-env/lib/python3.11/site-packages/airflow/example_dags/example_datasets.py
[2025-02-27T19:31:49.490+0000] {processor.py:925} INFO - DAG(s) 'dataset_consumes_1', 'dataset_consumes_1_and_2', 'consume_1_or_2_with_dataset_expressions', 'dataset_consumes_unknown_never_scheduled', 'dataset_consumes_1_never_scheduled', 'conditional_dataset_and_time_based_timetable', 'consume_1_or_both_2_and_3_with_dataset_expressions', 'dataset_produces_2', 'dataset_produces_1', 'consume_1_and_2_with_dataset_expressions' retrieved from /home/sravan2418/airflow-env/lib/python3.11/site-packages/airflow/example_dags/example_datasets.py
[2025-02-27T19:31:49.759+0000] {logging_mixin.py:190} INFO - [2025-02-27T19:31:49.759+0000] {dag.py:3239} INFO - Sync 10 DAGs
[2025-02-27T19:31:49.786+0000] {logging_mixin.py:190} INFO - [2025-02-27T19:31:49.786+0000] {dag.py:4180} INFO - Setting next_dagrun for conditional_dataset_and_time_based_timetable to 2025-02-26 01:00:00+00:00, run_after=2025-02-26 01:00:00+00:00
[2025-02-27T19:31:49.791+0000] {logging_mixin.py:190} INFO - [2025-02-27T19:31:49.790+0000] {dag.py:4180} INFO - Setting next_dagrun for consume_1_and_2_with_dataset_expressions to None, run_after=None
[2025-02-27T19:31:49.792+0000] {logging_mixin.py:190} INFO - [2025-02-27T19:31:49.792+0000] {dag.py:4180} INFO - Setting next_dagrun for consume_1_or_2_with_dataset_expressions to None, run_after=None
[2025-02-27T19:31:49.794+0000] {logging_mixin.py:190} INFO - [2025-02-27T19:31:49.793+0000] {dag.py:4180} INFO - Setting next_dagrun for consume_1_or_both_2_and_3_with_dataset_expressions to None, run_after=None
[2025-02-27T19:31:49.795+0000] {logging_mixin.py:190} INFO - [2025-02-27T19:31:49.795+0000] {dag.py:4180} INFO - Setting next_dagrun for dataset_consumes_1 to None, run_after=None
[2025-02-27T19:31:49.797+0000] {logging_mixin.py:190} INFO - [2025-02-27T19:31:49.797+0000] {dag.py:4180} INFO - Setting next_dagrun for dataset_consumes_1_and_2 to None, run_after=None
[2025-02-27T19:31:49.799+0000] {logging_mixin.py:190} INFO - [2025-02-27T19:31:49.798+0000] {dag.py:4180} INFO - Setting next_dagrun for dataset_consumes_1_never_scheduled to None, run_after=None
[2025-02-27T19:31:49.800+0000] {logging_mixin.py:190} INFO - [2025-02-27T19:31:49.800+0000] {dag.py:4180} INFO - Setting next_dagrun for dataset_consumes_unknown_never_scheduled to None, run_after=None
[2025-02-27T19:31:49.802+0000] {logging_mixin.py:190} INFO - [2025-02-27T19:31:49.802+0000] {dag.py:4180} INFO - Setting next_dagrun for dataset_produces_1 to 2025-02-26 00:00:00+00:00, run_after=2025-02-27 00:00:00+00:00
[2025-02-27T19:31:49.803+0000] {logging_mixin.py:190} INFO - [2025-02-27T19:31:49.803+0000] {dag.py:4180} INFO - Setting next_dagrun for dataset_produces_2 to None, run_after=None
[2025-02-27T19:31:49.837+0000] {processor.py:208} INFO - Processing /home/sravan2418/airflow-env/lib/python3.11/site-packages/airflow/example_dags/example_datasets.py took 0.399 seconds
[2025-02-27T19:33:03.753+0000] {processor.py:186} INFO - Started process (PID=3348) to work on /home/sravan2418/airflow-env/lib/python3.11/site-packages/airflow/example_dags/example_datasets.py
[2025-02-27T19:33:03.755+0000] {processor.py:914} INFO - Processing file /home/sravan2418/airflow-env/lib/python3.11/site-packages/airflow/example_dags/example_datasets.py for tasks to queue
[2025-02-27T19:33:03.759+0000] {logging_mixin.py:190} INFO - [2025-02-27T19:33:03.758+0000] {dagbag.py:588} INFO - Filling up the DagBag from /home/sravan2418/airflow-env/lib/python3.11/site-packages/airflow/example_dags/example_datasets.py
[2025-02-27T19:33:03.785+0000] {processor.py:925} INFO - DAG(s) 'dataset_consumes_1_never_scheduled', 'dataset_produces_2', 'consume_1_and_2_with_dataset_expressions', 'conditional_dataset_and_time_based_timetable', 'dataset_consumes_1_and_2', 'dataset_produces_1', 'dataset_consumes_1', 'consume_1_or_2_with_dataset_expressions', 'consume_1_or_both_2_and_3_with_dataset_expressions', 'dataset_consumes_unknown_never_scheduled' retrieved from /home/sravan2418/airflow-env/lib/python3.11/site-packages/airflow/example_dags/example_datasets.py
[2025-02-27T19:33:03.831+0000] {logging_mixin.py:190} INFO - [2025-02-27T19:33:03.831+0000] {dag.py:3239} INFO - Sync 10 DAGs
[2025-02-27T19:33:03.862+0000] {logging_mixin.py:190} INFO - [2025-02-27T19:33:03.862+0000] {dag.py:4180} INFO - Setting next_dagrun for conditional_dataset_and_time_based_timetable to 2025-02-26 01:00:00+00:00, run_after=2025-02-26 01:00:00+00:00
[2025-02-27T19:33:03.866+0000] {logging_mixin.py:190} INFO - [2025-02-27T19:33:03.866+0000] {dag.py:4180} INFO - Setting next_dagrun for consume_1_and_2_with_dataset_expressions to None, run_after=None
[2025-02-27T19:33:03.868+0000] {logging_mixin.py:190} INFO - [2025-02-27T19:33:03.867+0000] {dag.py:4180} INFO - Setting next_dagrun for consume_1_or_2_with_dataset_expressions to None, run_after=None
[2025-02-27T19:33:03.869+0000] {logging_mixin.py:190} INFO - [2025-02-27T19:33:03.869+0000] {dag.py:4180} INFO - Setting next_dagrun for consume_1_or_both_2_and_3_with_dataset_expressions to None, run_after=None
[2025-02-27T19:33:03.870+0000] {logging_mixin.py:190} INFO - [2025-02-27T19:33:03.870+0000] {dag.py:4180} INFO - Setting next_dagrun for dataset_consumes_1 to None, run_after=None
[2025-02-27T19:33:03.871+0000] {logging_mixin.py:190} INFO - [2025-02-27T19:33:03.871+0000] {dag.py:4180} INFO - Setting next_dagrun for dataset_consumes_1_and_2 to None, run_after=None
[2025-02-27T19:33:03.872+0000] {logging_mixin.py:190} INFO - [2025-02-27T19:33:03.872+0000] {dag.py:4180} INFO - Setting next_dagrun for dataset_consumes_1_never_scheduled to None, run_after=None
[2025-02-27T19:33:03.873+0000] {logging_mixin.py:190} INFO - [2025-02-27T19:33:03.873+0000] {dag.py:4180} INFO - Setting next_dagrun for dataset_consumes_unknown_never_scheduled to None, run_after=None
[2025-02-27T19:33:03.875+0000] {logging_mixin.py:190} INFO - [2025-02-27T19:33:03.875+0000] {dag.py:4180} INFO - Setting next_dagrun for dataset_produces_1 to 2025-02-26 00:00:00+00:00, run_after=2025-02-27 00:00:00+00:00
[2025-02-27T19:33:03.876+0000] {logging_mixin.py:190} INFO - [2025-02-27T19:33:03.876+0000] {dag.py:4180} INFO - Setting next_dagrun for dataset_produces_2 to None, run_after=None
[2025-02-27T19:33:03.917+0000] {processor.py:208} INFO - Processing /home/sravan2418/airflow-env/lib/python3.11/site-packages/airflow/example_dags/example_datasets.py took 0.174 seconds
[2025-02-27T19:34:07.435+0000] {processor.py:186} INFO - Started process (PID=3411) to work on /home/sravan2418/airflow-env/lib/python3.11/site-packages/airflow/example_dags/example_datasets.py
[2025-02-27T19:34:07.437+0000] {processor.py:914} INFO - Processing file /home/sravan2418/airflow-env/lib/python3.11/site-packages/airflow/example_dags/example_datasets.py for tasks to queue
[2025-02-27T19:34:07.441+0000] {logging_mixin.py:190} INFO - [2025-02-27T19:34:07.440+0000] {dagbag.py:588} INFO - Filling up the DagBag from /home/sravan2418/airflow-env/lib/python3.11/site-packages/airflow/example_dags/example_datasets.py
[2025-02-27T19:34:07.465+0000] {processor.py:925} INFO - DAG(s) 'dataset_consumes_unknown_never_scheduled', 'dataset_consumes_1_and_2', 'consume_1_and_2_with_dataset_expressions', 'consume_1_or_2_with_dataset_expressions', 'dataset_produces_2', 'dataset_produces_1', 'conditional_dataset_and_time_based_timetable', 'consume_1_or_both_2_and_3_with_dataset_expressions', 'dataset_consumes_1_never_scheduled', 'dataset_consumes_1' retrieved from /home/sravan2418/airflow-env/lib/python3.11/site-packages/airflow/example_dags/example_datasets.py
[2025-02-27T19:34:07.511+0000] {logging_mixin.py:190} INFO - [2025-02-27T19:34:07.511+0000] {dag.py:3239} INFO - Sync 10 DAGs
[2025-02-27T19:34:07.543+0000] {logging_mixin.py:190} INFO - [2025-02-27T19:34:07.543+0000] {dag.py:4180} INFO - Setting next_dagrun for conditional_dataset_and_time_based_timetable to 2025-02-26 01:00:00+00:00, run_after=2025-02-26 01:00:00+00:00
[2025-02-27T19:34:07.547+0000] {logging_mixin.py:190} INFO - [2025-02-27T19:34:07.547+0000] {dag.py:4180} INFO - Setting next_dagrun for consume_1_and_2_with_dataset_expressions to None, run_after=None
[2025-02-27T19:34:07.549+0000] {logging_mixin.py:190} INFO - [2025-02-27T19:34:07.548+0000] {dag.py:4180} INFO - Setting next_dagrun for consume_1_or_2_with_dataset_expressions to None, run_after=None
[2025-02-27T19:34:07.550+0000] {logging_mixin.py:190} INFO - [2025-02-27T19:34:07.549+0000] {dag.py:4180} INFO - Setting next_dagrun for consume_1_or_both_2_and_3_with_dataset_expressions to None, run_after=None
[2025-02-27T19:34:07.551+0000] {logging_mixin.py:190} INFO - [2025-02-27T19:34:07.551+0000] {dag.py:4180} INFO - Setting next_dagrun for dataset_consumes_1 to None, run_after=None
[2025-02-27T19:34:07.552+0000] {logging_mixin.py:190} INFO - [2025-02-27T19:34:07.552+0000] {dag.py:4180} INFO - Setting next_dagrun for dataset_consumes_1_and_2 to None, run_after=None
[2025-02-27T19:34:07.553+0000] {logging_mixin.py:190} INFO - [2025-02-27T19:34:07.553+0000] {dag.py:4180} INFO - Setting next_dagrun for dataset_consumes_1_never_scheduled to None, run_after=None
[2025-02-27T19:34:07.554+0000] {logging_mixin.py:190} INFO - [2025-02-27T19:34:07.554+0000] {dag.py:4180} INFO - Setting next_dagrun for dataset_consumes_unknown_never_scheduled to None, run_after=None
[2025-02-27T19:34:07.557+0000] {logging_mixin.py:190} INFO - [2025-02-27T19:34:07.557+0000] {dag.py:4180} INFO - Setting next_dagrun for dataset_produces_1 to 2025-02-26 00:00:00+00:00, run_after=2025-02-27 00:00:00+00:00
[2025-02-27T19:34:07.559+0000] {logging_mixin.py:190} INFO - [2025-02-27T19:34:07.559+0000] {dag.py:4180} INFO - Setting next_dagrun for dataset_produces_2 to None, run_after=None
[2025-02-27T19:34:07.595+0000] {processor.py:208} INFO - Processing /home/sravan2418/airflow-env/lib/python3.11/site-packages/airflow/example_dags/example_datasets.py took 0.170 seconds
[2025-02-27T19:35:11.061+0000] {processor.py:186} INFO - Started process (PID=3476) to work on /home/sravan2418/airflow-env/lib/python3.11/site-packages/airflow/example_dags/example_datasets.py
[2025-02-27T19:35:11.063+0000] {processor.py:914} INFO - Processing file /home/sravan2418/airflow-env/lib/python3.11/site-packages/airflow/example_dags/example_datasets.py for tasks to queue
[2025-02-27T19:35:11.068+0000] {logging_mixin.py:190} INFO - [2025-02-27T19:35:11.067+0000] {dagbag.py:588} INFO - Filling up the DagBag from /home/sravan2418/airflow-env/lib/python3.11/site-packages/airflow/example_dags/example_datasets.py
[2025-02-27T19:35:11.097+0000] {processor.py:925} INFO - DAG(s) 'dataset_consumes_1_and_2', 'consume_1_and_2_with_dataset_expressions', 'dataset_produces_1', 'consume_1_or_2_with_dataset_expressions', 'consume_1_or_both_2_and_3_with_dataset_expressions', 'dataset_consumes_1', 'dataset_consumes_unknown_never_scheduled', 'conditional_dataset_and_time_based_timetable', 'dataset_consumes_1_never_scheduled', 'dataset_produces_2' retrieved from /home/sravan2418/airflow-env/lib/python3.11/site-packages/airflow/example_dags/example_datasets.py
[2025-02-27T19:35:11.152+0000] {logging_mixin.py:190} INFO - [2025-02-27T19:35:11.152+0000] {dag.py:3239} INFO - Sync 10 DAGs
[2025-02-27T19:35:11.190+0000] {logging_mixin.py:190} INFO - [2025-02-27T19:35:11.190+0000] {dag.py:4180} INFO - Setting next_dagrun for conditional_dataset_and_time_based_timetable to 2025-02-26 01:00:00+00:00, run_after=2025-02-26 01:00:00+00:00
[2025-02-27T19:35:11.195+0000] {logging_mixin.py:190} INFO - [2025-02-27T19:35:11.195+0000] {dag.py:4180} INFO - Setting next_dagrun for consume_1_and_2_with_dataset_expressions to None, run_after=None
[2025-02-27T19:35:11.197+0000] {logging_mixin.py:190} INFO - [2025-02-27T19:35:11.197+0000] {dag.py:4180} INFO - Setting next_dagrun for consume_1_or_2_with_dataset_expressions to None, run_after=None
[2025-02-27T19:35:11.198+0000] {logging_mixin.py:190} INFO - [2025-02-27T19:35:11.198+0000] {dag.py:4180} INFO - Setting next_dagrun for consume_1_or_both_2_and_3_with_dataset_expressions to None, run_after=None
[2025-02-27T19:35:11.200+0000] {logging_mixin.py:190} INFO - [2025-02-27T19:35:11.200+0000] {dag.py:4180} INFO - Setting next_dagrun for dataset_consumes_1 to None, run_after=None
[2025-02-27T19:35:11.201+0000] {logging_mixin.py:190} INFO - [2025-02-27T19:35:11.201+0000] {dag.py:4180} INFO - Setting next_dagrun for dataset_consumes_1_and_2 to None, run_after=None
[2025-02-27T19:35:11.203+0000] {logging_mixin.py:190} INFO - [2025-02-27T19:35:11.202+0000] {dag.py:4180} INFO - Setting next_dagrun for dataset_consumes_1_never_scheduled to None, run_after=None
[2025-02-27T19:35:11.204+0000] {logging_mixin.py:190} INFO - [2025-02-27T19:35:11.203+0000] {dag.py:4180} INFO - Setting next_dagrun for dataset_consumes_unknown_never_scheduled to None, run_after=None
[2025-02-27T19:35:11.206+0000] {logging_mixin.py:190} INFO - [2025-02-27T19:35:11.206+0000] {dag.py:4180} INFO - Setting next_dagrun for dataset_produces_1 to 2025-02-26 00:00:00+00:00, run_after=2025-02-27 00:00:00+00:00
[2025-02-27T19:35:11.208+0000] {logging_mixin.py:190} INFO - [2025-02-27T19:35:11.208+0000] {dag.py:4180} INFO - Setting next_dagrun for dataset_produces_2 to None, run_after=None
[2025-02-27T19:35:11.260+0000] {processor.py:208} INFO - Processing /home/sravan2418/airflow-env/lib/python3.11/site-packages/airflow/example_dags/example_datasets.py took 0.211 seconds
