[2025-02-27T19:21:38.736+0000] {processor.py:186} INFO - Started process (PID=2637) to work on /home/sravan2418/airflow-env/lib/python3.11/site-packages/airflow/example_dags/example_latest_only.py
[2025-02-27T19:21:38.738+0000] {processor.py:914} INFO - Processing file /home/sravan2418/airflow-env/lib/python3.11/site-packages/airflow/example_dags/example_latest_only.py for tasks to queue
[2025-02-27T19:21:38.742+0000] {logging_mixin.py:190} INFO - [2025-02-27T19:21:38.741+0000] {dagbag.py:588} INFO - Filling up the DagBag from /home/sravan2418/airflow-env/lib/python3.11/site-packages/airflow/example_dags/example_latest_only.py
[2025-02-27T19:21:38.755+0000] {processor.py:925} INFO - DAG(s) 'latest_only' retrieved from /home/sravan2418/airflow-env/lib/python3.11/site-packages/airflow/example_dags/example_latest_only.py
[2025-02-27T19:21:38.891+0000] {logging_mixin.py:190} INFO - [2025-02-27T19:21:38.888+0000] {override.py:1930} INFO - Created Permission View: can edit on DAG:latest_only
[2025-02-27T19:21:38.906+0000] {logging_mixin.py:190} INFO - [2025-02-27T19:21:38.905+0000] {override.py:1930} INFO - Created Permission View: can delete on DAG:latest_only
[2025-02-27T19:21:38.917+0000] {logging_mixin.py:190} INFO - [2025-02-27T19:21:38.916+0000] {override.py:1930} INFO - Created Permission View: can read on DAG:latest_only
[2025-02-27T19:21:38.935+0000] {logging_mixin.py:190} INFO - [2025-02-27T19:21:38.934+0000] {override.py:1930} INFO - Created Permission View: menu access on DAG Run:latest_only
[2025-02-27T19:21:38.950+0000] {logging_mixin.py:190} INFO - [2025-02-27T19:21:38.949+0000] {override.py:1930} INFO - Created Permission View: can create on DAG Run:latest_only
[2025-02-27T19:21:38.962+0000] {logging_mixin.py:190} INFO - [2025-02-27T19:21:38.962+0000] {override.py:1930} INFO - Created Permission View: can delete on DAG Run:latest_only
[2025-02-27T19:21:38.975+0000] {logging_mixin.py:190} INFO - [2025-02-27T19:21:38.974+0000] {override.py:1930} INFO - Created Permission View: can read on DAG Run:latest_only
[2025-02-27T19:21:38.975+0000] {logging_mixin.py:190} INFO - [2025-02-27T19:21:38.975+0000] {dag.py:3239} INFO - Sync 1 DAGs
[2025-02-27T19:21:38.988+0000] {logging_mixin.py:190} INFO - [2025-02-27T19:21:38.988+0000] {dag.py:3262} INFO - Creating ORM DAG for latest_only
[2025-02-27T19:21:38.998+0000] {logging_mixin.py:190} INFO - [2025-02-27T19:21:38.998+0000] {dag.py:4180} INFO - Setting next_dagrun for latest_only to 2025-02-27 12:00:00+00:00, run_after=2025-02-27 16:00:00+00:00
[2025-02-27T19:21:39.022+0000] {processor.py:208} INFO - Processing /home/sravan2418/airflow-env/lib/python3.11/site-packages/airflow/example_dags/example_latest_only.py took 0.296 seconds
[2025-02-27T19:23:20.975+0000] {processor.py:186} INFO - Started process (PID=2729) to work on /home/sravan2418/airflow-env/lib/python3.11/site-packages/airflow/example_dags/example_latest_only.py
[2025-02-27T19:23:20.978+0000] {processor.py:914} INFO - Processing file /home/sravan2418/airflow-env/lib/python3.11/site-packages/airflow/example_dags/example_latest_only.py for tasks to queue
[2025-02-27T19:23:20.982+0000] {logging_mixin.py:190} INFO - [2025-02-27T19:23:20.981+0000] {dagbag.py:588} INFO - Filling up the DagBag from /home/sravan2418/airflow-env/lib/python3.11/site-packages/airflow/example_dags/example_latest_only.py
[2025-02-27T19:23:20.996+0000] {processor.py:925} INFO - DAG(s) 'latest_only' retrieved from /home/sravan2418/airflow-env/lib/python3.11/site-packages/airflow/example_dags/example_latest_only.py
[2025-02-27T19:23:21.031+0000] {logging_mixin.py:190} INFO - [2025-02-27T19:23:21.030+0000] {dag.py:3239} INFO - Sync 1 DAGs
[2025-02-27T19:23:21.059+0000] {logging_mixin.py:190} INFO - [2025-02-27T19:23:21.058+0000] {dag.py:4180} INFO - Setting next_dagrun for latest_only to 2025-02-27 12:00:00+00:00, run_after=2025-02-27 16:00:00+00:00
[2025-02-27T19:23:21.090+0000] {processor.py:208} INFO - Processing /home/sravan2418/airflow-env/lib/python3.11/site-packages/airflow/example_dags/example_latest_only.py took 0.125 seconds
[2025-02-27T19:24:21.503+0000] {processor.py:186} INFO - Started process (PID=2791) to work on /home/sravan2418/airflow-env/lib/python3.11/site-packages/airflow/example_dags/example_latest_only.py
[2025-02-27T19:24:21.506+0000] {processor.py:914} INFO - Processing file /home/sravan2418/airflow-env/lib/python3.11/site-packages/airflow/example_dags/example_latest_only.py for tasks to queue
[2025-02-27T19:24:21.510+0000] {logging_mixin.py:190} INFO - [2025-02-27T19:24:21.509+0000] {dagbag.py:588} INFO - Filling up the DagBag from /home/sravan2418/airflow-env/lib/python3.11/site-packages/airflow/example_dags/example_latest_only.py
[2025-02-27T19:24:21.524+0000] {processor.py:925} INFO - DAG(s) 'latest_only' retrieved from /home/sravan2418/airflow-env/lib/python3.11/site-packages/airflow/example_dags/example_latest_only.py
[2025-02-27T19:24:21.554+0000] {logging_mixin.py:190} INFO - [2025-02-27T19:24:21.553+0000] {dag.py:3239} INFO - Sync 1 DAGs
[2025-02-27T19:24:21.584+0000] {logging_mixin.py:190} INFO - [2025-02-27T19:24:21.584+0000] {dag.py:4180} INFO - Setting next_dagrun for latest_only to 2025-02-27 12:00:00+00:00, run_after=2025-02-27 16:00:00+00:00
[2025-02-27T19:24:21.617+0000] {processor.py:208} INFO - Processing /home/sravan2418/airflow-env/lib/python3.11/site-packages/airflow/example_dags/example_latest_only.py took 0.125 seconds
[2025-02-27T19:25:22.756+0000] {processor.py:186} INFO - Started process (PID=2861) to work on /home/sravan2418/airflow-env/lib/python3.11/site-packages/airflow/example_dags/example_latest_only.py
[2025-02-27T19:25:22.759+0000] {processor.py:914} INFO - Processing file /home/sravan2418/airflow-env/lib/python3.11/site-packages/airflow/example_dags/example_latest_only.py for tasks to queue
[2025-02-27T19:25:22.763+0000] {logging_mixin.py:190} INFO - [2025-02-27T19:25:22.762+0000] {dagbag.py:588} INFO - Filling up the DagBag from /home/sravan2418/airflow-env/lib/python3.11/site-packages/airflow/example_dags/example_latest_only.py
[2025-02-27T19:25:22.774+0000] {processor.py:925} INFO - DAG(s) 'latest_only' retrieved from /home/sravan2418/airflow-env/lib/python3.11/site-packages/airflow/example_dags/example_latest_only.py
[2025-02-27T19:25:22.797+0000] {logging_mixin.py:190} INFO - [2025-02-27T19:25:22.797+0000] {dag.py:3239} INFO - Sync 1 DAGs
[2025-02-27T19:25:22.822+0000] {logging_mixin.py:190} INFO - [2025-02-27T19:25:22.822+0000] {dag.py:4180} INFO - Setting next_dagrun for latest_only to 2025-02-27 12:00:00+00:00, run_after=2025-02-27 16:00:00+00:00
[2025-02-27T19:25:22.848+0000] {processor.py:208} INFO - Processing /home/sravan2418/airflow-env/lib/python3.11/site-packages/airflow/example_dags/example_latest_only.py took 0.101 seconds
[2025-02-27T19:26:28.804+0000] {processor.py:186} INFO - Started process (PID=2925) to work on /home/sravan2418/airflow-env/lib/python3.11/site-packages/airflow/example_dags/example_latest_only.py
[2025-02-27T19:26:28.806+0000] {processor.py:914} INFO - Processing file /home/sravan2418/airflow-env/lib/python3.11/site-packages/airflow/example_dags/example_latest_only.py for tasks to queue
[2025-02-27T19:26:28.810+0000] {logging_mixin.py:190} INFO - [2025-02-27T19:26:28.810+0000] {dagbag.py:588} INFO - Filling up the DagBag from /home/sravan2418/airflow-env/lib/python3.11/site-packages/airflow/example_dags/example_latest_only.py
[2025-02-27T19:26:28.823+0000] {processor.py:925} INFO - DAG(s) 'latest_only' retrieved from /home/sravan2418/airflow-env/lib/python3.11/site-packages/airflow/example_dags/example_latest_only.py
[2025-02-27T19:26:28.850+0000] {logging_mixin.py:190} INFO - [2025-02-27T19:26:28.849+0000] {dag.py:3239} INFO - Sync 1 DAGs
[2025-02-27T19:26:28.880+0000] {logging_mixin.py:190} INFO - [2025-02-27T19:26:28.880+0000] {dag.py:4180} INFO - Setting next_dagrun for latest_only to 2025-02-27 12:00:00+00:00, run_after=2025-02-27 16:00:00+00:00
[2025-02-27T19:26:29.121+0000] {processor.py:208} INFO - Processing /home/sravan2418/airflow-env/lib/python3.11/site-packages/airflow/example_dags/example_latest_only.py took 0.328 seconds
[2025-02-27T19:27:33.381+0000] {processor.py:186} INFO - Started process (PID=2991) to work on /home/sravan2418/airflow-env/lib/python3.11/site-packages/airflow/example_dags/example_latest_only.py
[2025-02-27T19:27:33.384+0000] {processor.py:914} INFO - Processing file /home/sravan2418/airflow-env/lib/python3.11/site-packages/airflow/example_dags/example_latest_only.py for tasks to queue
[2025-02-27T19:27:33.389+0000] {logging_mixin.py:190} INFO - [2025-02-27T19:27:33.388+0000] {dagbag.py:588} INFO - Filling up the DagBag from /home/sravan2418/airflow-env/lib/python3.11/site-packages/airflow/example_dags/example_latest_only.py
[2025-02-27T19:27:33.402+0000] {processor.py:925} INFO - DAG(s) 'latest_only' retrieved from /home/sravan2418/airflow-env/lib/python3.11/site-packages/airflow/example_dags/example_latest_only.py
[2025-02-27T19:27:33.429+0000] {logging_mixin.py:190} INFO - [2025-02-27T19:27:33.429+0000] {dag.py:3239} INFO - Sync 1 DAGs
[2025-02-27T19:27:33.459+0000] {logging_mixin.py:190} INFO - [2025-02-27T19:27:33.458+0000] {dag.py:4180} INFO - Setting next_dagrun for latest_only to 2025-02-27 12:00:00+00:00, run_after=2025-02-27 16:00:00+00:00
[2025-02-27T19:27:33.494+0000] {processor.py:208} INFO - Processing /home/sravan2418/airflow-env/lib/python3.11/site-packages/airflow/example_dags/example_latest_only.py took 0.124 seconds
[2025-02-27T19:28:31.701+0000] {processor.py:186} INFO - Started process (PID=3068) to work on /home/sravan2418/airflow-env/lib/python3.11/site-packages/airflow/example_dags/example_latest_only.py
[2025-02-27T19:28:31.704+0000] {processor.py:914} INFO - Processing file /home/sravan2418/airflow-env/lib/python3.11/site-packages/airflow/example_dags/example_latest_only.py for tasks to queue
[2025-02-27T19:28:31.707+0000] {logging_mixin.py:190} INFO - [2025-02-27T19:28:31.707+0000] {dagbag.py:588} INFO - Filling up the DagBag from /home/sravan2418/airflow-env/lib/python3.11/site-packages/airflow/example_dags/example_latest_only.py
[2025-02-27T19:28:31.722+0000] {processor.py:925} INFO - DAG(s) 'latest_only' retrieved from /home/sravan2418/airflow-env/lib/python3.11/site-packages/airflow/example_dags/example_latest_only.py
[2025-02-27T19:28:31.754+0000] {logging_mixin.py:190} INFO - [2025-02-27T19:28:31.754+0000] {dag.py:3239} INFO - Sync 1 DAGs
[2025-02-27T19:28:31.784+0000] {logging_mixin.py:190} INFO - [2025-02-27T19:28:31.784+0000] {dag.py:4180} INFO - Setting next_dagrun for latest_only to 2025-02-27 12:00:00+00:00, run_after=2025-02-27 16:00:00+00:00
[2025-02-27T19:28:31.816+0000] {processor.py:208} INFO - Processing /home/sravan2418/airflow-env/lib/python3.11/site-packages/airflow/example_dags/example_latest_only.py took 0.125 seconds
[2025-02-27T19:29:31.617+0000] {processor.py:186} INFO - Started process (PID=3134) to work on /home/sravan2418/airflow-env/lib/python3.11/site-packages/airflow/example_dags/example_latest_only.py
[2025-02-27T19:29:31.619+0000] {processor.py:914} INFO - Processing file /home/sravan2418/airflow-env/lib/python3.11/site-packages/airflow/example_dags/example_latest_only.py for tasks to queue
[2025-02-27T19:29:31.623+0000] {logging_mixin.py:190} INFO - [2025-02-27T19:29:31.622+0000] {dagbag.py:588} INFO - Filling up the DagBag from /home/sravan2418/airflow-env/lib/python3.11/site-packages/airflow/example_dags/example_latest_only.py
[2025-02-27T19:29:31.637+0000] {processor.py:925} INFO - DAG(s) 'latest_only' retrieved from /home/sravan2418/airflow-env/lib/python3.11/site-packages/airflow/example_dags/example_latest_only.py
[2025-02-27T19:29:31.664+0000] {logging_mixin.py:190} INFO - [2025-02-27T19:29:31.663+0000] {dag.py:3239} INFO - Sync 1 DAGs
[2025-02-27T19:29:31.694+0000] {logging_mixin.py:190} INFO - [2025-02-27T19:29:31.694+0000] {dag.py:4180} INFO - Setting next_dagrun for latest_only to 2025-02-27 12:00:00+00:00, run_after=2025-02-27 16:00:00+00:00
[2025-02-27T19:29:31.728+0000] {processor.py:208} INFO - Processing /home/sravan2418/airflow-env/lib/python3.11/site-packages/airflow/example_dags/example_latest_only.py took 0.122 seconds
[2025-02-27T19:30:34.235+0000] {processor.py:186} INFO - Started process (PID=3201) to work on /home/sravan2418/airflow-env/lib/python3.11/site-packages/airflow/example_dags/example_latest_only.py
[2025-02-27T19:30:34.237+0000] {processor.py:914} INFO - Processing file /home/sravan2418/airflow-env/lib/python3.11/site-packages/airflow/example_dags/example_latest_only.py for tasks to queue
[2025-02-27T19:30:34.240+0000] {logging_mixin.py:190} INFO - [2025-02-27T19:30:34.240+0000] {dagbag.py:588} INFO - Filling up the DagBag from /home/sravan2418/airflow-env/lib/python3.11/site-packages/airflow/example_dags/example_latest_only.py
[2025-02-27T19:30:34.252+0000] {processor.py:925} INFO - DAG(s) 'latest_only' retrieved from /home/sravan2418/airflow-env/lib/python3.11/site-packages/airflow/example_dags/example_latest_only.py
[2025-02-27T19:30:34.274+0000] {logging_mixin.py:190} INFO - [2025-02-27T19:30:34.274+0000] {dag.py:3239} INFO - Sync 1 DAGs
[2025-02-27T19:30:34.304+0000] {logging_mixin.py:190} INFO - [2025-02-27T19:30:34.304+0000] {dag.py:4180} INFO - Setting next_dagrun for latest_only to 2025-02-27 12:00:00+00:00, run_after=2025-02-27 16:00:00+00:00
[2025-02-27T19:30:34.331+0000] {processor.py:208} INFO - Processing /home/sravan2418/airflow-env/lib/python3.11/site-packages/airflow/example_dags/example_latest_only.py took 0.106 seconds
[2025-02-27T19:31:38.232+0000] {processor.py:186} INFO - Started process (PID=3263) to work on /home/sravan2418/airflow-env/lib/python3.11/site-packages/airflow/example_dags/example_latest_only.py
[2025-02-27T19:31:38.234+0000] {processor.py:914} INFO - Processing file /home/sravan2418/airflow-env/lib/python3.11/site-packages/airflow/example_dags/example_latest_only.py for tasks to queue
[2025-02-27T19:31:38.238+0000] {logging_mixin.py:190} INFO - [2025-02-27T19:31:38.238+0000] {dagbag.py:588} INFO - Filling up the DagBag from /home/sravan2418/airflow-env/lib/python3.11/site-packages/airflow/example_dags/example_latest_only.py
[2025-02-27T19:31:38.255+0000] {processor.py:925} INFO - DAG(s) 'latest_only' retrieved from /home/sravan2418/airflow-env/lib/python3.11/site-packages/airflow/example_dags/example_latest_only.py
[2025-02-27T19:31:38.286+0000] {logging_mixin.py:190} INFO - [2025-02-27T19:31:38.286+0000] {dag.py:3239} INFO - Sync 1 DAGs
[2025-02-27T19:31:38.319+0000] {logging_mixin.py:190} INFO - [2025-02-27T19:31:38.319+0000] {dag.py:4180} INFO - Setting next_dagrun for latest_only to 2025-02-27 12:00:00+00:00, run_after=2025-02-27 16:00:00+00:00
[2025-02-27T19:31:38.566+0000] {processor.py:208} INFO - Processing /home/sravan2418/airflow-env/lib/python3.11/site-packages/airflow/example_dags/example_latest_only.py took 0.345 seconds
[2025-02-27T19:32:45.828+0000] {processor.py:186} INFO - Started process (PID=3329) to work on /home/sravan2418/airflow-env/lib/python3.11/site-packages/airflow/example_dags/example_latest_only.py
[2025-02-27T19:32:45.831+0000] {processor.py:914} INFO - Processing file /home/sravan2418/airflow-env/lib/python3.11/site-packages/airflow/example_dags/example_latest_only.py for tasks to queue
[2025-02-27T19:32:45.834+0000] {logging_mixin.py:190} INFO - [2025-02-27T19:32:45.834+0000] {dagbag.py:588} INFO - Filling up the DagBag from /home/sravan2418/airflow-env/lib/python3.11/site-packages/airflow/example_dags/example_latest_only.py
[2025-02-27T19:32:45.847+0000] {processor.py:925} INFO - DAG(s) 'latest_only' retrieved from /home/sravan2418/airflow-env/lib/python3.11/site-packages/airflow/example_dags/example_latest_only.py
[2025-02-27T19:32:45.869+0000] {logging_mixin.py:190} INFO - [2025-02-27T19:32:45.869+0000] {dag.py:3239} INFO - Sync 1 DAGs
[2025-02-27T19:32:45.897+0000] {logging_mixin.py:190} INFO - [2025-02-27T19:32:45.897+0000] {dag.py:4180} INFO - Setting next_dagrun for latest_only to 2025-02-27 12:00:00+00:00, run_after=2025-02-27 16:00:00+00:00
[2025-02-27T19:32:45.928+0000] {processor.py:208} INFO - Processing /home/sravan2418/airflow-env/lib/python3.11/site-packages/airflow/example_dags/example_latest_only.py took 0.109 seconds
[2025-02-27T19:33:52.275+0000] {processor.py:186} INFO - Started process (PID=3396) to work on /home/sravan2418/airflow-env/lib/python3.11/site-packages/airflow/example_dags/example_latest_only.py
[2025-02-27T19:33:52.277+0000] {processor.py:914} INFO - Processing file /home/sravan2418/airflow-env/lib/python3.11/site-packages/airflow/example_dags/example_latest_only.py for tasks to queue
[2025-02-27T19:33:52.281+0000] {logging_mixin.py:190} INFO - [2025-02-27T19:33:52.281+0000] {dagbag.py:588} INFO - Filling up the DagBag from /home/sravan2418/airflow-env/lib/python3.11/site-packages/airflow/example_dags/example_latest_only.py
[2025-02-27T19:33:52.296+0000] {processor.py:925} INFO - DAG(s) 'latest_only' retrieved from /home/sravan2418/airflow-env/lib/python3.11/site-packages/airflow/example_dags/example_latest_only.py
[2025-02-27T19:33:52.325+0000] {logging_mixin.py:190} INFO - [2025-02-27T19:33:52.324+0000] {dag.py:3239} INFO - Sync 1 DAGs
[2025-02-27T19:33:52.356+0000] {logging_mixin.py:190} INFO - [2025-02-27T19:33:52.356+0000] {dag.py:4180} INFO - Setting next_dagrun for latest_only to 2025-02-27 12:00:00+00:00, run_after=2025-02-27 16:00:00+00:00
[2025-02-27T19:33:52.388+0000] {processor.py:208} INFO - Processing /home/sravan2418/airflow-env/lib/python3.11/site-packages/airflow/example_dags/example_latest_only.py took 0.124 seconds
[2025-02-27T19:34:56.321+0000] {processor.py:186} INFO - Started process (PID=3461) to work on /home/sravan2418/airflow-env/lib/python3.11/site-packages/airflow/example_dags/example_latest_only.py
[2025-02-27T19:34:56.323+0000] {processor.py:914} INFO - Processing file /home/sravan2418/airflow-env/lib/python3.11/site-packages/airflow/example_dags/example_latest_only.py for tasks to queue
[2025-02-27T19:34:56.326+0000] {logging_mixin.py:190} INFO - [2025-02-27T19:34:56.326+0000] {dagbag.py:588} INFO - Filling up the DagBag from /home/sravan2418/airflow-env/lib/python3.11/site-packages/airflow/example_dags/example_latest_only.py
[2025-02-27T19:34:56.339+0000] {processor.py:925} INFO - DAG(s) 'latest_only' retrieved from /home/sravan2418/airflow-env/lib/python3.11/site-packages/airflow/example_dags/example_latest_only.py
[2025-02-27T19:34:56.362+0000] {logging_mixin.py:190} INFO - [2025-02-27T19:34:56.362+0000] {dag.py:3239} INFO - Sync 1 DAGs
[2025-02-27T19:34:56.390+0000] {logging_mixin.py:190} INFO - [2025-02-27T19:34:56.390+0000] {dag.py:4180} INFO - Setting next_dagrun for latest_only to 2025-02-27 12:00:00+00:00, run_after=2025-02-27 16:00:00+00:00
[2025-02-27T19:34:56.420+0000] {processor.py:208} INFO - Processing /home/sravan2418/airflow-env/lib/python3.11/site-packages/airflow/example_dags/example_latest_only.py took 0.109 seconds
