[2025-02-27T19:21:56.577+0000] {processor.py:186} INFO - Started process (PID=2657) to work on /home/sravan2418/airflow-env/lib/python3.11/site-packages/airflow/example_dags/example_external_task_marker_dag.py
[2025-02-27T19:21:56.578+0000] {processor.py:914} INFO - Processing file /home/sravan2418/airflow-env/lib/python3.11/site-packages/airflow/example_dags/example_external_task_marker_dag.py for tasks to queue
[2025-02-27T19:21:56.582+0000] {logging_mixin.py:190} INFO - [2025-02-27T19:21:56.582+0000] {dagbag.py:588} INFO - Filling up the DagBag from /home/sravan2418/airflow-env/lib/python3.11/site-packages/airflow/example_dags/example_external_task_marker_dag.py
[2025-02-27T19:21:56.595+0000] {processor.py:925} INFO - DAG(s) 'example_external_task_marker_child', 'example_external_task_marker_parent' retrieved from /home/sravan2418/airflow-env/lib/python3.11/site-packages/airflow/example_dags/example_external_task_marker_dag.py
[2025-02-27T19:21:56.724+0000] {logging_mixin.py:190} INFO - [2025-02-27T19:21:56.723+0000] {override.py:1930} INFO - Created Permission View: can edit on DAG:example_external_task_marker_child
[2025-02-27T19:21:56.738+0000] {logging_mixin.py:190} INFO - [2025-02-27T19:21:56.737+0000] {override.py:1930} INFO - Created Permission View: can delete on DAG:example_external_task_marker_child
[2025-02-27T19:21:56.749+0000] {logging_mixin.py:190} INFO - [2025-02-27T19:21:56.749+0000] {override.py:1930} INFO - Created Permission View: can read on DAG:example_external_task_marker_child
[2025-02-27T19:21:56.767+0000] {logging_mixin.py:190} INFO - [2025-02-27T19:21:56.766+0000] {override.py:1930} INFO - Created Permission View: menu access on DAG Run:example_external_task_marker_child
[2025-02-27T19:21:56.778+0000] {logging_mixin.py:190} INFO - [2025-02-27T19:21:56.777+0000] {override.py:1930} INFO - Created Permission View: can create on DAG Run:example_external_task_marker_child
[2025-02-27T19:21:56.789+0000] {logging_mixin.py:190} INFO - [2025-02-27T19:21:56.788+0000] {override.py:1930} INFO - Created Permission View: can delete on DAG Run:example_external_task_marker_child
[2025-02-27T19:21:56.799+0000] {logging_mixin.py:190} INFO - [2025-02-27T19:21:56.799+0000] {override.py:1930} INFO - Created Permission View: can read on DAG Run:example_external_task_marker_child
[2025-02-27T19:21:56.821+0000] {logging_mixin.py:190} INFO - [2025-02-27T19:21:56.821+0000] {override.py:1930} INFO - Created Permission View: can edit on DAG:example_external_task_marker_parent
[2025-02-27T19:21:56.832+0000] {logging_mixin.py:190} INFO - [2025-02-27T19:21:56.831+0000] {override.py:1930} INFO - Created Permission View: can delete on DAG:example_external_task_marker_parent
[2025-02-27T19:21:56.842+0000] {logging_mixin.py:190} INFO - [2025-02-27T19:21:56.842+0000] {override.py:1930} INFO - Created Permission View: can read on DAG:example_external_task_marker_parent
[2025-02-27T19:21:56.859+0000] {logging_mixin.py:190} INFO - [2025-02-27T19:21:56.858+0000] {override.py:1930} INFO - Created Permission View: menu access on DAG Run:example_external_task_marker_parent
[2025-02-27T19:21:56.870+0000] {logging_mixin.py:190} INFO - [2025-02-27T19:21:56.869+0000] {override.py:1930} INFO - Created Permission View: can create on DAG Run:example_external_task_marker_parent
[2025-02-27T19:21:56.880+0000] {logging_mixin.py:190} INFO - [2025-02-27T19:21:56.879+0000] {override.py:1930} INFO - Created Permission View: can delete on DAG Run:example_external_task_marker_parent
[2025-02-27T19:21:56.891+0000] {logging_mixin.py:190} INFO - [2025-02-27T19:21:56.890+0000] {override.py:1930} INFO - Created Permission View: can read on DAG Run:example_external_task_marker_parent
[2025-02-27T19:21:56.891+0000] {logging_mixin.py:190} INFO - [2025-02-27T19:21:56.891+0000] {dag.py:3239} INFO - Sync 2 DAGs
[2025-02-27T19:21:56.904+0000] {logging_mixin.py:190} INFO - [2025-02-27T19:21:56.904+0000] {dag.py:3262} INFO - Creating ORM DAG for example_external_task_marker_child
[2025-02-27T19:21:56.905+0000] {logging_mixin.py:190} INFO - [2025-02-27T19:21:56.905+0000] {dag.py:3262} INFO - Creating ORM DAG for example_external_task_marker_parent
[2025-02-27T19:21:56.906+0000] {logging_mixin.py:190} INFO - [2025-02-27T19:21:56.905+0000] {dag.py:4180} INFO - Setting next_dagrun for example_external_task_marker_child to None, run_after=None
[2025-02-27T19:21:56.906+0000] {logging_mixin.py:190} INFO - [2025-02-27T19:21:56.906+0000] {dag.py:4180} INFO - Setting next_dagrun for example_external_task_marker_parent to None, run_after=None
[2025-02-27T19:21:56.929+0000] {processor.py:208} INFO - Processing /home/sravan2418/airflow-env/lib/python3.11/site-packages/airflow/example_dags/example_external_task_marker_dag.py took 0.361 seconds
[2025-02-27T19:23:35.380+0000] {processor.py:186} INFO - Started process (PID=2744) to work on /home/sravan2418/airflow-env/lib/python3.11/site-packages/airflow/example_dags/example_external_task_marker_dag.py
[2025-02-27T19:23:35.382+0000] {processor.py:914} INFO - Processing file /home/sravan2418/airflow-env/lib/python3.11/site-packages/airflow/example_dags/example_external_task_marker_dag.py for tasks to queue
[2025-02-27T19:23:35.388+0000] {logging_mixin.py:190} INFO - [2025-02-27T19:23:35.387+0000] {dagbag.py:588} INFO - Filling up the DagBag from /home/sravan2418/airflow-env/lib/python3.11/site-packages/airflow/example_dags/example_external_task_marker_dag.py
[2025-02-27T19:23:35.403+0000] {processor.py:925} INFO - DAG(s) 'example_external_task_marker_child', 'example_external_task_marker_parent' retrieved from /home/sravan2418/airflow-env/lib/python3.11/site-packages/airflow/example_dags/example_external_task_marker_dag.py
[2025-02-27T19:23:35.434+0000] {logging_mixin.py:190} INFO - [2025-02-27T19:23:35.434+0000] {dag.py:3239} INFO - Sync 2 DAGs
[2025-02-27T19:23:35.452+0000] {logging_mixin.py:190} INFO - [2025-02-27T19:23:35.452+0000] {dag.py:4180} INFO - Setting next_dagrun for example_external_task_marker_child to None, run_after=None
[2025-02-27T19:23:35.457+0000] {logging_mixin.py:190} INFO - [2025-02-27T19:23:35.456+0000] {dag.py:4180} INFO - Setting next_dagrun for example_external_task_marker_parent to None, run_after=None
[2025-02-27T19:23:35.487+0000] {processor.py:208} INFO - Processing /home/sravan2418/airflow-env/lib/python3.11/site-packages/airflow/example_dags/example_external_task_marker_dag.py took 0.118 seconds
[2025-02-27T19:24:37.009+0000] {processor.py:186} INFO - Started process (PID=2814) to work on /home/sravan2418/airflow-env/lib/python3.11/site-packages/airflow/example_dags/example_external_task_marker_dag.py
[2025-02-27T19:24:37.012+0000] {processor.py:914} INFO - Processing file /home/sravan2418/airflow-env/lib/python3.11/site-packages/airflow/example_dags/example_external_task_marker_dag.py for tasks to queue
[2025-02-27T19:24:37.015+0000] {logging_mixin.py:190} INFO - [2025-02-27T19:24:37.014+0000] {dagbag.py:588} INFO - Filling up the DagBag from /home/sravan2418/airflow-env/lib/python3.11/site-packages/airflow/example_dags/example_external_task_marker_dag.py
[2025-02-27T19:24:37.029+0000] {processor.py:925} INFO - DAG(s) 'example_external_task_marker_parent', 'example_external_task_marker_child' retrieved from /home/sravan2418/airflow-env/lib/python3.11/site-packages/airflow/example_dags/example_external_task_marker_dag.py
[2025-02-27T19:24:37.057+0000] {logging_mixin.py:190} INFO - [2025-02-27T19:24:37.056+0000] {dag.py:3239} INFO - Sync 2 DAGs
[2025-02-27T19:24:37.073+0000] {logging_mixin.py:190} INFO - [2025-02-27T19:24:37.073+0000] {dag.py:4180} INFO - Setting next_dagrun for example_external_task_marker_child to None, run_after=None
[2025-02-27T19:24:37.077+0000] {logging_mixin.py:190} INFO - [2025-02-27T19:24:37.077+0000] {dag.py:4180} INFO - Setting next_dagrun for example_external_task_marker_parent to None, run_after=None
[2025-02-27T19:24:37.102+0000] {processor.py:208} INFO - Processing /home/sravan2418/airflow-env/lib/python3.11/site-packages/airflow/example_dags/example_external_task_marker_dag.py took 0.102 seconds
[2025-02-27T19:25:37.736+0000] {processor.py:186} INFO - Started process (PID=2874) to work on /home/sravan2418/airflow-env/lib/python3.11/site-packages/airflow/example_dags/example_external_task_marker_dag.py
[2025-02-27T19:25:37.739+0000] {processor.py:914} INFO - Processing file /home/sravan2418/airflow-env/lib/python3.11/site-packages/airflow/example_dags/example_external_task_marker_dag.py for tasks to queue
[2025-02-27T19:25:37.743+0000] {logging_mixin.py:190} INFO - [2025-02-27T19:25:37.742+0000] {dagbag.py:588} INFO - Filling up the DagBag from /home/sravan2418/airflow-env/lib/python3.11/site-packages/airflow/example_dags/example_external_task_marker_dag.py
[2025-02-27T19:25:37.759+0000] {processor.py:925} INFO - DAG(s) 'example_external_task_marker_parent', 'example_external_task_marker_child' retrieved from /home/sravan2418/airflow-env/lib/python3.11/site-packages/airflow/example_dags/example_external_task_marker_dag.py
[2025-02-27T19:25:37.793+0000] {logging_mixin.py:190} INFO - [2025-02-27T19:25:37.792+0000] {dag.py:3239} INFO - Sync 2 DAGs
[2025-02-27T19:25:37.812+0000] {logging_mixin.py:190} INFO - [2025-02-27T19:25:37.811+0000] {dag.py:4180} INFO - Setting next_dagrun for example_external_task_marker_child to None, run_after=None
[2025-02-27T19:25:37.816+0000] {logging_mixin.py:190} INFO - [2025-02-27T19:25:37.816+0000] {dag.py:4180} INFO - Setting next_dagrun for example_external_task_marker_parent to None, run_after=None
[2025-02-27T19:25:37.844+0000] {processor.py:208} INFO - Processing /home/sravan2418/airflow-env/lib/python3.11/site-packages/airflow/example_dags/example_external_task_marker_dag.py took 0.119 seconds
[2025-02-27T19:26:43.785+0000] {processor.py:186} INFO - Started process (PID=2940) to work on /home/sravan2418/airflow-env/lib/python3.11/site-packages/airflow/example_dags/example_external_task_marker_dag.py
[2025-02-27T19:26:43.788+0000] {processor.py:914} INFO - Processing file /home/sravan2418/airflow-env/lib/python3.11/site-packages/airflow/example_dags/example_external_task_marker_dag.py for tasks to queue
[2025-02-27T19:26:43.792+0000] {logging_mixin.py:190} INFO - [2025-02-27T19:26:43.791+0000] {dagbag.py:588} INFO - Filling up the DagBag from /home/sravan2418/airflow-env/lib/python3.11/site-packages/airflow/example_dags/example_external_task_marker_dag.py
[2025-02-27T19:26:43.811+0000] {processor.py:925} INFO - DAG(s) 'example_external_task_marker_child', 'example_external_task_marker_parent' retrieved from /home/sravan2418/airflow-env/lib/python3.11/site-packages/airflow/example_dags/example_external_task_marker_dag.py
[2025-02-27T19:26:43.845+0000] {logging_mixin.py:190} INFO - [2025-02-27T19:26:43.845+0000] {dag.py:3239} INFO - Sync 2 DAGs
[2025-02-27T19:26:44.069+0000] {logging_mixin.py:190} INFO - [2025-02-27T19:26:44.068+0000] {dag.py:4180} INFO - Setting next_dagrun for example_external_task_marker_child to None, run_after=None
[2025-02-27T19:26:44.074+0000] {logging_mixin.py:190} INFO - [2025-02-27T19:26:44.073+0000] {dag.py:4180} INFO - Setting next_dagrun for example_external_task_marker_parent to None, run_after=None
[2025-02-27T19:26:44.101+0000] {processor.py:208} INFO - Processing /home/sravan2418/airflow-env/lib/python3.11/site-packages/airflow/example_dags/example_external_task_marker_dag.py took 0.326 seconds
[2025-02-27T19:28:46.105+0000] {processor.py:186} INFO - Started process (PID=3084) to work on /home/sravan2418/airflow-env/lib/python3.11/site-packages/airflow/example_dags/example_external_task_marker_dag.py
[2025-02-27T19:28:46.107+0000] {processor.py:914} INFO - Processing file /home/sravan2418/airflow-env/lib/python3.11/site-packages/airflow/example_dags/example_external_task_marker_dag.py for tasks to queue
[2025-02-27T19:28:46.111+0000] {logging_mixin.py:190} INFO - [2025-02-27T19:28:46.110+0000] {dagbag.py:588} INFO - Filling up the DagBag from /home/sravan2418/airflow-env/lib/python3.11/site-packages/airflow/example_dags/example_external_task_marker_dag.py
[2025-02-27T19:28:46.123+0000] {processor.py:925} INFO - DAG(s) 'example_external_task_marker_child', 'example_external_task_marker_parent' retrieved from /home/sravan2418/airflow-env/lib/python3.11/site-packages/airflow/example_dags/example_external_task_marker_dag.py
[2025-02-27T19:28:46.148+0000] {logging_mixin.py:190} INFO - [2025-02-27T19:28:46.148+0000] {dag.py:3239} INFO - Sync 2 DAGs
[2025-02-27T19:28:46.165+0000] {logging_mixin.py:190} INFO - [2025-02-27T19:28:46.165+0000] {dag.py:4180} INFO - Setting next_dagrun for example_external_task_marker_child to None, run_after=None
[2025-02-27T19:28:46.170+0000] {logging_mixin.py:190} INFO - [2025-02-27T19:28:46.169+0000] {dag.py:4180} INFO - Setting next_dagrun for example_external_task_marker_parent to None, run_after=None
[2025-02-27T19:28:46.197+0000] {processor.py:208} INFO - Processing /home/sravan2418/airflow-env/lib/python3.11/site-packages/airflow/example_dags/example_external_task_marker_dag.py took 0.101 seconds
[2025-02-27T19:29:45.183+0000] {processor.py:186} INFO - Started process (PID=3151) to work on /home/sravan2418/airflow-env/lib/python3.11/site-packages/airflow/example_dags/example_external_task_marker_dag.py
[2025-02-27T19:29:45.187+0000] {processor.py:914} INFO - Processing file /home/sravan2418/airflow-env/lib/python3.11/site-packages/airflow/example_dags/example_external_task_marker_dag.py for tasks to queue
[2025-02-27T19:29:45.191+0000] {logging_mixin.py:190} INFO - [2025-02-27T19:29:45.190+0000] {dagbag.py:588} INFO - Filling up the DagBag from /home/sravan2418/airflow-env/lib/python3.11/site-packages/airflow/example_dags/example_external_task_marker_dag.py
[2025-02-27T19:29:45.207+0000] {processor.py:925} INFO - DAG(s) 'example_external_task_marker_child', 'example_external_task_marker_parent' retrieved from /home/sravan2418/airflow-env/lib/python3.11/site-packages/airflow/example_dags/example_external_task_marker_dag.py
[2025-02-27T19:29:45.237+0000] {logging_mixin.py:190} INFO - [2025-02-27T19:29:45.237+0000] {dag.py:3239} INFO - Sync 2 DAGs
[2025-02-27T19:29:45.256+0000] {logging_mixin.py:190} INFO - [2025-02-27T19:29:45.255+0000] {dag.py:4180} INFO - Setting next_dagrun for example_external_task_marker_child to None, run_after=None
[2025-02-27T19:29:45.261+0000] {logging_mixin.py:190} INFO - [2025-02-27T19:29:45.260+0000] {dag.py:4180} INFO - Setting next_dagrun for example_external_task_marker_parent to None, run_after=None
[2025-02-27T19:29:45.290+0000] {processor.py:208} INFO - Processing /home/sravan2418/airflow-env/lib/python3.11/site-packages/airflow/example_dags/example_external_task_marker_dag.py took 0.118 seconds
[2025-02-27T19:30:46.990+0000] {processor.py:186} INFO - Started process (PID=3214) to work on /home/sravan2418/airflow-env/lib/python3.11/site-packages/airflow/example_dags/example_external_task_marker_dag.py
[2025-02-27T19:30:46.992+0000] {processor.py:914} INFO - Processing file /home/sravan2418/airflow-env/lib/python3.11/site-packages/airflow/example_dags/example_external_task_marker_dag.py for tasks to queue
[2025-02-27T19:30:46.996+0000] {logging_mixin.py:190} INFO - [2025-02-27T19:30:46.995+0000] {dagbag.py:588} INFO - Filling up the DagBag from /home/sravan2418/airflow-env/lib/python3.11/site-packages/airflow/example_dags/example_external_task_marker_dag.py
[2025-02-27T19:30:47.012+0000] {processor.py:925} INFO - DAG(s) 'example_external_task_marker_parent', 'example_external_task_marker_child' retrieved from /home/sravan2418/airflow-env/lib/python3.11/site-packages/airflow/example_dags/example_external_task_marker_dag.py
[2025-02-27T19:30:47.043+0000] {logging_mixin.py:190} INFO - [2025-02-27T19:30:47.042+0000] {dag.py:3239} INFO - Sync 2 DAGs
[2025-02-27T19:30:47.061+0000] {logging_mixin.py:190} INFO - [2025-02-27T19:30:47.061+0000] {dag.py:4180} INFO - Setting next_dagrun for example_external_task_marker_child to None, run_after=None
[2025-02-27T19:30:47.066+0000] {logging_mixin.py:190} INFO - [2025-02-27T19:30:47.065+0000] {dag.py:4180} INFO - Setting next_dagrun for example_external_task_marker_parent to None, run_after=None
[2025-02-27T19:30:47.095+0000] {processor.py:208} INFO - Processing /home/sravan2418/airflow-env/lib/python3.11/site-packages/airflow/example_dags/example_external_task_marker_dag.py took 0.115 seconds
[2025-02-27T19:31:53.815+0000] {processor.py:186} INFO - Started process (PID=3276) to work on /home/sravan2418/airflow-env/lib/python3.11/site-packages/airflow/example_dags/example_external_task_marker_dag.py
[2025-02-27T19:31:53.818+0000] {processor.py:914} INFO - Processing file /home/sravan2418/airflow-env/lib/python3.11/site-packages/airflow/example_dags/example_external_task_marker_dag.py for tasks to queue
[2025-02-27T19:31:53.821+0000] {logging_mixin.py:190} INFO - [2025-02-27T19:31:53.821+0000] {dagbag.py:588} INFO - Filling up the DagBag from /home/sravan2418/airflow-env/lib/python3.11/site-packages/airflow/example_dags/example_external_task_marker_dag.py
[2025-02-27T19:31:53.837+0000] {processor.py:925} INFO - DAG(s) 'example_external_task_marker_parent', 'example_external_task_marker_child' retrieved from /home/sravan2418/airflow-env/lib/python3.11/site-packages/airflow/example_dags/example_external_task_marker_dag.py
[2025-02-27T19:31:53.869+0000] {logging_mixin.py:190} INFO - [2025-02-27T19:31:53.869+0000] {dag.py:3239} INFO - Sync 2 DAGs
[2025-02-27T19:31:54.055+0000] {logging_mixin.py:190} INFO - [2025-02-27T19:31:54.055+0000] {dag.py:4180} INFO - Setting next_dagrun for example_external_task_marker_child to None, run_after=None
[2025-02-27T19:31:54.060+0000] {logging_mixin.py:190} INFO - [2025-02-27T19:31:54.060+0000] {dag.py:4180} INFO - Setting next_dagrun for example_external_task_marker_parent to None, run_after=None
[2025-02-27T19:31:54.084+0000] {processor.py:208} INFO - Processing /home/sravan2418/airflow-env/lib/python3.11/site-packages/airflow/example_dags/example_external_task_marker_dag.py took 0.279 seconds
[2025-02-27T19:33:06.331+0000] {processor.py:186} INFO - Started process (PID=3351) to work on /home/sravan2418/airflow-env/lib/python3.11/site-packages/airflow/example_dags/example_external_task_marker_dag.py
[2025-02-27T19:33:06.334+0000] {processor.py:914} INFO - Processing file /home/sravan2418/airflow-env/lib/python3.11/site-packages/airflow/example_dags/example_external_task_marker_dag.py for tasks to queue
[2025-02-27T19:33:06.337+0000] {logging_mixin.py:190} INFO - [2025-02-27T19:33:06.336+0000] {dagbag.py:588} INFO - Filling up the DagBag from /home/sravan2418/airflow-env/lib/python3.11/site-packages/airflow/example_dags/example_external_task_marker_dag.py
[2025-02-27T19:33:06.352+0000] {processor.py:925} INFO - DAG(s) 'example_external_task_marker_parent', 'example_external_task_marker_child' retrieved from /home/sravan2418/airflow-env/lib/python3.11/site-packages/airflow/example_dags/example_external_task_marker_dag.py
[2025-02-27T19:33:06.379+0000] {logging_mixin.py:190} INFO - [2025-02-27T19:33:06.379+0000] {dag.py:3239} INFO - Sync 2 DAGs
[2025-02-27T19:33:06.397+0000] {logging_mixin.py:190} INFO - [2025-02-27T19:33:06.396+0000] {dag.py:4180} INFO - Setting next_dagrun for example_external_task_marker_child to None, run_after=None
[2025-02-27T19:33:06.401+0000] {logging_mixin.py:190} INFO - [2025-02-27T19:33:06.401+0000] {dag.py:4180} INFO - Setting next_dagrun for example_external_task_marker_parent to None, run_after=None
[2025-02-27T19:33:06.426+0000] {processor.py:208} INFO - Processing /home/sravan2418/airflow-env/lib/python3.11/site-packages/airflow/example_dags/example_external_task_marker_dag.py took 0.105 seconds
[2025-02-27T19:34:11.008+0000] {processor.py:186} INFO - Started process (PID=3414) to work on /home/sravan2418/airflow-env/lib/python3.11/site-packages/airflow/example_dags/example_external_task_marker_dag.py
[2025-02-27T19:34:11.010+0000] {processor.py:914} INFO - Processing file /home/sravan2418/airflow-env/lib/python3.11/site-packages/airflow/example_dags/example_external_task_marker_dag.py for tasks to queue
[2025-02-27T19:34:11.013+0000] {logging_mixin.py:190} INFO - [2025-02-27T19:34:11.013+0000] {dagbag.py:588} INFO - Filling up the DagBag from /home/sravan2418/airflow-env/lib/python3.11/site-packages/airflow/example_dags/example_external_task_marker_dag.py
[2025-02-27T19:34:11.027+0000] {processor.py:925} INFO - DAG(s) 'example_external_task_marker_parent', 'example_external_task_marker_child' retrieved from /home/sravan2418/airflow-env/lib/python3.11/site-packages/airflow/example_dags/example_external_task_marker_dag.py
[2025-02-27T19:34:11.056+0000] {logging_mixin.py:190} INFO - [2025-02-27T19:34:11.055+0000] {dag.py:3239} INFO - Sync 2 DAGs
[2025-02-27T19:34:11.072+0000] {logging_mixin.py:190} INFO - [2025-02-27T19:34:11.071+0000] {dag.py:4180} INFO - Setting next_dagrun for example_external_task_marker_child to None, run_after=None
[2025-02-27T19:34:11.077+0000] {logging_mixin.py:190} INFO - [2025-02-27T19:34:11.076+0000] {dag.py:4180} INFO - Setting next_dagrun for example_external_task_marker_parent to None, run_after=None
[2025-02-27T19:34:11.102+0000] {processor.py:208} INFO - Processing /home/sravan2418/airflow-env/lib/python3.11/site-packages/airflow/example_dags/example_external_task_marker_dag.py took 0.104 seconds
[2025-02-27T19:35:14.534+0000] {processor.py:186} INFO - Started process (PID=3481) to work on /home/sravan2418/airflow-env/lib/python3.11/site-packages/airflow/example_dags/example_external_task_marker_dag.py
[2025-02-27T19:35:14.537+0000] {processor.py:914} INFO - Processing file /home/sravan2418/airflow-env/lib/python3.11/site-packages/airflow/example_dags/example_external_task_marker_dag.py for tasks to queue
[2025-02-27T19:35:14.540+0000] {logging_mixin.py:190} INFO - [2025-02-27T19:35:14.540+0000] {dagbag.py:588} INFO - Filling up the DagBag from /home/sravan2418/airflow-env/lib/python3.11/site-packages/airflow/example_dags/example_external_task_marker_dag.py
[2025-02-27T19:35:14.555+0000] {processor.py:925} INFO - DAG(s) 'example_external_task_marker_parent', 'example_external_task_marker_child' retrieved from /home/sravan2418/airflow-env/lib/python3.11/site-packages/airflow/example_dags/example_external_task_marker_dag.py
[2025-02-27T19:35:14.582+0000] {logging_mixin.py:190} INFO - [2025-02-27T19:35:14.582+0000] {dag.py:3239} INFO - Sync 2 DAGs
[2025-02-27T19:35:14.600+0000] {logging_mixin.py:190} INFO - [2025-02-27T19:35:14.600+0000] {dag.py:4180} INFO - Setting next_dagrun for example_external_task_marker_child to None, run_after=None
[2025-02-27T19:35:14.605+0000] {logging_mixin.py:190} INFO - [2025-02-27T19:35:14.605+0000] {dag.py:4180} INFO - Setting next_dagrun for example_external_task_marker_parent to None, run_after=None
[2025-02-27T19:35:14.633+0000] {processor.py:208} INFO - Processing /home/sravan2418/airflow-env/lib/python3.11/site-packages/airflow/example_dags/example_external_task_marker_dag.py took 0.110 seconds
