[2025-02-27T19:21:53.562+0000] {processor.py:186} INFO - Started process (PID=2655) to work on /home/sravan2418/airflow-env/lib/python3.11/site-packages/airflow/example_dags/example_outlet_event_extra.py
[2025-02-27T19:21:53.564+0000] {processor.py:914} INFO - Processing file /home/sravan2418/airflow-env/lib/python3.11/site-packages/airflow/example_dags/example_outlet_event_extra.py for tasks to queue
[2025-02-27T19:21:53.567+0000] {logging_mixin.py:190} INFO - [2025-02-27T19:21:53.566+0000] {dagbag.py:588} INFO - Filling up the DagBag from /home/sravan2418/airflow-env/lib/python3.11/site-packages/airflow/example_dags/example_outlet_event_extra.py
[2025-02-27T19:21:53.589+0000] {processor.py:925} INFO - DAG(s) 'dataset_with_extra_from_classic_operator', 'dataset_with_extra_by_context', 'dataset_with_extra_by_yield' retrieved from /home/sravan2418/airflow-env/lib/python3.11/site-packages/airflow/example_dags/example_outlet_event_extra.py
[2025-02-27T19:21:53.727+0000] {logging_mixin.py:190} INFO - [2025-02-27T19:21:53.726+0000] {override.py:1930} INFO - Created Permission View: can edit on DAG:dataset_with_extra_from_classic_operator
[2025-02-27T19:21:53.745+0000] {logging_mixin.py:190} INFO - [2025-02-27T19:21:53.744+0000] {override.py:1930} INFO - Created Permission View: can delete on DAG:dataset_with_extra_from_classic_operator
[2025-02-27T19:21:53.759+0000] {logging_mixin.py:190} INFO - [2025-02-27T19:21:53.759+0000] {override.py:1930} INFO - Created Permission View: can read on DAG:dataset_with_extra_from_classic_operator
[2025-02-27T19:21:53.782+0000] {logging_mixin.py:190} INFO - [2025-02-27T19:21:53.781+0000] {override.py:1930} INFO - Created Permission View: menu access on DAG Run:dataset_with_extra_from_classic_operator
[2025-02-27T19:21:53.796+0000] {logging_mixin.py:190} INFO - [2025-02-27T19:21:53.795+0000] {override.py:1930} INFO - Created Permission View: can create on DAG Run:dataset_with_extra_from_classic_operator
[2025-02-27T19:21:53.811+0000] {logging_mixin.py:190} INFO - [2025-02-27T19:21:53.810+0000] {override.py:1930} INFO - Created Permission View: can delete on DAG Run:dataset_with_extra_from_classic_operator
[2025-02-27T19:21:53.824+0000] {logging_mixin.py:190} INFO - [2025-02-27T19:21:53.824+0000] {override.py:1930} INFO - Created Permission View: can read on DAG Run:dataset_with_extra_from_classic_operator
[2025-02-27T19:21:53.849+0000] {logging_mixin.py:190} INFO - [2025-02-27T19:21:53.849+0000] {override.py:1930} INFO - Created Permission View: can edit on DAG:dataset_with_extra_by_context
[2025-02-27T19:21:53.861+0000] {logging_mixin.py:190} INFO - [2025-02-27T19:21:53.860+0000] {override.py:1930} INFO - Created Permission View: can delete on DAG:dataset_with_extra_by_context
[2025-02-27T19:21:53.871+0000] {logging_mixin.py:190} INFO - [2025-02-27T19:21:53.871+0000] {override.py:1930} INFO - Created Permission View: can read on DAG:dataset_with_extra_by_context
[2025-02-27T19:21:53.888+0000] {logging_mixin.py:190} INFO - [2025-02-27T19:21:53.888+0000] {override.py:1930} INFO - Created Permission View: menu access on DAG Run:dataset_with_extra_by_context
[2025-02-27T19:21:53.899+0000] {logging_mixin.py:190} INFO - [2025-02-27T19:21:53.898+0000] {override.py:1930} INFO - Created Permission View: can create on DAG Run:dataset_with_extra_by_context
[2025-02-27T19:21:53.909+0000] {logging_mixin.py:190} INFO - [2025-02-27T19:21:53.909+0000] {override.py:1930} INFO - Created Permission View: can delete on DAG Run:dataset_with_extra_by_context
[2025-02-27T19:21:53.920+0000] {logging_mixin.py:190} INFO - [2025-02-27T19:21:53.919+0000] {override.py:1930} INFO - Created Permission View: can read on DAG Run:dataset_with_extra_by_context
[2025-02-27T19:21:53.941+0000] {logging_mixin.py:190} INFO - [2025-02-27T19:21:53.941+0000] {override.py:1930} INFO - Created Permission View: can edit on DAG:dataset_with_extra_by_yield
[2025-02-27T19:21:53.952+0000] {logging_mixin.py:190} INFO - [2025-02-27T19:21:53.951+0000] {override.py:1930} INFO - Created Permission View: can delete on DAG:dataset_with_extra_by_yield
[2025-02-27T19:21:53.962+0000] {logging_mixin.py:190} INFO - [2025-02-27T19:21:53.962+0000] {override.py:1930} INFO - Created Permission View: can read on DAG:dataset_with_extra_by_yield
[2025-02-27T19:21:53.979+0000] {logging_mixin.py:190} INFO - [2025-02-27T19:21:53.979+0000] {override.py:1930} INFO - Created Permission View: menu access on DAG Run:dataset_with_extra_by_yield
[2025-02-27T19:21:53.991+0000] {logging_mixin.py:190} INFO - [2025-02-27T19:21:53.990+0000] {override.py:1930} INFO - Created Permission View: can create on DAG Run:dataset_with_extra_by_yield
[2025-02-27T19:21:54.002+0000] {logging_mixin.py:190} INFO - [2025-02-27T19:21:54.002+0000] {override.py:1930} INFO - Created Permission View: can delete on DAG Run:dataset_with_extra_by_yield
[2025-02-27T19:21:54.015+0000] {logging_mixin.py:190} INFO - [2025-02-27T19:21:54.015+0000] {override.py:1930} INFO - Created Permission View: can read on DAG Run:dataset_with_extra_by_yield
[2025-02-27T19:21:54.016+0000] {logging_mixin.py:190} INFO - [2025-02-27T19:21:54.016+0000] {dag.py:3239} INFO - Sync 3 DAGs
[2025-02-27T19:21:54.031+0000] {logging_mixin.py:190} INFO - [2025-02-27T19:21:54.030+0000] {dag.py:3262} INFO - Creating ORM DAG for dataset_with_extra_by_context
[2025-02-27T19:21:54.031+0000] {logging_mixin.py:190} INFO - [2025-02-27T19:21:54.031+0000] {dag.py:3262} INFO - Creating ORM DAG for dataset_with_extra_by_yield
[2025-02-27T19:21:54.032+0000] {logging_mixin.py:190} INFO - [2025-02-27T19:21:54.032+0000] {dag.py:3262} INFO - Creating ORM DAG for dataset_with_extra_from_classic_operator
[2025-02-27T19:21:54.043+0000] {logging_mixin.py:190} INFO - [2025-02-27T19:21:54.043+0000] {dag.py:4180} INFO - Setting next_dagrun for dataset_with_extra_by_context to 2025-02-26 00:00:00+00:00, run_after=2025-02-27 00:00:00+00:00
[2025-02-27T19:21:54.046+0000] {logging_mixin.py:190} INFO - [2025-02-27T19:21:54.045+0000] {dag.py:4180} INFO - Setting next_dagrun for dataset_with_extra_by_yield to 2025-02-26 00:00:00+00:00, run_after=2025-02-27 00:00:00+00:00
[2025-02-27T19:21:54.048+0000] {logging_mixin.py:190} INFO - [2025-02-27T19:21:54.047+0000] {dag.py:4180} INFO - Setting next_dagrun for dataset_with_extra_from_classic_operator to 2025-02-26 00:00:00+00:00, run_after=2025-02-27 00:00:00+00:00
[2025-02-27T19:21:54.080+0000] {processor.py:208} INFO - Processing /home/sravan2418/airflow-env/lib/python3.11/site-packages/airflow/example_dags/example_outlet_event_extra.py took 0.527 seconds
[2025-02-27T19:23:32.865+0000] {processor.py:186} INFO - Started process (PID=2742) to work on /home/sravan2418/airflow-env/lib/python3.11/site-packages/airflow/example_dags/example_outlet_event_extra.py
[2025-02-27T19:23:32.867+0000] {processor.py:914} INFO - Processing file /home/sravan2418/airflow-env/lib/python3.11/site-packages/airflow/example_dags/example_outlet_event_extra.py for tasks to queue
[2025-02-27T19:23:32.870+0000] {logging_mixin.py:190} INFO - [2025-02-27T19:23:32.870+0000] {dagbag.py:588} INFO - Filling up the DagBag from /home/sravan2418/airflow-env/lib/python3.11/site-packages/airflow/example_dags/example_outlet_event_extra.py
[2025-02-27T19:23:32.890+0000] {processor.py:925} INFO - DAG(s) 'dataset_with_extra_from_classic_operator', 'dataset_with_extra_by_yield', 'dataset_with_extra_by_context' retrieved from /home/sravan2418/airflow-env/lib/python3.11/site-packages/airflow/example_dags/example_outlet_event_extra.py
[2025-02-27T19:23:32.919+0000] {logging_mixin.py:190} INFO - [2025-02-27T19:23:32.919+0000] {dag.py:3239} INFO - Sync 3 DAGs
[2025-02-27T19:23:32.945+0000] {logging_mixin.py:190} INFO - [2025-02-27T19:23:32.945+0000] {dag.py:4180} INFO - Setting next_dagrun for dataset_with_extra_by_context to 2025-02-26 00:00:00+00:00, run_after=2025-02-27 00:00:00+00:00
[2025-02-27T19:23:32.950+0000] {logging_mixin.py:190} INFO - [2025-02-27T19:23:32.950+0000] {dag.py:4180} INFO - Setting next_dagrun for dataset_with_extra_by_yield to 2025-02-26 00:00:00+00:00, run_after=2025-02-27 00:00:00+00:00
[2025-02-27T19:23:32.953+0000] {logging_mixin.py:190} INFO - [2025-02-27T19:23:32.953+0000] {dag.py:4180} INFO - Setting next_dagrun for dataset_with_extra_from_classic_operator to 2025-02-26 00:00:00+00:00, run_after=2025-02-27 00:00:00+00:00
[2025-02-27T19:23:32.982+0000] {processor.py:208} INFO - Processing /home/sravan2418/airflow-env/lib/python3.11/site-packages/airflow/example_dags/example_outlet_event_extra.py took 0.126 seconds
[2025-02-27T19:24:34.504+0000] {processor.py:186} INFO - Started process (PID=2812) to work on /home/sravan2418/airflow-env/lib/python3.11/site-packages/airflow/example_dags/example_outlet_event_extra.py
[2025-02-27T19:24:34.506+0000] {processor.py:914} INFO - Processing file /home/sravan2418/airflow-env/lib/python3.11/site-packages/airflow/example_dags/example_outlet_event_extra.py for tasks to queue
[2025-02-27T19:24:34.510+0000] {logging_mixin.py:190} INFO - [2025-02-27T19:24:34.509+0000] {dagbag.py:588} INFO - Filling up the DagBag from /home/sravan2418/airflow-env/lib/python3.11/site-packages/airflow/example_dags/example_outlet_event_extra.py
[2025-02-27T19:24:34.531+0000] {processor.py:925} INFO - DAG(s) 'dataset_with_extra_by_context', 'dataset_with_extra_from_classic_operator', 'dataset_with_extra_by_yield' retrieved from /home/sravan2418/airflow-env/lib/python3.11/site-packages/airflow/example_dags/example_outlet_event_extra.py
[2025-02-27T19:24:34.560+0000] {logging_mixin.py:190} INFO - [2025-02-27T19:24:34.560+0000] {dag.py:3239} INFO - Sync 3 DAGs
[2025-02-27T19:24:34.591+0000] {logging_mixin.py:190} INFO - [2025-02-27T19:24:34.591+0000] {dag.py:4180} INFO - Setting next_dagrun for dataset_with_extra_by_context to 2025-02-26 00:00:00+00:00, run_after=2025-02-27 00:00:00+00:00
[2025-02-27T19:24:34.597+0000] {logging_mixin.py:190} INFO - [2025-02-27T19:24:34.596+0000] {dag.py:4180} INFO - Setting next_dagrun for dataset_with_extra_by_yield to 2025-02-26 00:00:00+00:00, run_after=2025-02-27 00:00:00+00:00
[2025-02-27T19:24:34.601+0000] {logging_mixin.py:190} INFO - [2025-02-27T19:24:34.601+0000] {dag.py:4180} INFO - Setting next_dagrun for dataset_with_extra_from_classic_operator to 2025-02-26 00:00:00+00:00, run_after=2025-02-27 00:00:00+00:00
[2025-02-27T19:24:34.634+0000] {processor.py:208} INFO - Processing /home/sravan2418/airflow-env/lib/python3.11/site-packages/airflow/example_dags/example_outlet_event_extra.py took 0.140 seconds
[2025-02-27T19:25:35.239+0000] {processor.py:186} INFO - Started process (PID=2872) to work on /home/sravan2418/airflow-env/lib/python3.11/site-packages/airflow/example_dags/example_outlet_event_extra.py
[2025-02-27T19:25:35.241+0000] {processor.py:914} INFO - Processing file /home/sravan2418/airflow-env/lib/python3.11/site-packages/airflow/example_dags/example_outlet_event_extra.py for tasks to queue
[2025-02-27T19:25:35.244+0000] {logging_mixin.py:190} INFO - [2025-02-27T19:25:35.243+0000] {dagbag.py:588} INFO - Filling up the DagBag from /home/sravan2418/airflow-env/lib/python3.11/site-packages/airflow/example_dags/example_outlet_event_extra.py
[2025-02-27T19:25:35.264+0000] {processor.py:925} INFO - DAG(s) 'dataset_with_extra_by_yield', 'dataset_with_extra_from_classic_operator', 'dataset_with_extra_by_context' retrieved from /home/sravan2418/airflow-env/lib/python3.11/site-packages/airflow/example_dags/example_outlet_event_extra.py
[2025-02-27T19:25:35.292+0000] {logging_mixin.py:190} INFO - [2025-02-27T19:25:35.292+0000] {dag.py:3239} INFO - Sync 3 DAGs
[2025-02-27T19:25:35.319+0000] {logging_mixin.py:190} INFO - [2025-02-27T19:25:35.319+0000] {dag.py:4180} INFO - Setting next_dagrun for dataset_with_extra_by_context to 2025-02-26 00:00:00+00:00, run_after=2025-02-27 00:00:00+00:00
[2025-02-27T19:25:35.324+0000] {logging_mixin.py:190} INFO - [2025-02-27T19:25:35.324+0000] {dag.py:4180} INFO - Setting next_dagrun for dataset_with_extra_by_yield to 2025-02-26 00:00:00+00:00, run_after=2025-02-27 00:00:00+00:00
[2025-02-27T19:25:35.327+0000] {logging_mixin.py:190} INFO - [2025-02-27T19:25:35.327+0000] {dag.py:4180} INFO - Setting next_dagrun for dataset_with_extra_from_classic_operator to 2025-02-26 00:00:00+00:00, run_after=2025-02-27 00:00:00+00:00
[2025-02-27T19:25:35.355+0000] {processor.py:208} INFO - Processing /home/sravan2418/airflow-env/lib/python3.11/site-packages/airflow/example_dags/example_outlet_event_extra.py took 0.125 seconds
[2025-02-27T19:26:41.068+0000] {processor.py:186} INFO - Started process (PID=2938) to work on /home/sravan2418/airflow-env/lib/python3.11/site-packages/airflow/example_dags/example_outlet_event_extra.py
[2025-02-27T19:26:41.070+0000] {processor.py:914} INFO - Processing file /home/sravan2418/airflow-env/lib/python3.11/site-packages/airflow/example_dags/example_outlet_event_extra.py for tasks to queue
[2025-02-27T19:26:41.073+0000] {logging_mixin.py:190} INFO - [2025-02-27T19:26:41.073+0000] {dagbag.py:588} INFO - Filling up the DagBag from /home/sravan2418/airflow-env/lib/python3.11/site-packages/airflow/example_dags/example_outlet_event_extra.py
[2025-02-27T19:26:41.093+0000] {processor.py:925} INFO - DAG(s) 'dataset_with_extra_by_context', 'dataset_with_extra_from_classic_operator', 'dataset_with_extra_by_yield' retrieved from /home/sravan2418/airflow-env/lib/python3.11/site-packages/airflow/example_dags/example_outlet_event_extra.py
[2025-02-27T19:26:41.120+0000] {logging_mixin.py:190} INFO - [2025-02-27T19:26:41.120+0000] {dag.py:3239} INFO - Sync 3 DAGs
[2025-02-27T19:26:41.296+0000] {logging_mixin.py:190} INFO - [2025-02-27T19:26:41.296+0000] {dag.py:4180} INFO - Setting next_dagrun for dataset_with_extra_by_context to 2025-02-26 00:00:00+00:00, run_after=2025-02-27 00:00:00+00:00
[2025-02-27T19:26:41.301+0000] {logging_mixin.py:190} INFO - [2025-02-27T19:26:41.301+0000] {dag.py:4180} INFO - Setting next_dagrun for dataset_with_extra_by_yield to 2025-02-26 00:00:00+00:00, run_after=2025-02-27 00:00:00+00:00
[2025-02-27T19:26:41.304+0000] {logging_mixin.py:190} INFO - [2025-02-27T19:26:41.304+0000] {dag.py:4180} INFO - Setting next_dagrun for dataset_with_extra_from_classic_operator to 2025-02-26 00:00:00+00:00, run_after=2025-02-27 00:00:00+00:00
[2025-02-27T19:26:41.329+0000] {processor.py:208} INFO - Processing /home/sravan2418/airflow-env/lib/python3.11/site-packages/airflow/example_dags/example_outlet_event_extra.py took 0.269 seconds
[2025-02-27T19:28:44.516+0000] {processor.py:186} INFO - Started process (PID=3082) to work on /home/sravan2418/airflow-env/lib/python3.11/site-packages/airflow/example_dags/example_outlet_event_extra.py
[2025-02-27T19:28:44.518+0000] {processor.py:914} INFO - Processing file /home/sravan2418/airflow-env/lib/python3.11/site-packages/airflow/example_dags/example_outlet_event_extra.py for tasks to queue
[2025-02-27T19:28:44.522+0000] {logging_mixin.py:190} INFO - [2025-02-27T19:28:44.521+0000] {dagbag.py:588} INFO - Filling up the DagBag from /home/sravan2418/airflow-env/lib/python3.11/site-packages/airflow/example_dags/example_outlet_event_extra.py
[2025-02-27T19:28:44.546+0000] {processor.py:925} INFO - DAG(s) 'dataset_with_extra_from_classic_operator', 'dataset_with_extra_by_context', 'dataset_with_extra_by_yield' retrieved from /home/sravan2418/airflow-env/lib/python3.11/site-packages/airflow/example_dags/example_outlet_event_extra.py
[2025-02-27T19:28:44.579+0000] {logging_mixin.py:190} INFO - [2025-02-27T19:28:44.579+0000] {dag.py:3239} INFO - Sync 3 DAGs
[2025-02-27T19:28:44.608+0000] {logging_mixin.py:190} INFO - [2025-02-27T19:28:44.607+0000] {dag.py:4180} INFO - Setting next_dagrun for dataset_with_extra_by_context to 2025-02-26 00:00:00+00:00, run_after=2025-02-27 00:00:00+00:00
[2025-02-27T19:28:44.613+0000] {logging_mixin.py:190} INFO - [2025-02-27T19:28:44.613+0000] {dag.py:4180} INFO - Setting next_dagrun for dataset_with_extra_by_yield to 2025-02-26 00:00:00+00:00, run_after=2025-02-27 00:00:00+00:00
[2025-02-27T19:28:44.616+0000] {logging_mixin.py:190} INFO - [2025-02-27T19:28:44.616+0000] {dag.py:4180} INFO - Setting next_dagrun for dataset_with_extra_from_classic_operator to 2025-02-26 00:00:00+00:00, run_after=2025-02-27 00:00:00+00:00
[2025-02-27T19:28:44.647+0000] {processor.py:208} INFO - Processing /home/sravan2418/airflow-env/lib/python3.11/site-packages/airflow/example_dags/example_outlet_event_extra.py took 0.141 seconds
[2025-02-27T19:29:43.131+0000] {processor.py:186} INFO - Started process (PID=3149) to work on /home/sravan2418/airflow-env/lib/python3.11/site-packages/airflow/example_dags/example_outlet_event_extra.py
[2025-02-27T19:29:43.133+0000] {processor.py:914} INFO - Processing file /home/sravan2418/airflow-env/lib/python3.11/site-packages/airflow/example_dags/example_outlet_event_extra.py for tasks to queue
[2025-02-27T19:29:43.137+0000] {logging_mixin.py:190} INFO - [2025-02-27T19:29:43.136+0000] {dagbag.py:588} INFO - Filling up the DagBag from /home/sravan2418/airflow-env/lib/python3.11/site-packages/airflow/example_dags/example_outlet_event_extra.py
[2025-02-27T19:29:43.162+0000] {processor.py:925} INFO - DAG(s) 'dataset_with_extra_by_yield', 'dataset_with_extra_from_classic_operator', 'dataset_with_extra_by_context' retrieved from /home/sravan2418/airflow-env/lib/python3.11/site-packages/airflow/example_dags/example_outlet_event_extra.py
[2025-02-27T19:29:43.195+0000] {logging_mixin.py:190} INFO - [2025-02-27T19:29:43.194+0000] {dag.py:3239} INFO - Sync 3 DAGs
[2025-02-27T19:29:43.226+0000] {logging_mixin.py:190} INFO - [2025-02-27T19:29:43.226+0000] {dag.py:4180} INFO - Setting next_dagrun for dataset_with_extra_by_context to 2025-02-26 00:00:00+00:00, run_after=2025-02-27 00:00:00+00:00
[2025-02-27T19:29:43.232+0000] {logging_mixin.py:190} INFO - [2025-02-27T19:29:43.232+0000] {dag.py:4180} INFO - Setting next_dagrun for dataset_with_extra_by_yield to 2025-02-26 00:00:00+00:00, run_after=2025-02-27 00:00:00+00:00
[2025-02-27T19:29:43.235+0000] {logging_mixin.py:190} INFO - [2025-02-27T19:29:43.235+0000] {dag.py:4180} INFO - Setting next_dagrun for dataset_with_extra_from_classic_operator to 2025-02-26 00:00:00+00:00, run_after=2025-02-27 00:00:00+00:00
[2025-02-27T19:29:43.272+0000] {processor.py:208} INFO - Processing /home/sravan2418/airflow-env/lib/python3.11/site-packages/airflow/example_dags/example_outlet_event_extra.py took 0.152 seconds
[2025-02-27T19:30:45.633+0000] {processor.py:186} INFO - Started process (PID=3212) to work on /home/sravan2418/airflow-env/lib/python3.11/site-packages/airflow/example_dags/example_outlet_event_extra.py
[2025-02-27T19:30:45.635+0000] {processor.py:914} INFO - Processing file /home/sravan2418/airflow-env/lib/python3.11/site-packages/airflow/example_dags/example_outlet_event_extra.py for tasks to queue
[2025-02-27T19:30:45.638+0000] {logging_mixin.py:190} INFO - [2025-02-27T19:30:45.638+0000] {dagbag.py:588} INFO - Filling up the DagBag from /home/sravan2418/airflow-env/lib/python3.11/site-packages/airflow/example_dags/example_outlet_event_extra.py
[2025-02-27T19:30:45.658+0000] {processor.py:925} INFO - DAG(s) 'dataset_with_extra_by_context', 'dataset_with_extra_by_yield', 'dataset_with_extra_from_classic_operator' retrieved from /home/sravan2418/airflow-env/lib/python3.11/site-packages/airflow/example_dags/example_outlet_event_extra.py
[2025-02-27T19:30:45.685+0000] {logging_mixin.py:190} INFO - [2025-02-27T19:30:45.685+0000] {dag.py:3239} INFO - Sync 3 DAGs
[2025-02-27T19:30:45.712+0000] {logging_mixin.py:190} INFO - [2025-02-27T19:30:45.711+0000] {dag.py:4180} INFO - Setting next_dagrun for dataset_with_extra_by_context to 2025-02-26 00:00:00+00:00, run_after=2025-02-27 00:00:00+00:00
[2025-02-27T19:30:45.718+0000] {logging_mixin.py:190} INFO - [2025-02-27T19:30:45.717+0000] {dag.py:4180} INFO - Setting next_dagrun for dataset_with_extra_by_yield to 2025-02-26 00:00:00+00:00, run_after=2025-02-27 00:00:00+00:00
[2025-02-27T19:30:45.721+0000] {logging_mixin.py:190} INFO - [2025-02-27T19:30:45.720+0000] {dag.py:4180} INFO - Setting next_dagrun for dataset_with_extra_from_classic_operator to 2025-02-26 00:00:00+00:00, run_after=2025-02-27 00:00:00+00:00
[2025-02-27T19:30:45.750+0000] {processor.py:208} INFO - Processing /home/sravan2418/airflow-env/lib/python3.11/site-packages/airflow/example_dags/example_outlet_event_extra.py took 0.126 seconds
[2025-02-27T19:31:51.010+0000] {processor.py:186} INFO - Started process (PID=3274) to work on /home/sravan2418/airflow-env/lib/python3.11/site-packages/airflow/example_dags/example_outlet_event_extra.py
[2025-02-27T19:31:51.012+0000] {processor.py:914} INFO - Processing file /home/sravan2418/airflow-env/lib/python3.11/site-packages/airflow/example_dags/example_outlet_event_extra.py for tasks to queue
[2025-02-27T19:31:51.015+0000] {logging_mixin.py:190} INFO - [2025-02-27T19:31:51.014+0000] {dagbag.py:588} INFO - Filling up the DagBag from /home/sravan2418/airflow-env/lib/python3.11/site-packages/airflow/example_dags/example_outlet_event_extra.py
[2025-02-27T19:31:51.037+0000] {processor.py:925} INFO - DAG(s) 'dataset_with_extra_from_classic_operator', 'dataset_with_extra_by_context', 'dataset_with_extra_by_yield' retrieved from /home/sravan2418/airflow-env/lib/python3.11/site-packages/airflow/example_dags/example_outlet_event_extra.py
[2025-02-27T19:31:51.067+0000] {logging_mixin.py:190} INFO - [2025-02-27T19:31:51.067+0000] {dag.py:3239} INFO - Sync 3 DAGs
[2025-02-27T19:31:51.250+0000] {logging_mixin.py:190} INFO - [2025-02-27T19:31:51.250+0000] {dag.py:4180} INFO - Setting next_dagrun for dataset_with_extra_by_context to 2025-02-26 00:00:00+00:00, run_after=2025-02-27 00:00:00+00:00
[2025-02-27T19:31:51.255+0000] {logging_mixin.py:190} INFO - [2025-02-27T19:31:51.255+0000] {dag.py:4180} INFO - Setting next_dagrun for dataset_with_extra_by_yield to 2025-02-26 00:00:00+00:00, run_after=2025-02-27 00:00:00+00:00
[2025-02-27T19:31:51.258+0000] {logging_mixin.py:190} INFO - [2025-02-27T19:31:51.258+0000] {dag.py:4180} INFO - Setting next_dagrun for dataset_with_extra_from_classic_operator to 2025-02-26 00:00:00+00:00, run_after=2025-02-27 00:00:00+00:00
[2025-02-27T19:31:51.284+0000] {processor.py:208} INFO - Processing /home/sravan2418/airflow-env/lib/python3.11/site-packages/airflow/example_dags/example_outlet_event_extra.py took 0.285 seconds
[2025-02-27T19:33:04.133+0000] {processor.py:186} INFO - Started process (PID=3349) to work on /home/sravan2418/airflow-env/lib/python3.11/site-packages/airflow/example_dags/example_outlet_event_extra.py
[2025-02-27T19:33:04.135+0000] {processor.py:914} INFO - Processing file /home/sravan2418/airflow-env/lib/python3.11/site-packages/airflow/example_dags/example_outlet_event_extra.py for tasks to queue
[2025-02-27T19:33:04.138+0000] {logging_mixin.py:190} INFO - [2025-02-27T19:33:04.137+0000] {dagbag.py:588} INFO - Filling up the DagBag from /home/sravan2418/airflow-env/lib/python3.11/site-packages/airflow/example_dags/example_outlet_event_extra.py
[2025-02-27T19:33:04.161+0000] {processor.py:925} INFO - DAG(s) 'dataset_with_extra_by_yield', 'dataset_with_extra_by_context', 'dataset_with_extra_from_classic_operator' retrieved from /home/sravan2418/airflow-env/lib/python3.11/site-packages/airflow/example_dags/example_outlet_event_extra.py
[2025-02-27T19:33:04.189+0000] {logging_mixin.py:190} INFO - [2025-02-27T19:33:04.189+0000] {dag.py:3239} INFO - Sync 3 DAGs
[2025-02-27T19:33:04.218+0000] {logging_mixin.py:190} INFO - [2025-02-27T19:33:04.218+0000] {dag.py:4180} INFO - Setting next_dagrun for dataset_with_extra_by_context to 2025-02-26 00:00:00+00:00, run_after=2025-02-27 00:00:00+00:00
[2025-02-27T19:33:04.224+0000] {logging_mixin.py:190} INFO - [2025-02-27T19:33:04.224+0000] {dag.py:4180} INFO - Setting next_dagrun for dataset_with_extra_by_yield to 2025-02-26 00:00:00+00:00, run_after=2025-02-27 00:00:00+00:00
[2025-02-27T19:33:04.227+0000] {logging_mixin.py:190} INFO - [2025-02-27T19:33:04.227+0000] {dag.py:4180} INFO - Setting next_dagrun for dataset_with_extra_from_classic_operator to 2025-02-26 00:00:00+00:00, run_after=2025-02-27 00:00:00+00:00
[2025-02-27T19:33:04.255+0000] {processor.py:208} INFO - Processing /home/sravan2418/airflow-env/lib/python3.11/site-packages/airflow/example_dags/example_outlet_event_extra.py took 0.132 seconds
[2025-02-27T19:34:08.693+0000] {processor.py:186} INFO - Started process (PID=3412) to work on /home/sravan2418/airflow-env/lib/python3.11/site-packages/airflow/example_dags/example_outlet_event_extra.py
[2025-02-27T19:34:08.695+0000] {processor.py:914} INFO - Processing file /home/sravan2418/airflow-env/lib/python3.11/site-packages/airflow/example_dags/example_outlet_event_extra.py for tasks to queue
[2025-02-27T19:34:08.700+0000] {logging_mixin.py:190} INFO - [2025-02-27T19:34:08.699+0000] {dagbag.py:588} INFO - Filling up the DagBag from /home/sravan2418/airflow-env/lib/python3.11/site-packages/airflow/example_dags/example_outlet_event_extra.py
[2025-02-27T19:34:08.728+0000] {processor.py:925} INFO - DAG(s) 'dataset_with_extra_by_context', 'dataset_with_extra_by_yield', 'dataset_with_extra_from_classic_operator' retrieved from /home/sravan2418/airflow-env/lib/python3.11/site-packages/airflow/example_dags/example_outlet_event_extra.py
[2025-02-27T19:34:08.766+0000] {logging_mixin.py:190} INFO - [2025-02-27T19:34:08.766+0000] {dag.py:3239} INFO - Sync 3 DAGs
[2025-02-27T19:34:08.805+0000] {logging_mixin.py:190} INFO - [2025-02-27T19:34:08.805+0000] {dag.py:4180} INFO - Setting next_dagrun for dataset_with_extra_by_context to 2025-02-26 00:00:00+00:00, run_after=2025-02-27 00:00:00+00:00
[2025-02-27T19:34:08.812+0000] {logging_mixin.py:190} INFO - [2025-02-27T19:34:08.812+0000] {dag.py:4180} INFO - Setting next_dagrun for dataset_with_extra_by_yield to 2025-02-26 00:00:00+00:00, run_after=2025-02-27 00:00:00+00:00
[2025-02-27T19:34:08.816+0000] {logging_mixin.py:190} INFO - [2025-02-27T19:34:08.815+0000] {dag.py:4180} INFO - Setting next_dagrun for dataset_with_extra_from_classic_operator to 2025-02-26 00:00:00+00:00, run_after=2025-02-27 00:00:00+00:00
[2025-02-27T19:34:08.853+0000] {processor.py:208} INFO - Processing /home/sravan2418/airflow-env/lib/python3.11/site-packages/airflow/example_dags/example_outlet_event_extra.py took 0.173 seconds
[2025-02-27T19:35:12.025+0000] {processor.py:186} INFO - Started process (PID=3477) to work on /home/sravan2418/airflow-env/lib/python3.11/site-packages/airflow/example_dags/example_outlet_event_extra.py
[2025-02-27T19:35:12.027+0000] {processor.py:914} INFO - Processing file /home/sravan2418/airflow-env/lib/python3.11/site-packages/airflow/example_dags/example_outlet_event_extra.py for tasks to queue
[2025-02-27T19:35:12.031+0000] {logging_mixin.py:190} INFO - [2025-02-27T19:35:12.030+0000] {dagbag.py:588} INFO - Filling up the DagBag from /home/sravan2418/airflow-env/lib/python3.11/site-packages/airflow/example_dags/example_outlet_event_extra.py
[2025-02-27T19:35:12.054+0000] {processor.py:925} INFO - DAG(s) 'dataset_with_extra_by_context', 'dataset_with_extra_from_classic_operator', 'dataset_with_extra_by_yield' retrieved from /home/sravan2418/airflow-env/lib/python3.11/site-packages/airflow/example_dags/example_outlet_event_extra.py
[2025-02-27T19:35:12.084+0000] {logging_mixin.py:190} INFO - [2025-02-27T19:35:12.083+0000] {dag.py:3239} INFO - Sync 3 DAGs
[2025-02-27T19:35:12.114+0000] {logging_mixin.py:190} INFO - [2025-02-27T19:35:12.114+0000] {dag.py:4180} INFO - Setting next_dagrun for dataset_with_extra_by_context to 2025-02-26 00:00:00+00:00, run_after=2025-02-27 00:00:00+00:00
[2025-02-27T19:35:12.120+0000] {logging_mixin.py:190} INFO - [2025-02-27T19:35:12.120+0000] {dag.py:4180} INFO - Setting next_dagrun for dataset_with_extra_by_yield to 2025-02-26 00:00:00+00:00, run_after=2025-02-27 00:00:00+00:00
[2025-02-27T19:35:12.125+0000] {logging_mixin.py:190} INFO - [2025-02-27T19:35:12.124+0000] {dag.py:4180} INFO - Setting next_dagrun for dataset_with_extra_from_classic_operator to 2025-02-26 00:00:00+00:00, run_after=2025-02-27 00:00:00+00:00
[2025-02-27T19:35:12.154+0000] {processor.py:208} INFO - Processing /home/sravan2418/airflow-env/lib/python3.11/site-packages/airflow/example_dags/example_outlet_event_extra.py took 0.140 seconds
