[2025-02-27T19:21:20.014+0000] {processor.py:186} INFO - Started process (PID=2605) to work on /home/sravan2418/airflow-env/lib/python3.11/site-packages/airflow/example_dags/example_short_circuit_decorator.py
[2025-02-27T19:21:20.015+0000] {processor.py:914} INFO - Processing file /home/sravan2418/airflow-env/lib/python3.11/site-packages/airflow/example_dags/example_short_circuit_decorator.py for tasks to queue
[2025-02-27T19:21:20.018+0000] {logging_mixin.py:190} INFO - [2025-02-27T19:21:20.018+0000] {dagbag.py:588} INFO - Filling up the DagBag from /home/sravan2418/airflow-env/lib/python3.11/site-packages/airflow/example_dags/example_short_circuit_decorator.py
[2025-02-27T19:21:20.035+0000] {processor.py:925} INFO - DAG(s) 'example_short_circuit_decorator' retrieved from /home/sravan2418/airflow-env/lib/python3.11/site-packages/airflow/example_dags/example_short_circuit_decorator.py
[2025-02-27T19:21:20.167+0000] {logging_mixin.py:190} INFO - [2025-02-27T19:21:20.166+0000] {override.py:1930} INFO - Created Permission View: can edit on DAG:example_short_circuit_decorator
[2025-02-27T19:21:20.184+0000] {logging_mixin.py:190} INFO - [2025-02-27T19:21:20.184+0000] {override.py:1930} INFO - Created Permission View: can delete on DAG:example_short_circuit_decorator
[2025-02-27T19:21:20.197+0000] {logging_mixin.py:190} INFO - [2025-02-27T19:21:20.196+0000] {override.py:1930} INFO - Created Permission View: can read on DAG:example_short_circuit_decorator
[2025-02-27T19:21:20.215+0000] {logging_mixin.py:190} INFO - [2025-02-27T19:21:20.215+0000] {override.py:1930} INFO - Created Permission View: menu access on DAG Run:example_short_circuit_decorator
[2025-02-27T19:21:20.227+0000] {logging_mixin.py:190} INFO - [2025-02-27T19:21:20.226+0000] {override.py:1930} INFO - Created Permission View: can create on DAG Run:example_short_circuit_decorator
[2025-02-27T19:21:20.238+0000] {logging_mixin.py:190} INFO - [2025-02-27T19:21:20.237+0000] {override.py:1930} INFO - Created Permission View: can delete on DAG Run:example_short_circuit_decorator
[2025-02-27T19:21:20.248+0000] {logging_mixin.py:190} INFO - [2025-02-27T19:21:20.248+0000] {override.py:1930} INFO - Created Permission View: can read on DAG Run:example_short_circuit_decorator
[2025-02-27T19:21:20.249+0000] {logging_mixin.py:190} INFO - [2025-02-27T19:21:20.249+0000] {dag.py:3239} INFO - Sync 1 DAGs
[2025-02-27T19:21:20.263+0000] {logging_mixin.py:190} INFO - [2025-02-27T19:21:20.263+0000] {dag.py:3262} INFO - Creating ORM DAG for example_short_circuit_decorator
[2025-02-27T19:21:20.264+0000] {logging_mixin.py:190} INFO - [2025-02-27T19:21:20.264+0000] {dag.py:4180} INFO - Setting next_dagrun for example_short_circuit_decorator to None, run_after=None
[2025-02-27T19:21:20.286+0000] {processor.py:208} INFO - Processing /home/sravan2418/airflow-env/lib/python3.11/site-packages/airflow/example_dags/example_short_circuit_decorator.py took 0.281 seconds
[2025-02-27T19:23:03.300+0000] {processor.py:186} INFO - Started process (PID=2714) to work on /home/sravan2418/airflow-env/lib/python3.11/site-packages/airflow/example_dags/example_short_circuit_decorator.py
[2025-02-27T19:23:03.305+0000] {processor.py:914} INFO - Processing file /home/sravan2418/airflow-env/lib/python3.11/site-packages/airflow/example_dags/example_short_circuit_decorator.py for tasks to queue
[2025-02-27T19:23:03.308+0000] {logging_mixin.py:190} INFO - [2025-02-27T19:23:03.308+0000] {dagbag.py:588} INFO - Filling up the DagBag from /home/sravan2418/airflow-env/lib/python3.11/site-packages/airflow/example_dags/example_short_circuit_decorator.py
[2025-02-27T19:23:03.326+0000] {processor.py:925} INFO - DAG(s) 'example_short_circuit_decorator' retrieved from /home/sravan2418/airflow-env/lib/python3.11/site-packages/airflow/example_dags/example_short_circuit_decorator.py
[2025-02-27T19:23:03.358+0000] {logging_mixin.py:190} INFO - [2025-02-27T19:23:03.358+0000] {dag.py:3239} INFO - Sync 1 DAGs
[2025-02-27T19:23:03.379+0000] {logging_mixin.py:190} INFO - [2025-02-27T19:23:03.379+0000] {dag.py:4180} INFO - Setting next_dagrun for example_short_circuit_decorator to None, run_after=None
[2025-02-27T19:23:03.411+0000] {processor.py:208} INFO - Processing /home/sravan2418/airflow-env/lib/python3.11/site-packages/airflow/example_dags/example_short_circuit_decorator.py took 0.121 seconds
[2025-02-27T19:24:04.537+0000] {processor.py:186} INFO - Started process (PID=2773) to work on /home/sravan2418/airflow-env/lib/python3.11/site-packages/airflow/example_dags/example_short_circuit_decorator.py
[2025-02-27T19:24:04.541+0000] {processor.py:914} INFO - Processing file /home/sravan2418/airflow-env/lib/python3.11/site-packages/airflow/example_dags/example_short_circuit_decorator.py for tasks to queue
[2025-02-27T19:24:04.545+0000] {logging_mixin.py:190} INFO - [2025-02-27T19:24:04.545+0000] {dagbag.py:588} INFO - Filling up the DagBag from /home/sravan2418/airflow-env/lib/python3.11/site-packages/airflow/example_dags/example_short_circuit_decorator.py
[2025-02-27T19:24:04.565+0000] {processor.py:925} INFO - DAG(s) 'example_short_circuit_decorator' retrieved from /home/sravan2418/airflow-env/lib/python3.11/site-packages/airflow/example_dags/example_short_circuit_decorator.py
[2025-02-27T19:24:04.598+0000] {logging_mixin.py:190} INFO - [2025-02-27T19:24:04.597+0000] {dag.py:3239} INFO - Sync 1 DAGs
[2025-02-27T19:24:04.618+0000] {logging_mixin.py:190} INFO - [2025-02-27T19:24:04.617+0000] {dag.py:4180} INFO - Setting next_dagrun for example_short_circuit_decorator to None, run_after=None
[2025-02-27T19:24:04.652+0000] {processor.py:208} INFO - Processing /home/sravan2418/airflow-env/lib/python3.11/site-packages/airflow/example_dags/example_short_circuit_decorator.py took 0.126 seconds
[2025-02-27T19:25:06.205+0000] {processor.py:186} INFO - Started process (PID=2845) to work on /home/sravan2418/airflow-env/lib/python3.11/site-packages/airflow/example_dags/example_short_circuit_decorator.py
[2025-02-27T19:25:06.208+0000] {processor.py:914} INFO - Processing file /home/sravan2418/airflow-env/lib/python3.11/site-packages/airflow/example_dags/example_short_circuit_decorator.py for tasks to queue
[2025-02-27T19:25:06.211+0000] {logging_mixin.py:190} INFO - [2025-02-27T19:25:06.210+0000] {dagbag.py:588} INFO - Filling up the DagBag from /home/sravan2418/airflow-env/lib/python3.11/site-packages/airflow/example_dags/example_short_circuit_decorator.py
[2025-02-27T19:25:06.227+0000] {processor.py:925} INFO - DAG(s) 'example_short_circuit_decorator' retrieved from /home/sravan2418/airflow-env/lib/python3.11/site-packages/airflow/example_dags/example_short_circuit_decorator.py
[2025-02-27T19:25:06.253+0000] {logging_mixin.py:190} INFO - [2025-02-27T19:25:06.252+0000] {dag.py:3239} INFO - Sync 1 DAGs
[2025-02-27T19:25:06.268+0000] {logging_mixin.py:190} INFO - [2025-02-27T19:25:06.268+0000] {dag.py:4180} INFO - Setting next_dagrun for example_short_circuit_decorator to None, run_after=None
[2025-02-27T19:25:06.297+0000] {processor.py:208} INFO - Processing /home/sravan2418/airflow-env/lib/python3.11/site-packages/airflow/example_dags/example_short_circuit_decorator.py took 0.102 seconds
[2025-02-27T19:26:08.050+0000] {processor.py:186} INFO - Started process (PID=2905) to work on /home/sravan2418/airflow-env/lib/python3.11/site-packages/airflow/example_dags/example_short_circuit_decorator.py
[2025-02-27T19:26:08.052+0000] {processor.py:914} INFO - Processing file /home/sravan2418/airflow-env/lib/python3.11/site-packages/airflow/example_dags/example_short_circuit_decorator.py for tasks to queue
[2025-02-27T19:26:08.056+0000] {logging_mixin.py:190} INFO - [2025-02-27T19:26:08.055+0000] {dagbag.py:588} INFO - Filling up the DagBag from /home/sravan2418/airflow-env/lib/python3.11/site-packages/airflow/example_dags/example_short_circuit_decorator.py
[2025-02-27T19:26:08.071+0000] {processor.py:925} INFO - DAG(s) 'example_short_circuit_decorator' retrieved from /home/sravan2418/airflow-env/lib/python3.11/site-packages/airflow/example_dags/example_short_circuit_decorator.py
[2025-02-27T19:26:08.097+0000] {logging_mixin.py:190} INFO - [2025-02-27T19:26:08.097+0000] {dag.py:3239} INFO - Sync 1 DAGs
[2025-02-27T19:26:08.114+0000] {logging_mixin.py:190} INFO - [2025-02-27T19:26:08.114+0000] {dag.py:4180} INFO - Setting next_dagrun for example_short_circuit_decorator to None, run_after=None
[2025-02-27T19:26:08.142+0000] {processor.py:208} INFO - Processing /home/sravan2418/airflow-env/lib/python3.11/site-packages/airflow/example_dags/example_short_circuit_decorator.py took 0.102 seconds
[2025-02-27T19:27:15.689+0000] {processor.py:186} INFO - Started process (PID=2970) to work on /home/sravan2418/airflow-env/lib/python3.11/site-packages/airflow/example_dags/example_short_circuit_decorator.py
[2025-02-27T19:27:15.692+0000] {processor.py:914} INFO - Processing file /home/sravan2418/airflow-env/lib/python3.11/site-packages/airflow/example_dags/example_short_circuit_decorator.py for tasks to queue
[2025-02-27T19:27:15.695+0000] {logging_mixin.py:190} INFO - [2025-02-27T19:27:15.694+0000] {dagbag.py:588} INFO - Filling up the DagBag from /home/sravan2418/airflow-env/lib/python3.11/site-packages/airflow/example_dags/example_short_circuit_decorator.py
[2025-02-27T19:27:15.710+0000] {processor.py:925} INFO - DAG(s) 'example_short_circuit_decorator' retrieved from /home/sravan2418/airflow-env/lib/python3.11/site-packages/airflow/example_dags/example_short_circuit_decorator.py
[2025-02-27T19:27:15.735+0000] {logging_mixin.py:190} INFO - [2025-02-27T19:27:15.735+0000] {dag.py:3239} INFO - Sync 1 DAGs
[2025-02-27T19:27:15.751+0000] {logging_mixin.py:190} INFO - [2025-02-27T19:27:15.751+0000] {dag.py:4180} INFO - Setting next_dagrun for example_short_circuit_decorator to None, run_after=None
[2025-02-27T19:27:15.778+0000] {processor.py:208} INFO - Processing /home/sravan2418/airflow-env/lib/python3.11/site-packages/airflow/example_dags/example_short_circuit_decorator.py took 0.098 seconds
[2025-02-27T19:28:16.156+0000] {processor.py:186} INFO - Started process (PID=3050) to work on /home/sravan2418/airflow-env/lib/python3.11/site-packages/airflow/example_dags/example_short_circuit_decorator.py
[2025-02-27T19:28:16.159+0000] {processor.py:914} INFO - Processing file /home/sravan2418/airflow-env/lib/python3.11/site-packages/airflow/example_dags/example_short_circuit_decorator.py for tasks to queue
[2025-02-27T19:28:16.162+0000] {logging_mixin.py:190} INFO - [2025-02-27T19:28:16.162+0000] {dagbag.py:588} INFO - Filling up the DagBag from /home/sravan2418/airflow-env/lib/python3.11/site-packages/airflow/example_dags/example_short_circuit_decorator.py
[2025-02-27T19:28:16.181+0000] {processor.py:925} INFO - DAG(s) 'example_short_circuit_decorator' retrieved from /home/sravan2418/airflow-env/lib/python3.11/site-packages/airflow/example_dags/example_short_circuit_decorator.py
[2025-02-27T19:28:16.214+0000] {logging_mixin.py:190} INFO - [2025-02-27T19:28:16.214+0000] {dag.py:3239} INFO - Sync 1 DAGs
[2025-02-27T19:28:16.240+0000] {logging_mixin.py:190} INFO - [2025-02-27T19:28:16.240+0000] {dag.py:4180} INFO - Setting next_dagrun for example_short_circuit_decorator to None, run_after=None
[2025-02-27T19:28:16.272+0000] {processor.py:208} INFO - Processing /home/sravan2418/airflow-env/lib/python3.11/site-packages/airflow/example_dags/example_short_circuit_decorator.py took 0.126 seconds
[2025-02-27T19:29:15.556+0000] {processor.py:186} INFO - Started process (PID=3118) to work on /home/sravan2418/airflow-env/lib/python3.11/site-packages/airflow/example_dags/example_short_circuit_decorator.py
[2025-02-27T19:29:15.558+0000] {processor.py:914} INFO - Processing file /home/sravan2418/airflow-env/lib/python3.11/site-packages/airflow/example_dags/example_short_circuit_decorator.py for tasks to queue
[2025-02-27T19:29:15.562+0000] {logging_mixin.py:190} INFO - [2025-02-27T19:29:15.562+0000] {dagbag.py:588} INFO - Filling up the DagBag from /home/sravan2418/airflow-env/lib/python3.11/site-packages/airflow/example_dags/example_short_circuit_decorator.py
[2025-02-27T19:29:15.581+0000] {processor.py:925} INFO - DAG(s) 'example_short_circuit_decorator' retrieved from /home/sravan2418/airflow-env/lib/python3.11/site-packages/airflow/example_dags/example_short_circuit_decorator.py
[2025-02-27T19:29:15.612+0000] {logging_mixin.py:190} INFO - [2025-02-27T19:29:15.611+0000] {dag.py:3239} INFO - Sync 1 DAGs
[2025-02-27T19:29:15.632+0000] {logging_mixin.py:190} INFO - [2025-02-27T19:29:15.632+0000] {dag.py:4180} INFO - Setting next_dagrun for example_short_circuit_decorator to None, run_after=None
[2025-02-27T19:29:15.667+0000] {processor.py:208} INFO - Processing /home/sravan2418/airflow-env/lib/python3.11/site-packages/airflow/example_dags/example_short_circuit_decorator.py took 0.122 seconds
[2025-02-27T19:30:13.792+0000] {processor.py:186} INFO - Started process (PID=3181) to work on /home/sravan2418/airflow-env/lib/python3.11/site-packages/airflow/example_dags/example_short_circuit_decorator.py
[2025-02-27T19:30:13.795+0000] {processor.py:914} INFO - Processing file /home/sravan2418/airflow-env/lib/python3.11/site-packages/airflow/example_dags/example_short_circuit_decorator.py for tasks to queue
[2025-02-27T19:30:13.799+0000] {logging_mixin.py:190} INFO - [2025-02-27T19:30:13.798+0000] {dagbag.py:588} INFO - Filling up the DagBag from /home/sravan2418/airflow-env/lib/python3.11/site-packages/airflow/example_dags/example_short_circuit_decorator.py
[2025-02-27T19:30:13.820+0000] {processor.py:925} INFO - DAG(s) 'example_short_circuit_decorator' retrieved from /home/sravan2418/airflow-env/lib/python3.11/site-packages/airflow/example_dags/example_short_circuit_decorator.py
[2025-02-27T19:30:13.853+0000] {logging_mixin.py:190} INFO - [2025-02-27T19:30:13.852+0000] {dag.py:3239} INFO - Sync 1 DAGs
[2025-02-27T19:30:13.871+0000] {logging_mixin.py:190} INFO - [2025-02-27T19:30:13.870+0000] {dag.py:4180} INFO - Setting next_dagrun for example_short_circuit_decorator to None, run_after=None
[2025-02-27T19:30:13.904+0000] {processor.py:208} INFO - Processing /home/sravan2418/airflow-env/lib/python3.11/site-packages/airflow/example_dags/example_short_circuit_decorator.py took 0.122 seconds
[2025-02-27T19:31:17.633+0000] {processor.py:186} INFO - Started process (PID=3245) to work on /home/sravan2418/airflow-env/lib/python3.11/site-packages/airflow/example_dags/example_short_circuit_decorator.py
[2025-02-27T19:31:17.635+0000] {processor.py:914} INFO - Processing file /home/sravan2418/airflow-env/lib/python3.11/site-packages/airflow/example_dags/example_short_circuit_decorator.py for tasks to queue
[2025-02-27T19:31:17.638+0000] {logging_mixin.py:190} INFO - [2025-02-27T19:31:17.638+0000] {dagbag.py:588} INFO - Filling up the DagBag from /home/sravan2418/airflow-env/lib/python3.11/site-packages/airflow/example_dags/example_short_circuit_decorator.py
[2025-02-27T19:31:17.654+0000] {processor.py:925} INFO - DAG(s) 'example_short_circuit_decorator' retrieved from /home/sravan2418/airflow-env/lib/python3.11/site-packages/airflow/example_dags/example_short_circuit_decorator.py
[2025-02-27T19:31:17.679+0000] {logging_mixin.py:190} INFO - [2025-02-27T19:31:17.678+0000] {dag.py:3239} INFO - Sync 1 DAGs
[2025-02-27T19:31:17.694+0000] {logging_mixin.py:190} INFO - [2025-02-27T19:31:17.694+0000] {dag.py:4180} INFO - Setting next_dagrun for example_short_circuit_decorator to None, run_after=None
[2025-02-27T19:31:17.720+0000] {processor.py:208} INFO - Processing /home/sravan2418/airflow-env/lib/python3.11/site-packages/airflow/example_dags/example_short_circuit_decorator.py took 0.098 seconds
[2025-02-27T19:32:28.065+0000] {processor.py:186} INFO - Started process (PID=3314) to work on /home/sravan2418/airflow-env/lib/python3.11/site-packages/airflow/example_dags/example_short_circuit_decorator.py
[2025-02-27T19:32:28.069+0000] {processor.py:914} INFO - Processing file /home/sravan2418/airflow-env/lib/python3.11/site-packages/airflow/example_dags/example_short_circuit_decorator.py for tasks to queue
[2025-02-27T19:32:28.072+0000] {logging_mixin.py:190} INFO - [2025-02-27T19:32:28.072+0000] {dagbag.py:588} INFO - Filling up the DagBag from /home/sravan2418/airflow-env/lib/python3.11/site-packages/airflow/example_dags/example_short_circuit_decorator.py
[2025-02-27T19:32:28.089+0000] {processor.py:925} INFO - DAG(s) 'example_short_circuit_decorator' retrieved from /home/sravan2418/airflow-env/lib/python3.11/site-packages/airflow/example_dags/example_short_circuit_decorator.py
[2025-02-27T19:32:28.117+0000] {logging_mixin.py:190} INFO - [2025-02-27T19:32:28.116+0000] {dag.py:3239} INFO - Sync 1 DAGs
[2025-02-27T19:32:28.133+0000] {logging_mixin.py:190} INFO - [2025-02-27T19:32:28.132+0000] {dag.py:4180} INFO - Setting next_dagrun for example_short_circuit_decorator to None, run_after=None
[2025-02-27T19:32:28.161+0000] {processor.py:208} INFO - Processing /home/sravan2418/airflow-env/lib/python3.11/site-packages/airflow/example_dags/example_short_circuit_decorator.py took 0.108 seconds
[2025-02-27T19:33:35.768+0000] {processor.py:186} INFO - Started process (PID=3379) to work on /home/sravan2418/airflow-env/lib/python3.11/site-packages/airflow/example_dags/example_short_circuit_decorator.py
[2025-02-27T19:33:35.771+0000] {processor.py:914} INFO - Processing file /home/sravan2418/airflow-env/lib/python3.11/site-packages/airflow/example_dags/example_short_circuit_decorator.py for tasks to queue
[2025-02-27T19:33:35.774+0000] {logging_mixin.py:190} INFO - [2025-02-27T19:33:35.773+0000] {dagbag.py:588} INFO - Filling up the DagBag from /home/sravan2418/airflow-env/lib/python3.11/site-packages/airflow/example_dags/example_short_circuit_decorator.py
[2025-02-27T19:33:35.791+0000] {processor.py:925} INFO - DAG(s) 'example_short_circuit_decorator' retrieved from /home/sravan2418/airflow-env/lib/python3.11/site-packages/airflow/example_dags/example_short_circuit_decorator.py
[2025-02-27T19:33:35.818+0000] {logging_mixin.py:190} INFO - [2025-02-27T19:33:35.818+0000] {dag.py:3239} INFO - Sync 1 DAGs
[2025-02-27T19:33:35.835+0000] {logging_mixin.py:190} INFO - [2025-02-27T19:33:35.834+0000] {dag.py:4180} INFO - Setting next_dagrun for example_short_circuit_decorator to None, run_after=None
[2025-02-27T19:33:35.862+0000] {processor.py:208} INFO - Processing /home/sravan2418/airflow-env/lib/python3.11/site-packages/airflow/example_dags/example_short_circuit_decorator.py took 0.103 seconds
[2025-02-27T19:34:39.227+0000] {processor.py:186} INFO - Started process (PID=3445) to work on /home/sravan2418/airflow-env/lib/python3.11/site-packages/airflow/example_dags/example_short_circuit_decorator.py
[2025-02-27T19:34:39.229+0000] {processor.py:914} INFO - Processing file /home/sravan2418/airflow-env/lib/python3.11/site-packages/airflow/example_dags/example_short_circuit_decorator.py for tasks to queue
[2025-02-27T19:34:39.234+0000] {logging_mixin.py:190} INFO - [2025-02-27T19:34:39.233+0000] {dagbag.py:588} INFO - Filling up the DagBag from /home/sravan2418/airflow-env/lib/python3.11/site-packages/airflow/example_dags/example_short_circuit_decorator.py
[2025-02-27T19:34:39.259+0000] {processor.py:925} INFO - DAG(s) 'example_short_circuit_decorator' retrieved from /home/sravan2418/airflow-env/lib/python3.11/site-packages/airflow/example_dags/example_short_circuit_decorator.py
[2025-02-27T19:34:39.291+0000] {logging_mixin.py:190} INFO - [2025-02-27T19:34:39.290+0000] {dag.py:3239} INFO - Sync 1 DAGs
[2025-02-27T19:34:39.311+0000] {logging_mixin.py:190} INFO - [2025-02-27T19:34:39.311+0000] {dag.py:4180} INFO - Setting next_dagrun for example_short_circuit_decorator to None, run_after=None
[2025-02-27T19:34:39.353+0000] {processor.py:208} INFO - Processing /home/sravan2418/airflow-env/lib/python3.11/site-packages/airflow/example_dags/example_short_circuit_decorator.py took 0.141 seconds
