[2025-02-27T19:23:46.297+0000] {processor.py:186} INFO - Started process (PID=2754) to work on /home/sravan2418/airflow-env/lib/python3.11/site-packages/airflow/example_dags/example_branch_python_dop_operator_3.py
[2025-02-27T19:23:46.298+0000] {processor.py:914} INFO - Processing file /home/sravan2418/airflow-env/lib/python3.11/site-packages/airflow/example_dags/example_branch_python_dop_operator_3.py for tasks to queue
[2025-02-27T19:23:46.301+0000] {logging_mixin.py:190} INFO - [2025-02-27T19:23:46.301+0000] {dagbag.py:588} INFO - Filling up the DagBag from /home/sravan2418/airflow-env/lib/python3.11/site-packages/airflow/example_dags/example_branch_python_dop_operator_3.py
[2025-02-27T19:23:46.317+0000] {processor.py:925} INFO - DAG(s) 'example_branch_dop_operator_v3' retrieved from /home/sravan2418/airflow-env/lib/python3.11/site-packages/airflow/example_dags/example_branch_python_dop_operator_3.py
[2025-02-27T19:23:46.441+0000] {logging_mixin.py:190} INFO - [2025-02-27T19:23:46.440+0000] {override.py:1930} INFO - Created Permission View: can edit on DAG:example_branch_dop_operator_v3
[2025-02-27T19:23:46.455+0000] {logging_mixin.py:190} INFO - [2025-02-27T19:23:46.455+0000] {override.py:1930} INFO - Created Permission View: can read on DAG:example_branch_dop_operator_v3
[2025-02-27T19:23:46.466+0000] {logging_mixin.py:190} INFO - [2025-02-27T19:23:46.466+0000] {override.py:1930} INFO - Created Permission View: can delete on DAG:example_branch_dop_operator_v3
[2025-02-27T19:23:46.483+0000] {logging_mixin.py:190} INFO - [2025-02-27T19:23:46.483+0000] {override.py:1930} INFO - Created Permission View: can read on DAG Run:example_branch_dop_operator_v3
[2025-02-27T19:23:46.494+0000] {logging_mixin.py:190} INFO - [2025-02-27T19:23:46.493+0000] {override.py:1930} INFO - Created Permission View: can delete on DAG Run:example_branch_dop_operator_v3
[2025-02-27T19:23:46.504+0000] {logging_mixin.py:190} INFO - [2025-02-27T19:23:46.503+0000] {override.py:1930} INFO - Created Permission View: menu access on DAG Run:example_branch_dop_operator_v3
[2025-02-27T19:23:46.515+0000] {logging_mixin.py:190} INFO - [2025-02-27T19:23:46.514+0000] {override.py:1930} INFO - Created Permission View: can create on DAG Run:example_branch_dop_operator_v3
[2025-02-27T19:23:46.515+0000] {logging_mixin.py:190} INFO - [2025-02-27T19:23:46.515+0000] {dag.py:3239} INFO - Sync 1 DAGs
[2025-02-27T19:23:46.529+0000] {logging_mixin.py:190} INFO - [2025-02-27T19:23:46.529+0000] {dag.py:3262} INFO - Creating ORM DAG for example_branch_dop_operator_v3
[2025-02-27T19:23:46.546+0000] {logging_mixin.py:190} INFO - [2025-02-27T19:23:46.545+0000] {dag.py:4180} INFO - Setting next_dagrun for example_branch_dop_operator_v3 to 2025-02-27 19:22:00+00:00, run_after=2025-02-27 19:23:00+00:00
[2025-02-27T19:23:46.570+0000] {processor.py:208} INFO - Processing /home/sravan2418/airflow-env/lib/python3.11/site-packages/airflow/example_dags/example_branch_python_dop_operator_3.py took 0.281 seconds
[2025-02-27T19:24:46.786+0000] {processor.py:186} INFO - Started process (PID=2824) to work on /home/sravan2418/airflow-env/lib/python3.11/site-packages/airflow/example_dags/example_branch_python_dop_operator_3.py
[2025-02-27T19:24:46.789+0000] {processor.py:914} INFO - Processing file /home/sravan2418/airflow-env/lib/python3.11/site-packages/airflow/example_dags/example_branch_python_dop_operator_3.py for tasks to queue
[2025-02-27T19:24:46.793+0000] {logging_mixin.py:190} INFO - [2025-02-27T19:24:46.792+0000] {dagbag.py:588} INFO - Filling up the DagBag from /home/sravan2418/airflow-env/lib/python3.11/site-packages/airflow/example_dags/example_branch_python_dop_operator_3.py
[2025-02-27T19:24:46.817+0000] {processor.py:925} INFO - DAG(s) 'example_branch_dop_operator_v3' retrieved from /home/sravan2418/airflow-env/lib/python3.11/site-packages/airflow/example_dags/example_branch_python_dop_operator_3.py
[2025-02-27T19:24:46.844+0000] {logging_mixin.py:190} INFO - [2025-02-27T19:24:46.843+0000] {dag.py:3239} INFO - Sync 1 DAGs
[2025-02-27T19:24:46.878+0000] {logging_mixin.py:190} INFO - [2025-02-27T19:24:46.878+0000] {dag.py:4180} INFO - Setting next_dagrun for example_branch_dop_operator_v3 to 2025-02-27 19:23:00+00:00, run_after=2025-02-27 19:24:00+00:00
[2025-02-27T19:24:46.908+0000] {processor.py:208} INFO - Processing /home/sravan2418/airflow-env/lib/python3.11/site-packages/airflow/example_dags/example_branch_python_dop_operator_3.py took 0.132 seconds
[2025-02-27T19:25:48.589+0000] {processor.py:186} INFO - Started process (PID=2886) to work on /home/sravan2418/airflow-env/lib/python3.11/site-packages/airflow/example_dags/example_branch_python_dop_operator_3.py
[2025-02-27T19:25:48.592+0000] {processor.py:914} INFO - Processing file /home/sravan2418/airflow-env/lib/python3.11/site-packages/airflow/example_dags/example_branch_python_dop_operator_3.py for tasks to queue
[2025-02-27T19:25:48.595+0000] {logging_mixin.py:190} INFO - [2025-02-27T19:25:48.595+0000] {dagbag.py:588} INFO - Filling up the DagBag from /home/sravan2418/airflow-env/lib/python3.11/site-packages/airflow/example_dags/example_branch_python_dop_operator_3.py
[2025-02-27T19:25:48.613+0000] {processor.py:925} INFO - DAG(s) 'example_branch_dop_operator_v3' retrieved from /home/sravan2418/airflow-env/lib/python3.11/site-packages/airflow/example_dags/example_branch_python_dop_operator_3.py
[2025-02-27T19:25:48.639+0000] {logging_mixin.py:190} INFO - [2025-02-27T19:25:48.638+0000] {dag.py:3239} INFO - Sync 1 DAGs
[2025-02-27T19:25:48.674+0000] {logging_mixin.py:190} INFO - [2025-02-27T19:25:48.673+0000] {dag.py:4180} INFO - Setting next_dagrun for example_branch_dop_operator_v3 to 2025-02-27 19:24:00+00:00, run_after=2025-02-27 19:25:00+00:00
[2025-02-27T19:25:48.704+0000] {processor.py:208} INFO - Processing /home/sravan2418/airflow-env/lib/python3.11/site-packages/airflow/example_dags/example_branch_python_dop_operator_3.py took 0.125 seconds
[2025-02-27T19:26:53.151+0000] {processor.py:186} INFO - Started process (PID=2950) to work on /home/sravan2418/airflow-env/lib/python3.11/site-packages/airflow/example_dags/example_branch_python_dop_operator_3.py
[2025-02-27T19:26:53.154+0000] {processor.py:914} INFO - Processing file /home/sravan2418/airflow-env/lib/python3.11/site-packages/airflow/example_dags/example_branch_python_dop_operator_3.py for tasks to queue
[2025-02-27T19:26:53.158+0000] {logging_mixin.py:190} INFO - [2025-02-27T19:26:53.157+0000] {dagbag.py:588} INFO - Filling up the DagBag from /home/sravan2418/airflow-env/lib/python3.11/site-packages/airflow/example_dags/example_branch_python_dop_operator_3.py
[2025-02-27T19:26:53.177+0000] {processor.py:925} INFO - DAG(s) 'example_branch_dop_operator_v3' retrieved from /home/sravan2418/airflow-env/lib/python3.11/site-packages/airflow/example_dags/example_branch_python_dop_operator_3.py
[2025-02-27T19:26:53.410+0000] {logging_mixin.py:190} INFO - [2025-02-27T19:26:53.409+0000] {dag.py:3239} INFO - Sync 1 DAGs
[2025-02-27T19:26:53.438+0000] {logging_mixin.py:190} INFO - [2025-02-27T19:26:53.438+0000] {dag.py:4180} INFO - Setting next_dagrun for example_branch_dop_operator_v3 to 2025-02-27 19:25:00+00:00, run_after=2025-02-27 19:26:00+00:00
[2025-02-27T19:26:53.469+0000] {processor.py:208} INFO - Processing /home/sravan2418/airflow-env/lib/python3.11/site-packages/airflow/example_dags/example_branch_python_dop_operator_3.py took 0.328 seconds
[2025-02-27T19:28:56.637+0000] {processor.py:186} INFO - Started process (PID=3098) to work on /home/sravan2418/airflow-env/lib/python3.11/site-packages/airflow/example_dags/example_branch_python_dop_operator_3.py
[2025-02-27T19:28:56.639+0000] {processor.py:914} INFO - Processing file /home/sravan2418/airflow-env/lib/python3.11/site-packages/airflow/example_dags/example_branch_python_dop_operator_3.py for tasks to queue
[2025-02-27T19:28:56.642+0000] {logging_mixin.py:190} INFO - [2025-02-27T19:28:56.642+0000] {dagbag.py:588} INFO - Filling up the DagBag from /home/sravan2418/airflow-env/lib/python3.11/site-packages/airflow/example_dags/example_branch_python_dop_operator_3.py
[2025-02-27T19:28:56.659+0000] {processor.py:925} INFO - DAG(s) 'example_branch_dop_operator_v3' retrieved from /home/sravan2418/airflow-env/lib/python3.11/site-packages/airflow/example_dags/example_branch_python_dop_operator_3.py
[2025-02-27T19:28:56.681+0000] {logging_mixin.py:190} INFO - [2025-02-27T19:28:56.681+0000] {dag.py:3239} INFO - Sync 1 DAGs
[2025-02-27T19:28:56.710+0000] {logging_mixin.py:190} INFO - [2025-02-27T19:28:56.709+0000] {dag.py:4180} INFO - Setting next_dagrun for example_branch_dop_operator_v3 to 2025-02-27 19:27:00+00:00, run_after=2025-02-27 19:28:00+00:00
[2025-02-27T19:28:56.738+0000] {processor.py:208} INFO - Processing /home/sravan2418/airflow-env/lib/python3.11/site-packages/airflow/example_dags/example_branch_python_dop_operator_3.py took 0.109 seconds
[2025-02-27T19:29:55.704+0000] {processor.py:186} INFO - Started process (PID=3161) to work on /home/sravan2418/airflow-env/lib/python3.11/site-packages/airflow/example_dags/example_branch_python_dop_operator_3.py
[2025-02-27T19:29:55.706+0000] {processor.py:914} INFO - Processing file /home/sravan2418/airflow-env/lib/python3.11/site-packages/airflow/example_dags/example_branch_python_dop_operator_3.py for tasks to queue
[2025-02-27T19:29:55.709+0000] {logging_mixin.py:190} INFO - [2025-02-27T19:29:55.709+0000] {dagbag.py:588} INFO - Filling up the DagBag from /home/sravan2418/airflow-env/lib/python3.11/site-packages/airflow/example_dags/example_branch_python_dop_operator_3.py
[2025-02-27T19:29:55.726+0000] {processor.py:925} INFO - DAG(s) 'example_branch_dop_operator_v3' retrieved from /home/sravan2418/airflow-env/lib/python3.11/site-packages/airflow/example_dags/example_branch_python_dop_operator_3.py
[2025-02-27T19:29:55.750+0000] {logging_mixin.py:190} INFO - [2025-02-27T19:29:55.750+0000] {dag.py:3239} INFO - Sync 1 DAGs
[2025-02-27T19:29:55.783+0000] {logging_mixin.py:190} INFO - [2025-02-27T19:29:55.783+0000] {dag.py:4180} INFO - Setting next_dagrun for example_branch_dop_operator_v3 to 2025-02-27 19:28:00+00:00, run_after=2025-02-27 19:29:00+00:00
[2025-02-27T19:29:55.815+0000] {processor.py:208} INFO - Processing /home/sravan2418/airflow-env/lib/python3.11/site-packages/airflow/example_dags/example_branch_python_dop_operator_3.py took 0.120 seconds
[2025-02-27T19:30:58.132+0000] {processor.py:186} INFO - Started process (PID=3224) to work on /home/sravan2418/airflow-env/lib/python3.11/site-packages/airflow/example_dags/example_branch_python_dop_operator_3.py
[2025-02-27T19:30:58.134+0000] {processor.py:914} INFO - Processing file /home/sravan2418/airflow-env/lib/python3.11/site-packages/airflow/example_dags/example_branch_python_dop_operator_3.py for tasks to queue
[2025-02-27T19:30:58.137+0000] {logging_mixin.py:190} INFO - [2025-02-27T19:30:58.136+0000] {dagbag.py:588} INFO - Filling up the DagBag from /home/sravan2418/airflow-env/lib/python3.11/site-packages/airflow/example_dags/example_branch_python_dop_operator_3.py
[2025-02-27T19:30:58.153+0000] {processor.py:925} INFO - DAG(s) 'example_branch_dop_operator_v3' retrieved from /home/sravan2418/airflow-env/lib/python3.11/site-packages/airflow/example_dags/example_branch_python_dop_operator_3.py
[2025-02-27T19:30:58.175+0000] {logging_mixin.py:190} INFO - [2025-02-27T19:30:58.174+0000] {dag.py:3239} INFO - Sync 1 DAGs
[2025-02-27T19:30:58.203+0000] {logging_mixin.py:190} INFO - [2025-02-27T19:30:58.203+0000] {dag.py:4180} INFO - Setting next_dagrun for example_branch_dop_operator_v3 to 2025-02-27 19:29:00+00:00, run_after=2025-02-27 19:30:00+00:00
[2025-02-27T19:30:58.230+0000] {processor.py:208} INFO - Processing /home/sravan2418/airflow-env/lib/python3.11/site-packages/airflow/example_dags/example_branch_python_dop_operator_3.py took 0.106 seconds
[2025-02-27T19:32:04.472+0000] {processor.py:186} INFO - Started process (PID=3286) to work on /home/sravan2418/airflow-env/lib/python3.11/site-packages/airflow/example_dags/example_branch_python_dop_operator_3.py
[2025-02-27T19:32:04.475+0000] {processor.py:914} INFO - Processing file /home/sravan2418/airflow-env/lib/python3.11/site-packages/airflow/example_dags/example_branch_python_dop_operator_3.py for tasks to queue
[2025-02-27T19:32:04.479+0000] {logging_mixin.py:190} INFO - [2025-02-27T19:32:04.478+0000] {dagbag.py:588} INFO - Filling up the DagBag from /home/sravan2418/airflow-env/lib/python3.11/site-packages/airflow/example_dags/example_branch_python_dop_operator_3.py
[2025-02-27T19:32:04.499+0000] {processor.py:925} INFO - DAG(s) 'example_branch_dop_operator_v3' retrieved from /home/sravan2418/airflow-env/lib/python3.11/site-packages/airflow/example_dags/example_branch_python_dop_operator_3.py
[2025-02-27T19:32:04.748+0000] {logging_mixin.py:190} INFO - [2025-02-27T19:32:04.748+0000] {dag.py:3239} INFO - Sync 1 DAGs
[2025-02-27T19:32:04.782+0000] {logging_mixin.py:190} INFO - [2025-02-27T19:32:04.782+0000] {dag.py:4180} INFO - Setting next_dagrun for example_branch_dop_operator_v3 to 2025-02-27 19:31:00+00:00, run_after=2025-02-27 19:32:00+00:00
[2025-02-27T19:32:04.811+0000] {processor.py:208} INFO - Processing /home/sravan2418/airflow-env/lib/python3.11/site-packages/airflow/example_dags/example_branch_python_dop_operator_3.py took 0.350 seconds
[2025-02-27T19:33:17.844+0000] {processor.py:186} INFO - Started process (PID=3362) to work on /home/sravan2418/airflow-env/lib/python3.11/site-packages/airflow/example_dags/example_branch_python_dop_operator_3.py
[2025-02-27T19:33:17.846+0000] {processor.py:914} INFO - Processing file /home/sravan2418/airflow-env/lib/python3.11/site-packages/airflow/example_dags/example_branch_python_dop_operator_3.py for tasks to queue
[2025-02-27T19:33:17.850+0000] {logging_mixin.py:190} INFO - [2025-02-27T19:33:17.849+0000] {dagbag.py:588} INFO - Filling up the DagBag from /home/sravan2418/airflow-env/lib/python3.11/site-packages/airflow/example_dags/example_branch_python_dop_operator_3.py
[2025-02-27T19:33:17.867+0000] {processor.py:925} INFO - DAG(s) 'example_branch_dop_operator_v3' retrieved from /home/sravan2418/airflow-env/lib/python3.11/site-packages/airflow/example_dags/example_branch_python_dop_operator_3.py
[2025-02-27T19:33:17.891+0000] {logging_mixin.py:190} INFO - [2025-02-27T19:33:17.890+0000] {dag.py:3239} INFO - Sync 1 DAGs
[2025-02-27T19:33:17.925+0000] {logging_mixin.py:190} INFO - [2025-02-27T19:33:17.924+0000] {dag.py:4180} INFO - Setting next_dagrun for example_branch_dop_operator_v3 to 2025-02-27 19:32:00+00:00, run_after=2025-02-27 19:33:00+00:00
[2025-02-27T19:33:17.952+0000] {processor.py:208} INFO - Processing /home/sravan2418/airflow-env/lib/python3.11/site-packages/airflow/example_dags/example_branch_python_dop_operator_3.py took 0.118 seconds
[2025-02-27T19:34:22.556+0000] {processor.py:186} INFO - Started process (PID=3427) to work on /home/sravan2418/airflow-env/lib/python3.11/site-packages/airflow/example_dags/example_branch_python_dop_operator_3.py
[2025-02-27T19:34:22.558+0000] {processor.py:914} INFO - Processing file /home/sravan2418/airflow-env/lib/python3.11/site-packages/airflow/example_dags/example_branch_python_dop_operator_3.py for tasks to queue
[2025-02-27T19:34:22.562+0000] {logging_mixin.py:190} INFO - [2025-02-27T19:34:22.561+0000] {dagbag.py:588} INFO - Filling up the DagBag from /home/sravan2418/airflow-env/lib/python3.11/site-packages/airflow/example_dags/example_branch_python_dop_operator_3.py
[2025-02-27T19:34:22.583+0000] {processor.py:925} INFO - DAG(s) 'example_branch_dop_operator_v3' retrieved from /home/sravan2418/airflow-env/lib/python3.11/site-packages/airflow/example_dags/example_branch_python_dop_operator_3.py
[2025-02-27T19:34:22.610+0000] {logging_mixin.py:190} INFO - [2025-02-27T19:34:22.609+0000] {dag.py:3239} INFO - Sync 1 DAGs
[2025-02-27T19:34:22.646+0000] {logging_mixin.py:190} INFO - [2025-02-27T19:34:22.646+0000] {dag.py:4180} INFO - Setting next_dagrun for example_branch_dop_operator_v3 to 2025-02-27 19:33:00+00:00, run_after=2025-02-27 19:34:00+00:00
[2025-02-27T19:34:22.680+0000] {processor.py:208} INFO - Processing /home/sravan2418/airflow-env/lib/python3.11/site-packages/airflow/example_dags/example_branch_python_dop_operator_3.py took 0.136 seconds
