[2025-02-27T19:21:23.705+0000] {processor.py:186} INFO - Started process (PID=2612) to work on /home/sravan2418/airflow-env/lib/python3.11/site-packages/airflow/example_dags/example_skip_dag.py
[2025-02-27T19:21:23.706+0000] {processor.py:914} INFO - Processing file /home/sravan2418/airflow-env/lib/python3.11/site-packages/airflow/example_dags/example_skip_dag.py for tasks to queue
[2025-02-27T19:21:23.710+0000] {logging_mixin.py:190} INFO - [2025-02-27T19:21:23.709+0000] {dagbag.py:588} INFO - Filling up the DagBag from /home/sravan2418/airflow-env/lib/python3.11/site-packages/airflow/example_dags/example_skip_dag.py
[2025-02-27T19:21:23.726+0000] {processor.py:925} INFO - DAG(s) 'example_skip_dag' retrieved from /home/sravan2418/airflow-env/lib/python3.11/site-packages/airflow/example_dags/example_skip_dag.py
[2025-02-27T19:21:23.868+0000] {logging_mixin.py:190} INFO - [2025-02-27T19:21:23.867+0000] {override.py:1930} INFO - Created Permission View: can edit on DAG:example_skip_dag
[2025-02-27T19:21:23.884+0000] {logging_mixin.py:190} INFO - [2025-02-27T19:21:23.884+0000] {override.py:1930} INFO - Created Permission View: can delete on DAG:example_skip_dag
[2025-02-27T19:21:23.900+0000] {logging_mixin.py:190} INFO - [2025-02-27T19:21:23.899+0000] {override.py:1930} INFO - Created Permission View: can read on DAG:example_skip_dag
[2025-02-27T19:21:23.917+0000] {logging_mixin.py:190} INFO - [2025-02-27T19:21:23.917+0000] {override.py:1930} INFO - Created Permission View: menu access on DAG Run:example_skip_dag
[2025-02-27T19:21:23.930+0000] {logging_mixin.py:190} INFO - [2025-02-27T19:21:23.929+0000] {override.py:1930} INFO - Created Permission View: can create on DAG Run:example_skip_dag
[2025-02-27T19:21:23.942+0000] {logging_mixin.py:190} INFO - [2025-02-27T19:21:23.941+0000] {override.py:1930} INFO - Created Permission View: can delete on DAG Run:example_skip_dag
[2025-02-27T19:21:23.954+0000] {logging_mixin.py:190} INFO - [2025-02-27T19:21:23.954+0000] {override.py:1930} INFO - Created Permission View: can read on DAG Run:example_skip_dag
[2025-02-27T19:21:23.955+0000] {logging_mixin.py:190} INFO - [2025-02-27T19:21:23.955+0000] {dag.py:3239} INFO - Sync 1 DAGs
[2025-02-27T19:21:23.973+0000] {logging_mixin.py:190} INFO - [2025-02-27T19:21:23.973+0000] {dag.py:3262} INFO - Creating ORM DAG for example_skip_dag
[2025-02-27T19:21:23.986+0000] {logging_mixin.py:190} INFO - [2025-02-27T19:21:23.985+0000] {dag.py:4180} INFO - Setting next_dagrun for example_skip_dag to 2025-02-26 00:00:00+00:00, run_after=2025-02-27 00:00:00+00:00
[2025-02-27T19:21:24.019+0000] {processor.py:208} INFO - Processing /home/sravan2418/airflow-env/lib/python3.11/site-packages/airflow/example_dags/example_skip_dag.py took 0.325 seconds
[2025-02-27T19:23:07.041+0000] {processor.py:186} INFO - Started process (PID=2717) to work on /home/sravan2418/airflow-env/lib/python3.11/site-packages/airflow/example_dags/example_skip_dag.py
[2025-02-27T19:23:07.045+0000] {processor.py:914} INFO - Processing file /home/sravan2418/airflow-env/lib/python3.11/site-packages/airflow/example_dags/example_skip_dag.py for tasks to queue
[2025-02-27T19:23:07.049+0000] {logging_mixin.py:190} INFO - [2025-02-27T19:23:07.048+0000] {dagbag.py:588} INFO - Filling up the DagBag from /home/sravan2418/airflow-env/lib/python3.11/site-packages/airflow/example_dags/example_skip_dag.py
[2025-02-27T19:23:07.061+0000] {processor.py:925} INFO - DAG(s) 'example_skip_dag' retrieved from /home/sravan2418/airflow-env/lib/python3.11/site-packages/airflow/example_dags/example_skip_dag.py
[2025-02-27T19:23:07.094+0000] {logging_mixin.py:190} INFO - [2025-02-27T19:23:07.094+0000] {dag.py:3239} INFO - Sync 1 DAGs
[2025-02-27T19:23:07.120+0000] {logging_mixin.py:190} INFO - [2025-02-27T19:23:07.120+0000] {dag.py:4180} INFO - Setting next_dagrun for example_skip_dag to 2025-02-26 00:00:00+00:00, run_after=2025-02-27 00:00:00+00:00
[2025-02-27T19:23:07.146+0000] {processor.py:208} INFO - Processing /home/sravan2418/airflow-env/lib/python3.11/site-packages/airflow/example_dags/example_skip_dag.py took 0.113 seconds
[2025-02-27T19:24:07.901+0000] {processor.py:186} INFO - Started process (PID=2776) to work on /home/sravan2418/airflow-env/lib/python3.11/site-packages/airflow/example_dags/example_skip_dag.py
[2025-02-27T19:24:07.904+0000] {processor.py:914} INFO - Processing file /home/sravan2418/airflow-env/lib/python3.11/site-packages/airflow/example_dags/example_skip_dag.py for tasks to queue
[2025-02-27T19:24:07.908+0000] {logging_mixin.py:190} INFO - [2025-02-27T19:24:07.907+0000] {dagbag.py:588} INFO - Filling up the DagBag from /home/sravan2418/airflow-env/lib/python3.11/site-packages/airflow/example_dags/example_skip_dag.py
[2025-02-27T19:24:07.924+0000] {processor.py:925} INFO - DAG(s) 'example_skip_dag' retrieved from /home/sravan2418/airflow-env/lib/python3.11/site-packages/airflow/example_dags/example_skip_dag.py
[2025-02-27T19:24:07.953+0000] {logging_mixin.py:190} INFO - [2025-02-27T19:24:07.953+0000] {dag.py:3239} INFO - Sync 1 DAGs
[2025-02-27T19:24:07.984+0000] {logging_mixin.py:190} INFO - [2025-02-27T19:24:07.984+0000] {dag.py:4180} INFO - Setting next_dagrun for example_skip_dag to 2025-02-26 00:00:00+00:00, run_after=2025-02-27 00:00:00+00:00
[2025-02-27T19:24:08.012+0000] {processor.py:208} INFO - Processing /home/sravan2418/airflow-env/lib/python3.11/site-packages/airflow/example_dags/example_skip_dag.py took 0.122 seconds
[2025-02-27T19:25:08.855+0000] {processor.py:186} INFO - Started process (PID=2848) to work on /home/sravan2418/airflow-env/lib/python3.11/site-packages/airflow/example_dags/example_skip_dag.py
[2025-02-27T19:25:08.858+0000] {processor.py:914} INFO - Processing file /home/sravan2418/airflow-env/lib/python3.11/site-packages/airflow/example_dags/example_skip_dag.py for tasks to queue
[2025-02-27T19:25:08.861+0000] {logging_mixin.py:190} INFO - [2025-02-27T19:25:08.861+0000] {dagbag.py:588} INFO - Filling up the DagBag from /home/sravan2418/airflow-env/lib/python3.11/site-packages/airflow/example_dags/example_skip_dag.py
[2025-02-27T19:25:08.874+0000] {processor.py:925} INFO - DAG(s) 'example_skip_dag' retrieved from /home/sravan2418/airflow-env/lib/python3.11/site-packages/airflow/example_dags/example_skip_dag.py
[2025-02-27T19:25:08.899+0000] {logging_mixin.py:190} INFO - [2025-02-27T19:25:08.898+0000] {dag.py:3239} INFO - Sync 1 DAGs
[2025-02-27T19:25:08.924+0000] {logging_mixin.py:190} INFO - [2025-02-27T19:25:08.924+0000] {dag.py:4180} INFO - Setting next_dagrun for example_skip_dag to 2025-02-26 00:00:00+00:00, run_after=2025-02-27 00:00:00+00:00
[2025-02-27T19:25:08.951+0000] {processor.py:208} INFO - Processing /home/sravan2418/airflow-env/lib/python3.11/site-packages/airflow/example_dags/example_skip_dag.py took 0.105 seconds
[2025-02-27T19:26:11.372+0000] {processor.py:186} INFO - Started process (PID=2910) to work on /home/sravan2418/airflow-env/lib/python3.11/site-packages/airflow/example_dags/example_skip_dag.py
[2025-02-27T19:26:11.374+0000] {processor.py:914} INFO - Processing file /home/sravan2418/airflow-env/lib/python3.11/site-packages/airflow/example_dags/example_skip_dag.py for tasks to queue
[2025-02-27T19:26:11.377+0000] {logging_mixin.py:190} INFO - [2025-02-27T19:26:11.377+0000] {dagbag.py:588} INFO - Filling up the DagBag from /home/sravan2418/airflow-env/lib/python3.11/site-packages/airflow/example_dags/example_skip_dag.py
[2025-02-27T19:26:11.390+0000] {processor.py:925} INFO - DAG(s) 'example_skip_dag' retrieved from /home/sravan2418/airflow-env/lib/python3.11/site-packages/airflow/example_dags/example_skip_dag.py
[2025-02-27T19:26:11.415+0000] {logging_mixin.py:190} INFO - [2025-02-27T19:26:11.415+0000] {dag.py:3239} INFO - Sync 1 DAGs
[2025-02-27T19:26:11.442+0000] {logging_mixin.py:190} INFO - [2025-02-27T19:26:11.441+0000] {dag.py:4180} INFO - Setting next_dagrun for example_skip_dag to 2025-02-26 00:00:00+00:00, run_after=2025-02-27 00:00:00+00:00
[2025-02-27T19:26:11.641+0000] {processor.py:208} INFO - Processing /home/sravan2418/airflow-env/lib/python3.11/site-packages/airflow/example_dags/example_skip_dag.py took 0.279 seconds
[2025-02-27T19:27:18.442+0000] {processor.py:186} INFO - Started process (PID=2975) to work on /home/sravan2418/airflow-env/lib/python3.11/site-packages/airflow/example_dags/example_skip_dag.py
[2025-02-27T19:27:18.444+0000] {processor.py:914} INFO - Processing file /home/sravan2418/airflow-env/lib/python3.11/site-packages/airflow/example_dags/example_skip_dag.py for tasks to queue
[2025-02-27T19:27:18.447+0000] {logging_mixin.py:190} INFO - [2025-02-27T19:27:18.447+0000] {dagbag.py:588} INFO - Filling up the DagBag from /home/sravan2418/airflow-env/lib/python3.11/site-packages/airflow/example_dags/example_skip_dag.py
[2025-02-27T19:27:18.460+0000] {processor.py:925} INFO - DAG(s) 'example_skip_dag' retrieved from /home/sravan2418/airflow-env/lib/python3.11/site-packages/airflow/example_dags/example_skip_dag.py
[2025-02-27T19:27:18.484+0000] {logging_mixin.py:190} INFO - [2025-02-27T19:27:18.483+0000] {dag.py:3239} INFO - Sync 1 DAGs
[2025-02-27T19:27:18.509+0000] {logging_mixin.py:190} INFO - [2025-02-27T19:27:18.508+0000] {dag.py:4180} INFO - Setting next_dagrun for example_skip_dag to 2025-02-26 00:00:00+00:00, run_after=2025-02-27 00:00:00+00:00
[2025-02-27T19:27:18.534+0000] {processor.py:208} INFO - Processing /home/sravan2418/airflow-env/lib/python3.11/site-packages/airflow/example_dags/example_skip_dag.py took 0.100 seconds
[2025-02-27T19:28:19.890+0000] {processor.py:186} INFO - Started process (PID=3053) to work on /home/sravan2418/airflow-env/lib/python3.11/site-packages/airflow/example_dags/example_skip_dag.py
[2025-02-27T19:28:19.892+0000] {processor.py:914} INFO - Processing file /home/sravan2418/airflow-env/lib/python3.11/site-packages/airflow/example_dags/example_skip_dag.py for tasks to queue
[2025-02-27T19:28:19.896+0000] {logging_mixin.py:190} INFO - [2025-02-27T19:28:19.895+0000] {dagbag.py:588} INFO - Filling up the DagBag from /home/sravan2418/airflow-env/lib/python3.11/site-packages/airflow/example_dags/example_skip_dag.py
[2025-02-27T19:28:19.909+0000] {processor.py:925} INFO - DAG(s) 'example_skip_dag' retrieved from /home/sravan2418/airflow-env/lib/python3.11/site-packages/airflow/example_dags/example_skip_dag.py
[2025-02-27T19:28:19.936+0000] {logging_mixin.py:190} INFO - [2025-02-27T19:28:19.936+0000] {dag.py:3239} INFO - Sync 1 DAGs
[2025-02-27T19:28:19.963+0000] {logging_mixin.py:190} INFO - [2025-02-27T19:28:19.963+0000] {dag.py:4180} INFO - Setting next_dagrun for example_skip_dag to 2025-02-26 00:00:00+00:00, run_after=2025-02-27 00:00:00+00:00
[2025-02-27T19:28:19.990+0000] {processor.py:208} INFO - Processing /home/sravan2418/airflow-env/lib/python3.11/site-packages/airflow/example_dags/example_skip_dag.py took 0.109 seconds
[2025-02-27T19:29:18.867+0000] {processor.py:186} INFO - Started process (PID=3121) to work on /home/sravan2418/airflow-env/lib/python3.11/site-packages/airflow/example_dags/example_skip_dag.py
[2025-02-27T19:29:18.870+0000] {processor.py:914} INFO - Processing file /home/sravan2418/airflow-env/lib/python3.11/site-packages/airflow/example_dags/example_skip_dag.py for tasks to queue
[2025-02-27T19:29:18.873+0000] {logging_mixin.py:190} INFO - [2025-02-27T19:29:18.872+0000] {dagbag.py:588} INFO - Filling up the DagBag from /home/sravan2418/airflow-env/lib/python3.11/site-packages/airflow/example_dags/example_skip_dag.py
[2025-02-27T19:29:18.887+0000] {processor.py:925} INFO - DAG(s) 'example_skip_dag' retrieved from /home/sravan2418/airflow-env/lib/python3.11/site-packages/airflow/example_dags/example_skip_dag.py
[2025-02-27T19:29:18.912+0000] {logging_mixin.py:190} INFO - [2025-02-27T19:29:18.911+0000] {dag.py:3239} INFO - Sync 1 DAGs
[2025-02-27T19:29:18.938+0000] {logging_mixin.py:190} INFO - [2025-02-27T19:29:18.937+0000] {dag.py:4180} INFO - Setting next_dagrun for example_skip_dag to 2025-02-26 00:00:00+00:00, run_after=2025-02-27 00:00:00+00:00
[2025-02-27T19:29:18.964+0000] {processor.py:208} INFO - Processing /home/sravan2418/airflow-env/lib/python3.11/site-packages/airflow/example_dags/example_skip_dag.py took 0.106 seconds
[2025-02-27T19:30:16.479+0000] {processor.py:186} INFO - Started process (PID=3184) to work on /home/sravan2418/airflow-env/lib/python3.11/site-packages/airflow/example_dags/example_skip_dag.py
[2025-02-27T19:30:16.481+0000] {processor.py:914} INFO - Processing file /home/sravan2418/airflow-env/lib/python3.11/site-packages/airflow/example_dags/example_skip_dag.py for tasks to queue
[2025-02-27T19:30:16.485+0000] {logging_mixin.py:190} INFO - [2025-02-27T19:30:16.484+0000] {dagbag.py:588} INFO - Filling up the DagBag from /home/sravan2418/airflow-env/lib/python3.11/site-packages/airflow/example_dags/example_skip_dag.py
[2025-02-27T19:30:16.501+0000] {processor.py:925} INFO - DAG(s) 'example_skip_dag' retrieved from /home/sravan2418/airflow-env/lib/python3.11/site-packages/airflow/example_dags/example_skip_dag.py
[2025-02-27T19:30:16.531+0000] {logging_mixin.py:190} INFO - [2025-02-27T19:30:16.531+0000] {dag.py:3239} INFO - Sync 1 DAGs
[2025-02-27T19:30:16.565+0000] {logging_mixin.py:190} INFO - [2025-02-27T19:30:16.564+0000] {dag.py:4180} INFO - Setting next_dagrun for example_skip_dag to 2025-02-26 00:00:00+00:00, run_after=2025-02-27 00:00:00+00:00
[2025-02-27T19:30:16.598+0000] {processor.py:208} INFO - Processing /home/sravan2418/airflow-env/lib/python3.11/site-packages/airflow/example_dags/example_skip_dag.py took 0.131 seconds
[2025-02-27T19:31:21.396+0000] {processor.py:186} INFO - Started process (PID=3248) to work on /home/sravan2418/airflow-env/lib/python3.11/site-packages/airflow/example_dags/example_skip_dag.py
[2025-02-27T19:31:21.398+0000] {processor.py:914} INFO - Processing file /home/sravan2418/airflow-env/lib/python3.11/site-packages/airflow/example_dags/example_skip_dag.py for tasks to queue
[2025-02-27T19:31:21.402+0000] {logging_mixin.py:190} INFO - [2025-02-27T19:31:21.401+0000] {dagbag.py:588} INFO - Filling up the DagBag from /home/sravan2418/airflow-env/lib/python3.11/site-packages/airflow/example_dags/example_skip_dag.py
[2025-02-27T19:31:21.417+0000] {processor.py:925} INFO - DAG(s) 'example_skip_dag' retrieved from /home/sravan2418/airflow-env/lib/python3.11/site-packages/airflow/example_dags/example_skip_dag.py
[2025-02-27T19:31:21.446+0000] {logging_mixin.py:190} INFO - [2025-02-27T19:31:21.445+0000] {dag.py:3239} INFO - Sync 1 DAGs
[2025-02-27T19:31:21.475+0000] {logging_mixin.py:190} INFO - [2025-02-27T19:31:21.475+0000] {dag.py:4180} INFO - Setting next_dagrun for example_skip_dag to 2025-02-26 00:00:00+00:00, run_after=2025-02-27 00:00:00+00:00
[2025-02-27T19:31:21.729+0000] {processor.py:208} INFO - Processing /home/sravan2418/airflow-env/lib/python3.11/site-packages/airflow/example_dags/example_skip_dag.py took 0.344 seconds
[2025-02-27T19:32:31.824+0000] {processor.py:186} INFO - Started process (PID=3317) to work on /home/sravan2418/airflow-env/lib/python3.11/site-packages/airflow/example_dags/example_skip_dag.py
[2025-02-27T19:32:31.827+0000] {processor.py:914} INFO - Processing file /home/sravan2418/airflow-env/lib/python3.11/site-packages/airflow/example_dags/example_skip_dag.py for tasks to queue
[2025-02-27T19:32:31.832+0000] {logging_mixin.py:190} INFO - [2025-02-27T19:32:31.831+0000] {dagbag.py:588} INFO - Filling up the DagBag from /home/sravan2418/airflow-env/lib/python3.11/site-packages/airflow/example_dags/example_skip_dag.py
[2025-02-27T19:32:31.850+0000] {processor.py:925} INFO - DAG(s) 'example_skip_dag' retrieved from /home/sravan2418/airflow-env/lib/python3.11/site-packages/airflow/example_dags/example_skip_dag.py
[2025-02-27T19:32:31.884+0000] {logging_mixin.py:190} INFO - [2025-02-27T19:32:31.883+0000] {dag.py:3239} INFO - Sync 1 DAGs
[2025-02-27T19:32:31.919+0000] {logging_mixin.py:190} INFO - [2025-02-27T19:32:31.919+0000] {dag.py:4180} INFO - Setting next_dagrun for example_skip_dag to 2025-02-26 00:00:00+00:00, run_after=2025-02-27 00:00:00+00:00
[2025-02-27T19:32:31.956+0000] {processor.py:208} INFO - Processing /home/sravan2418/airflow-env/lib/python3.11/site-packages/airflow/example_dags/example_skip_dag.py took 0.143 seconds
[2025-02-27T19:33:38.512+0000] {processor.py:186} INFO - Started process (PID=3382) to work on /home/sravan2418/airflow-env/lib/python3.11/site-packages/airflow/example_dags/example_skip_dag.py
[2025-02-27T19:33:38.515+0000] {processor.py:914} INFO - Processing file /home/sravan2418/airflow-env/lib/python3.11/site-packages/airflow/example_dags/example_skip_dag.py for tasks to queue
[2025-02-27T19:33:38.518+0000] {logging_mixin.py:190} INFO - [2025-02-27T19:33:38.518+0000] {dagbag.py:588} INFO - Filling up the DagBag from /home/sravan2418/airflow-env/lib/python3.11/site-packages/airflow/example_dags/example_skip_dag.py
[2025-02-27T19:33:38.534+0000] {processor.py:925} INFO - DAG(s) 'example_skip_dag' retrieved from /home/sravan2418/airflow-env/lib/python3.11/site-packages/airflow/example_dags/example_skip_dag.py
[2025-02-27T19:33:38.560+0000] {logging_mixin.py:190} INFO - [2025-02-27T19:33:38.560+0000] {dag.py:3239} INFO - Sync 1 DAGs
[2025-02-27T19:33:38.587+0000] {logging_mixin.py:190} INFO - [2025-02-27T19:33:38.586+0000] {dag.py:4180} INFO - Setting next_dagrun for example_skip_dag to 2025-02-26 00:00:00+00:00, run_after=2025-02-27 00:00:00+00:00
[2025-02-27T19:33:38.614+0000] {processor.py:208} INFO - Processing /home/sravan2418/airflow-env/lib/python3.11/site-packages/airflow/example_dags/example_skip_dag.py took 0.112 seconds
[2025-02-27T19:34:42.276+0000] {processor.py:186} INFO - Started process (PID=3449) to work on /home/sravan2418/airflow-env/lib/python3.11/site-packages/airflow/example_dags/example_skip_dag.py
[2025-02-27T19:34:42.279+0000] {processor.py:914} INFO - Processing file /home/sravan2418/airflow-env/lib/python3.11/site-packages/airflow/example_dags/example_skip_dag.py for tasks to queue
[2025-02-27T19:34:42.283+0000] {logging_mixin.py:190} INFO - [2025-02-27T19:34:42.283+0000] {dagbag.py:588} INFO - Filling up the DagBag from /home/sravan2418/airflow-env/lib/python3.11/site-packages/airflow/example_dags/example_skip_dag.py
[2025-02-27T19:34:42.301+0000] {processor.py:925} INFO - DAG(s) 'example_skip_dag' retrieved from /home/sravan2418/airflow-env/lib/python3.11/site-packages/airflow/example_dags/example_skip_dag.py
[2025-02-27T19:34:42.334+0000] {logging_mixin.py:190} INFO - [2025-02-27T19:34:42.334+0000] {dag.py:3239} INFO - Sync 1 DAGs
[2025-02-27T19:34:42.366+0000] {logging_mixin.py:190} INFO - [2025-02-27T19:34:42.365+0000] {dag.py:4180} INFO - Setting next_dagrun for example_skip_dag to 2025-02-26 00:00:00+00:00, run_after=2025-02-27 00:00:00+00:00
[2025-02-27T19:34:42.401+0000] {processor.py:208} INFO - Processing /home/sravan2418/airflow-env/lib/python3.11/site-packages/airflow/example_dags/example_skip_dag.py took 0.138 seconds
