[2025-02-27T19:21:31.609+0000] {processor.py:186} INFO - Started process (PID=2630) to work on /home/sravan2418/airflow-env/lib/python3.11/site-packages/airflow/example_dags/example_sensors.py
[2025-02-27T19:21:31.610+0000] {processor.py:914} INFO - Processing file /home/sravan2418/airflow-env/lib/python3.11/site-packages/airflow/example_dags/example_sensors.py for tasks to queue
[2025-02-27T19:21:31.613+0000] {logging_mixin.py:190} INFO - [2025-02-27T19:21:31.613+0000] {dagbag.py:588} INFO - Filling up the DagBag from /home/sravan2418/airflow-env/lib/python3.11/site-packages/airflow/example_dags/example_sensors.py
[2025-02-27T19:21:31.629+0000] {processor.py:925} INFO - DAG(s) 'example_sensors' retrieved from /home/sravan2418/airflow-env/lib/python3.11/site-packages/airflow/example_dags/example_sensors.py
[2025-02-27T19:21:31.763+0000] {logging_mixin.py:190} INFO - [2025-02-27T19:21:31.762+0000] {override.py:1930} INFO - Created Permission View: can edit on DAG:example_sensors
[2025-02-27T19:21:31.781+0000] {logging_mixin.py:190} INFO - [2025-02-27T19:21:31.781+0000] {override.py:1930} INFO - Created Permission View: can delete on DAG:example_sensors
[2025-02-27T19:21:31.794+0000] {logging_mixin.py:190} INFO - [2025-02-27T19:21:31.793+0000] {override.py:1930} INFO - Created Permission View: can read on DAG:example_sensors
[2025-02-27T19:21:31.812+0000] {logging_mixin.py:190} INFO - [2025-02-27T19:21:31.811+0000] {override.py:1930} INFO - Created Permission View: menu access on DAG Run:example_sensors
[2025-02-27T19:21:31.823+0000] {logging_mixin.py:190} INFO - [2025-02-27T19:21:31.823+0000] {override.py:1930} INFO - Created Permission View: can create on DAG Run:example_sensors
[2025-02-27T19:21:31.843+0000] {logging_mixin.py:190} INFO - [2025-02-27T19:21:31.842+0000] {override.py:1930} INFO - Created Permission View: can delete on DAG Run:example_sensors
[2025-02-27T19:21:31.853+0000] {logging_mixin.py:190} INFO - [2025-02-27T19:21:31.853+0000] {override.py:1930} INFO - Created Permission View: can read on DAG Run:example_sensors
[2025-02-27T19:21:31.854+0000] {logging_mixin.py:190} INFO - [2025-02-27T19:21:31.854+0000] {dag.py:3239} INFO - Sync 1 DAGs
[2025-02-27T19:21:31.867+0000] {logging_mixin.py:190} INFO - [2025-02-27T19:21:31.866+0000] {dag.py:3262} INFO - Creating ORM DAG for example_sensors
[2025-02-27T19:21:31.868+0000] {logging_mixin.py:190} INFO - [2025-02-27T19:21:31.868+0000] {dag.py:4180} INFO - Setting next_dagrun for example_sensors to None, run_after=None
[2025-02-27T19:21:31.891+0000] {processor.py:208} INFO - Processing /home/sravan2418/airflow-env/lib/python3.11/site-packages/airflow/example_dags/example_sensors.py took 0.290 seconds
[2025-02-27T19:23:15.840+0000] {processor.py:186} INFO - Started process (PID=2724) to work on /home/sravan2418/airflow-env/lib/python3.11/site-packages/airflow/example_dags/example_sensors.py
[2025-02-27T19:23:15.843+0000] {processor.py:914} INFO - Processing file /home/sravan2418/airflow-env/lib/python3.11/site-packages/airflow/example_dags/example_sensors.py for tasks to queue
[2025-02-27T19:23:15.847+0000] {logging_mixin.py:190} INFO - [2025-02-27T19:23:15.846+0000] {dagbag.py:588} INFO - Filling up the DagBag from /home/sravan2418/airflow-env/lib/python3.11/site-packages/airflow/example_dags/example_sensors.py
[2025-02-27T19:23:15.866+0000] {processor.py:925} INFO - DAG(s) 'example_sensors' retrieved from /home/sravan2418/airflow-env/lib/python3.11/site-packages/airflow/example_dags/example_sensors.py
[2025-02-27T19:23:15.905+0000] {logging_mixin.py:190} INFO - [2025-02-27T19:23:15.905+0000] {dag.py:3239} INFO - Sync 1 DAGs
[2025-02-27T19:23:15.924+0000] {logging_mixin.py:190} INFO - [2025-02-27T19:23:15.924+0000] {dag.py:4180} INFO - Setting next_dagrun for example_sensors to None, run_after=None
[2025-02-27T19:23:15.955+0000] {processor.py:208} INFO - Processing /home/sravan2418/airflow-env/lib/python3.11/site-packages/airflow/example_dags/example_sensors.py took 0.125 seconds
[2025-02-27T19:24:15.065+0000] {processor.py:186} INFO - Started process (PID=2785) to work on /home/sravan2418/airflow-env/lib/python3.11/site-packages/airflow/example_dags/example_sensors.py
[2025-02-27T19:24:15.069+0000] {processor.py:914} INFO - Processing file /home/sravan2418/airflow-env/lib/python3.11/site-packages/airflow/example_dags/example_sensors.py for tasks to queue
[2025-02-27T19:24:15.073+0000] {logging_mixin.py:190} INFO - [2025-02-27T19:24:15.072+0000] {dagbag.py:588} INFO - Filling up the DagBag from /home/sravan2418/airflow-env/lib/python3.11/site-packages/airflow/example_dags/example_sensors.py
[2025-02-27T19:24:15.092+0000] {processor.py:925} INFO - DAG(s) 'example_sensors' retrieved from /home/sravan2418/airflow-env/lib/python3.11/site-packages/airflow/example_dags/example_sensors.py
[2025-02-27T19:24:15.127+0000] {logging_mixin.py:190} INFO - [2025-02-27T19:24:15.126+0000] {dag.py:3239} INFO - Sync 1 DAGs
[2025-02-27T19:24:15.145+0000] {logging_mixin.py:190} INFO - [2025-02-27T19:24:15.144+0000] {dag.py:4180} INFO - Setting next_dagrun for example_sensors to None, run_after=None
[2025-02-27T19:24:15.172+0000] {processor.py:208} INFO - Processing /home/sravan2418/airflow-env/lib/python3.11/site-packages/airflow/example_dags/example_sensors.py took 0.117 seconds
[2025-02-27T19:25:17.213+0000] {processor.py:186} INFO - Started process (PID=2855) to work on /home/sravan2418/airflow-env/lib/python3.11/site-packages/airflow/example_dags/example_sensors.py
[2025-02-27T19:25:17.216+0000] {processor.py:914} INFO - Processing file /home/sravan2418/airflow-env/lib/python3.11/site-packages/airflow/example_dags/example_sensors.py for tasks to queue
[2025-02-27T19:25:17.220+0000] {logging_mixin.py:190} INFO - [2025-02-27T19:25:17.219+0000] {dagbag.py:588} INFO - Filling up the DagBag from /home/sravan2418/airflow-env/lib/python3.11/site-packages/airflow/example_dags/example_sensors.py
[2025-02-27T19:25:17.239+0000] {processor.py:925} INFO - DAG(s) 'example_sensors' retrieved from /home/sravan2418/airflow-env/lib/python3.11/site-packages/airflow/example_dags/example_sensors.py
[2025-02-27T19:25:17.272+0000] {logging_mixin.py:190} INFO - [2025-02-27T19:25:17.272+0000] {dag.py:3239} INFO - Sync 1 DAGs
[2025-02-27T19:25:17.291+0000] {logging_mixin.py:190} INFO - [2025-02-27T19:25:17.291+0000] {dag.py:4180} INFO - Setting next_dagrun for example_sensors to None, run_after=None
[2025-02-27T19:25:17.331+0000] {processor.py:208} INFO - Processing /home/sravan2418/airflow-env/lib/python3.11/site-packages/airflow/example_dags/example_sensors.py took 0.128 seconds
[2025-02-27T19:26:19.550+0000] {processor.py:186} INFO - Started process (PID=2917) to work on /home/sravan2418/airflow-env/lib/python3.11/site-packages/airflow/example_dags/example_sensors.py
[2025-02-27T19:26:19.553+0000] {processor.py:914} INFO - Processing file /home/sravan2418/airflow-env/lib/python3.11/site-packages/airflow/example_dags/example_sensors.py for tasks to queue
[2025-02-27T19:26:19.557+0000] {logging_mixin.py:190} INFO - [2025-02-27T19:26:19.556+0000] {dagbag.py:588} INFO - Filling up the DagBag from /home/sravan2418/airflow-env/lib/python3.11/site-packages/airflow/example_dags/example_sensors.py
[2025-02-27T19:26:19.576+0000] {processor.py:925} INFO - DAG(s) 'example_sensors' retrieved from /home/sravan2418/airflow-env/lib/python3.11/site-packages/airflow/example_dags/example_sensors.py
[2025-02-27T19:26:19.611+0000] {logging_mixin.py:190} INFO - [2025-02-27T19:26:19.611+0000] {dag.py:3239} INFO - Sync 1 DAGs
[2025-02-27T19:26:19.629+0000] {logging_mixin.py:190} INFO - [2025-02-27T19:26:19.629+0000] {dag.py:4180} INFO - Setting next_dagrun for example_sensors to None, run_after=None
[2025-02-27T19:26:19.867+0000] {processor.py:208} INFO - Processing /home/sravan2418/airflow-env/lib/python3.11/site-packages/airflow/example_dags/example_sensors.py took 0.328 seconds
[2025-02-27T19:27:24.962+0000] {processor.py:186} INFO - Started process (PID=2984) to work on /home/sravan2418/airflow-env/lib/python3.11/site-packages/airflow/example_dags/example_sensors.py
[2025-02-27T19:27:24.964+0000] {processor.py:914} INFO - Processing file /home/sravan2418/airflow-env/lib/python3.11/site-packages/airflow/example_dags/example_sensors.py for tasks to queue
[2025-02-27T19:27:24.968+0000] {logging_mixin.py:190} INFO - [2025-02-27T19:27:24.967+0000] {dagbag.py:588} INFO - Filling up the DagBag from /home/sravan2418/airflow-env/lib/python3.11/site-packages/airflow/example_dags/example_sensors.py
[2025-02-27T19:27:24.986+0000] {processor.py:925} INFO - DAG(s) 'example_sensors' retrieved from /home/sravan2418/airflow-env/lib/python3.11/site-packages/airflow/example_dags/example_sensors.py
[2025-02-27T19:27:25.015+0000] {logging_mixin.py:190} INFO - [2025-02-27T19:27:25.014+0000] {dag.py:3239} INFO - Sync 1 DAGs
[2025-02-27T19:27:25.030+0000] {logging_mixin.py:190} INFO - [2025-02-27T19:27:25.030+0000] {dag.py:4180} INFO - Setting next_dagrun for example_sensors to None, run_after=None
[2025-02-27T19:27:25.058+0000] {processor.py:208} INFO - Processing /home/sravan2418/airflow-env/lib/python3.11/site-packages/airflow/example_dags/example_sensors.py took 0.107 seconds
[2025-02-27T19:28:27.704+0000] {processor.py:186} INFO - Started process (PID=3061) to work on /home/sravan2418/airflow-env/lib/python3.11/site-packages/airflow/example_dags/example_sensors.py
[2025-02-27T19:28:27.707+0000] {processor.py:914} INFO - Processing file /home/sravan2418/airflow-env/lib/python3.11/site-packages/airflow/example_dags/example_sensors.py for tasks to queue
[2025-02-27T19:28:27.712+0000] {logging_mixin.py:190} INFO - [2025-02-27T19:28:27.711+0000] {dagbag.py:588} INFO - Filling up the DagBag from /home/sravan2418/airflow-env/lib/python3.11/site-packages/airflow/example_dags/example_sensors.py
[2025-02-27T19:28:27.734+0000] {processor.py:925} INFO - DAG(s) 'example_sensors' retrieved from /home/sravan2418/airflow-env/lib/python3.11/site-packages/airflow/example_dags/example_sensors.py
[2025-02-27T19:28:27.776+0000] {logging_mixin.py:190} INFO - [2025-02-27T19:28:27.775+0000] {dag.py:3239} INFO - Sync 1 DAGs
[2025-02-27T19:28:27.794+0000] {logging_mixin.py:190} INFO - [2025-02-27T19:28:27.793+0000] {dag.py:4180} INFO - Setting next_dagrun for example_sensors to None, run_after=None
[2025-02-27T19:28:27.826+0000] {processor.py:208} INFO - Processing /home/sravan2418/airflow-env/lib/python3.11/site-packages/airflow/example_dags/example_sensors.py took 0.132 seconds
[2025-02-27T19:29:26.523+0000] {processor.py:186} INFO - Started process (PID=3128) to work on /home/sravan2418/airflow-env/lib/python3.11/site-packages/airflow/example_dags/example_sensors.py
[2025-02-27T19:29:26.526+0000] {processor.py:914} INFO - Processing file /home/sravan2418/airflow-env/lib/python3.11/site-packages/airflow/example_dags/example_sensors.py for tasks to queue
[2025-02-27T19:29:26.530+0000] {logging_mixin.py:190} INFO - [2025-02-27T19:29:26.529+0000] {dagbag.py:588} INFO - Filling up the DagBag from /home/sravan2418/airflow-env/lib/python3.11/site-packages/airflow/example_dags/example_sensors.py
[2025-02-27T19:29:26.550+0000] {processor.py:925} INFO - DAG(s) 'example_sensors' retrieved from /home/sravan2418/airflow-env/lib/python3.11/site-packages/airflow/example_dags/example_sensors.py
[2025-02-27T19:29:26.587+0000] {logging_mixin.py:190} INFO - [2025-02-27T19:29:26.587+0000] {dag.py:3239} INFO - Sync 1 DAGs
[2025-02-27T19:29:26.605+0000] {logging_mixin.py:190} INFO - [2025-02-27T19:29:26.605+0000] {dag.py:4180} INFO - Setting next_dagrun for example_sensors to None, run_after=None
[2025-02-27T19:29:26.637+0000] {processor.py:208} INFO - Processing /home/sravan2418/airflow-env/lib/python3.11/site-packages/airflow/example_dags/example_sensors.py took 0.124 seconds
[2025-02-27T19:30:25.270+0000] {processor.py:186} INFO - Started process (PID=3191) to work on /home/sravan2418/airflow-env/lib/python3.11/site-packages/airflow/example_dags/example_sensors.py
[2025-02-27T19:30:25.273+0000] {processor.py:914} INFO - Processing file /home/sravan2418/airflow-env/lib/python3.11/site-packages/airflow/example_dags/example_sensors.py for tasks to queue
[2025-02-27T19:30:25.277+0000] {logging_mixin.py:190} INFO - [2025-02-27T19:30:25.276+0000] {dagbag.py:588} INFO - Filling up the DagBag from /home/sravan2418/airflow-env/lib/python3.11/site-packages/airflow/example_dags/example_sensors.py
[2025-02-27T19:30:25.296+0000] {processor.py:925} INFO - DAG(s) 'example_sensors' retrieved from /home/sravan2418/airflow-env/lib/python3.11/site-packages/airflow/example_dags/example_sensors.py
[2025-02-27T19:30:25.331+0000] {logging_mixin.py:190} INFO - [2025-02-27T19:30:25.330+0000] {dag.py:3239} INFO - Sync 1 DAGs
[2025-02-27T19:30:25.349+0000] {logging_mixin.py:190} INFO - [2025-02-27T19:30:25.349+0000] {dag.py:4180} INFO - Setting next_dagrun for example_sensors to None, run_after=None
[2025-02-27T19:30:25.384+0000] {processor.py:208} INFO - Processing /home/sravan2418/airflow-env/lib/python3.11/site-packages/airflow/example_dags/example_sensors.py took 0.124 seconds
[2025-02-27T19:31:29.595+0000] {processor.py:186} INFO - Started process (PID=3255) to work on /home/sravan2418/airflow-env/lib/python3.11/site-packages/airflow/example_dags/example_sensors.py
[2025-02-27T19:31:29.598+0000] {processor.py:914} INFO - Processing file /home/sravan2418/airflow-env/lib/python3.11/site-packages/airflow/example_dags/example_sensors.py for tasks to queue
[2025-02-27T19:31:29.601+0000] {logging_mixin.py:190} INFO - [2025-02-27T19:31:29.601+0000] {dagbag.py:588} INFO - Filling up the DagBag from /home/sravan2418/airflow-env/lib/python3.11/site-packages/airflow/example_dags/example_sensors.py
[2025-02-27T19:31:29.621+0000] {processor.py:925} INFO - DAG(s) 'example_sensors' retrieved from /home/sravan2418/airflow-env/lib/python3.11/site-packages/airflow/example_dags/example_sensors.py
[2025-02-27T19:31:29.657+0000] {logging_mixin.py:190} INFO - [2025-02-27T19:31:29.656+0000] {dag.py:3239} INFO - Sync 1 DAGs
[2025-02-27T19:31:29.675+0000] {logging_mixin.py:190} INFO - [2025-02-27T19:31:29.675+0000] {dag.py:4180} INFO - Setting next_dagrun for example_sensors to None, run_after=None
[2025-02-27T19:31:29.935+0000] {processor.py:208} INFO - Processing /home/sravan2418/airflow-env/lib/python3.11/site-packages/airflow/example_dags/example_sensors.py took 0.353 seconds
[2025-02-27T19:32:39.569+0000] {processor.py:186} INFO - Started process (PID=3324) to work on /home/sravan2418/airflow-env/lib/python3.11/site-packages/airflow/example_dags/example_sensors.py
[2025-02-27T19:32:39.571+0000] {processor.py:914} INFO - Processing file /home/sravan2418/airflow-env/lib/python3.11/site-packages/airflow/example_dags/example_sensors.py for tasks to queue
[2025-02-27T19:32:39.575+0000] {logging_mixin.py:190} INFO - [2025-02-27T19:32:39.574+0000] {dagbag.py:588} INFO - Filling up the DagBag from /home/sravan2418/airflow-env/lib/python3.11/site-packages/airflow/example_dags/example_sensors.py
[2025-02-27T19:32:39.596+0000] {processor.py:925} INFO - DAG(s) 'example_sensors' retrieved from /home/sravan2418/airflow-env/lib/python3.11/site-packages/airflow/example_dags/example_sensors.py
[2025-02-27T19:32:39.631+0000] {logging_mixin.py:190} INFO - [2025-02-27T19:32:39.631+0000] {dag.py:3239} INFO - Sync 1 DAGs
[2025-02-27T19:32:39.655+0000] {logging_mixin.py:190} INFO - [2025-02-27T19:32:39.654+0000] {dag.py:4180} INFO - Setting next_dagrun for example_sensors to None, run_after=None
[2025-02-27T19:32:39.690+0000] {processor.py:208} INFO - Processing /home/sravan2418/airflow-env/lib/python3.11/site-packages/airflow/example_dags/example_sensors.py took 0.132 seconds
[2025-02-27T19:33:47.149+0000] {processor.py:186} INFO - Started process (PID=3391) to work on /home/sravan2418/airflow-env/lib/python3.11/site-packages/airflow/example_dags/example_sensors.py
[2025-02-27T19:33:47.152+0000] {processor.py:914} INFO - Processing file /home/sravan2418/airflow-env/lib/python3.11/site-packages/airflow/example_dags/example_sensors.py for tasks to queue
[2025-02-27T19:33:47.156+0000] {logging_mixin.py:190} INFO - [2025-02-27T19:33:47.156+0000] {dagbag.py:588} INFO - Filling up the DagBag from /home/sravan2418/airflow-env/lib/python3.11/site-packages/airflow/example_dags/example_sensors.py
[2025-02-27T19:33:47.177+0000] {processor.py:925} INFO - DAG(s) 'example_sensors' retrieved from /home/sravan2418/airflow-env/lib/python3.11/site-packages/airflow/example_dags/example_sensors.py
[2025-02-27T19:33:47.212+0000] {logging_mixin.py:190} INFO - [2025-02-27T19:33:47.211+0000] {dag.py:3239} INFO - Sync 1 DAGs
[2025-02-27T19:33:47.231+0000] {logging_mixin.py:190} INFO - [2025-02-27T19:33:47.230+0000] {dag.py:4180} INFO - Setting next_dagrun for example_sensors to None, run_after=None
[2025-02-27T19:33:47.263+0000] {processor.py:208} INFO - Processing /home/sravan2418/airflow-env/lib/python3.11/site-packages/airflow/example_dags/example_sensors.py took 0.127 seconds
[2025-02-27T19:34:50.576+0000] {processor.py:186} INFO - Started process (PID=3456) to work on /home/sravan2418/airflow-env/lib/python3.11/site-packages/airflow/example_dags/example_sensors.py
[2025-02-27T19:34:50.579+0000] {processor.py:914} INFO - Processing file /home/sravan2418/airflow-env/lib/python3.11/site-packages/airflow/example_dags/example_sensors.py for tasks to queue
[2025-02-27T19:34:50.583+0000] {logging_mixin.py:190} INFO - [2025-02-27T19:34:50.582+0000] {dagbag.py:588} INFO - Filling up the DagBag from /home/sravan2418/airflow-env/lib/python3.11/site-packages/airflow/example_dags/example_sensors.py
[2025-02-27T19:34:50.604+0000] {processor.py:925} INFO - DAG(s) 'example_sensors' retrieved from /home/sravan2418/airflow-env/lib/python3.11/site-packages/airflow/example_dags/example_sensors.py
[2025-02-27T19:34:50.640+0000] {logging_mixin.py:190} INFO - [2025-02-27T19:34:50.639+0000] {dag.py:3239} INFO - Sync 1 DAGs
[2025-02-27T19:34:50.658+0000] {logging_mixin.py:190} INFO - [2025-02-27T19:34:50.658+0000] {dag.py:4180} INFO - Setting next_dagrun for example_sensors to None, run_after=None
[2025-02-27T19:34:50.692+0000] {processor.py:208} INFO - Processing /home/sravan2418/airflow-env/lib/python3.11/site-packages/airflow/example_dags/example_sensors.py took 0.127 seconds
