[2025-02-27T19:21:15.847+0000] {processor.py:186} INFO - Started process (PID=2592) to work on /home/sravan2418/airflow-env/lib/python3.11/site-packages/airflow/example_dags/example_task_group.py
[2025-02-27T19:21:15.848+0000] {processor.py:914} INFO - Processing file /home/sravan2418/airflow-env/lib/python3.11/site-packages/airflow/example_dags/example_task_group.py for tasks to queue
[2025-02-27T19:21:15.851+0000] {logging_mixin.py:190} INFO - [2025-02-27T19:21:15.851+0000] {dagbag.py:588} INFO - Filling up the DagBag from /home/sravan2418/airflow-env/lib/python3.11/site-packages/airflow/example_dags/example_task_group.py
[2025-02-27T19:21:15.864+0000] {processor.py:925} INFO - DAG(s) 'example_task_group' retrieved from /home/sravan2418/airflow-env/lib/python3.11/site-packages/airflow/example_dags/example_task_group.py
[2025-02-27T19:21:15.995+0000] {logging_mixin.py:190} INFO - [2025-02-27T19:21:15.994+0000] {override.py:1930} INFO - Created Permission View: can edit on DAG:example_task_group
[2025-02-27T19:21:16.010+0000] {logging_mixin.py:190} INFO - [2025-02-27T19:21:16.009+0000] {override.py:1930} INFO - Created Permission View: can delete on DAG:example_task_group
[2025-02-27T19:21:16.021+0000] {logging_mixin.py:190} INFO - [2025-02-27T19:21:16.021+0000] {override.py:1930} INFO - Created Permission View: can read on DAG:example_task_group
[2025-02-27T19:21:16.039+0000] {logging_mixin.py:190} INFO - [2025-02-27T19:21:16.038+0000] {override.py:1930} INFO - Created Permission View: menu access on DAG Run:example_task_group
[2025-02-27T19:21:16.050+0000] {logging_mixin.py:190} INFO - [2025-02-27T19:21:16.049+0000] {override.py:1930} INFO - Created Permission View: can create on DAG Run:example_task_group
[2025-02-27T19:21:16.062+0000] {logging_mixin.py:190} INFO - [2025-02-27T19:21:16.061+0000] {override.py:1930} INFO - Created Permission View: can delete on DAG Run:example_task_group
[2025-02-27T19:21:16.072+0000] {logging_mixin.py:190} INFO - [2025-02-27T19:21:16.072+0000] {override.py:1930} INFO - Created Permission View: can read on DAG Run:example_task_group
[2025-02-27T19:21:16.073+0000] {logging_mixin.py:190} INFO - [2025-02-27T19:21:16.073+0000] {dag.py:3239} INFO - Sync 1 DAGs
[2025-02-27T19:21:16.087+0000] {logging_mixin.py:190} INFO - [2025-02-27T19:21:16.087+0000] {dag.py:3262} INFO - Creating ORM DAG for example_task_group
[2025-02-27T19:21:16.088+0000] {logging_mixin.py:190} INFO - [2025-02-27T19:21:16.088+0000] {dag.py:4180} INFO - Setting next_dagrun for example_task_group to None, run_after=None
[2025-02-27T19:21:16.111+0000] {processor.py:208} INFO - Processing /home/sravan2418/airflow-env/lib/python3.11/site-packages/airflow/example_dags/example_task_group.py took 0.272 seconds
[2025-02-27T19:23:00.542+0000] {processor.py:186} INFO - Started process (PID=2711) to work on /home/sravan2418/airflow-env/lib/python3.11/site-packages/airflow/example_dags/example_task_group.py
[2025-02-27T19:23:00.543+0000] {processor.py:914} INFO - Processing file /home/sravan2418/airflow-env/lib/python3.11/site-packages/airflow/example_dags/example_task_group.py for tasks to queue
[2025-02-27T19:23:00.547+0000] {logging_mixin.py:190} INFO - [2025-02-27T19:23:00.546+0000] {dagbag.py:588} INFO - Filling up the DagBag from /home/sravan2418/airflow-env/lib/python3.11/site-packages/airflow/example_dags/example_task_group.py
[2025-02-27T19:23:00.560+0000] {processor.py:925} INFO - DAG(s) 'example_task_group' retrieved from /home/sravan2418/airflow-env/lib/python3.11/site-packages/airflow/example_dags/example_task_group.py
[2025-02-27T19:23:00.586+0000] {logging_mixin.py:190} INFO - [2025-02-27T19:23:00.586+0000] {dag.py:3239} INFO - Sync 1 DAGs
[2025-02-27T19:23:00.603+0000] {logging_mixin.py:190} INFO - [2025-02-27T19:23:00.603+0000] {dag.py:4180} INFO - Setting next_dagrun for example_task_group to None, run_after=None
[2025-02-27T19:23:00.629+0000] {processor.py:208} INFO - Processing /home/sravan2418/airflow-env/lib/python3.11/site-packages/airflow/example_dags/example_task_group.py took 0.096 seconds
[2025-02-27T19:24:01.789+0000] {processor.py:186} INFO - Started process (PID=2770) to work on /home/sravan2418/airflow-env/lib/python3.11/site-packages/airflow/example_dags/example_task_group.py
[2025-02-27T19:24:01.792+0000] {processor.py:914} INFO - Processing file /home/sravan2418/airflow-env/lib/python3.11/site-packages/airflow/example_dags/example_task_group.py for tasks to queue
[2025-02-27T19:24:01.795+0000] {logging_mixin.py:190} INFO - [2025-02-27T19:24:01.794+0000] {dagbag.py:588} INFO - Filling up the DagBag from /home/sravan2418/airflow-env/lib/python3.11/site-packages/airflow/example_dags/example_task_group.py
[2025-02-27T19:24:01.809+0000] {processor.py:925} INFO - DAG(s) 'example_task_group' retrieved from /home/sravan2418/airflow-env/lib/python3.11/site-packages/airflow/example_dags/example_task_group.py
[2025-02-27T19:24:01.834+0000] {logging_mixin.py:190} INFO - [2025-02-27T19:24:01.834+0000] {dag.py:3239} INFO - Sync 1 DAGs
[2025-02-27T19:24:01.850+0000] {logging_mixin.py:190} INFO - [2025-02-27T19:24:01.850+0000] {dag.py:4180} INFO - Setting next_dagrun for example_task_group to None, run_after=None
[2025-02-27T19:24:01.877+0000] {processor.py:208} INFO - Processing /home/sravan2418/airflow-env/lib/python3.11/site-packages/airflow/example_dags/example_task_group.py took 0.098 seconds
[2025-02-27T19:25:03.234+0000] {processor.py:186} INFO - Started process (PID=2842) to work on /home/sravan2418/airflow-env/lib/python3.11/site-packages/airflow/example_dags/example_task_group.py
[2025-02-27T19:25:03.237+0000] {processor.py:914} INFO - Processing file /home/sravan2418/airflow-env/lib/python3.11/site-packages/airflow/example_dags/example_task_group.py for tasks to queue
[2025-02-27T19:25:03.240+0000] {logging_mixin.py:190} INFO - [2025-02-27T19:25:03.240+0000] {dagbag.py:588} INFO - Filling up the DagBag from /home/sravan2418/airflow-env/lib/python3.11/site-packages/airflow/example_dags/example_task_group.py
[2025-02-27T19:25:03.254+0000] {processor.py:925} INFO - DAG(s) 'example_task_group' retrieved from /home/sravan2418/airflow-env/lib/python3.11/site-packages/airflow/example_dags/example_task_group.py
[2025-02-27T19:25:03.279+0000] {logging_mixin.py:190} INFO - [2025-02-27T19:25:03.279+0000] {dag.py:3239} INFO - Sync 1 DAGs
[2025-02-27T19:25:03.295+0000] {logging_mixin.py:190} INFO - [2025-02-27T19:25:03.295+0000] {dag.py:4180} INFO - Setting next_dagrun for example_task_group to None, run_after=None
[2025-02-27T19:25:03.323+0000] {processor.py:208} INFO - Processing /home/sravan2418/airflow-env/lib/python3.11/site-packages/airflow/example_dags/example_task_group.py took 0.098 seconds
[2025-02-27T19:26:04.280+0000] {processor.py:186} INFO - Started process (PID=2902) to work on /home/sravan2418/airflow-env/lib/python3.11/site-packages/airflow/example_dags/example_task_group.py
[2025-02-27T19:26:04.282+0000] {processor.py:914} INFO - Processing file /home/sravan2418/airflow-env/lib/python3.11/site-packages/airflow/example_dags/example_task_group.py for tasks to queue
[2025-02-27T19:26:04.285+0000] {logging_mixin.py:190} INFO - [2025-02-27T19:26:04.285+0000] {dagbag.py:588} INFO - Filling up the DagBag from /home/sravan2418/airflow-env/lib/python3.11/site-packages/airflow/example_dags/example_task_group.py
[2025-02-27T19:26:04.300+0000] {processor.py:925} INFO - DAG(s) 'example_task_group' retrieved from /home/sravan2418/airflow-env/lib/python3.11/site-packages/airflow/example_dags/example_task_group.py
[2025-02-27T19:26:04.326+0000] {logging_mixin.py:190} INFO - [2025-02-27T19:26:04.325+0000] {dag.py:3239} INFO - Sync 1 DAGs
[2025-02-27T19:26:04.342+0000] {logging_mixin.py:190} INFO - [2025-02-27T19:26:04.341+0000] {dag.py:4180} INFO - Setting next_dagrun for example_task_group to None, run_after=None
[2025-02-27T19:26:04.367+0000] {processor.py:208} INFO - Processing /home/sravan2418/airflow-env/lib/python3.11/site-packages/airflow/example_dags/example_task_group.py took 0.097 seconds
[2025-02-27T19:27:12.940+0000] {processor.py:186} INFO - Started process (PID=2967) to work on /home/sravan2418/airflow-env/lib/python3.11/site-packages/airflow/example_dags/example_task_group.py
[2025-02-27T19:27:12.942+0000] {processor.py:914} INFO - Processing file /home/sravan2418/airflow-env/lib/python3.11/site-packages/airflow/example_dags/example_task_group.py for tasks to queue
[2025-02-27T19:27:12.946+0000] {logging_mixin.py:190} INFO - [2025-02-27T19:27:12.946+0000] {dagbag.py:588} INFO - Filling up the DagBag from /home/sravan2418/airflow-env/lib/python3.11/site-packages/airflow/example_dags/example_task_group.py
[2025-02-27T19:27:12.959+0000] {processor.py:925} INFO - DAG(s) 'example_task_group' retrieved from /home/sravan2418/airflow-env/lib/python3.11/site-packages/airflow/example_dags/example_task_group.py
[2025-02-27T19:27:12.983+0000] {logging_mixin.py:190} INFO - [2025-02-27T19:27:12.983+0000] {dag.py:3239} INFO - Sync 1 DAGs
[2025-02-27T19:27:12.998+0000] {logging_mixin.py:190} INFO - [2025-02-27T19:27:12.998+0000] {dag.py:4180} INFO - Setting next_dagrun for example_task_group to None, run_after=None
[2025-02-27T19:27:13.026+0000] {processor.py:208} INFO - Processing /home/sravan2418/airflow-env/lib/python3.11/site-packages/airflow/example_dags/example_task_group.py took 0.095 seconds
[2025-02-27T19:28:13.398+0000] {processor.py:186} INFO - Started process (PID=3046) to work on /home/sravan2418/airflow-env/lib/python3.11/site-packages/airflow/example_dags/example_task_group.py
[2025-02-27T19:28:13.400+0000] {processor.py:914} INFO - Processing file /home/sravan2418/airflow-env/lib/python3.11/site-packages/airflow/example_dags/example_task_group.py for tasks to queue
[2025-02-27T19:28:13.403+0000] {logging_mixin.py:190} INFO - [2025-02-27T19:28:13.403+0000] {dagbag.py:588} INFO - Filling up the DagBag from /home/sravan2418/airflow-env/lib/python3.11/site-packages/airflow/example_dags/example_task_group.py
[2025-02-27T19:28:13.417+0000] {processor.py:925} INFO - DAG(s) 'example_task_group' retrieved from /home/sravan2418/airflow-env/lib/python3.11/site-packages/airflow/example_dags/example_task_group.py
[2025-02-27T19:28:13.443+0000] {logging_mixin.py:190} INFO - [2025-02-27T19:28:13.443+0000] {dag.py:3239} INFO - Sync 1 DAGs
[2025-02-27T19:28:13.461+0000] {logging_mixin.py:190} INFO - [2025-02-27T19:28:13.460+0000] {dag.py:4180} INFO - Setting next_dagrun for example_task_group to None, run_after=None
[2025-02-27T19:28:13.487+0000] {processor.py:208} INFO - Processing /home/sravan2418/airflow-env/lib/python3.11/site-packages/airflow/example_dags/example_task_group.py took 0.098 seconds
[2025-02-27T19:29:12.330+0000] {processor.py:186} INFO - Started process (PID=3115) to work on /home/sravan2418/airflow-env/lib/python3.11/site-packages/airflow/example_dags/example_task_group.py
[2025-02-27T19:29:12.333+0000] {processor.py:914} INFO - Processing file /home/sravan2418/airflow-env/lib/python3.11/site-packages/airflow/example_dags/example_task_group.py for tasks to queue
[2025-02-27T19:29:12.336+0000] {logging_mixin.py:190} INFO - [2025-02-27T19:29:12.335+0000] {dagbag.py:588} INFO - Filling up the DagBag from /home/sravan2418/airflow-env/lib/python3.11/site-packages/airflow/example_dags/example_task_group.py
[2025-02-27T19:29:12.351+0000] {processor.py:925} INFO - DAG(s) 'example_task_group' retrieved from /home/sravan2418/airflow-env/lib/python3.11/site-packages/airflow/example_dags/example_task_group.py
[2025-02-27T19:29:12.375+0000] {logging_mixin.py:190} INFO - [2025-02-27T19:29:12.375+0000] {dag.py:3239} INFO - Sync 1 DAGs
[2025-02-27T19:29:12.392+0000] {logging_mixin.py:190} INFO - [2025-02-27T19:29:12.392+0000] {dag.py:4180} INFO - Setting next_dagrun for example_task_group to None, run_after=None
[2025-02-27T19:29:12.419+0000] {processor.py:208} INFO - Processing /home/sravan2418/airflow-env/lib/python3.11/site-packages/airflow/example_dags/example_task_group.py took 0.097 seconds
[2025-02-27T19:30:10.046+0000] {processor.py:186} INFO - Started process (PID=3176) to work on /home/sravan2418/airflow-env/lib/python3.11/site-packages/airflow/example_dags/example_task_group.py
[2025-02-27T19:30:10.049+0000] {processor.py:914} INFO - Processing file /home/sravan2418/airflow-env/lib/python3.11/site-packages/airflow/example_dags/example_task_group.py for tasks to queue
[2025-02-27T19:30:10.053+0000] {logging_mixin.py:190} INFO - [2025-02-27T19:30:10.052+0000] {dagbag.py:588} INFO - Filling up the DagBag from /home/sravan2418/airflow-env/lib/python3.11/site-packages/airflow/example_dags/example_task_group.py
[2025-02-27T19:30:10.068+0000] {processor.py:925} INFO - DAG(s) 'example_task_group' retrieved from /home/sravan2418/airflow-env/lib/python3.11/site-packages/airflow/example_dags/example_task_group.py
[2025-02-27T19:30:10.092+0000] {logging_mixin.py:190} INFO - [2025-02-27T19:30:10.092+0000] {dag.py:3239} INFO - Sync 1 DAGs
[2025-02-27T19:30:10.111+0000] {logging_mixin.py:190} INFO - [2025-02-27T19:30:10.111+0000] {dag.py:4180} INFO - Setting next_dagrun for example_task_group to None, run_after=None
[2025-02-27T19:30:10.141+0000] {processor.py:208} INFO - Processing /home/sravan2418/airflow-env/lib/python3.11/site-packages/airflow/example_dags/example_task_group.py took 0.104 seconds
[2025-02-27T19:31:14.817+0000] {processor.py:186} INFO - Started process (PID=3240) to work on /home/sravan2418/airflow-env/lib/python3.11/site-packages/airflow/example_dags/example_task_group.py
[2025-02-27T19:31:14.820+0000] {processor.py:914} INFO - Processing file /home/sravan2418/airflow-env/lib/python3.11/site-packages/airflow/example_dags/example_task_group.py for tasks to queue
[2025-02-27T19:31:14.825+0000] {logging_mixin.py:190} INFO - [2025-02-27T19:31:14.824+0000] {dagbag.py:588} INFO - Filling up the DagBag from /home/sravan2418/airflow-env/lib/python3.11/site-packages/airflow/example_dags/example_task_group.py
[2025-02-27T19:31:14.841+0000] {processor.py:925} INFO - DAG(s) 'example_task_group' retrieved from /home/sravan2418/airflow-env/lib/python3.11/site-packages/airflow/example_dags/example_task_group.py
[2025-02-27T19:31:14.876+0000] {logging_mixin.py:190} INFO - [2025-02-27T19:31:14.876+0000] {dag.py:3239} INFO - Sync 1 DAGs
[2025-02-27T19:31:14.897+0000] {logging_mixin.py:190} INFO - [2025-02-27T19:31:14.897+0000] {dag.py:4180} INFO - Setting next_dagrun for example_task_group to None, run_after=None
[2025-02-27T19:31:14.933+0000] {processor.py:208} INFO - Processing /home/sravan2418/airflow-env/lib/python3.11/site-packages/airflow/example_dags/example_task_group.py took 0.127 seconds
[2025-02-27T19:32:24.451+0000] {processor.py:186} INFO - Started process (PID=3311) to work on /home/sravan2418/airflow-env/lib/python3.11/site-packages/airflow/example_dags/example_task_group.py
[2025-02-27T19:32:24.456+0000] {processor.py:914} INFO - Processing file /home/sravan2418/airflow-env/lib/python3.11/site-packages/airflow/example_dags/example_task_group.py for tasks to queue
[2025-02-27T19:32:24.465+0000] {logging_mixin.py:190} INFO - [2025-02-27T19:32:24.464+0000] {dagbag.py:588} INFO - Filling up the DagBag from /home/sravan2418/airflow-env/lib/python3.11/site-packages/airflow/example_dags/example_task_group.py
[2025-02-27T19:32:24.504+0000] {processor.py:925} INFO - DAG(s) 'example_task_group' retrieved from /home/sravan2418/airflow-env/lib/python3.11/site-packages/airflow/example_dags/example_task_group.py
[2025-02-27T19:32:24.578+0000] {logging_mixin.py:190} INFO - [2025-02-27T19:32:24.577+0000] {dag.py:3239} INFO - Sync 1 DAGs
[2025-02-27T19:32:24.628+0000] {logging_mixin.py:190} INFO - [2025-02-27T19:32:24.628+0000] {dag.py:4180} INFO - Setting next_dagrun for example_task_group to None, run_after=None
[2025-02-27T19:32:24.697+0000] {processor.py:208} INFO - Processing /home/sravan2418/airflow-env/lib/python3.11/site-packages/airflow/example_dags/example_task_group.py took 0.269 seconds
[2025-02-27T19:33:32.001+0000] {processor.py:186} INFO - Started process (PID=3376) to work on /home/sravan2418/airflow-env/lib/python3.11/site-packages/airflow/example_dags/example_task_group.py
[2025-02-27T19:33:32.004+0000] {processor.py:914} INFO - Processing file /home/sravan2418/airflow-env/lib/python3.11/site-packages/airflow/example_dags/example_task_group.py for tasks to queue
[2025-02-27T19:33:32.009+0000] {logging_mixin.py:190} INFO - [2025-02-27T19:33:32.008+0000] {dagbag.py:588} INFO - Filling up the DagBag from /home/sravan2418/airflow-env/lib/python3.11/site-packages/airflow/example_dags/example_task_group.py
[2025-02-27T19:33:32.027+0000] {processor.py:925} INFO - DAG(s) 'example_task_group' retrieved from /home/sravan2418/airflow-env/lib/python3.11/site-packages/airflow/example_dags/example_task_group.py
[2025-02-27T19:33:32.058+0000] {logging_mixin.py:190} INFO - [2025-02-27T19:33:32.057+0000] {dag.py:3239} INFO - Sync 1 DAGs
[2025-02-27T19:33:32.078+0000] {logging_mixin.py:190} INFO - [2025-02-27T19:33:32.077+0000] {dag.py:4180} INFO - Setting next_dagrun for example_task_group to None, run_after=None
[2025-02-27T19:33:32.112+0000] {processor.py:208} INFO - Processing /home/sravan2418/airflow-env/lib/python3.11/site-packages/airflow/example_dags/example_task_group.py took 0.122 seconds
[2025-02-27T19:34:35.731+0000] {processor.py:186} INFO - Started process (PID=3442) to work on /home/sravan2418/airflow-env/lib/python3.11/site-packages/airflow/example_dags/example_task_group.py
[2025-02-27T19:34:35.734+0000] {processor.py:914} INFO - Processing file /home/sravan2418/airflow-env/lib/python3.11/site-packages/airflow/example_dags/example_task_group.py for tasks to queue
[2025-02-27T19:34:35.738+0000] {logging_mixin.py:190} INFO - [2025-02-27T19:34:35.738+0000] {dagbag.py:588} INFO - Filling up the DagBag from /home/sravan2418/airflow-env/lib/python3.11/site-packages/airflow/example_dags/example_task_group.py
[2025-02-27T19:34:35.758+0000] {processor.py:925} INFO - DAG(s) 'example_task_group' retrieved from /home/sravan2418/airflow-env/lib/python3.11/site-packages/airflow/example_dags/example_task_group.py
[2025-02-27T19:34:35.790+0000] {logging_mixin.py:190} INFO - [2025-02-27T19:34:35.789+0000] {dag.py:3239} INFO - Sync 1 DAGs
[2025-02-27T19:34:35.811+0000] {logging_mixin.py:190} INFO - [2025-02-27T19:34:35.811+0000] {dag.py:4180} INFO - Setting next_dagrun for example_task_group to None, run_after=None
[2025-02-27T19:34:35.847+0000] {processor.py:208} INFO - Processing /home/sravan2418/airflow-env/lib/python3.11/site-packages/airflow/example_dags/example_task_group.py took 0.128 seconds
