[2025-02-27T19:21:42.728+0000] {processor.py:186} INFO - Started process (PID=2640) to work on /home/sravan2418/airflow-env/lib/python3.11/site-packages/airflow/example_dags/example_dynamic_task_mapping_with_no_taskflow_operators.py
[2025-02-27T19:21:42.729+0000] {processor.py:914} INFO - Processing file /home/sravan2418/airflow-env/lib/python3.11/site-packages/airflow/example_dags/example_dynamic_task_mapping_with_no_taskflow_operators.py for tasks to queue
[2025-02-27T19:21:42.733+0000] {logging_mixin.py:190} INFO - [2025-02-27T19:21:42.732+0000] {dagbag.py:588} INFO - Filling up the DagBag from /home/sravan2418/airflow-env/lib/python3.11/site-packages/airflow/example_dags/example_dynamic_task_mapping_with_no_taskflow_operators.py
[2025-02-27T19:21:42.745+0000] {processor.py:925} INFO - DAG(s) 'example_dynamic_task_mapping_with_no_taskflow_operators' retrieved from /home/sravan2418/airflow-env/lib/python3.11/site-packages/airflow/example_dags/example_dynamic_task_mapping_with_no_taskflow_operators.py
[2025-02-27T19:21:42.872+0000] {logging_mixin.py:190} INFO - [2025-02-27T19:21:42.872+0000] {override.py:1930} INFO - Created Permission View: can edit on DAG:example_dynamic_task_mapping_with_no_taskflow_operators
[2025-02-27T19:21:42.887+0000] {logging_mixin.py:190} INFO - [2025-02-27T19:21:42.886+0000] {override.py:1930} INFO - Created Permission View: can delete on DAG:example_dynamic_task_mapping_with_no_taskflow_operators
[2025-02-27T19:21:42.898+0000] {logging_mixin.py:190} INFO - [2025-02-27T19:21:42.897+0000] {override.py:1930} INFO - Created Permission View: can read on DAG:example_dynamic_task_mapping_with_no_taskflow_operators
[2025-02-27T19:21:42.915+0000] {logging_mixin.py:190} INFO - [2025-02-27T19:21:42.914+0000] {override.py:1930} INFO - Created Permission View: menu access on DAG Run:example_dynamic_task_mapping_with_no_taskflow_operators
[2025-02-27T19:21:42.926+0000] {logging_mixin.py:190} INFO - [2025-02-27T19:21:42.926+0000] {override.py:1930} INFO - Created Permission View: can create on DAG Run:example_dynamic_task_mapping_with_no_taskflow_operators
[2025-02-27T19:21:42.937+0000] {logging_mixin.py:190} INFO - [2025-02-27T19:21:42.936+0000] {override.py:1930} INFO - Created Permission View: can delete on DAG Run:example_dynamic_task_mapping_with_no_taskflow_operators
[2025-02-27T19:21:42.947+0000] {logging_mixin.py:190} INFO - [2025-02-27T19:21:42.946+0000] {override.py:1930} INFO - Created Permission View: can read on DAG Run:example_dynamic_task_mapping_with_no_taskflow_operators
[2025-02-27T19:21:42.947+0000] {logging_mixin.py:190} INFO - [2025-02-27T19:21:42.947+0000] {dag.py:3239} INFO - Sync 1 DAGs
[2025-02-27T19:21:42.960+0000] {logging_mixin.py:190} INFO - [2025-02-27T19:21:42.960+0000] {dag.py:3262} INFO - Creating ORM DAG for example_dynamic_task_mapping_with_no_taskflow_operators
[2025-02-27T19:21:42.961+0000] {logging_mixin.py:190} INFO - [2025-02-27T19:21:42.961+0000] {dag.py:4180} INFO - Setting next_dagrun for example_dynamic_task_mapping_with_no_taskflow_operators to None, run_after=None
[2025-02-27T19:21:42.983+0000] {processor.py:208} INFO - Processing /home/sravan2418/airflow-env/lib/python3.11/site-packages/airflow/example_dags/example_dynamic_task_mapping_with_no_taskflow_operators.py took 0.264 seconds
[2025-02-27T19:23:24.853+0000] {processor.py:186} INFO - Started process (PID=2734) to work on /home/sravan2418/airflow-env/lib/python3.11/site-packages/airflow/example_dags/example_dynamic_task_mapping_with_no_taskflow_operators.py
[2025-02-27T19:23:24.856+0000] {processor.py:914} INFO - Processing file /home/sravan2418/airflow-env/lib/python3.11/site-packages/airflow/example_dags/example_dynamic_task_mapping_with_no_taskflow_operators.py for tasks to queue
[2025-02-27T19:23:24.861+0000] {logging_mixin.py:190} INFO - [2025-02-27T19:23:24.860+0000] {dagbag.py:588} INFO - Filling up the DagBag from /home/sravan2418/airflow-env/lib/python3.11/site-packages/airflow/example_dags/example_dynamic_task_mapping_with_no_taskflow_operators.py
[2025-02-27T19:23:24.876+0000] {processor.py:925} INFO - DAG(s) 'example_dynamic_task_mapping_with_no_taskflow_operators' retrieved from /home/sravan2418/airflow-env/lib/python3.11/site-packages/airflow/example_dags/example_dynamic_task_mapping_with_no_taskflow_operators.py
[2025-02-27T19:23:24.908+0000] {logging_mixin.py:190} INFO - [2025-02-27T19:23:24.907+0000] {dag.py:3239} INFO - Sync 1 DAGs
[2025-02-27T19:23:24.926+0000] {logging_mixin.py:190} INFO - [2025-02-27T19:23:24.926+0000] {dag.py:4180} INFO - Setting next_dagrun for example_dynamic_task_mapping_with_no_taskflow_operators to None, run_after=None
[2025-02-27T19:23:24.958+0000] {processor.py:208} INFO - Processing /home/sravan2418/airflow-env/lib/python3.11/site-packages/airflow/example_dags/example_dynamic_task_mapping_with_no_taskflow_operators.py took 0.115 seconds
[2025-02-27T19:24:25.465+0000] {processor.py:186} INFO - Started process (PID=2804) to work on /home/sravan2418/airflow-env/lib/python3.11/site-packages/airflow/example_dags/example_dynamic_task_mapping_with_no_taskflow_operators.py
[2025-02-27T19:24:25.468+0000] {processor.py:914} INFO - Processing file /home/sravan2418/airflow-env/lib/python3.11/site-packages/airflow/example_dags/example_dynamic_task_mapping_with_no_taskflow_operators.py for tasks to queue
[2025-02-27T19:24:25.472+0000] {logging_mixin.py:190} INFO - [2025-02-27T19:24:25.471+0000] {dagbag.py:588} INFO - Filling up the DagBag from /home/sravan2418/airflow-env/lib/python3.11/site-packages/airflow/example_dags/example_dynamic_task_mapping_with_no_taskflow_operators.py
[2025-02-27T19:24:25.490+0000] {processor.py:925} INFO - DAG(s) 'example_dynamic_task_mapping_with_no_taskflow_operators' retrieved from /home/sravan2418/airflow-env/lib/python3.11/site-packages/airflow/example_dags/example_dynamic_task_mapping_with_no_taskflow_operators.py
[2025-02-27T19:24:25.520+0000] {logging_mixin.py:190} INFO - [2025-02-27T19:24:25.519+0000] {dag.py:3239} INFO - Sync 1 DAGs
[2025-02-27T19:24:25.539+0000] {logging_mixin.py:190} INFO - [2025-02-27T19:24:25.539+0000] {dag.py:4180} INFO - Setting next_dagrun for example_dynamic_task_mapping_with_no_taskflow_operators to None, run_after=None
[2025-02-27T19:24:25.575+0000] {processor.py:208} INFO - Processing /home/sravan2418/airflow-env/lib/python3.11/site-packages/airflow/example_dags/example_dynamic_task_mapping_with_no_taskflow_operators.py took 0.121 seconds
[2025-02-27T19:25:26.924+0000] {processor.py:186} INFO - Started process (PID=2864) to work on /home/sravan2418/airflow-env/lib/python3.11/site-packages/airflow/example_dags/example_dynamic_task_mapping_with_no_taskflow_operators.py
[2025-02-27T19:25:26.926+0000] {processor.py:914} INFO - Processing file /home/sravan2418/airflow-env/lib/python3.11/site-packages/airflow/example_dags/example_dynamic_task_mapping_with_no_taskflow_operators.py for tasks to queue
[2025-02-27T19:25:26.930+0000] {logging_mixin.py:190} INFO - [2025-02-27T19:25:26.929+0000] {dagbag.py:588} INFO - Filling up the DagBag from /home/sravan2418/airflow-env/lib/python3.11/site-packages/airflow/example_dags/example_dynamic_task_mapping_with_no_taskflow_operators.py
[2025-02-27T19:25:26.943+0000] {processor.py:925} INFO - DAG(s) 'example_dynamic_task_mapping_with_no_taskflow_operators' retrieved from /home/sravan2418/airflow-env/lib/python3.11/site-packages/airflow/example_dags/example_dynamic_task_mapping_with_no_taskflow_operators.py
[2025-02-27T19:25:26.968+0000] {logging_mixin.py:190} INFO - [2025-02-27T19:25:26.968+0000] {dag.py:3239} INFO - Sync 1 DAGs
[2025-02-27T19:25:26.985+0000] {logging_mixin.py:190} INFO - [2025-02-27T19:25:26.985+0000] {dag.py:4180} INFO - Setting next_dagrun for example_dynamic_task_mapping_with_no_taskflow_operators to None, run_after=None
[2025-02-27T19:25:27.014+0000] {processor.py:208} INFO - Processing /home/sravan2418/airflow-env/lib/python3.11/site-packages/airflow/example_dags/example_dynamic_task_mapping_with_no_taskflow_operators.py took 0.099 seconds
[2025-02-27T19:26:32.177+0000] {processor.py:186} INFO - Started process (PID=2928) to work on /home/sravan2418/airflow-env/lib/python3.11/site-packages/airflow/example_dags/example_dynamic_task_mapping_with_no_taskflow_operators.py
[2025-02-27T19:26:32.179+0000] {processor.py:914} INFO - Processing file /home/sravan2418/airflow-env/lib/python3.11/site-packages/airflow/example_dags/example_dynamic_task_mapping_with_no_taskflow_operators.py for tasks to queue
[2025-02-27T19:26:32.184+0000] {logging_mixin.py:190} INFO - [2025-02-27T19:26:32.183+0000] {dagbag.py:588} INFO - Filling up the DagBag from /home/sravan2418/airflow-env/lib/python3.11/site-packages/airflow/example_dags/example_dynamic_task_mapping_with_no_taskflow_operators.py
[2025-02-27T19:26:32.199+0000] {processor.py:925} INFO - DAG(s) 'example_dynamic_task_mapping_with_no_taskflow_operators' retrieved from /home/sravan2418/airflow-env/lib/python3.11/site-packages/airflow/example_dags/example_dynamic_task_mapping_with_no_taskflow_operators.py
[2025-02-27T19:26:32.226+0000] {logging_mixin.py:190} INFO - [2025-02-27T19:26:32.226+0000] {dag.py:3239} INFO - Sync 1 DAGs
[2025-02-27T19:26:32.246+0000] {logging_mixin.py:190} INFO - [2025-02-27T19:26:32.245+0000] {dag.py:4180} INFO - Setting next_dagrun for example_dynamic_task_mapping_with_no_taskflow_operators to None, run_after=None
[2025-02-27T19:26:32.277+0000] {processor.py:208} INFO - Processing /home/sravan2418/airflow-env/lib/python3.11/site-packages/airflow/example_dags/example_dynamic_task_mapping_with_no_taskflow_operators.py took 0.111 seconds
[2025-02-27T19:27:36.484+0000] {processor.py:186} INFO - Started process (PID=2994) to work on /home/sravan2418/airflow-env/lib/python3.11/site-packages/airflow/example_dags/example_dynamic_task_mapping_with_no_taskflow_operators.py
[2025-02-27T19:27:36.486+0000] {processor.py:914} INFO - Processing file /home/sravan2418/airflow-env/lib/python3.11/site-packages/airflow/example_dags/example_dynamic_task_mapping_with_no_taskflow_operators.py for tasks to queue
[2025-02-27T19:27:36.492+0000] {logging_mixin.py:190} INFO - [2025-02-27T19:27:36.491+0000] {dagbag.py:588} INFO - Filling up the DagBag from /home/sravan2418/airflow-env/lib/python3.11/site-packages/airflow/example_dags/example_dynamic_task_mapping_with_no_taskflow_operators.py
[2025-02-27T19:27:36.507+0000] {processor.py:925} INFO - DAG(s) 'example_dynamic_task_mapping_with_no_taskflow_operators' retrieved from /home/sravan2418/airflow-env/lib/python3.11/site-packages/airflow/example_dags/example_dynamic_task_mapping_with_no_taskflow_operators.py
[2025-02-27T19:27:36.533+0000] {logging_mixin.py:190} INFO - [2025-02-27T19:27:36.533+0000] {dag.py:3239} INFO - Sync 1 DAGs
[2025-02-27T19:27:36.552+0000] {logging_mixin.py:190} INFO - [2025-02-27T19:27:36.551+0000] {dag.py:4180} INFO - Setting next_dagrun for example_dynamic_task_mapping_with_no_taskflow_operators to None, run_after=None
[2025-02-27T19:27:36.582+0000] {processor.py:208} INFO - Processing /home/sravan2418/airflow-env/lib/python3.11/site-packages/airflow/example_dags/example_dynamic_task_mapping_with_no_taskflow_operators.py took 0.110 seconds
[2025-02-27T19:28:35.564+0000] {processor.py:186} INFO - Started process (PID=3072) to work on /home/sravan2418/airflow-env/lib/python3.11/site-packages/airflow/example_dags/example_dynamic_task_mapping_with_no_taskflow_operators.py
[2025-02-27T19:28:35.566+0000] {processor.py:914} INFO - Processing file /home/sravan2418/airflow-env/lib/python3.11/site-packages/airflow/example_dags/example_dynamic_task_mapping_with_no_taskflow_operators.py for tasks to queue
[2025-02-27T19:28:35.571+0000] {logging_mixin.py:190} INFO - [2025-02-27T19:28:35.571+0000] {dagbag.py:588} INFO - Filling up the DagBag from /home/sravan2418/airflow-env/lib/python3.11/site-packages/airflow/example_dags/example_dynamic_task_mapping_with_no_taskflow_operators.py
[2025-02-27T19:28:35.587+0000] {processor.py:925} INFO - DAG(s) 'example_dynamic_task_mapping_with_no_taskflow_operators' retrieved from /home/sravan2418/airflow-env/lib/python3.11/site-packages/airflow/example_dags/example_dynamic_task_mapping_with_no_taskflow_operators.py
[2025-02-27T19:28:35.618+0000] {logging_mixin.py:190} INFO - [2025-02-27T19:28:35.618+0000] {dag.py:3239} INFO - Sync 1 DAGs
[2025-02-27T19:28:35.637+0000] {logging_mixin.py:190} INFO - [2025-02-27T19:28:35.637+0000] {dag.py:4180} INFO - Setting next_dagrun for example_dynamic_task_mapping_with_no_taskflow_operators to None, run_after=None
[2025-02-27T19:28:35.669+0000] {processor.py:208} INFO - Processing /home/sravan2418/airflow-env/lib/python3.11/site-packages/airflow/example_dags/example_dynamic_task_mapping_with_no_taskflow_operators.py took 0.116 seconds
[2025-02-27T19:29:34.645+0000] {processor.py:186} INFO - Started process (PID=3137) to work on /home/sravan2418/airflow-env/lib/python3.11/site-packages/airflow/example_dags/example_dynamic_task_mapping_with_no_taskflow_operators.py
[2025-02-27T19:29:34.647+0000] {processor.py:914} INFO - Processing file /home/sravan2418/airflow-env/lib/python3.11/site-packages/airflow/example_dags/example_dynamic_task_mapping_with_no_taskflow_operators.py for tasks to queue
[2025-02-27T19:29:34.650+0000] {logging_mixin.py:190} INFO - [2025-02-27T19:29:34.650+0000] {dagbag.py:588} INFO - Filling up the DagBag from /home/sravan2418/airflow-env/lib/python3.11/site-packages/airflow/example_dags/example_dynamic_task_mapping_with_no_taskflow_operators.py
[2025-02-27T19:29:34.663+0000] {processor.py:925} INFO - DAG(s) 'example_dynamic_task_mapping_with_no_taskflow_operators' retrieved from /home/sravan2418/airflow-env/lib/python3.11/site-packages/airflow/example_dags/example_dynamic_task_mapping_with_no_taskflow_operators.py
[2025-02-27T19:29:34.685+0000] {logging_mixin.py:190} INFO - [2025-02-27T19:29:34.685+0000] {dag.py:3239} INFO - Sync 1 DAGs
[2025-02-27T19:29:34.701+0000] {logging_mixin.py:190} INFO - [2025-02-27T19:29:34.701+0000] {dag.py:4180} INFO - Setting next_dagrun for example_dynamic_task_mapping_with_no_taskflow_operators to None, run_after=None
[2025-02-27T19:29:34.726+0000] {processor.py:208} INFO - Processing /home/sravan2418/airflow-env/lib/python3.11/site-packages/airflow/example_dags/example_dynamic_task_mapping_with_no_taskflow_operators.py took 0.090 seconds
[2025-02-27T19:30:37.071+0000] {processor.py:186} INFO - Started process (PID=3204) to work on /home/sravan2418/airflow-env/lib/python3.11/site-packages/airflow/example_dags/example_dynamic_task_mapping_with_no_taskflow_operators.py
[2025-02-27T19:30:37.073+0000] {processor.py:914} INFO - Processing file /home/sravan2418/airflow-env/lib/python3.11/site-packages/airflow/example_dags/example_dynamic_task_mapping_with_no_taskflow_operators.py for tasks to queue
[2025-02-27T19:30:37.077+0000] {logging_mixin.py:190} INFO - [2025-02-27T19:30:37.076+0000] {dagbag.py:588} INFO - Filling up the DagBag from /home/sravan2418/airflow-env/lib/python3.11/site-packages/airflow/example_dags/example_dynamic_task_mapping_with_no_taskflow_operators.py
[2025-02-27T19:30:37.090+0000] {processor.py:925} INFO - DAG(s) 'example_dynamic_task_mapping_with_no_taskflow_operators' retrieved from /home/sravan2418/airflow-env/lib/python3.11/site-packages/airflow/example_dags/example_dynamic_task_mapping_with_no_taskflow_operators.py
[2025-02-27T19:30:37.111+0000] {logging_mixin.py:190} INFO - [2025-02-27T19:30:37.111+0000] {dag.py:3239} INFO - Sync 1 DAGs
[2025-02-27T19:30:37.127+0000] {logging_mixin.py:190} INFO - [2025-02-27T19:30:37.127+0000] {dag.py:4180} INFO - Setting next_dagrun for example_dynamic_task_mapping_with_no_taskflow_operators to None, run_after=None
[2025-02-27T19:30:37.153+0000] {processor.py:208} INFO - Processing /home/sravan2418/airflow-env/lib/python3.11/site-packages/airflow/example_dags/example_dynamic_task_mapping_with_no_taskflow_operators.py took 0.091 seconds
[2025-02-27T19:31:41.775+0000] {processor.py:186} INFO - Started process (PID=3266) to work on /home/sravan2418/airflow-env/lib/python3.11/site-packages/airflow/example_dags/example_dynamic_task_mapping_with_no_taskflow_operators.py
[2025-02-27T19:31:41.779+0000] {processor.py:914} INFO - Processing file /home/sravan2418/airflow-env/lib/python3.11/site-packages/airflow/example_dags/example_dynamic_task_mapping_with_no_taskflow_operators.py for tasks to queue
[2025-02-27T19:31:41.783+0000] {logging_mixin.py:190} INFO - [2025-02-27T19:31:41.783+0000] {dagbag.py:588} INFO - Filling up the DagBag from /home/sravan2418/airflow-env/lib/python3.11/site-packages/airflow/example_dags/example_dynamic_task_mapping_with_no_taskflow_operators.py
[2025-02-27T19:31:41.799+0000] {processor.py:925} INFO - DAG(s) 'example_dynamic_task_mapping_with_no_taskflow_operators' retrieved from /home/sravan2418/airflow-env/lib/python3.11/site-packages/airflow/example_dags/example_dynamic_task_mapping_with_no_taskflow_operators.py
[2025-02-27T19:31:41.830+0000] {logging_mixin.py:190} INFO - [2025-02-27T19:31:41.830+0000] {dag.py:3239} INFO - Sync 1 DAGs
[2025-02-27T19:31:41.849+0000] {logging_mixin.py:190} INFO - [2025-02-27T19:31:41.849+0000] {dag.py:4180} INFO - Setting next_dagrun for example_dynamic_task_mapping_with_no_taskflow_operators to None, run_after=None
[2025-02-27T19:31:41.880+0000] {processor.py:208} INFO - Processing /home/sravan2418/airflow-env/lib/python3.11/site-packages/airflow/example_dags/example_dynamic_task_mapping_with_no_taskflow_operators.py took 0.116 seconds
[2025-02-27T19:32:56.078+0000] {processor.py:186} INFO - Started process (PID=3341) to work on /home/sravan2418/airflow-env/lib/python3.11/site-packages/airflow/example_dags/example_dynamic_task_mapping_with_no_taskflow_operators.py
[2025-02-27T19:32:56.081+0000] {processor.py:914} INFO - Processing file /home/sravan2418/airflow-env/lib/python3.11/site-packages/airflow/example_dags/example_dynamic_task_mapping_with_no_taskflow_operators.py for tasks to queue
[2025-02-27T19:32:56.084+0000] {logging_mixin.py:190} INFO - [2025-02-27T19:32:56.083+0000] {dagbag.py:588} INFO - Filling up the DagBag from /home/sravan2418/airflow-env/lib/python3.11/site-packages/airflow/example_dags/example_dynamic_task_mapping_with_no_taskflow_operators.py
[2025-02-27T19:32:56.099+0000] {processor.py:925} INFO - DAG(s) 'example_dynamic_task_mapping_with_no_taskflow_operators' retrieved from /home/sravan2418/airflow-env/lib/python3.11/site-packages/airflow/example_dags/example_dynamic_task_mapping_with_no_taskflow_operators.py
[2025-02-27T19:32:56.121+0000] {logging_mixin.py:190} INFO - [2025-02-27T19:32:56.121+0000] {dag.py:3239} INFO - Sync 1 DAGs
[2025-02-27T19:32:56.137+0000] {logging_mixin.py:190} INFO - [2025-02-27T19:32:56.137+0000] {dag.py:4180} INFO - Setting next_dagrun for example_dynamic_task_mapping_with_no_taskflow_operators to None, run_after=None
[2025-02-27T19:32:56.165+0000] {processor.py:208} INFO - Processing /home/sravan2418/airflow-env/lib/python3.11/site-packages/airflow/example_dags/example_dynamic_task_mapping_with_no_taskflow_operators.py took 0.096 seconds
[2025-02-27T19:34:00.046+0000] {processor.py:186} INFO - Started process (PID=3404) to work on /home/sravan2418/airflow-env/lib/python3.11/site-packages/airflow/example_dags/example_dynamic_task_mapping_with_no_taskflow_operators.py
[2025-02-27T19:34:00.049+0000] {processor.py:914} INFO - Processing file /home/sravan2418/airflow-env/lib/python3.11/site-packages/airflow/example_dags/example_dynamic_task_mapping_with_no_taskflow_operators.py for tasks to queue
[2025-02-27T19:34:00.053+0000] {logging_mixin.py:190} INFO - [2025-02-27T19:34:00.052+0000] {dagbag.py:588} INFO - Filling up the DagBag from /home/sravan2418/airflow-env/lib/python3.11/site-packages/airflow/example_dags/example_dynamic_task_mapping_with_no_taskflow_operators.py
[2025-02-27T19:34:00.070+0000] {processor.py:925} INFO - DAG(s) 'example_dynamic_task_mapping_with_no_taskflow_operators' retrieved from /home/sravan2418/airflow-env/lib/python3.11/site-packages/airflow/example_dags/example_dynamic_task_mapping_with_no_taskflow_operators.py
[2025-02-27T19:34:00.098+0000] {logging_mixin.py:190} INFO - [2025-02-27T19:34:00.098+0000] {dag.py:3239} INFO - Sync 1 DAGs
[2025-02-27T19:34:00.118+0000] {logging_mixin.py:190} INFO - [2025-02-27T19:34:00.117+0000] {dag.py:4180} INFO - Setting next_dagrun for example_dynamic_task_mapping_with_no_taskflow_operators to None, run_after=None
[2025-02-27T19:34:00.150+0000] {processor.py:208} INFO - Processing /home/sravan2418/airflow-env/lib/python3.11/site-packages/airflow/example_dags/example_dynamic_task_mapping_with_no_taskflow_operators.py took 0.115 seconds
[2025-02-27T19:35:04.005+0000] {processor.py:186} INFO - Started process (PID=3469) to work on /home/sravan2418/airflow-env/lib/python3.11/site-packages/airflow/example_dags/example_dynamic_task_mapping_with_no_taskflow_operators.py
[2025-02-27T19:35:04.007+0000] {processor.py:914} INFO - Processing file /home/sravan2418/airflow-env/lib/python3.11/site-packages/airflow/example_dags/example_dynamic_task_mapping_with_no_taskflow_operators.py for tasks to queue
[2025-02-27T19:35:04.010+0000] {logging_mixin.py:190} INFO - [2025-02-27T19:35:04.009+0000] {dagbag.py:588} INFO - Filling up the DagBag from /home/sravan2418/airflow-env/lib/python3.11/site-packages/airflow/example_dags/example_dynamic_task_mapping_with_no_taskflow_operators.py
[2025-02-27T19:35:04.025+0000] {processor.py:925} INFO - DAG(s) 'example_dynamic_task_mapping_with_no_taskflow_operators' retrieved from /home/sravan2418/airflow-env/lib/python3.11/site-packages/airflow/example_dags/example_dynamic_task_mapping_with_no_taskflow_operators.py
[2025-02-27T19:35:04.047+0000] {logging_mixin.py:190} INFO - [2025-02-27T19:35:04.047+0000] {dag.py:3239} INFO - Sync 1 DAGs
[2025-02-27T19:35:04.066+0000] {logging_mixin.py:190} INFO - [2025-02-27T19:35:04.065+0000] {dag.py:4180} INFO - Setting next_dagrun for example_dynamic_task_mapping_with_no_taskflow_operators to None, run_after=None
[2025-02-27T19:35:04.099+0000] {processor.py:208} INFO - Processing /home/sravan2418/airflow-env/lib/python3.11/site-packages/airflow/example_dags/example_dynamic_task_mapping_with_no_taskflow_operators.py took 0.104 seconds
