[2025-02-27T19:21:18.564+0000] {processor.py:186} INFO - Started process (PID=2604) to work on /home/sravan2418/airflow-env/lib/python3.11/site-packages/airflow/example_dags/example_workday_timetable.py
[2025-02-27T19:21:18.566+0000] {processor.py:914} INFO - Processing file /home/sravan2418/airflow-env/lib/python3.11/site-packages/airflow/example_dags/example_workday_timetable.py for tasks to queue
[2025-02-27T19:21:18.571+0000] {logging_mixin.py:190} INFO - [2025-02-27T19:21:18.570+0000] {dagbag.py:588} INFO - Filling up the DagBag from /home/sravan2418/airflow-env/lib/python3.11/site-packages/airflow/example_dags/example_workday_timetable.py
[2025-02-27T19:21:18.583+0000] {processor.py:925} INFO - DAG(s) 'example_workday_timetable' retrieved from /home/sravan2418/airflow-env/lib/python3.11/site-packages/airflow/example_dags/example_workday_timetable.py
[2025-02-27T19:21:18.725+0000] {logging_mixin.py:190} INFO - [2025-02-27T19:21:18.724+0000] {override.py:1930} INFO - Created Permission View: can edit on DAG:example_workday_timetable
[2025-02-27T19:21:18.742+0000] {logging_mixin.py:190} INFO - [2025-02-27T19:21:18.741+0000] {override.py:1930} INFO - Created Permission View: can delete on DAG:example_workday_timetable
[2025-02-27T19:21:18.754+0000] {logging_mixin.py:190} INFO - [2025-02-27T19:21:18.754+0000] {override.py:1930} INFO - Created Permission View: can read on DAG:example_workday_timetable
[2025-02-27T19:21:18.775+0000] {logging_mixin.py:190} INFO - [2025-02-27T19:21:18.774+0000] {override.py:1930} INFO - Created Permission View: menu access on DAG Run:example_workday_timetable
[2025-02-27T19:21:18.787+0000] {logging_mixin.py:190} INFO - [2025-02-27T19:21:18.787+0000] {override.py:1930} INFO - Created Permission View: can create on DAG Run:example_workday_timetable
[2025-02-27T19:21:18.800+0000] {logging_mixin.py:190} INFO - [2025-02-27T19:21:18.799+0000] {override.py:1930} INFO - Created Permission View: can delete on DAG Run:example_workday_timetable
[2025-02-27T19:21:18.811+0000] {logging_mixin.py:190} INFO - [2025-02-27T19:21:18.811+0000] {override.py:1930} INFO - Created Permission View: can read on DAG Run:example_workday_timetable
[2025-02-27T19:21:18.812+0000] {logging_mixin.py:190} INFO - [2025-02-27T19:21:18.812+0000] {dag.py:3239} INFO - Sync 1 DAGs
[2025-02-27T19:21:18.829+0000] {logging_mixin.py:190} INFO - [2025-02-27T19:21:18.829+0000] {dag.py:3262} INFO - Creating ORM DAG for example_workday_timetable
[2025-02-27T19:21:18.841+0000] {logging_mixin.py:190} INFO - [2025-02-27T19:21:18.841+0000] {dag.py:4180} INFO - Setting next_dagrun for example_workday_timetable to 2021-01-01 00:00:00+00:00, run_after=2021-01-02 00:00:00+00:00
[2025-02-27T19:21:18.869+0000] {processor.py:208} INFO - Processing /home/sravan2418/airflow-env/lib/python3.11/site-packages/airflow/example_dags/example_workday_timetable.py took 0.317 seconds
[2025-02-27T19:23:02.044+0000] {processor.py:186} INFO - Started process (PID=2713) to work on /home/sravan2418/airflow-env/lib/python3.11/site-packages/airflow/example_dags/example_workday_timetable.py
[2025-02-27T19:23:02.054+0000] {processor.py:914} INFO - Processing file /home/sravan2418/airflow-env/lib/python3.11/site-packages/airflow/example_dags/example_workday_timetable.py for tasks to queue
[2025-02-27T19:23:02.057+0000] {logging_mixin.py:190} INFO - [2025-02-27T19:23:02.056+0000] {dagbag.py:588} INFO - Filling up the DagBag from /home/sravan2418/airflow-env/lib/python3.11/site-packages/airflow/example_dags/example_workday_timetable.py
[2025-02-27T19:23:02.066+0000] {processor.py:925} INFO - DAG(s) 'example_workday_timetable' retrieved from /home/sravan2418/airflow-env/lib/python3.11/site-packages/airflow/example_dags/example_workday_timetable.py
[2025-02-27T19:23:02.089+0000] {logging_mixin.py:190} INFO - [2025-02-27T19:23:02.088+0000] {dag.py:3239} INFO - Sync 1 DAGs
[2025-02-27T19:23:02.114+0000] {logging_mixin.py:190} INFO - [2025-02-27T19:23:02.114+0000] {dag.py:4180} INFO - Setting next_dagrun for example_workday_timetable to 2021-01-01 00:00:00+00:00, run_after=2021-01-02 00:00:00+00:00
[2025-02-27T19:23:02.139+0000] {processor.py:208} INFO - Processing /home/sravan2418/airflow-env/lib/python3.11/site-packages/airflow/example_dags/example_workday_timetable.py took 0.105 seconds
[2025-02-27T19:24:03.994+0000] {processor.py:186} INFO - Started process (PID=2772) to work on /home/sravan2418/airflow-env/lib/python3.11/site-packages/airflow/example_dags/example_workday_timetable.py
[2025-02-27T19:24:03.997+0000] {processor.py:914} INFO - Processing file /home/sravan2418/airflow-env/lib/python3.11/site-packages/airflow/example_dags/example_workday_timetable.py for tasks to queue
[2025-02-27T19:24:04.000+0000] {logging_mixin.py:190} INFO - [2025-02-27T19:24:04.000+0000] {dagbag.py:588} INFO - Filling up the DagBag from /home/sravan2418/airflow-env/lib/python3.11/site-packages/airflow/example_dags/example_workday_timetable.py
[2025-02-27T19:24:04.012+0000] {processor.py:925} INFO - DAG(s) 'example_workday_timetable' retrieved from /home/sravan2418/airflow-env/lib/python3.11/site-packages/airflow/example_dags/example_workday_timetable.py
[2025-02-27T19:24:04.041+0000] {logging_mixin.py:190} INFO - [2025-02-27T19:24:04.040+0000] {dag.py:3239} INFO - Sync 1 DAGs
[2025-02-27T19:24:04.076+0000] {logging_mixin.py:190} INFO - [2025-02-27T19:24:04.076+0000] {dag.py:4180} INFO - Setting next_dagrun for example_workday_timetable to 2021-01-01 00:00:00+00:00, run_after=2021-01-02 00:00:00+00:00
[2025-02-27T19:24:04.110+0000] {processor.py:208} INFO - Processing /home/sravan2418/airflow-env/lib/python3.11/site-packages/airflow/example_dags/example_workday_timetable.py took 0.126 seconds
[2025-02-27T19:25:04.954+0000] {processor.py:186} INFO - Started process (PID=2844) to work on /home/sravan2418/airflow-env/lib/python3.11/site-packages/airflow/example_dags/example_workday_timetable.py
[2025-02-27T19:25:04.957+0000] {processor.py:914} INFO - Processing file /home/sravan2418/airflow-env/lib/python3.11/site-packages/airflow/example_dags/example_workday_timetable.py for tasks to queue
[2025-02-27T19:25:04.961+0000] {logging_mixin.py:190} INFO - [2025-02-27T19:25:04.960+0000] {dagbag.py:588} INFO - Filling up the DagBag from /home/sravan2418/airflow-env/lib/python3.11/site-packages/airflow/example_dags/example_workday_timetable.py
[2025-02-27T19:25:04.974+0000] {processor.py:925} INFO - DAG(s) 'example_workday_timetable' retrieved from /home/sravan2418/airflow-env/lib/python3.11/site-packages/airflow/example_dags/example_workday_timetable.py
[2025-02-27T19:25:05.003+0000] {logging_mixin.py:190} INFO - [2025-02-27T19:25:05.002+0000] {dag.py:3239} INFO - Sync 1 DAGs
[2025-02-27T19:25:05.036+0000] {logging_mixin.py:190} INFO - [2025-02-27T19:25:05.036+0000] {dag.py:4180} INFO - Setting next_dagrun for example_workday_timetable to 2021-01-01 00:00:00+00:00, run_after=2021-01-02 00:00:00+00:00
[2025-02-27T19:25:05.072+0000] {processor.py:208} INFO - Processing /home/sravan2418/airflow-env/lib/python3.11/site-packages/airflow/example_dags/example_workday_timetable.py took 0.128 seconds
[2025-02-27T19:26:06.799+0000] {processor.py:186} INFO - Started process (PID=2904) to work on /home/sravan2418/airflow-env/lib/python3.11/site-packages/airflow/example_dags/example_workday_timetable.py
[2025-02-27T19:26:06.802+0000] {processor.py:914} INFO - Processing file /home/sravan2418/airflow-env/lib/python3.11/site-packages/airflow/example_dags/example_workday_timetable.py for tasks to queue
[2025-02-27T19:26:06.805+0000] {logging_mixin.py:190} INFO - [2025-02-27T19:26:06.805+0000] {dagbag.py:588} INFO - Filling up the DagBag from /home/sravan2418/airflow-env/lib/python3.11/site-packages/airflow/example_dags/example_workday_timetable.py
[2025-02-27T19:26:06.817+0000] {processor.py:925} INFO - DAG(s) 'example_workday_timetable' retrieved from /home/sravan2418/airflow-env/lib/python3.11/site-packages/airflow/example_dags/example_workday_timetable.py
[2025-02-27T19:26:06.845+0000] {logging_mixin.py:190} INFO - [2025-02-27T19:26:06.844+0000] {dag.py:3239} INFO - Sync 1 DAGs
[2025-02-27T19:26:06.875+0000] {logging_mixin.py:190} INFO - [2025-02-27T19:26:06.875+0000] {dag.py:4180} INFO - Setting next_dagrun for example_workday_timetable to 2021-01-01 00:00:00+00:00, run_after=2021-01-02 00:00:00+00:00
[2025-02-27T19:26:06.909+0000] {processor.py:208} INFO - Processing /home/sravan2418/airflow-env/lib/python3.11/site-packages/airflow/example_dags/example_workday_timetable.py took 0.120 seconds
[2025-02-27T19:27:14.442+0000] {processor.py:186} INFO - Started process (PID=2969) to work on /home/sravan2418/airflow-env/lib/python3.11/site-packages/airflow/example_dags/example_workday_timetable.py
[2025-02-27T19:27:14.444+0000] {processor.py:914} INFO - Processing file /home/sravan2418/airflow-env/lib/python3.11/site-packages/airflow/example_dags/example_workday_timetable.py for tasks to queue
[2025-02-27T19:27:14.448+0000] {logging_mixin.py:190} INFO - [2025-02-27T19:27:14.448+0000] {dagbag.py:588} INFO - Filling up the DagBag from /home/sravan2418/airflow-env/lib/python3.11/site-packages/airflow/example_dags/example_workday_timetable.py
[2025-02-27T19:27:14.458+0000] {processor.py:925} INFO - DAG(s) 'example_workday_timetable' retrieved from /home/sravan2418/airflow-env/lib/python3.11/site-packages/airflow/example_dags/example_workday_timetable.py
[2025-02-27T19:27:14.479+0000] {logging_mixin.py:190} INFO - [2025-02-27T19:27:14.479+0000] {dag.py:3239} INFO - Sync 1 DAGs
[2025-02-27T19:27:14.504+0000] {logging_mixin.py:190} INFO - [2025-02-27T19:27:14.504+0000] {dag.py:4180} INFO - Setting next_dagrun for example_workday_timetable to 2021-01-01 00:00:00+00:00, run_after=2021-01-02 00:00:00+00:00
[2025-02-27T19:27:14.531+0000] {processor.py:208} INFO - Processing /home/sravan2418/airflow-env/lib/python3.11/site-packages/airflow/example_dags/example_workday_timetable.py took 0.098 seconds
[2025-02-27T19:28:14.891+0000] {processor.py:186} INFO - Started process (PID=3049) to work on /home/sravan2418/airflow-env/lib/python3.11/site-packages/airflow/example_dags/example_workday_timetable.py
[2025-02-27T19:28:14.894+0000] {processor.py:914} INFO - Processing file /home/sravan2418/airflow-env/lib/python3.11/site-packages/airflow/example_dags/example_workday_timetable.py for tasks to queue
[2025-02-27T19:28:14.897+0000] {logging_mixin.py:190} INFO - [2025-02-27T19:28:14.896+0000] {dagbag.py:588} INFO - Filling up the DagBag from /home/sravan2418/airflow-env/lib/python3.11/site-packages/airflow/example_dags/example_workday_timetable.py
[2025-02-27T19:28:14.907+0000] {processor.py:925} INFO - DAG(s) 'example_workday_timetable' retrieved from /home/sravan2418/airflow-env/lib/python3.11/site-packages/airflow/example_dags/example_workday_timetable.py
[2025-02-27T19:28:14.931+0000] {logging_mixin.py:190} INFO - [2025-02-27T19:28:14.930+0000] {dag.py:3239} INFO - Sync 1 DAGs
[2025-02-27T19:28:14.958+0000] {logging_mixin.py:190} INFO - [2025-02-27T19:28:14.957+0000] {dag.py:4180} INFO - Setting next_dagrun for example_workday_timetable to 2021-01-01 00:00:00+00:00, run_after=2021-01-02 00:00:00+00:00
[2025-02-27T19:28:14.983+0000] {processor.py:208} INFO - Processing /home/sravan2418/airflow-env/lib/python3.11/site-packages/airflow/example_dags/example_workday_timetable.py took 0.101 seconds
[2025-02-27T19:29:14.849+0000] {processor.py:186} INFO - Started process (PID=3117) to work on /home/sravan2418/airflow-env/lib/python3.11/site-packages/airflow/example_dags/example_workday_timetable.py
[2025-02-27T19:29:14.851+0000] {processor.py:914} INFO - Processing file /home/sravan2418/airflow-env/lib/python3.11/site-packages/airflow/example_dags/example_workday_timetable.py for tasks to queue
[2025-02-27T19:29:14.855+0000] {logging_mixin.py:190} INFO - [2025-02-27T19:29:14.854+0000] {dagbag.py:588} INFO - Filling up the DagBag from /home/sravan2418/airflow-env/lib/python3.11/site-packages/airflow/example_dags/example_workday_timetable.py
[2025-02-27T19:29:14.867+0000] {processor.py:925} INFO - DAG(s) 'example_workday_timetable' retrieved from /home/sravan2418/airflow-env/lib/python3.11/site-packages/airflow/example_dags/example_workday_timetable.py
[2025-02-27T19:29:14.893+0000] {logging_mixin.py:190} INFO - [2025-02-27T19:29:14.893+0000] {dag.py:3239} INFO - Sync 1 DAGs
[2025-02-27T19:29:14.925+0000] {logging_mixin.py:190} INFO - [2025-02-27T19:29:14.925+0000] {dag.py:4180} INFO - Setting next_dagrun for example_workday_timetable to 2021-01-01 00:00:00+00:00, run_after=2021-01-02 00:00:00+00:00
[2025-02-27T19:29:14.957+0000] {processor.py:208} INFO - Processing /home/sravan2418/airflow-env/lib/python3.11/site-packages/airflow/example_dags/example_workday_timetable.py took 0.119 seconds
[2025-02-27T19:30:12.536+0000] {processor.py:186} INFO - Started process (PID=3180) to work on /home/sravan2418/airflow-env/lib/python3.11/site-packages/airflow/example_dags/example_workday_timetable.py
[2025-02-27T19:30:12.539+0000] {processor.py:914} INFO - Processing file /home/sravan2418/airflow-env/lib/python3.11/site-packages/airflow/example_dags/example_workday_timetable.py for tasks to queue
[2025-02-27T19:30:12.542+0000] {logging_mixin.py:190} INFO - [2025-02-27T19:30:12.541+0000] {dagbag.py:588} INFO - Filling up the DagBag from /home/sravan2418/airflow-env/lib/python3.11/site-packages/airflow/example_dags/example_workday_timetable.py
[2025-02-27T19:30:12.552+0000] {processor.py:925} INFO - DAG(s) 'example_workday_timetable' retrieved from /home/sravan2418/airflow-env/lib/python3.11/site-packages/airflow/example_dags/example_workday_timetable.py
[2025-02-27T19:30:12.575+0000] {logging_mixin.py:190} INFO - [2025-02-27T19:30:12.575+0000] {dag.py:3239} INFO - Sync 1 DAGs
[2025-02-27T19:30:12.601+0000] {logging_mixin.py:190} INFO - [2025-02-27T19:30:12.600+0000] {dag.py:4180} INFO - Setting next_dagrun for example_workday_timetable to 2021-01-01 00:00:00+00:00, run_after=2021-01-02 00:00:00+00:00
[2025-02-27T19:30:12.630+0000] {processor.py:208} INFO - Processing /home/sravan2418/airflow-env/lib/python3.11/site-packages/airflow/example_dags/example_workday_timetable.py took 0.103 seconds
[2025-02-27T19:31:17.305+0000] {processor.py:186} INFO - Started process (PID=3244) to work on /home/sravan2418/airflow-env/lib/python3.11/site-packages/airflow/example_dags/example_workday_timetable.py
[2025-02-27T19:31:17.308+0000] {processor.py:914} INFO - Processing file /home/sravan2418/airflow-env/lib/python3.11/site-packages/airflow/example_dags/example_workday_timetable.py for tasks to queue
[2025-02-27T19:31:17.311+0000] {logging_mixin.py:190} INFO - [2025-02-27T19:31:17.311+0000] {dagbag.py:588} INFO - Filling up the DagBag from /home/sravan2418/airflow-env/lib/python3.11/site-packages/airflow/example_dags/example_workday_timetable.py
[2025-02-27T19:31:17.322+0000] {processor.py:925} INFO - DAG(s) 'example_workday_timetable' retrieved from /home/sravan2418/airflow-env/lib/python3.11/site-packages/airflow/example_dags/example_workday_timetable.py
[2025-02-27T19:31:17.344+0000] {logging_mixin.py:190} INFO - [2025-02-27T19:31:17.344+0000] {dag.py:3239} INFO - Sync 1 DAGs
[2025-02-27T19:31:17.369+0000] {logging_mixin.py:190} INFO - [2025-02-27T19:31:17.369+0000] {dag.py:4180} INFO - Setting next_dagrun for example_workday_timetable to 2021-01-01 00:00:00+00:00, run_after=2021-01-02 00:00:00+00:00
[2025-02-27T19:31:17.395+0000] {processor.py:208} INFO - Processing /home/sravan2418/airflow-env/lib/python3.11/site-packages/airflow/example_dags/example_workday_timetable.py took 0.099 seconds
[2025-02-27T19:32:26.802+0000] {processor.py:186} INFO - Started process (PID=3313) to work on /home/sravan2418/airflow-env/lib/python3.11/site-packages/airflow/example_dags/example_workday_timetable.py
[2025-02-27T19:32:26.805+0000] {processor.py:914} INFO - Processing file /home/sravan2418/airflow-env/lib/python3.11/site-packages/airflow/example_dags/example_workday_timetable.py for tasks to queue
[2025-02-27T19:32:26.813+0000] {logging_mixin.py:190} INFO - [2025-02-27T19:32:26.812+0000] {dagbag.py:588} INFO - Filling up the DagBag from /home/sravan2418/airflow-env/lib/python3.11/site-packages/airflow/example_dags/example_workday_timetable.py
[2025-02-27T19:32:26.831+0000] {processor.py:925} INFO - DAG(s) 'example_workday_timetable' retrieved from /home/sravan2418/airflow-env/lib/python3.11/site-packages/airflow/example_dags/example_workday_timetable.py
[2025-02-27T19:32:26.871+0000] {logging_mixin.py:190} INFO - [2025-02-27T19:32:26.871+0000] {dag.py:3239} INFO - Sync 1 DAGs
[2025-02-27T19:32:26.910+0000] {logging_mixin.py:190} INFO - [2025-02-27T19:32:26.910+0000] {dag.py:4180} INFO - Setting next_dagrun for example_workday_timetable to 2021-01-01 00:00:00+00:00, run_after=2021-01-02 00:00:00+00:00
[2025-02-27T19:32:26.947+0000] {processor.py:208} INFO - Processing /home/sravan2418/airflow-env/lib/python3.11/site-packages/airflow/example_dags/example_workday_timetable.py took 0.162 seconds
[2025-02-27T19:33:34.509+0000] {processor.py:186} INFO - Started process (PID=3378) to work on /home/sravan2418/airflow-env/lib/python3.11/site-packages/airflow/example_dags/example_workday_timetable.py
[2025-02-27T19:33:34.511+0000] {processor.py:914} INFO - Processing file /home/sravan2418/airflow-env/lib/python3.11/site-packages/airflow/example_dags/example_workday_timetable.py for tasks to queue
[2025-02-27T19:33:34.515+0000] {logging_mixin.py:190} INFO - [2025-02-27T19:33:34.514+0000] {dagbag.py:588} INFO - Filling up the DagBag from /home/sravan2418/airflow-env/lib/python3.11/site-packages/airflow/example_dags/example_workday_timetable.py
[2025-02-27T19:33:34.526+0000] {processor.py:925} INFO - DAG(s) 'example_workday_timetable' retrieved from /home/sravan2418/airflow-env/lib/python3.11/site-packages/airflow/example_dags/example_workday_timetable.py
[2025-02-27T19:33:34.547+0000] {logging_mixin.py:190} INFO - [2025-02-27T19:33:34.547+0000] {dag.py:3239} INFO - Sync 1 DAGs
[2025-02-27T19:33:34.579+0000] {logging_mixin.py:190} INFO - [2025-02-27T19:33:34.579+0000] {dag.py:4180} INFO - Setting next_dagrun for example_workday_timetable to 2021-01-01 00:00:00+00:00, run_after=2021-01-02 00:00:00+00:00
[2025-02-27T19:33:34.604+0000] {processor.py:208} INFO - Processing /home/sravan2418/airflow-env/lib/python3.11/site-packages/airflow/example_dags/example_workday_timetable.py took 0.105 seconds
[2025-02-27T19:34:37.965+0000] {processor.py:186} INFO - Started process (PID=3444) to work on /home/sravan2418/airflow-env/lib/python3.11/site-packages/airflow/example_dags/example_workday_timetable.py
[2025-02-27T19:34:37.968+0000] {processor.py:914} INFO - Processing file /home/sravan2418/airflow-env/lib/python3.11/site-packages/airflow/example_dags/example_workday_timetable.py for tasks to queue
[2025-02-27T19:34:37.972+0000] {logging_mixin.py:190} INFO - [2025-02-27T19:34:37.971+0000] {dagbag.py:588} INFO - Filling up the DagBag from /home/sravan2418/airflow-env/lib/python3.11/site-packages/airflow/example_dags/example_workday_timetable.py
[2025-02-27T19:34:37.985+0000] {processor.py:925} INFO - DAG(s) 'example_workday_timetable' retrieved from /home/sravan2418/airflow-env/lib/python3.11/site-packages/airflow/example_dags/example_workday_timetable.py
[2025-02-27T19:34:38.013+0000] {logging_mixin.py:190} INFO - [2025-02-27T19:34:38.012+0000] {dag.py:3239} INFO - Sync 1 DAGs
[2025-02-27T19:34:38.045+0000] {logging_mixin.py:190} INFO - [2025-02-27T19:34:38.045+0000] {dag.py:4180} INFO - Setting next_dagrun for example_workday_timetable to 2021-01-01 00:00:00+00:00, run_after=2021-01-02 00:00:00+00:00
[2025-02-27T19:34:38.080+0000] {processor.py:208} INFO - Processing /home/sravan2418/airflow-env/lib/python3.11/site-packages/airflow/example_dags/example_workday_timetable.py took 0.126 seconds
