[2025-02-27T19:21:12.173+0000] {processor.py:186} INFO - Started process (PID=2589) to work on /home/sravan2418/airflow-env/lib/python3.11/site-packages/airflow/example_dags/example_xcomargs.py
[2025-02-27T19:21:12.175+0000] {processor.py:914} INFO - Processing file /home/sravan2418/airflow-env/lib/python3.11/site-packages/airflow/example_dags/example_xcomargs.py for tasks to queue
[2025-02-27T19:21:12.178+0000] {logging_mixin.py:190} INFO - [2025-02-27T19:21:12.178+0000] {dagbag.py:588} INFO - Filling up the DagBag from /home/sravan2418/airflow-env/lib/python3.11/site-packages/airflow/example_dags/example_xcomargs.py
[2025-02-27T19:21:12.198+0000] {processor.py:925} INFO - DAG(s) 'example_xcom_args', 'example_xcom_args_with_operators' retrieved from /home/sravan2418/airflow-env/lib/python3.11/site-packages/airflow/example_dags/example_xcomargs.py
[2025-02-27T19:21:12.352+0000] {logging_mixin.py:190} INFO - [2025-02-27T19:21:12.351+0000] {override.py:1930} INFO - Created Permission View: can edit on DAG:example_xcom_args
[2025-02-27T19:21:12.371+0000] {logging_mixin.py:190} INFO - [2025-02-27T19:21:12.370+0000] {override.py:1930} INFO - Created Permission View: can delete on DAG:example_xcom_args
[2025-02-27T19:21:12.383+0000] {logging_mixin.py:190} INFO - [2025-02-27T19:21:12.383+0000] {override.py:1930} INFO - Created Permission View: can read on DAG:example_xcom_args
[2025-02-27T19:21:12.403+0000] {logging_mixin.py:190} INFO - [2025-02-27T19:21:12.402+0000] {override.py:1930} INFO - Created Permission View: menu access on DAG Run:example_xcom_args
[2025-02-27T19:21:12.415+0000] {logging_mixin.py:190} INFO - [2025-02-27T19:21:12.415+0000] {override.py:1930} INFO - Created Permission View: can create on DAG Run:example_xcom_args
[2025-02-27T19:21:12.427+0000] {logging_mixin.py:190} INFO - [2025-02-27T19:21:12.427+0000] {override.py:1930} INFO - Created Permission View: can delete on DAG Run:example_xcom_args
[2025-02-27T19:21:12.439+0000] {logging_mixin.py:190} INFO - [2025-02-27T19:21:12.438+0000] {override.py:1930} INFO - Created Permission View: can read on DAG Run:example_xcom_args
[2025-02-27T19:21:12.470+0000] {logging_mixin.py:190} INFO - [2025-02-27T19:21:12.469+0000] {override.py:1930} INFO - Created Permission View: can edit on DAG:example_xcom_args_with_operators
[2025-02-27T19:21:12.485+0000] {logging_mixin.py:190} INFO - [2025-02-27T19:21:12.484+0000] {override.py:1930} INFO - Created Permission View: can delete on DAG:example_xcom_args_with_operators
[2025-02-27T19:21:12.498+0000] {logging_mixin.py:190} INFO - [2025-02-27T19:21:12.497+0000] {override.py:1930} INFO - Created Permission View: can read on DAG:example_xcom_args_with_operators
[2025-02-27T19:21:12.517+0000] {logging_mixin.py:190} INFO - [2025-02-27T19:21:12.516+0000] {override.py:1930} INFO - Created Permission View: menu access on DAG Run:example_xcom_args_with_operators
[2025-02-27T19:21:12.529+0000] {logging_mixin.py:190} INFO - [2025-02-27T19:21:12.528+0000] {override.py:1930} INFO - Created Permission View: can create on DAG Run:example_xcom_args_with_operators
[2025-02-27T19:21:12.541+0000] {logging_mixin.py:190} INFO - [2025-02-27T19:21:12.540+0000] {override.py:1930} INFO - Created Permission View: can delete on DAG Run:example_xcom_args_with_operators
[2025-02-27T19:21:12.552+0000] {logging_mixin.py:190} INFO - [2025-02-27T19:21:12.551+0000] {override.py:1930} INFO - Created Permission View: can read on DAG Run:example_xcom_args_with_operators
[2025-02-27T19:21:12.553+0000] {logging_mixin.py:190} INFO - [2025-02-27T19:21:12.552+0000] {dag.py:3239} INFO - Sync 2 DAGs
[2025-02-27T19:21:12.570+0000] {logging_mixin.py:190} INFO - [2025-02-27T19:21:12.570+0000] {dag.py:3262} INFO - Creating ORM DAG for example_xcom_args_with_operators
[2025-02-27T19:21:12.571+0000] {logging_mixin.py:190} INFO - [2025-02-27T19:21:12.571+0000] {dag.py:3262} INFO - Creating ORM DAG for example_xcom_args
[2025-02-27T19:21:12.571+0000] {logging_mixin.py:190} INFO - [2025-02-27T19:21:12.571+0000] {dag.py:4180} INFO - Setting next_dagrun for example_xcom_args to None, run_after=None
[2025-02-27T19:21:12.572+0000] {logging_mixin.py:190} INFO - [2025-02-27T19:21:12.572+0000] {dag.py:4180} INFO - Setting next_dagrun for example_xcom_args_with_operators to None, run_after=None
[2025-02-27T19:21:12.598+0000] {processor.py:208} INFO - Processing /home/sravan2418/airflow-env/lib/python3.11/site-packages/airflow/example_dags/example_xcomargs.py took 0.434 seconds
[2025-02-27T19:22:56.780+0000] {processor.py:186} INFO - Started process (PID=2708) to work on /home/sravan2418/airflow-env/lib/python3.11/site-packages/airflow/example_dags/example_xcomargs.py
[2025-02-27T19:22:56.782+0000] {processor.py:914} INFO - Processing file /home/sravan2418/airflow-env/lib/python3.11/site-packages/airflow/example_dags/example_xcomargs.py for tasks to queue
[2025-02-27T19:22:56.785+0000] {logging_mixin.py:190} INFO - [2025-02-27T19:22:56.784+0000] {dagbag.py:588} INFO - Filling up the DagBag from /home/sravan2418/airflow-env/lib/python3.11/site-packages/airflow/example_dags/example_xcomargs.py
[2025-02-27T19:22:56.800+0000] {processor.py:925} INFO - DAG(s) 'example_xcom_args_with_operators', 'example_xcom_args' retrieved from /home/sravan2418/airflow-env/lib/python3.11/site-packages/airflow/example_dags/example_xcomargs.py
[2025-02-27T19:22:56.847+0000] {logging_mixin.py:190} INFO - [2025-02-27T19:22:56.847+0000] {dag.py:3239} INFO - Sync 2 DAGs
[2025-02-27T19:22:56.868+0000] {logging_mixin.py:190} INFO - [2025-02-27T19:22:56.868+0000] {dag.py:4180} INFO - Setting next_dagrun for example_xcom_args to None, run_after=None
[2025-02-27T19:22:56.872+0000] {logging_mixin.py:190} INFO - [2025-02-27T19:22:56.872+0000] {dag.py:4180} INFO - Setting next_dagrun for example_xcom_args_with_operators to None, run_after=None
[2025-02-27T19:22:56.897+0000] {processor.py:208} INFO - Processing /home/sravan2418/airflow-env/lib/python3.11/site-packages/airflow/example_dags/example_xcomargs.py took 0.126 seconds
[2025-02-27T19:23:58.894+0000] {processor.py:186} INFO - Started process (PID=2767) to work on /home/sravan2418/airflow-env/lib/python3.11/site-packages/airflow/example_dags/example_xcomargs.py
[2025-02-27T19:23:58.897+0000] {processor.py:914} INFO - Processing file /home/sravan2418/airflow-env/lib/python3.11/site-packages/airflow/example_dags/example_xcomargs.py for tasks to queue
[2025-02-27T19:23:58.900+0000] {logging_mixin.py:190} INFO - [2025-02-27T19:23:58.899+0000] {dagbag.py:588} INFO - Filling up the DagBag from /home/sravan2418/airflow-env/lib/python3.11/site-packages/airflow/example_dags/example_xcomargs.py
[2025-02-27T19:23:58.916+0000] {processor.py:925} INFO - DAG(s) 'example_xcom_args', 'example_xcom_args_with_operators' retrieved from /home/sravan2418/airflow-env/lib/python3.11/site-packages/airflow/example_dags/example_xcomargs.py
[2025-02-27T19:23:58.942+0000] {logging_mixin.py:190} INFO - [2025-02-27T19:23:58.941+0000] {dag.py:3239} INFO - Sync 2 DAGs
[2025-02-27T19:23:58.963+0000] {logging_mixin.py:190} INFO - [2025-02-27T19:23:58.963+0000] {dag.py:4180} INFO - Setting next_dagrun for example_xcom_args to None, run_after=None
[2025-02-27T19:23:58.969+0000] {logging_mixin.py:190} INFO - [2025-02-27T19:23:58.968+0000] {dag.py:4180} INFO - Setting next_dagrun for example_xcom_args_with_operators to None, run_after=None
[2025-02-27T19:23:58.993+0000] {processor.py:208} INFO - Processing /home/sravan2418/airflow-env/lib/python3.11/site-packages/airflow/example_dags/example_xcomargs.py took 0.108 seconds
[2025-02-27T19:24:59.855+0000] {processor.py:186} INFO - Started process (PID=2839) to work on /home/sravan2418/airflow-env/lib/python3.11/site-packages/airflow/example_dags/example_xcomargs.py
[2025-02-27T19:24:59.857+0000] {processor.py:914} INFO - Processing file /home/sravan2418/airflow-env/lib/python3.11/site-packages/airflow/example_dags/example_xcomargs.py for tasks to queue
[2025-02-27T19:24:59.860+0000] {logging_mixin.py:190} INFO - [2025-02-27T19:24:59.859+0000] {dagbag.py:588} INFO - Filling up the DagBag from /home/sravan2418/airflow-env/lib/python3.11/site-packages/airflow/example_dags/example_xcomargs.py
[2025-02-27T19:24:59.876+0000] {processor.py:925} INFO - DAG(s) 'example_xcom_args_with_operators', 'example_xcom_args' retrieved from /home/sravan2418/airflow-env/lib/python3.11/site-packages/airflow/example_dags/example_xcomargs.py
[2025-02-27T19:24:59.902+0000] {logging_mixin.py:190} INFO - [2025-02-27T19:24:59.902+0000] {dag.py:3239} INFO - Sync 2 DAGs
[2025-02-27T19:24:59.919+0000] {logging_mixin.py:190} INFO - [2025-02-27T19:24:59.919+0000] {dag.py:4180} INFO - Setting next_dagrun for example_xcom_args to None, run_after=None
[2025-02-27T19:24:59.923+0000] {logging_mixin.py:190} INFO - [2025-02-27T19:24:59.923+0000] {dag.py:4180} INFO - Setting next_dagrun for example_xcom_args_with_operators to None, run_after=None
[2025-02-27T19:24:59.948+0000] {processor.py:208} INFO - Processing /home/sravan2418/airflow-env/lib/python3.11/site-packages/airflow/example_dags/example_xcomargs.py took 0.102 seconds
[2025-02-27T19:26:01.111+0000] {processor.py:186} INFO - Started process (PID=2899) to work on /home/sravan2418/airflow-env/lib/python3.11/site-packages/airflow/example_dags/example_xcomargs.py
[2025-02-27T19:26:01.113+0000] {processor.py:914} INFO - Processing file /home/sravan2418/airflow-env/lib/python3.11/site-packages/airflow/example_dags/example_xcomargs.py for tasks to queue
[2025-02-27T19:26:01.116+0000] {logging_mixin.py:190} INFO - [2025-02-27T19:26:01.115+0000] {dagbag.py:588} INFO - Filling up the DagBag from /home/sravan2418/airflow-env/lib/python3.11/site-packages/airflow/example_dags/example_xcomargs.py
[2025-02-27T19:26:01.132+0000] {processor.py:925} INFO - DAG(s) 'example_xcom_args_with_operators', 'example_xcom_args' retrieved from /home/sravan2418/airflow-env/lib/python3.11/site-packages/airflow/example_dags/example_xcomargs.py
[2025-02-27T19:26:01.157+0000] {logging_mixin.py:190} INFO - [2025-02-27T19:26:01.157+0000] {dag.py:3239} INFO - Sync 2 DAGs
[2025-02-27T19:26:01.173+0000] {logging_mixin.py:190} INFO - [2025-02-27T19:26:01.173+0000] {dag.py:4180} INFO - Setting next_dagrun for example_xcom_args to None, run_after=None
[2025-02-27T19:26:01.177+0000] {logging_mixin.py:190} INFO - [2025-02-27T19:26:01.177+0000] {dag.py:4180} INFO - Setting next_dagrun for example_xcom_args_with_operators to None, run_after=None
[2025-02-27T19:26:01.203+0000] {processor.py:208} INFO - Processing /home/sravan2418/airflow-env/lib/python3.11/site-packages/airflow/example_dags/example_xcomargs.py took 0.101 seconds
[2025-02-27T19:27:09.188+0000] {processor.py:186} INFO - Started process (PID=2964) to work on /home/sravan2418/airflow-env/lib/python3.11/site-packages/airflow/example_dags/example_xcomargs.py
[2025-02-27T19:27:09.190+0000] {processor.py:914} INFO - Processing file /home/sravan2418/airflow-env/lib/python3.11/site-packages/airflow/example_dags/example_xcomargs.py for tasks to queue
[2025-02-27T19:27:09.193+0000] {logging_mixin.py:190} INFO - [2025-02-27T19:27:09.193+0000] {dagbag.py:588} INFO - Filling up the DagBag from /home/sravan2418/airflow-env/lib/python3.11/site-packages/airflow/example_dags/example_xcomargs.py
[2025-02-27T19:27:09.209+0000] {processor.py:925} INFO - DAG(s) 'example_xcom_args_with_operators', 'example_xcom_args' retrieved from /home/sravan2418/airflow-env/lib/python3.11/site-packages/airflow/example_dags/example_xcomargs.py
[2025-02-27T19:27:09.237+0000] {logging_mixin.py:190} INFO - [2025-02-27T19:27:09.237+0000] {dag.py:3239} INFO - Sync 2 DAGs
[2025-02-27T19:27:09.257+0000] {logging_mixin.py:190} INFO - [2025-02-27T19:27:09.257+0000] {dag.py:4180} INFO - Setting next_dagrun for example_xcom_args to None, run_after=None
[2025-02-27T19:27:09.261+0000] {logging_mixin.py:190} INFO - [2025-02-27T19:27:09.261+0000] {dag.py:4180} INFO - Setting next_dagrun for example_xcom_args_with_operators to None, run_after=None
[2025-02-27T19:27:09.288+0000] {processor.py:208} INFO - Processing /home/sravan2418/airflow-env/lib/python3.11/site-packages/airflow/example_dags/example_xcomargs.py took 0.109 seconds
[2025-02-27T19:28:09.625+0000] {processor.py:186} INFO - Started process (PID=3041) to work on /home/sravan2418/airflow-env/lib/python3.11/site-packages/airflow/example_dags/example_xcomargs.py
[2025-02-27T19:28:09.627+0000] {processor.py:914} INFO - Processing file /home/sravan2418/airflow-env/lib/python3.11/site-packages/airflow/example_dags/example_xcomargs.py for tasks to queue
[2025-02-27T19:28:09.630+0000] {logging_mixin.py:190} INFO - [2025-02-27T19:28:09.630+0000] {dagbag.py:588} INFO - Filling up the DagBag from /home/sravan2418/airflow-env/lib/python3.11/site-packages/airflow/example_dags/example_xcomargs.py
[2025-02-27T19:28:09.646+0000] {processor.py:925} INFO - DAG(s) 'example_xcom_args', 'example_xcom_args_with_operators' retrieved from /home/sravan2418/airflow-env/lib/python3.11/site-packages/airflow/example_dags/example_xcomargs.py
[2025-02-27T19:28:09.678+0000] {logging_mixin.py:190} INFO - [2025-02-27T19:28:09.678+0000] {dag.py:3239} INFO - Sync 2 DAGs
[2025-02-27T19:28:09.696+0000] {logging_mixin.py:190} INFO - [2025-02-27T19:28:09.695+0000] {dag.py:4180} INFO - Setting next_dagrun for example_xcom_args to None, run_after=None
[2025-02-27T19:28:09.700+0000] {logging_mixin.py:190} INFO - [2025-02-27T19:28:09.699+0000] {dag.py:4180} INFO - Setting next_dagrun for example_xcom_args_with_operators to None, run_after=None
[2025-02-27T19:28:09.725+0000] {processor.py:208} INFO - Processing /home/sravan2418/airflow-env/lib/python3.11/site-packages/airflow/example_dags/example_xcomargs.py took 0.108 seconds
[2025-02-27T19:29:09.486+0000] {processor.py:186} INFO - Started process (PID=3112) to work on /home/sravan2418/airflow-env/lib/python3.11/site-packages/airflow/example_dags/example_xcomargs.py
[2025-02-27T19:29:09.489+0000] {processor.py:914} INFO - Processing file /home/sravan2418/airflow-env/lib/python3.11/site-packages/airflow/example_dags/example_xcomargs.py for tasks to queue
[2025-02-27T19:29:09.492+0000] {logging_mixin.py:190} INFO - [2025-02-27T19:29:09.492+0000] {dagbag.py:588} INFO - Filling up the DagBag from /home/sravan2418/airflow-env/lib/python3.11/site-packages/airflow/example_dags/example_xcomargs.py
[2025-02-27T19:29:09.512+0000] {processor.py:925} INFO - DAG(s) 'example_xcom_args', 'example_xcom_args_with_operators' retrieved from /home/sravan2418/airflow-env/lib/python3.11/site-packages/airflow/example_dags/example_xcomargs.py
[2025-02-27T19:29:09.540+0000] {logging_mixin.py:190} INFO - [2025-02-27T19:29:09.540+0000] {dag.py:3239} INFO - Sync 2 DAGs
[2025-02-27T19:29:09.558+0000] {logging_mixin.py:190} INFO - [2025-02-27T19:29:09.558+0000] {dag.py:4180} INFO - Setting next_dagrun for example_xcom_args to None, run_after=None
[2025-02-27T19:29:09.563+0000] {logging_mixin.py:190} INFO - [2025-02-27T19:29:09.562+0000] {dag.py:4180} INFO - Setting next_dagrun for example_xcom_args_with_operators to None, run_after=None
[2025-02-27T19:29:09.587+0000] {processor.py:208} INFO - Processing /home/sravan2418/airflow-env/lib/python3.11/site-packages/airflow/example_dags/example_xcomargs.py took 0.111 seconds
[2025-02-27T19:30:07.198+0000] {processor.py:186} INFO - Started process (PID=3173) to work on /home/sravan2418/airflow-env/lib/python3.11/site-packages/airflow/example_dags/example_xcomargs.py
[2025-02-27T19:30:07.201+0000] {processor.py:914} INFO - Processing file /home/sravan2418/airflow-env/lib/python3.11/site-packages/airflow/example_dags/example_xcomargs.py for tasks to queue
[2025-02-27T19:30:07.205+0000] {logging_mixin.py:190} INFO - [2025-02-27T19:30:07.204+0000] {dagbag.py:588} INFO - Filling up the DagBag from /home/sravan2418/airflow-env/lib/python3.11/site-packages/airflow/example_dags/example_xcomargs.py
[2025-02-27T19:30:07.224+0000] {processor.py:925} INFO - DAG(s) 'example_xcom_args', 'example_xcom_args_with_operators' retrieved from /home/sravan2418/airflow-env/lib/python3.11/site-packages/airflow/example_dags/example_xcomargs.py
[2025-02-27T19:30:07.256+0000] {logging_mixin.py:190} INFO - [2025-02-27T19:30:07.255+0000] {dag.py:3239} INFO - Sync 2 DAGs
[2025-02-27T19:30:07.275+0000] {logging_mixin.py:190} INFO - [2025-02-27T19:30:07.275+0000] {dag.py:4180} INFO - Setting next_dagrun for example_xcom_args to None, run_after=None
[2025-02-27T19:30:07.280+0000] {logging_mixin.py:190} INFO - [2025-02-27T19:30:07.280+0000] {dag.py:4180} INFO - Setting next_dagrun for example_xcom_args_with_operators to None, run_after=None
[2025-02-27T19:30:07.310+0000] {processor.py:208} INFO - Processing /home/sravan2418/airflow-env/lib/python3.11/site-packages/airflow/example_dags/example_xcomargs.py took 0.122 seconds
[2025-02-27T19:31:11.924+0000] {processor.py:186} INFO - Started process (PID=3237) to work on /home/sravan2418/airflow-env/lib/python3.11/site-packages/airflow/example_dags/example_xcomargs.py
[2025-02-27T19:31:11.926+0000] {processor.py:914} INFO - Processing file /home/sravan2418/airflow-env/lib/python3.11/site-packages/airflow/example_dags/example_xcomargs.py for tasks to queue
[2025-02-27T19:31:11.929+0000] {logging_mixin.py:190} INFO - [2025-02-27T19:31:11.928+0000] {dagbag.py:588} INFO - Filling up the DagBag from /home/sravan2418/airflow-env/lib/python3.11/site-packages/airflow/example_dags/example_xcomargs.py
[2025-02-27T19:31:11.946+0000] {processor.py:925} INFO - DAG(s) 'example_xcom_args', 'example_xcom_args_with_operators' retrieved from /home/sravan2418/airflow-env/lib/python3.11/site-packages/airflow/example_dags/example_xcomargs.py
[2025-02-27T19:31:11.971+0000] {logging_mixin.py:190} INFO - [2025-02-27T19:31:11.971+0000] {dag.py:3239} INFO - Sync 2 DAGs
[2025-02-27T19:31:11.987+0000] {logging_mixin.py:190} INFO - [2025-02-27T19:31:11.987+0000] {dag.py:4180} INFO - Setting next_dagrun for example_xcom_args to None, run_after=None
[2025-02-27T19:31:11.991+0000] {logging_mixin.py:190} INFO - [2025-02-27T19:31:11.991+0000] {dag.py:4180} INFO - Setting next_dagrun for example_xcom_args_with_operators to None, run_after=None
[2025-02-27T19:31:12.016+0000] {processor.py:208} INFO - Processing /home/sravan2418/airflow-env/lib/python3.11/site-packages/airflow/example_dags/example_xcomargs.py took 0.101 seconds
[2025-02-27T19:32:20.815+0000] {processor.py:186} INFO - Started process (PID=3308) to work on /home/sravan2418/airflow-env/lib/python3.11/site-packages/airflow/example_dags/example_xcomargs.py
[2025-02-27T19:32:20.820+0000] {processor.py:914} INFO - Processing file /home/sravan2418/airflow-env/lib/python3.11/site-packages/airflow/example_dags/example_xcomargs.py for tasks to queue
[2025-02-27T19:32:20.829+0000] {logging_mixin.py:190} INFO - [2025-02-27T19:32:20.827+0000] {dagbag.py:588} INFO - Filling up the DagBag from /home/sravan2418/airflow-env/lib/python3.11/site-packages/airflow/example_dags/example_xcomargs.py
[2025-02-27T19:32:20.877+0000] {processor.py:925} INFO - DAG(s) 'example_xcom_args', 'example_xcom_args_with_operators' retrieved from /home/sravan2418/airflow-env/lib/python3.11/site-packages/airflow/example_dags/example_xcomargs.py
[2025-02-27T19:32:20.961+0000] {logging_mixin.py:190} INFO - [2025-02-27T19:32:20.960+0000] {dag.py:3239} INFO - Sync 2 DAGs
[2025-02-27T19:32:21.018+0000] {logging_mixin.py:190} INFO - [2025-02-27T19:32:21.017+0000] {dag.py:4180} INFO - Setting next_dagrun for example_xcom_args to None, run_after=None
[2025-02-27T19:32:21.031+0000] {logging_mixin.py:190} INFO - [2025-02-27T19:32:21.030+0000] {dag.py:4180} INFO - Setting next_dagrun for example_xcom_args_with_operators to None, run_after=None
[2025-02-27T19:32:21.101+0000] {processor.py:208} INFO - Processing /home/sravan2418/airflow-env/lib/python3.11/site-packages/airflow/example_dags/example_xcomargs.py took 0.310 seconds
[2025-02-27T19:33:28.227+0000] {processor.py:186} INFO - Started process (PID=3373) to work on /home/sravan2418/airflow-env/lib/python3.11/site-packages/airflow/example_dags/example_xcomargs.py
[2025-02-27T19:33:28.230+0000] {processor.py:914} INFO - Processing file /home/sravan2418/airflow-env/lib/python3.11/site-packages/airflow/example_dags/example_xcomargs.py for tasks to queue
[2025-02-27T19:33:28.234+0000] {logging_mixin.py:190} INFO - [2025-02-27T19:33:28.233+0000] {dagbag.py:588} INFO - Filling up the DagBag from /home/sravan2418/airflow-env/lib/python3.11/site-packages/airflow/example_dags/example_xcomargs.py
[2025-02-27T19:33:28.256+0000] {processor.py:925} INFO - DAG(s) 'example_xcom_args', 'example_xcom_args_with_operators' retrieved from /home/sravan2418/airflow-env/lib/python3.11/site-packages/airflow/example_dags/example_xcomargs.py
[2025-02-27T19:33:28.289+0000] {logging_mixin.py:190} INFO - [2025-02-27T19:33:28.288+0000] {dag.py:3239} INFO - Sync 2 DAGs
[2025-02-27T19:33:28.309+0000] {logging_mixin.py:190} INFO - [2025-02-27T19:33:28.309+0000] {dag.py:4180} INFO - Setting next_dagrun for example_xcom_args to None, run_after=None
[2025-02-27T19:33:28.315+0000] {logging_mixin.py:190} INFO - [2025-02-27T19:33:28.315+0000] {dag.py:4180} INFO - Setting next_dagrun for example_xcom_args_with_operators to None, run_after=None
[2025-02-27T19:33:28.345+0000] {processor.py:208} INFO - Processing /home/sravan2418/airflow-env/lib/python3.11/site-packages/airflow/example_dags/example_xcomargs.py took 0.129 seconds
[2025-02-27T19:34:32.875+0000] {processor.py:186} INFO - Started process (PID=3439) to work on /home/sravan2418/airflow-env/lib/python3.11/site-packages/airflow/example_dags/example_xcomargs.py
[2025-02-27T19:34:32.878+0000] {processor.py:914} INFO - Processing file /home/sravan2418/airflow-env/lib/python3.11/site-packages/airflow/example_dags/example_xcomargs.py for tasks to queue
[2025-02-27T19:34:32.882+0000] {logging_mixin.py:190} INFO - [2025-02-27T19:34:32.881+0000] {dagbag.py:588} INFO - Filling up the DagBag from /home/sravan2418/airflow-env/lib/python3.11/site-packages/airflow/example_dags/example_xcomargs.py
[2025-02-27T19:34:32.903+0000] {processor.py:925} INFO - DAG(s) 'example_xcom_args_with_operators', 'example_xcom_args' retrieved from /home/sravan2418/airflow-env/lib/python3.11/site-packages/airflow/example_dags/example_xcomargs.py
[2025-02-27T19:34:32.937+0000] {logging_mixin.py:190} INFO - [2025-02-27T19:34:32.936+0000] {dag.py:3239} INFO - Sync 2 DAGs
[2025-02-27T19:34:32.957+0000] {logging_mixin.py:190} INFO - [2025-02-27T19:34:32.957+0000] {dag.py:4180} INFO - Setting next_dagrun for example_xcom_args to None, run_after=None
[2025-02-27T19:34:32.963+0000] {logging_mixin.py:190} INFO - [2025-02-27T19:34:32.962+0000] {dag.py:4180} INFO - Setting next_dagrun for example_xcom_args_with_operators to None, run_after=None
[2025-02-27T19:34:32.997+0000] {processor.py:208} INFO - Processing /home/sravan2418/airflow-env/lib/python3.11/site-packages/airflow/example_dags/example_xcomargs.py took 0.133 seconds
