[2025-02-27T19:21:34.420+0000] {processor.py:186} INFO - Started process (PID=2632) to work on /home/sravan2418/airflow-env/lib/python3.11/site-packages/airflow/example_dags/example_time_delta_sensor_async.py
[2025-02-27T19:21:34.421+0000] {processor.py:914} INFO - Processing file /home/sravan2418/airflow-env/lib/python3.11/site-packages/airflow/example_dags/example_time_delta_sensor_async.py for tasks to queue
[2025-02-27T19:21:34.425+0000] {logging_mixin.py:190} INFO - [2025-02-27T19:21:34.424+0000] {dagbag.py:588} INFO - Filling up the DagBag from /home/sravan2418/airflow-env/lib/python3.11/site-packages/airflow/example_dags/example_time_delta_sensor_async.py
[2025-02-27T19:21:34.438+0000] {processor.py:925} INFO - DAG(s) 'example_time_delta_sensor_async' retrieved from /home/sravan2418/airflow-env/lib/python3.11/site-packages/airflow/example_dags/example_time_delta_sensor_async.py
[2025-02-27T19:21:34.582+0000] {logging_mixin.py:190} INFO - [2025-02-27T19:21:34.581+0000] {override.py:1930} INFO - Created Permission View: can edit on DAG:example_time_delta_sensor_async
[2025-02-27T19:21:34.604+0000] {logging_mixin.py:190} INFO - [2025-02-27T19:21:34.603+0000] {override.py:1930} INFO - Created Permission View: can delete on DAG:example_time_delta_sensor_async
[2025-02-27T19:21:34.616+0000] {logging_mixin.py:190} INFO - [2025-02-27T19:21:34.615+0000] {override.py:1930} INFO - Created Permission View: can read on DAG:example_time_delta_sensor_async
[2025-02-27T19:21:34.633+0000] {logging_mixin.py:190} INFO - [2025-02-27T19:21:34.632+0000] {override.py:1930} INFO - Created Permission View: menu access on DAG Run:example_time_delta_sensor_async
[2025-02-27T19:21:34.645+0000] {logging_mixin.py:190} INFO - [2025-02-27T19:21:34.644+0000] {override.py:1930} INFO - Created Permission View: can create on DAG Run:example_time_delta_sensor_async
[2025-02-27T19:21:34.657+0000] {logging_mixin.py:190} INFO - [2025-02-27T19:21:34.656+0000] {override.py:1930} INFO - Created Permission View: can delete on DAG Run:example_time_delta_sensor_async
[2025-02-27T19:21:34.668+0000] {logging_mixin.py:190} INFO - [2025-02-27T19:21:34.668+0000] {override.py:1930} INFO - Created Permission View: can read on DAG Run:example_time_delta_sensor_async
[2025-02-27T19:21:34.669+0000] {logging_mixin.py:190} INFO - [2025-02-27T19:21:34.669+0000] {dag.py:3239} INFO - Sync 1 DAGs
[2025-02-27T19:21:34.684+0000] {logging_mixin.py:190} INFO - [2025-02-27T19:21:34.684+0000] {dag.py:3262} INFO - Creating ORM DAG for example_time_delta_sensor_async
[2025-02-27T19:21:34.685+0000] {logging_mixin.py:190} INFO - [2025-02-27T19:21:34.685+0000] {dag.py:4180} INFO - Setting next_dagrun for example_time_delta_sensor_async to None, run_after=None
[2025-02-27T19:21:34.711+0000] {processor.py:208} INFO - Processing /home/sravan2418/airflow-env/lib/python3.11/site-packages/airflow/example_dags/example_time_delta_sensor_async.py took 0.301 seconds
[2025-02-27T19:23:17.321+0000] {processor.py:186} INFO - Started process (PID=2726) to work on /home/sravan2418/airflow-env/lib/python3.11/site-packages/airflow/example_dags/example_time_delta_sensor_async.py
[2025-02-27T19:23:17.323+0000] {processor.py:914} INFO - Processing file /home/sravan2418/airflow-env/lib/python3.11/site-packages/airflow/example_dags/example_time_delta_sensor_async.py for tasks to queue
[2025-02-27T19:23:17.326+0000] {logging_mixin.py:190} INFO - [2025-02-27T19:23:17.326+0000] {dagbag.py:588} INFO - Filling up the DagBag from /home/sravan2418/airflow-env/lib/python3.11/site-packages/airflow/example_dags/example_time_delta_sensor_async.py
[2025-02-27T19:23:17.337+0000] {processor.py:925} INFO - DAG(s) 'example_time_delta_sensor_async' retrieved from /home/sravan2418/airflow-env/lib/python3.11/site-packages/airflow/example_dags/example_time_delta_sensor_async.py
[2025-02-27T19:23:17.361+0000] {logging_mixin.py:190} INFO - [2025-02-27T19:23:17.360+0000] {dag.py:3239} INFO - Sync 1 DAGs
[2025-02-27T19:23:17.377+0000] {logging_mixin.py:190} INFO - [2025-02-27T19:23:17.377+0000] {dag.py:4180} INFO - Setting next_dagrun for example_time_delta_sensor_async to None, run_after=None
[2025-02-27T19:23:17.403+0000] {processor.py:208} INFO - Processing /home/sravan2418/airflow-env/lib/python3.11/site-packages/airflow/example_dags/example_time_delta_sensor_async.py took 0.091 seconds
[2025-02-27T19:24:17.582+0000] {processor.py:186} INFO - Started process (PID=2787) to work on /home/sravan2418/airflow-env/lib/python3.11/site-packages/airflow/example_dags/example_time_delta_sensor_async.py
[2025-02-27T19:24:17.584+0000] {processor.py:914} INFO - Processing file /home/sravan2418/airflow-env/lib/python3.11/site-packages/airflow/example_dags/example_time_delta_sensor_async.py for tasks to queue
[2025-02-27T19:24:17.588+0000] {logging_mixin.py:190} INFO - [2025-02-27T19:24:17.587+0000] {dagbag.py:588} INFO - Filling up the DagBag from /home/sravan2418/airflow-env/lib/python3.11/site-packages/airflow/example_dags/example_time_delta_sensor_async.py
[2025-02-27T19:24:17.601+0000] {processor.py:925} INFO - DAG(s) 'example_time_delta_sensor_async' retrieved from /home/sravan2418/airflow-env/lib/python3.11/site-packages/airflow/example_dags/example_time_delta_sensor_async.py
[2025-02-27T19:24:17.624+0000] {logging_mixin.py:190} INFO - [2025-02-27T19:24:17.624+0000] {dag.py:3239} INFO - Sync 1 DAGs
[2025-02-27T19:24:17.642+0000] {logging_mixin.py:190} INFO - [2025-02-27T19:24:17.642+0000] {dag.py:4180} INFO - Setting next_dagrun for example_time_delta_sensor_async to None, run_after=None
[2025-02-27T19:24:17.670+0000] {processor.py:208} INFO - Processing /home/sravan2418/airflow-env/lib/python3.11/site-packages/airflow/example_dags/example_time_delta_sensor_async.py took 0.099 seconds
[2025-02-27T19:25:18.827+0000] {processor.py:186} INFO - Started process (PID=2857) to work on /home/sravan2418/airflow-env/lib/python3.11/site-packages/airflow/example_dags/example_time_delta_sensor_async.py
[2025-02-27T19:25:18.829+0000] {processor.py:914} INFO - Processing file /home/sravan2418/airflow-env/lib/python3.11/site-packages/airflow/example_dags/example_time_delta_sensor_async.py for tasks to queue
[2025-02-27T19:25:18.832+0000] {logging_mixin.py:190} INFO - [2025-02-27T19:25:18.832+0000] {dagbag.py:588} INFO - Filling up the DagBag from /home/sravan2418/airflow-env/lib/python3.11/site-packages/airflow/example_dags/example_time_delta_sensor_async.py
[2025-02-27T19:25:18.843+0000] {processor.py:925} INFO - DAG(s) 'example_time_delta_sensor_async' retrieved from /home/sravan2418/airflow-env/lib/python3.11/site-packages/airflow/example_dags/example_time_delta_sensor_async.py
[2025-02-27T19:25:18.865+0000] {logging_mixin.py:190} INFO - [2025-02-27T19:25:18.865+0000] {dag.py:3239} INFO - Sync 1 DAGs
[2025-02-27T19:25:18.883+0000] {logging_mixin.py:190} INFO - [2025-02-27T19:25:18.882+0000] {dag.py:4180} INFO - Setting next_dagrun for example_time_delta_sensor_async to None, run_after=None
[2025-02-27T19:25:18.912+0000] {processor.py:208} INFO - Processing /home/sravan2418/airflow-env/lib/python3.11/site-packages/airflow/example_dags/example_time_delta_sensor_async.py took 0.094 seconds
[2025-02-27T19:26:21.822+0000] {processor.py:186} INFO - Started process (PID=2919) to work on /home/sravan2418/airflow-env/lib/python3.11/site-packages/airflow/example_dags/example_time_delta_sensor_async.py
[2025-02-27T19:26:21.824+0000] {processor.py:914} INFO - Processing file /home/sravan2418/airflow-env/lib/python3.11/site-packages/airflow/example_dags/example_time_delta_sensor_async.py for tasks to queue
[2025-02-27T19:26:21.827+0000] {logging_mixin.py:190} INFO - [2025-02-27T19:26:21.826+0000] {dagbag.py:588} INFO - Filling up the DagBag from /home/sravan2418/airflow-env/lib/python3.11/site-packages/airflow/example_dags/example_time_delta_sensor_async.py
[2025-02-27T19:26:21.837+0000] {processor.py:925} INFO - DAG(s) 'example_time_delta_sensor_async' retrieved from /home/sravan2418/airflow-env/lib/python3.11/site-packages/airflow/example_dags/example_time_delta_sensor_async.py
[2025-02-27T19:26:21.858+0000] {logging_mixin.py:190} INFO - [2025-02-27T19:26:21.858+0000] {dag.py:3239} INFO - Sync 1 DAGs
[2025-02-27T19:26:21.874+0000] {logging_mixin.py:190} INFO - [2025-02-27T19:26:21.873+0000] {dag.py:4180} INFO - Setting next_dagrun for example_time_delta_sensor_async to None, run_after=None
[2025-02-27T19:26:21.902+0000] {processor.py:208} INFO - Processing /home/sravan2418/airflow-env/lib/python3.11/site-packages/airflow/example_dags/example_time_delta_sensor_async.py took 0.089 seconds
[2025-02-27T19:27:27.457+0000] {processor.py:186} INFO - Started process (PID=2986) to work on /home/sravan2418/airflow-env/lib/python3.11/site-packages/airflow/example_dags/example_time_delta_sensor_async.py
[2025-02-27T19:27:27.459+0000] {processor.py:914} INFO - Processing file /home/sravan2418/airflow-env/lib/python3.11/site-packages/airflow/example_dags/example_time_delta_sensor_async.py for tasks to queue
[2025-02-27T19:27:27.463+0000] {logging_mixin.py:190} INFO - [2025-02-27T19:27:27.462+0000] {dagbag.py:588} INFO - Filling up the DagBag from /home/sravan2418/airflow-env/lib/python3.11/site-packages/airflow/example_dags/example_time_delta_sensor_async.py
[2025-02-27T19:27:27.477+0000] {processor.py:925} INFO - DAG(s) 'example_time_delta_sensor_async' retrieved from /home/sravan2418/airflow-env/lib/python3.11/site-packages/airflow/example_dags/example_time_delta_sensor_async.py
[2025-02-27T19:27:27.503+0000] {logging_mixin.py:190} INFO - [2025-02-27T19:27:27.502+0000] {dag.py:3239} INFO - Sync 1 DAGs
[2025-02-27T19:27:27.522+0000] {logging_mixin.py:190} INFO - [2025-02-27T19:27:27.522+0000] {dag.py:4180} INFO - Setting next_dagrun for example_time_delta_sensor_async to None, run_after=None
[2025-02-27T19:27:27.555+0000] {processor.py:208} INFO - Processing /home/sravan2418/airflow-env/lib/python3.11/site-packages/airflow/example_dags/example_time_delta_sensor_async.py took 0.110 seconds
[2025-02-27T19:28:29.873+0000] {processor.py:186} INFO - Started process (PID=3063) to work on /home/sravan2418/airflow-env/lib/python3.11/site-packages/airflow/example_dags/example_time_delta_sensor_async.py
[2025-02-27T19:28:29.875+0000] {processor.py:914} INFO - Processing file /home/sravan2418/airflow-env/lib/python3.11/site-packages/airflow/example_dags/example_time_delta_sensor_async.py for tasks to queue
[2025-02-27T19:28:29.878+0000] {logging_mixin.py:190} INFO - [2025-02-27T19:28:29.878+0000] {dagbag.py:588} INFO - Filling up the DagBag from /home/sravan2418/airflow-env/lib/python3.11/site-packages/airflow/example_dags/example_time_delta_sensor_async.py
[2025-02-27T19:28:29.890+0000] {processor.py:925} INFO - DAG(s) 'example_time_delta_sensor_async' retrieved from /home/sravan2418/airflow-env/lib/python3.11/site-packages/airflow/example_dags/example_time_delta_sensor_async.py
[2025-02-27T19:28:29.914+0000] {logging_mixin.py:190} INFO - [2025-02-27T19:28:29.914+0000] {dag.py:3239} INFO - Sync 1 DAGs
[2025-02-27T19:28:29.932+0000] {logging_mixin.py:190} INFO - [2025-02-27T19:28:29.931+0000] {dag.py:4180} INFO - Setting next_dagrun for example_time_delta_sensor_async to None, run_after=None
[2025-02-27T19:28:29.964+0000] {processor.py:208} INFO - Processing /home/sravan2418/airflow-env/lib/python3.11/site-packages/airflow/example_dags/example_time_delta_sensor_async.py took 0.100 seconds
[2025-02-27T19:29:28.123+0000] {processor.py:186} INFO - Started process (PID=3130) to work on /home/sravan2418/airflow-env/lib/python3.11/site-packages/airflow/example_dags/example_time_delta_sensor_async.py
[2025-02-27T19:29:28.126+0000] {processor.py:914} INFO - Processing file /home/sravan2418/airflow-env/lib/python3.11/site-packages/airflow/example_dags/example_time_delta_sensor_async.py for tasks to queue
[2025-02-27T19:29:28.129+0000] {logging_mixin.py:190} INFO - [2025-02-27T19:29:28.129+0000] {dagbag.py:588} INFO - Filling up the DagBag from /home/sravan2418/airflow-env/lib/python3.11/site-packages/airflow/example_dags/example_time_delta_sensor_async.py
[2025-02-27T19:29:28.142+0000] {processor.py:925} INFO - DAG(s) 'example_time_delta_sensor_async' retrieved from /home/sravan2418/airflow-env/lib/python3.11/site-packages/airflow/example_dags/example_time_delta_sensor_async.py
[2025-02-27T19:29:28.169+0000] {logging_mixin.py:190} INFO - [2025-02-27T19:29:28.169+0000] {dag.py:3239} INFO - Sync 1 DAGs
[2025-02-27T19:29:28.188+0000] {logging_mixin.py:190} INFO - [2025-02-27T19:29:28.188+0000] {dag.py:4180} INFO - Setting next_dagrun for example_time_delta_sensor_async to None, run_after=None
[2025-02-27T19:29:28.222+0000] {processor.py:208} INFO - Processing /home/sravan2418/airflow-env/lib/python3.11/site-packages/airflow/example_dags/example_time_delta_sensor_async.py took 0.109 seconds
[2025-02-27T19:30:27.796+0000] {processor.py:186} INFO - Started process (PID=3193) to work on /home/sravan2418/airflow-env/lib/python3.11/site-packages/airflow/example_dags/example_time_delta_sensor_async.py
[2025-02-27T19:30:27.799+0000] {processor.py:914} INFO - Processing file /home/sravan2418/airflow-env/lib/python3.11/site-packages/airflow/example_dags/example_time_delta_sensor_async.py for tasks to queue
[2025-02-27T19:30:27.803+0000] {logging_mixin.py:190} INFO - [2025-02-27T19:30:27.802+0000] {dagbag.py:588} INFO - Filling up the DagBag from /home/sravan2418/airflow-env/lib/python3.11/site-packages/airflow/example_dags/example_time_delta_sensor_async.py
[2025-02-27T19:30:27.816+0000] {processor.py:925} INFO - DAG(s) 'example_time_delta_sensor_async' retrieved from /home/sravan2418/airflow-env/lib/python3.11/site-packages/airflow/example_dags/example_time_delta_sensor_async.py
[2025-02-27T19:30:27.842+0000] {logging_mixin.py:190} INFO - [2025-02-27T19:30:27.842+0000] {dag.py:3239} INFO - Sync 1 DAGs
[2025-02-27T19:30:27.860+0000] {logging_mixin.py:190} INFO - [2025-02-27T19:30:27.860+0000] {dag.py:4180} INFO - Setting next_dagrun for example_time_delta_sensor_async to None, run_after=None
[2025-02-27T19:30:27.894+0000] {processor.py:208} INFO - Processing /home/sravan2418/airflow-env/lib/python3.11/site-packages/airflow/example_dags/example_time_delta_sensor_async.py took 0.109 seconds
[2025-02-27T19:31:32.500+0000] {processor.py:186} INFO - Started process (PID=3257) to work on /home/sravan2418/airflow-env/lib/python3.11/site-packages/airflow/example_dags/example_time_delta_sensor_async.py
[2025-02-27T19:31:32.503+0000] {processor.py:914} INFO - Processing file /home/sravan2418/airflow-env/lib/python3.11/site-packages/airflow/example_dags/example_time_delta_sensor_async.py for tasks to queue
[2025-02-27T19:31:32.507+0000] {logging_mixin.py:190} INFO - [2025-02-27T19:31:32.506+0000] {dagbag.py:588} INFO - Filling up the DagBag from /home/sravan2418/airflow-env/lib/python3.11/site-packages/airflow/example_dags/example_time_delta_sensor_async.py
[2025-02-27T19:31:32.522+0000] {processor.py:925} INFO - DAG(s) 'example_time_delta_sensor_async' retrieved from /home/sravan2418/airflow-env/lib/python3.11/site-packages/airflow/example_dags/example_time_delta_sensor_async.py
[2025-02-27T19:31:32.548+0000] {logging_mixin.py:190} INFO - [2025-02-27T19:31:32.548+0000] {dag.py:3239} INFO - Sync 1 DAGs
[2025-02-27T19:31:32.566+0000] {logging_mixin.py:190} INFO - [2025-02-27T19:31:32.566+0000] {dag.py:4180} INFO - Setting next_dagrun for example_time_delta_sensor_async to None, run_after=None
[2025-02-27T19:31:32.600+0000] {processor.py:208} INFO - Processing /home/sravan2418/airflow-env/lib/python3.11/site-packages/airflow/example_dags/example_time_delta_sensor_async.py took 0.111 seconds
[2025-02-27T19:32:42.069+0000] {processor.py:186} INFO - Started process (PID=3326) to work on /home/sravan2418/airflow-env/lib/python3.11/site-packages/airflow/example_dags/example_time_delta_sensor_async.py
[2025-02-27T19:32:42.071+0000] {processor.py:914} INFO - Processing file /home/sravan2418/airflow-env/lib/python3.11/site-packages/airflow/example_dags/example_time_delta_sensor_async.py for tasks to queue
[2025-02-27T19:32:42.076+0000] {logging_mixin.py:190} INFO - [2025-02-27T19:32:42.075+0000] {dagbag.py:588} INFO - Filling up the DagBag from /home/sravan2418/airflow-env/lib/python3.11/site-packages/airflow/example_dags/example_time_delta_sensor_async.py
[2025-02-27T19:32:42.091+0000] {processor.py:925} INFO - DAG(s) 'example_time_delta_sensor_async' retrieved from /home/sravan2418/airflow-env/lib/python3.11/site-packages/airflow/example_dags/example_time_delta_sensor_async.py
[2025-02-27T19:32:42.119+0000] {logging_mixin.py:190} INFO - [2025-02-27T19:32:42.118+0000] {dag.py:3239} INFO - Sync 1 DAGs
[2025-02-27T19:32:42.138+0000] {logging_mixin.py:190} INFO - [2025-02-27T19:32:42.137+0000] {dag.py:4180} INFO - Setting next_dagrun for example_time_delta_sensor_async to None, run_after=None
[2025-02-27T19:32:42.175+0000] {processor.py:208} INFO - Processing /home/sravan2418/airflow-env/lib/python3.11/site-packages/airflow/example_dags/example_time_delta_sensor_async.py took 0.119 seconds
[2025-02-27T19:33:48.795+0000] {processor.py:186} INFO - Started process (PID=3393) to work on /home/sravan2418/airflow-env/lib/python3.11/site-packages/airflow/example_dags/example_time_delta_sensor_async.py
[2025-02-27T19:33:48.798+0000] {processor.py:914} INFO - Processing file /home/sravan2418/airflow-env/lib/python3.11/site-packages/airflow/example_dags/example_time_delta_sensor_async.py for tasks to queue
[2025-02-27T19:33:48.803+0000] {logging_mixin.py:190} INFO - [2025-02-27T19:33:48.802+0000] {dagbag.py:588} INFO - Filling up the DagBag from /home/sravan2418/airflow-env/lib/python3.11/site-packages/airflow/example_dags/example_time_delta_sensor_async.py
[2025-02-27T19:33:48.818+0000] {processor.py:925} INFO - DAG(s) 'example_time_delta_sensor_async' retrieved from /home/sravan2418/airflow-env/lib/python3.11/site-packages/airflow/example_dags/example_time_delta_sensor_async.py
[2025-02-27T19:33:48.841+0000] {logging_mixin.py:190} INFO - [2025-02-27T19:33:48.841+0000] {dag.py:3239} INFO - Sync 1 DAGs
[2025-02-27T19:33:48.863+0000] {logging_mixin.py:190} INFO - [2025-02-27T19:33:48.863+0000] {dag.py:4180} INFO - Setting next_dagrun for example_time_delta_sensor_async to None, run_after=None
[2025-02-27T19:33:48.893+0000] {processor.py:208} INFO - Processing /home/sravan2418/airflow-env/lib/python3.11/site-packages/airflow/example_dags/example_time_delta_sensor_async.py took 0.108 seconds
[2025-02-27T19:34:52.572+0000] {processor.py:186} INFO - Started process (PID=3458) to work on /home/sravan2418/airflow-env/lib/python3.11/site-packages/airflow/example_dags/example_time_delta_sensor_async.py
[2025-02-27T19:34:52.575+0000] {processor.py:914} INFO - Processing file /home/sravan2418/airflow-env/lib/python3.11/site-packages/airflow/example_dags/example_time_delta_sensor_async.py for tasks to queue
[2025-02-27T19:34:52.579+0000] {logging_mixin.py:190} INFO - [2025-02-27T19:34:52.578+0000] {dagbag.py:588} INFO - Filling up the DagBag from /home/sravan2418/airflow-env/lib/python3.11/site-packages/airflow/example_dags/example_time_delta_sensor_async.py
[2025-02-27T19:34:52.592+0000] {processor.py:925} INFO - DAG(s) 'example_time_delta_sensor_async' retrieved from /home/sravan2418/airflow-env/lib/python3.11/site-packages/airflow/example_dags/example_time_delta_sensor_async.py
[2025-02-27T19:34:52.621+0000] {logging_mixin.py:190} INFO - [2025-02-27T19:34:52.620+0000] {dag.py:3239} INFO - Sync 1 DAGs
[2025-02-27T19:34:52.641+0000] {logging_mixin.py:190} INFO - [2025-02-27T19:34:52.641+0000] {dag.py:4180} INFO - Setting next_dagrun for example_time_delta_sensor_async to None, run_after=None
[2025-02-27T19:34:52.675+0000] {processor.py:208} INFO - Processing /home/sravan2418/airflow-env/lib/python3.11/site-packages/airflow/example_dags/example_time_delta_sensor_async.py took 0.115 seconds
