[2025-02-27T19:21:36.972+0000] {processor.py:186} INFO - Started process (PID=2635) to work on /home/sravan2418/airflow-env/lib/python3.11/site-packages/airflow/example_dags/example_dataset_alias.py
[2025-02-27T19:21:36.974+0000] {processor.py:914} INFO - Processing file /home/sravan2418/airflow-env/lib/python3.11/site-packages/airflow/example_dags/example_dataset_alias.py for tasks to queue
[2025-02-27T19:21:36.977+0000] {logging_mixin.py:190} INFO - [2025-02-27T19:21:36.977+0000] {dagbag.py:588} INFO - Filling up the DagBag from /home/sravan2418/airflow-env/lib/python3.11/site-packages/airflow/example_dags/example_dataset_alias.py
[2025-02-27T19:21:37.011+0000] {processor.py:925} INFO - DAG(s) 'dataset_alias_example_alias_consumer', 'dataset_s3_bucket_producer', 'dataset_alias_example_alias_producer', 'dataset_s3_bucket_consumer' retrieved from /home/sravan2418/airflow-env/lib/python3.11/site-packages/airflow/example_dags/example_dataset_alias.py
[2025-02-27T19:21:37.146+0000] {logging_mixin.py:190} INFO - [2025-02-27T19:21:37.145+0000] {override.py:1930} INFO - Created Permission View: can edit on DAG:dataset_alias_example_alias_consumer
[2025-02-27T19:21:37.162+0000] {logging_mixin.py:190} INFO - [2025-02-27T19:21:37.162+0000] {override.py:1930} INFO - Created Permission View: can delete on DAG:dataset_alias_example_alias_consumer
[2025-02-27T19:21:37.175+0000] {logging_mixin.py:190} INFO - [2025-02-27T19:21:37.174+0000] {override.py:1930} INFO - Created Permission View: can read on DAG:dataset_alias_example_alias_consumer
[2025-02-27T19:21:37.195+0000] {logging_mixin.py:190} INFO - [2025-02-27T19:21:37.194+0000] {override.py:1930} INFO - Created Permission View: menu access on DAG Run:dataset_alias_example_alias_consumer
[2025-02-27T19:21:37.208+0000] {logging_mixin.py:190} INFO - [2025-02-27T19:21:37.208+0000] {override.py:1930} INFO - Created Permission View: can create on DAG Run:dataset_alias_example_alias_consumer
[2025-02-27T19:21:37.221+0000] {logging_mixin.py:190} INFO - [2025-02-27T19:21:37.220+0000] {override.py:1930} INFO - Created Permission View: can delete on DAG Run:dataset_alias_example_alias_consumer
[2025-02-27T19:21:37.234+0000] {logging_mixin.py:190} INFO - [2025-02-27T19:21:37.233+0000] {override.py:1930} INFO - Created Permission View: can read on DAG Run:dataset_alias_example_alias_consumer
[2025-02-27T19:21:37.259+0000] {logging_mixin.py:190} INFO - [2025-02-27T19:21:37.258+0000] {override.py:1930} INFO - Created Permission View: can edit on DAG:dataset_s3_bucket_producer
[2025-02-27T19:21:37.271+0000] {logging_mixin.py:190} INFO - [2025-02-27T19:21:37.270+0000] {override.py:1930} INFO - Created Permission View: can delete on DAG:dataset_s3_bucket_producer
[2025-02-27T19:21:37.283+0000] {logging_mixin.py:190} INFO - [2025-02-27T19:21:37.283+0000] {override.py:1930} INFO - Created Permission View: can read on DAG:dataset_s3_bucket_producer
[2025-02-27T19:21:37.301+0000] {logging_mixin.py:190} INFO - [2025-02-27T19:21:37.300+0000] {override.py:1930} INFO - Created Permission View: menu access on DAG Run:dataset_s3_bucket_producer
[2025-02-27T19:21:37.311+0000] {logging_mixin.py:190} INFO - [2025-02-27T19:21:37.311+0000] {override.py:1930} INFO - Created Permission View: can create on DAG Run:dataset_s3_bucket_producer
[2025-02-27T19:21:37.323+0000] {logging_mixin.py:190} INFO - [2025-02-27T19:21:37.322+0000] {override.py:1930} INFO - Created Permission View: can delete on DAG Run:dataset_s3_bucket_producer
[2025-02-27T19:21:37.336+0000] {logging_mixin.py:190} INFO - [2025-02-27T19:21:37.335+0000] {override.py:1930} INFO - Created Permission View: can read on DAG Run:dataset_s3_bucket_producer
[2025-02-27T19:21:37.363+0000] {logging_mixin.py:190} INFO - [2025-02-27T19:21:37.362+0000] {override.py:1930} INFO - Created Permission View: can edit on DAG:dataset_alias_example_alias_producer
[2025-02-27T19:21:37.376+0000] {logging_mixin.py:190} INFO - [2025-02-27T19:21:37.375+0000] {override.py:1930} INFO - Created Permission View: can delete on DAG:dataset_alias_example_alias_producer
[2025-02-27T19:21:37.389+0000] {logging_mixin.py:190} INFO - [2025-02-27T19:21:37.388+0000] {override.py:1930} INFO - Created Permission View: can read on DAG:dataset_alias_example_alias_producer
[2025-02-27T19:21:37.408+0000] {logging_mixin.py:190} INFO - [2025-02-27T19:21:37.408+0000] {override.py:1930} INFO - Created Permission View: menu access on DAG Run:dataset_alias_example_alias_producer
[2025-02-27T19:21:37.421+0000] {logging_mixin.py:190} INFO - [2025-02-27T19:21:37.420+0000] {override.py:1930} INFO - Created Permission View: can create on DAG Run:dataset_alias_example_alias_producer
[2025-02-27T19:21:37.432+0000] {logging_mixin.py:190} INFO - [2025-02-27T19:21:37.431+0000] {override.py:1930} INFO - Created Permission View: can delete on DAG Run:dataset_alias_example_alias_producer
[2025-02-27T19:21:37.443+0000] {logging_mixin.py:190} INFO - [2025-02-27T19:21:37.443+0000] {override.py:1930} INFO - Created Permission View: can read on DAG Run:dataset_alias_example_alias_producer
[2025-02-27T19:21:37.467+0000] {logging_mixin.py:190} INFO - [2025-02-27T19:21:37.466+0000] {override.py:1930} INFO - Created Permission View: can edit on DAG:dataset_s3_bucket_consumer
[2025-02-27T19:21:37.478+0000] {logging_mixin.py:190} INFO - [2025-02-27T19:21:37.477+0000] {override.py:1930} INFO - Created Permission View: can delete on DAG:dataset_s3_bucket_consumer
[2025-02-27T19:21:37.488+0000] {logging_mixin.py:190} INFO - [2025-02-27T19:21:37.487+0000] {override.py:1930} INFO - Created Permission View: can read on DAG:dataset_s3_bucket_consumer
[2025-02-27T19:21:37.505+0000] {logging_mixin.py:190} INFO - [2025-02-27T19:21:37.505+0000] {override.py:1930} INFO - Created Permission View: menu access on DAG Run:dataset_s3_bucket_consumer
[2025-02-27T19:21:37.516+0000] {logging_mixin.py:190} INFO - [2025-02-27T19:21:37.516+0000] {override.py:1930} INFO - Created Permission View: can create on DAG Run:dataset_s3_bucket_consumer
[2025-02-27T19:21:37.528+0000] {logging_mixin.py:190} INFO - [2025-02-27T19:21:37.528+0000] {override.py:1930} INFO - Created Permission View: can delete on DAG Run:dataset_s3_bucket_consumer
[2025-02-27T19:21:37.539+0000] {logging_mixin.py:190} INFO - [2025-02-27T19:21:37.539+0000] {override.py:1930} INFO - Created Permission View: can read on DAG Run:dataset_s3_bucket_consumer
[2025-02-27T19:21:37.540+0000] {logging_mixin.py:190} INFO - [2025-02-27T19:21:37.539+0000] {dag.py:3239} INFO - Sync 4 DAGs
[2025-02-27T19:21:37.553+0000] {logging_mixin.py:190} INFO - [2025-02-27T19:21:37.553+0000] {dag.py:3262} INFO - Creating ORM DAG for dataset_s3_bucket_consumer
[2025-02-27T19:21:37.554+0000] {logging_mixin.py:190} INFO - [2025-02-27T19:21:37.554+0000] {dag.py:3262} INFO - Creating ORM DAG for dataset_alias_example_alias_consumer
[2025-02-27T19:21:37.554+0000] {logging_mixin.py:190} INFO - [2025-02-27T19:21:37.554+0000] {dag.py:3262} INFO - Creating ORM DAG for dataset_s3_bucket_producer
[2025-02-27T19:21:37.555+0000] {logging_mixin.py:190} INFO - [2025-02-27T19:21:37.555+0000] {dag.py:3262} INFO - Creating ORM DAG for dataset_alias_example_alias_producer
[2025-02-27T19:21:37.565+0000] {logging_mixin.py:190} INFO - [2025-02-27T19:21:37.565+0000] {dag.py:4180} INFO - Setting next_dagrun for dataset_alias_example_alias_consumer to None, run_after=None
[2025-02-27T19:21:37.566+0000] {logging_mixin.py:190} INFO - [2025-02-27T19:21:37.566+0000] {dag.py:4180} INFO - Setting next_dagrun for dataset_alias_example_alias_producer to None, run_after=None
[2025-02-27T19:21:37.567+0000] {logging_mixin.py:190} INFO - [2025-02-27T19:21:37.566+0000] {dag.py:4180} INFO - Setting next_dagrun for dataset_s3_bucket_consumer to None, run_after=None
[2025-02-27T19:21:37.567+0000] {logging_mixin.py:190} INFO - [2025-02-27T19:21:37.567+0000] {dag.py:4180} INFO - Setting next_dagrun for dataset_s3_bucket_producer to None, run_after=None
[2025-02-27T19:21:37.598+0000] {processor.py:208} INFO - Processing /home/sravan2418/airflow-env/lib/python3.11/site-packages/airflow/example_dags/example_dataset_alias.py took 0.636 seconds
[2025-02-27T19:23:19.725+0000] {processor.py:186} INFO - Started process (PID=2728) to work on /home/sravan2418/airflow-env/lib/python3.11/site-packages/airflow/example_dags/example_dataset_alias.py
[2025-02-27T19:23:19.727+0000] {processor.py:914} INFO - Processing file /home/sravan2418/airflow-env/lib/python3.11/site-packages/airflow/example_dags/example_dataset_alias.py for tasks to queue
[2025-02-27T19:23:19.730+0000] {logging_mixin.py:190} INFO - [2025-02-27T19:23:19.729+0000] {dagbag.py:588} INFO - Filling up the DagBag from /home/sravan2418/airflow-env/lib/python3.11/site-packages/airflow/example_dags/example_dataset_alias.py
[2025-02-27T19:23:19.766+0000] {processor.py:925} INFO - DAG(s) 'dataset_s3_bucket_producer', 'dataset_s3_bucket_consumer', 'dataset_alias_example_alias_consumer', 'dataset_alias_example_alias_producer' retrieved from /home/sravan2418/airflow-env/lib/python3.11/site-packages/airflow/example_dags/example_dataset_alias.py
[2025-02-27T19:23:19.796+0000] {logging_mixin.py:190} INFO - [2025-02-27T19:23:19.795+0000] {dag.py:3239} INFO - Sync 4 DAGs
[2025-02-27T19:23:19.820+0000] {logging_mixin.py:190} INFO - [2025-02-27T19:23:19.819+0000] {dag.py:4180} INFO - Setting next_dagrun for dataset_alias_example_alias_consumer to None, run_after=None
[2025-02-27T19:23:19.822+0000] {logging_mixin.py:190} INFO - [2025-02-27T19:23:19.822+0000] {dag.py:4180} INFO - Setting next_dagrun for dataset_alias_example_alias_producer to None, run_after=None
[2025-02-27T19:23:19.824+0000] {logging_mixin.py:190} INFO - [2025-02-27T19:23:19.823+0000] {dag.py:4180} INFO - Setting next_dagrun for dataset_s3_bucket_consumer to None, run_after=None
[2025-02-27T19:23:19.825+0000] {logging_mixin.py:190} INFO - [2025-02-27T19:23:19.824+0000] {dag.py:4180} INFO - Setting next_dagrun for dataset_s3_bucket_producer to None, run_after=None
[2025-02-27T19:23:19.853+0000] {processor.py:208} INFO - Processing /home/sravan2418/airflow-env/lib/python3.11/site-packages/airflow/example_dags/example_dataset_alias.py took 0.137 seconds
[2025-02-27T19:24:19.243+0000] {processor.py:186} INFO - Started process (PID=2789) to work on /home/sravan2418/airflow-env/lib/python3.11/site-packages/airflow/example_dags/example_dataset_alias.py
[2025-02-27T19:24:19.245+0000] {processor.py:914} INFO - Processing file /home/sravan2418/airflow-env/lib/python3.11/site-packages/airflow/example_dags/example_dataset_alias.py for tasks to queue
[2025-02-27T19:24:19.249+0000] {logging_mixin.py:190} INFO - [2025-02-27T19:24:19.248+0000] {dagbag.py:588} INFO - Filling up the DagBag from /home/sravan2418/airflow-env/lib/python3.11/site-packages/airflow/example_dags/example_dataset_alias.py
[2025-02-27T19:24:19.284+0000] {processor.py:925} INFO - DAG(s) 'dataset_alias_example_alias_consumer', 'dataset_s3_bucket_consumer', 'dataset_alias_example_alias_producer', 'dataset_s3_bucket_producer' retrieved from /home/sravan2418/airflow-env/lib/python3.11/site-packages/airflow/example_dags/example_dataset_alias.py
[2025-02-27T19:24:19.310+0000] {logging_mixin.py:190} INFO - [2025-02-27T19:24:19.309+0000] {dag.py:3239} INFO - Sync 4 DAGs
[2025-02-27T19:24:19.339+0000] {logging_mixin.py:190} INFO - [2025-02-27T19:24:19.339+0000] {dag.py:4180} INFO - Setting next_dagrun for dataset_alias_example_alias_consumer to None, run_after=None
[2025-02-27T19:24:19.342+0000] {logging_mixin.py:190} INFO - [2025-02-27T19:24:19.341+0000] {dag.py:4180} INFO - Setting next_dagrun for dataset_alias_example_alias_producer to None, run_after=None
[2025-02-27T19:24:19.343+0000] {logging_mixin.py:190} INFO - [2025-02-27T19:24:19.343+0000] {dag.py:4180} INFO - Setting next_dagrun for dataset_s3_bucket_consumer to None, run_after=None
[2025-02-27T19:24:19.344+0000] {logging_mixin.py:190} INFO - [2025-02-27T19:24:19.344+0000] {dag.py:4180} INFO - Setting next_dagrun for dataset_s3_bucket_producer to None, run_after=None
[2025-02-27T19:24:19.373+0000] {processor.py:208} INFO - Processing /home/sravan2418/airflow-env/lib/python3.11/site-packages/airflow/example_dags/example_dataset_alias.py took 0.139 seconds
[2025-02-27T19:25:20.355+0000] {processor.py:186} INFO - Started process (PID=2859) to work on /home/sravan2418/airflow-env/lib/python3.11/site-packages/airflow/example_dags/example_dataset_alias.py
[2025-02-27T19:25:20.358+0000] {processor.py:914} INFO - Processing file /home/sravan2418/airflow-env/lib/python3.11/site-packages/airflow/example_dags/example_dataset_alias.py for tasks to queue
[2025-02-27T19:25:20.361+0000] {logging_mixin.py:190} INFO - [2025-02-27T19:25:20.360+0000] {dagbag.py:588} INFO - Filling up the DagBag from /home/sravan2418/airflow-env/lib/python3.11/site-packages/airflow/example_dags/example_dataset_alias.py
[2025-02-27T19:25:20.401+0000] {processor.py:925} INFO - DAG(s) 'dataset_alias_example_alias_consumer', 'dataset_s3_bucket_consumer', 'dataset_alias_example_alias_producer', 'dataset_s3_bucket_producer' retrieved from /home/sravan2418/airflow-env/lib/python3.11/site-packages/airflow/example_dags/example_dataset_alias.py
[2025-02-27T19:25:20.425+0000] {logging_mixin.py:190} INFO - [2025-02-27T19:25:20.425+0000] {dag.py:3239} INFO - Sync 4 DAGs
[2025-02-27T19:25:20.449+0000] {logging_mixin.py:190} INFO - [2025-02-27T19:25:20.449+0000] {dag.py:4180} INFO - Setting next_dagrun for dataset_alias_example_alias_consumer to None, run_after=None
[2025-02-27T19:25:20.452+0000] {logging_mixin.py:190} INFO - [2025-02-27T19:25:20.452+0000] {dag.py:4180} INFO - Setting next_dagrun for dataset_alias_example_alias_producer to None, run_after=None
[2025-02-27T19:25:20.453+0000] {logging_mixin.py:190} INFO - [2025-02-27T19:25:20.453+0000] {dag.py:4180} INFO - Setting next_dagrun for dataset_s3_bucket_consumer to None, run_after=None
[2025-02-27T19:25:20.454+0000] {logging_mixin.py:190} INFO - [2025-02-27T19:25:20.454+0000] {dag.py:4180} INFO - Setting next_dagrun for dataset_s3_bucket_producer to None, run_after=None
[2025-02-27T19:25:20.482+0000] {processor.py:208} INFO - Processing /home/sravan2418/airflow-env/lib/python3.11/site-packages/airflow/example_dags/example_dataset_alias.py took 0.136 seconds
[2025-02-27T19:26:24.220+0000] {processor.py:186} INFO - Started process (PID=2921) to work on /home/sravan2418/airflow-env/lib/python3.11/site-packages/airflow/example_dags/example_dataset_alias.py
[2025-02-27T19:26:24.223+0000] {processor.py:914} INFO - Processing file /home/sravan2418/airflow-env/lib/python3.11/site-packages/airflow/example_dags/example_dataset_alias.py for tasks to queue
[2025-02-27T19:26:24.227+0000] {logging_mixin.py:190} INFO - [2025-02-27T19:26:24.226+0000] {dagbag.py:588} INFO - Filling up the DagBag from /home/sravan2418/airflow-env/lib/python3.11/site-packages/airflow/example_dags/example_dataset_alias.py
[2025-02-27T19:26:24.271+0000] {processor.py:925} INFO - DAG(s) 'dataset_alias_example_alias_producer', 'dataset_s3_bucket_consumer', 'dataset_s3_bucket_producer', 'dataset_alias_example_alias_consumer' retrieved from /home/sravan2418/airflow-env/lib/python3.11/site-packages/airflow/example_dags/example_dataset_alias.py
[2025-02-27T19:26:24.301+0000] {logging_mixin.py:190} INFO - [2025-02-27T19:26:24.301+0000] {dag.py:3239} INFO - Sync 4 DAGs
[2025-02-27T19:26:24.558+0000] {logging_mixin.py:190} INFO - [2025-02-27T19:26:24.558+0000] {dag.py:4180} INFO - Setting next_dagrun for dataset_alias_example_alias_consumer to None, run_after=None
[2025-02-27T19:26:24.562+0000] {logging_mixin.py:190} INFO - [2025-02-27T19:26:24.561+0000] {dag.py:4180} INFO - Setting next_dagrun for dataset_alias_example_alias_producer to None, run_after=None
[2025-02-27T19:26:24.563+0000] {logging_mixin.py:190} INFO - [2025-02-27T19:26:24.563+0000] {dag.py:4180} INFO - Setting next_dagrun for dataset_s3_bucket_consumer to None, run_after=None
[2025-02-27T19:26:24.565+0000] {logging_mixin.py:190} INFO - [2025-02-27T19:26:24.564+0000] {dag.py:4180} INFO - Setting next_dagrun for dataset_s3_bucket_producer to None, run_after=None
[2025-02-27T19:26:24.597+0000] {processor.py:208} INFO - Processing /home/sravan2418/airflow-env/lib/python3.11/site-packages/airflow/example_dags/example_dataset_alias.py took 0.388 seconds
[2025-02-27T19:27:29.966+0000] {processor.py:186} INFO - Started process (PID=2988) to work on /home/sravan2418/airflow-env/lib/python3.11/site-packages/airflow/example_dags/example_dataset_alias.py
[2025-02-27T19:27:29.968+0000] {processor.py:914} INFO - Processing file /home/sravan2418/airflow-env/lib/python3.11/site-packages/airflow/example_dags/example_dataset_alias.py for tasks to queue
[2025-02-27T19:27:29.971+0000] {logging_mixin.py:190} INFO - [2025-02-27T19:27:29.971+0000] {dagbag.py:588} INFO - Filling up the DagBag from /home/sravan2418/airflow-env/lib/python3.11/site-packages/airflow/example_dags/example_dataset_alias.py
[2025-02-27T19:27:30.006+0000] {processor.py:925} INFO - DAG(s) 'dataset_alias_example_alias_consumer', 'dataset_alias_example_alias_producer', 'dataset_s3_bucket_consumer', 'dataset_s3_bucket_producer' retrieved from /home/sravan2418/airflow-env/lib/python3.11/site-packages/airflow/example_dags/example_dataset_alias.py
[2025-02-27T19:27:30.030+0000] {logging_mixin.py:190} INFO - [2025-02-27T19:27:30.030+0000] {dag.py:3239} INFO - Sync 4 DAGs
[2025-02-27T19:27:30.062+0000] {logging_mixin.py:190} INFO - [2025-02-27T19:27:30.061+0000] {dag.py:4180} INFO - Setting next_dagrun for dataset_alias_example_alias_consumer to None, run_after=None
[2025-02-27T19:27:30.064+0000] {logging_mixin.py:190} INFO - [2025-02-27T19:27:30.064+0000] {dag.py:4180} INFO - Setting next_dagrun for dataset_alias_example_alias_producer to None, run_after=None
[2025-02-27T19:27:30.065+0000] {logging_mixin.py:190} INFO - [2025-02-27T19:27:30.065+0000] {dag.py:4180} INFO - Setting next_dagrun for dataset_s3_bucket_consumer to None, run_after=None
[2025-02-27T19:27:30.066+0000] {logging_mixin.py:190} INFO - [2025-02-27T19:27:30.066+0000] {dag.py:4180} INFO - Setting next_dagrun for dataset_s3_bucket_producer to None, run_after=None
[2025-02-27T19:27:30.094+0000] {processor.py:208} INFO - Processing /home/sravan2418/airflow-env/lib/python3.11/site-packages/airflow/example_dags/example_dataset_alias.py took 0.137 seconds
[2025-02-27T19:28:30.437+0000] {processor.py:186} INFO - Started process (PID=3065) to work on /home/sravan2418/airflow-env/lib/python3.11/site-packages/airflow/example_dags/example_dataset_alias.py
[2025-02-27T19:28:30.439+0000] {processor.py:914} INFO - Processing file /home/sravan2418/airflow-env/lib/python3.11/site-packages/airflow/example_dags/example_dataset_alias.py for tasks to queue
[2025-02-27T19:28:30.442+0000] {logging_mixin.py:190} INFO - [2025-02-27T19:28:30.441+0000] {dagbag.py:588} INFO - Filling up the DagBag from /home/sravan2418/airflow-env/lib/python3.11/site-packages/airflow/example_dags/example_dataset_alias.py
[2025-02-27T19:28:30.479+0000] {processor.py:925} INFO - DAG(s) 'dataset_s3_bucket_consumer', 'dataset_alias_example_alias_producer', 'dataset_s3_bucket_producer', 'dataset_alias_example_alias_consumer' retrieved from /home/sravan2418/airflow-env/lib/python3.11/site-packages/airflow/example_dags/example_dataset_alias.py
[2025-02-27T19:28:30.509+0000] {logging_mixin.py:190} INFO - [2025-02-27T19:28:30.509+0000] {dag.py:3239} INFO - Sync 4 DAGs
[2025-02-27T19:28:30.534+0000] {logging_mixin.py:190} INFO - [2025-02-27T19:28:30.534+0000] {dag.py:4180} INFO - Setting next_dagrun for dataset_alias_example_alias_consumer to None, run_after=None
[2025-02-27T19:28:30.538+0000] {logging_mixin.py:190} INFO - [2025-02-27T19:28:30.537+0000] {dag.py:4180} INFO - Setting next_dagrun for dataset_alias_example_alias_producer to None, run_after=None
[2025-02-27T19:28:30.539+0000] {logging_mixin.py:190} INFO - [2025-02-27T19:28:30.539+0000] {dag.py:4180} INFO - Setting next_dagrun for dataset_s3_bucket_consumer to None, run_after=None
[2025-02-27T19:28:30.540+0000] {logging_mixin.py:190} INFO - [2025-02-27T19:28:30.540+0000] {dag.py:4180} INFO - Setting next_dagrun for dataset_s3_bucket_producer to None, run_after=None
[2025-02-27T19:28:30.569+0000] {processor.py:208} INFO - Processing /home/sravan2418/airflow-env/lib/python3.11/site-packages/airflow/example_dags/example_dataset_alias.py took 0.141 seconds
[2025-02-27T19:29:30.832+0000] {processor.py:186} INFO - Started process (PID=3133) to work on /home/sravan2418/airflow-env/lib/python3.11/site-packages/airflow/example_dags/example_dataset_alias.py
[2025-02-27T19:29:30.835+0000] {processor.py:914} INFO - Processing file /home/sravan2418/airflow-env/lib/python3.11/site-packages/airflow/example_dags/example_dataset_alias.py for tasks to queue
[2025-02-27T19:29:30.839+0000] {logging_mixin.py:190} INFO - [2025-02-27T19:29:30.839+0000] {dagbag.py:588} INFO - Filling up the DagBag from /home/sravan2418/airflow-env/lib/python3.11/site-packages/airflow/example_dags/example_dataset_alias.py
[2025-02-27T19:29:30.883+0000] {processor.py:925} INFO - DAG(s) 'dataset_s3_bucket_producer', 'dataset_alias_example_alias_consumer', 'dataset_alias_example_alias_producer', 'dataset_s3_bucket_consumer' retrieved from /home/sravan2418/airflow-env/lib/python3.11/site-packages/airflow/example_dags/example_dataset_alias.py
[2025-02-27T19:29:30.918+0000] {logging_mixin.py:190} INFO - [2025-02-27T19:29:30.917+0000] {dag.py:3239} INFO - Sync 4 DAGs
[2025-02-27T19:29:30.946+0000] {logging_mixin.py:190} INFO - [2025-02-27T19:29:30.946+0000] {dag.py:4180} INFO - Setting next_dagrun for dataset_alias_example_alias_consumer to None, run_after=None
[2025-02-27T19:29:30.950+0000] {logging_mixin.py:190} INFO - [2025-02-27T19:29:30.950+0000] {dag.py:4180} INFO - Setting next_dagrun for dataset_alias_example_alias_producer to None, run_after=None
[2025-02-27T19:29:30.952+0000] {logging_mixin.py:190} INFO - [2025-02-27T19:29:30.951+0000] {dag.py:4180} INFO - Setting next_dagrun for dataset_s3_bucket_consumer to None, run_after=None
[2025-02-27T19:29:30.953+0000] {logging_mixin.py:190} INFO - [2025-02-27T19:29:30.953+0000] {dag.py:4180} INFO - Setting next_dagrun for dataset_s3_bucket_producer to None, run_after=None
[2025-02-27T19:29:30.994+0000] {processor.py:208} INFO - Processing /home/sravan2418/airflow-env/lib/python3.11/site-packages/airflow/example_dags/example_dataset_alias.py took 0.173 seconds
[2025-02-27T19:30:32.984+0000] {processor.py:186} INFO - Started process (PID=3200) to work on /home/sravan2418/airflow-env/lib/python3.11/site-packages/airflow/example_dags/example_dataset_alias.py
[2025-02-27T19:30:32.986+0000] {processor.py:914} INFO - Processing file /home/sravan2418/airflow-env/lib/python3.11/site-packages/airflow/example_dags/example_dataset_alias.py for tasks to queue
[2025-02-27T19:30:32.989+0000] {logging_mixin.py:190} INFO - [2025-02-27T19:30:32.989+0000] {dagbag.py:588} INFO - Filling up the DagBag from /home/sravan2418/airflow-env/lib/python3.11/site-packages/airflow/example_dags/example_dataset_alias.py
[2025-02-27T19:30:33.025+0000] {processor.py:925} INFO - DAG(s) 'dataset_alias_example_alias_consumer', 'dataset_s3_bucket_producer', 'dataset_s3_bucket_consumer', 'dataset_alias_example_alias_producer' retrieved from /home/sravan2418/airflow-env/lib/python3.11/site-packages/airflow/example_dags/example_dataset_alias.py
[2025-02-27T19:30:33.051+0000] {logging_mixin.py:190} INFO - [2025-02-27T19:30:33.051+0000] {dag.py:3239} INFO - Sync 4 DAGs
[2025-02-27T19:30:33.076+0000] {logging_mixin.py:190} INFO - [2025-02-27T19:30:33.076+0000] {dag.py:4180} INFO - Setting next_dagrun for dataset_alias_example_alias_consumer to None, run_after=None
[2025-02-27T19:30:33.079+0000] {logging_mixin.py:190} INFO - [2025-02-27T19:30:33.079+0000] {dag.py:4180} INFO - Setting next_dagrun for dataset_alias_example_alias_producer to None, run_after=None
[2025-02-27T19:30:33.080+0000] {logging_mixin.py:190} INFO - [2025-02-27T19:30:33.080+0000] {dag.py:4180} INFO - Setting next_dagrun for dataset_s3_bucket_consumer to None, run_after=None
[2025-02-27T19:30:33.081+0000] {logging_mixin.py:190} INFO - [2025-02-27T19:30:33.081+0000] {dag.py:4180} INFO - Setting next_dagrun for dataset_s3_bucket_producer to None, run_after=None
[2025-02-27T19:30:33.110+0000] {processor.py:208} INFO - Processing /home/sravan2418/airflow-env/lib/python3.11/site-packages/airflow/example_dags/example_dataset_alias.py took 0.135 seconds
[2025-02-27T19:31:36.781+0000] {processor.py:186} INFO - Started process (PID=3262) to work on /home/sravan2418/airflow-env/lib/python3.11/site-packages/airflow/example_dags/example_dataset_alias.py
[2025-02-27T19:31:36.783+0000] {processor.py:914} INFO - Processing file /home/sravan2418/airflow-env/lib/python3.11/site-packages/airflow/example_dags/example_dataset_alias.py for tasks to queue
[2025-02-27T19:31:36.787+0000] {logging_mixin.py:190} INFO - [2025-02-27T19:31:36.786+0000] {dagbag.py:588} INFO - Filling up the DagBag from /home/sravan2418/airflow-env/lib/python3.11/site-packages/airflow/example_dags/example_dataset_alias.py
[2025-02-27T19:31:36.833+0000] {processor.py:925} INFO - DAG(s) 'dataset_alias_example_alias_producer', 'dataset_s3_bucket_producer', 'dataset_s3_bucket_consumer', 'dataset_alias_example_alias_consumer' retrieved from /home/sravan2418/airflow-env/lib/python3.11/site-packages/airflow/example_dags/example_dataset_alias.py
[2025-02-27T19:31:36.865+0000] {logging_mixin.py:190} INFO - [2025-02-27T19:31:36.864+0000] {dag.py:3239} INFO - Sync 4 DAGs
[2025-02-27T19:31:37.109+0000] {logging_mixin.py:190} INFO - [2025-02-27T19:31:37.108+0000] {dag.py:4180} INFO - Setting next_dagrun for dataset_alias_example_alias_consumer to None, run_after=None
[2025-02-27T19:31:37.113+0000] {logging_mixin.py:190} INFO - [2025-02-27T19:31:37.112+0000] {dag.py:4180} INFO - Setting next_dagrun for dataset_alias_example_alias_producer to None, run_after=None
[2025-02-27T19:31:37.114+0000] {logging_mixin.py:190} INFO - [2025-02-27T19:31:37.114+0000] {dag.py:4180} INFO - Setting next_dagrun for dataset_s3_bucket_consumer to None, run_after=None
[2025-02-27T19:31:37.116+0000] {logging_mixin.py:190} INFO - [2025-02-27T19:31:37.116+0000] {dag.py:4180} INFO - Setting next_dagrun for dataset_s3_bucket_producer to None, run_after=None
[2025-02-27T19:31:37.151+0000] {processor.py:208} INFO - Processing /home/sravan2418/airflow-env/lib/python3.11/site-packages/airflow/example_dags/example_dataset_alias.py took 0.384 seconds
[2025-02-27T19:32:44.582+0000] {processor.py:186} INFO - Started process (PID=3328) to work on /home/sravan2418/airflow-env/lib/python3.11/site-packages/airflow/example_dags/example_dataset_alias.py
[2025-02-27T19:32:44.584+0000] {processor.py:914} INFO - Processing file /home/sravan2418/airflow-env/lib/python3.11/site-packages/airflow/example_dags/example_dataset_alias.py for tasks to queue
[2025-02-27T19:32:44.588+0000] {logging_mixin.py:190} INFO - [2025-02-27T19:32:44.587+0000] {dagbag.py:588} INFO - Filling up the DagBag from /home/sravan2418/airflow-env/lib/python3.11/site-packages/airflow/example_dags/example_dataset_alias.py
[2025-02-27T19:32:44.627+0000] {processor.py:925} INFO - DAG(s) 'dataset_alias_example_alias_consumer', 'dataset_s3_bucket_consumer', 'dataset_s3_bucket_producer', 'dataset_alias_example_alias_producer' retrieved from /home/sravan2418/airflow-env/lib/python3.11/site-packages/airflow/example_dags/example_dataset_alias.py
[2025-02-27T19:32:44.653+0000] {logging_mixin.py:190} INFO - [2025-02-27T19:32:44.653+0000] {dag.py:3239} INFO - Sync 4 DAGs
[2025-02-27T19:32:44.681+0000] {logging_mixin.py:190} INFO - [2025-02-27T19:32:44.681+0000] {dag.py:4180} INFO - Setting next_dagrun for dataset_alias_example_alias_consumer to None, run_after=None
[2025-02-27T19:32:44.684+0000] {logging_mixin.py:190} INFO - [2025-02-27T19:32:44.684+0000] {dag.py:4180} INFO - Setting next_dagrun for dataset_alias_example_alias_producer to None, run_after=None
[2025-02-27T19:32:44.685+0000] {logging_mixin.py:190} INFO - [2025-02-27T19:32:44.685+0000] {dag.py:4180} INFO - Setting next_dagrun for dataset_s3_bucket_consumer to None, run_after=None
[2025-02-27T19:32:44.686+0000] {logging_mixin.py:190} INFO - [2025-02-27T19:32:44.686+0000] {dag.py:4180} INFO - Setting next_dagrun for dataset_s3_bucket_producer to None, run_after=None
[2025-02-27T19:32:44.716+0000] {processor.py:208} INFO - Processing /home/sravan2418/airflow-env/lib/python3.11/site-packages/airflow/example_dags/example_dataset_alias.py took 0.144 seconds
[2025-02-27T19:33:51.024+0000] {processor.py:186} INFO - Started process (PID=3395) to work on /home/sravan2418/airflow-env/lib/python3.11/site-packages/airflow/example_dags/example_dataset_alias.py
[2025-02-27T19:33:51.026+0000] {processor.py:914} INFO - Processing file /home/sravan2418/airflow-env/lib/python3.11/site-packages/airflow/example_dags/example_dataset_alias.py for tasks to queue
[2025-02-27T19:33:51.030+0000] {logging_mixin.py:190} INFO - [2025-02-27T19:33:51.029+0000] {dagbag.py:588} INFO - Filling up the DagBag from /home/sravan2418/airflow-env/lib/python3.11/site-packages/airflow/example_dags/example_dataset_alias.py
[2025-02-27T19:33:51.070+0000] {processor.py:925} INFO - DAG(s) 'dataset_alias_example_alias_producer', 'dataset_s3_bucket_consumer', 'dataset_alias_example_alias_consumer', 'dataset_s3_bucket_producer' retrieved from /home/sravan2418/airflow-env/lib/python3.11/site-packages/airflow/example_dags/example_dataset_alias.py
[2025-02-27T19:33:51.096+0000] {logging_mixin.py:190} INFO - [2025-02-27T19:33:51.096+0000] {dag.py:3239} INFO - Sync 4 DAGs
[2025-02-27T19:33:51.122+0000] {logging_mixin.py:190} INFO - [2025-02-27T19:33:51.121+0000] {dag.py:4180} INFO - Setting next_dagrun for dataset_alias_example_alias_consumer to None, run_after=None
[2025-02-27T19:33:51.124+0000] {logging_mixin.py:190} INFO - [2025-02-27T19:33:51.124+0000] {dag.py:4180} INFO - Setting next_dagrun for dataset_alias_example_alias_producer to None, run_after=None
[2025-02-27T19:33:51.126+0000] {logging_mixin.py:190} INFO - [2025-02-27T19:33:51.125+0000] {dag.py:4180} INFO - Setting next_dagrun for dataset_s3_bucket_consumer to None, run_after=None
[2025-02-27T19:33:51.126+0000] {logging_mixin.py:190} INFO - [2025-02-27T19:33:51.126+0000] {dag.py:4180} INFO - Setting next_dagrun for dataset_s3_bucket_producer to None, run_after=None
[2025-02-27T19:33:51.157+0000] {processor.py:208} INFO - Processing /home/sravan2418/airflow-env/lib/python3.11/site-packages/airflow/example_dags/example_dataset_alias.py took 0.143 seconds
[2025-02-27T19:34:55.076+0000] {processor.py:186} INFO - Started process (PID=3460) to work on /home/sravan2418/airflow-env/lib/python3.11/site-packages/airflow/example_dags/example_dataset_alias.py
[2025-02-27T19:34:55.079+0000] {processor.py:914} INFO - Processing file /home/sravan2418/airflow-env/lib/python3.11/site-packages/airflow/example_dags/example_dataset_alias.py for tasks to queue
[2025-02-27T19:34:55.084+0000] {logging_mixin.py:190} INFO - [2025-02-27T19:34:55.083+0000] {dagbag.py:588} INFO - Filling up the DagBag from /home/sravan2418/airflow-env/lib/python3.11/site-packages/airflow/example_dags/example_dataset_alias.py
[2025-02-27T19:34:55.132+0000] {processor.py:925} INFO - DAG(s) 'dataset_alias_example_alias_consumer', 'dataset_alias_example_alias_producer', 'dataset_s3_bucket_producer', 'dataset_s3_bucket_consumer' retrieved from /home/sravan2418/airflow-env/lib/python3.11/site-packages/airflow/example_dags/example_dataset_alias.py
[2025-02-27T19:34:55.164+0000] {logging_mixin.py:190} INFO - [2025-02-27T19:34:55.164+0000] {dag.py:3239} INFO - Sync 4 DAGs
[2025-02-27T19:34:55.191+0000] {logging_mixin.py:190} INFO - [2025-02-27T19:34:55.191+0000] {dag.py:4180} INFO - Setting next_dagrun for dataset_alias_example_alias_consumer to None, run_after=None
[2025-02-27T19:34:55.194+0000] {logging_mixin.py:190} INFO - [2025-02-27T19:34:55.194+0000] {dag.py:4180} INFO - Setting next_dagrun for dataset_alias_example_alias_producer to None, run_after=None
[2025-02-27T19:34:55.195+0000] {logging_mixin.py:190} INFO - [2025-02-27T19:34:55.195+0000] {dag.py:4180} INFO - Setting next_dagrun for dataset_s3_bucket_consumer to None, run_after=None
[2025-02-27T19:34:55.196+0000] {logging_mixin.py:190} INFO - [2025-02-27T19:34:55.196+0000] {dag.py:4180} INFO - Setting next_dagrun for dataset_s3_bucket_producer to None, run_after=None
[2025-02-27T19:34:55.228+0000] {processor.py:208} INFO - Processing /home/sravan2418/airflow-env/lib/python3.11/site-packages/airflow/example_dags/example_dataset_alias.py took 0.164 seconds
