[2025-02-27T19:23:46.788+0000] {processor.py:186} INFO - Started process (PID=2755) to work on /home/sravan2418/airflow-env/lib/python3.11/site-packages/airflow/example_dags/example_complex.py
[2025-02-27T19:23:46.789+0000] {processor.py:914} INFO - Processing file /home/sravan2418/airflow-env/lib/python3.11/site-packages/airflow/example_dags/example_complex.py for tasks to queue
[2025-02-27T19:23:46.793+0000] {logging_mixin.py:190} INFO - [2025-02-27T19:23:46.792+0000] {dagbag.py:588} INFO - Filling up the DagBag from /home/sravan2418/airflow-env/lib/python3.11/site-packages/airflow/example_dags/example_complex.py
[2025-02-27T19:23:46.810+0000] {processor.py:925} INFO - DAG(s) 'example_complex' retrieved from /home/sravan2418/airflow-env/lib/python3.11/site-packages/airflow/example_dags/example_complex.py
[2025-02-27T19:23:46.943+0000] {logging_mixin.py:190} INFO - [2025-02-27T19:23:46.942+0000] {override.py:1930} INFO - Created Permission View: can edit on DAG:example_complex
[2025-02-27T19:23:46.956+0000] {logging_mixin.py:190} INFO - [2025-02-27T19:23:46.955+0000] {override.py:1930} INFO - Created Permission View: can read on DAG:example_complex
[2025-02-27T19:23:46.966+0000] {logging_mixin.py:190} INFO - [2025-02-27T19:23:46.965+0000] {override.py:1930} INFO - Created Permission View: can delete on DAG:example_complex
[2025-02-27T19:23:46.982+0000] {logging_mixin.py:190} INFO - [2025-02-27T19:23:46.982+0000] {override.py:1930} INFO - Created Permission View: can read on DAG Run:example_complex
[2025-02-27T19:23:46.993+0000] {logging_mixin.py:190} INFO - [2025-02-27T19:23:46.992+0000] {override.py:1930} INFO - Created Permission View: can delete on DAG Run:example_complex
[2025-02-27T19:23:47.003+0000] {logging_mixin.py:190} INFO - [2025-02-27T19:23:47.003+0000] {override.py:1930} INFO - Created Permission View: menu access on DAG Run:example_complex
[2025-02-27T19:23:47.014+0000] {logging_mixin.py:190} INFO - [2025-02-27T19:23:47.013+0000] {override.py:1930} INFO - Created Permission View: can create on DAG Run:example_complex
[2025-02-27T19:23:47.014+0000] {logging_mixin.py:190} INFO - [2025-02-27T19:23:47.014+0000] {dag.py:3239} INFO - Sync 1 DAGs
[2025-02-27T19:23:47.030+0000] {logging_mixin.py:190} INFO - [2025-02-27T19:23:47.029+0000] {dag.py:3262} INFO - Creating ORM DAG for example_complex
[2025-02-27T19:23:47.030+0000] {logging_mixin.py:190} INFO - [2025-02-27T19:23:47.030+0000] {dag.py:4180} INFO - Setting next_dagrun for example_complex to None, run_after=None
[2025-02-27T19:23:47.055+0000] {processor.py:208} INFO - Processing /home/sravan2418/airflow-env/lib/python3.11/site-packages/airflow/example_dags/example_complex.py took 0.277 seconds
[2025-02-27T19:24:47.141+0000] {processor.py:186} INFO - Started process (PID=2825) to work on /home/sravan2418/airflow-env/lib/python3.11/site-packages/airflow/example_dags/example_complex.py
[2025-02-27T19:24:47.143+0000] {processor.py:914} INFO - Processing file /home/sravan2418/airflow-env/lib/python3.11/site-packages/airflow/example_dags/example_complex.py for tasks to queue
[2025-02-27T19:24:47.146+0000] {logging_mixin.py:190} INFO - [2025-02-27T19:24:47.146+0000] {dagbag.py:588} INFO - Filling up the DagBag from /home/sravan2418/airflow-env/lib/python3.11/site-packages/airflow/example_dags/example_complex.py
[2025-02-27T19:24:47.164+0000] {processor.py:925} INFO - DAG(s) 'example_complex' retrieved from /home/sravan2418/airflow-env/lib/python3.11/site-packages/airflow/example_dags/example_complex.py
[2025-02-27T19:24:47.199+0000] {logging_mixin.py:190} INFO - [2025-02-27T19:24:47.199+0000] {dag.py:3239} INFO - Sync 1 DAGs
[2025-02-27T19:24:47.215+0000] {logging_mixin.py:190} INFO - [2025-02-27T19:24:47.214+0000] {dag.py:4180} INFO - Setting next_dagrun for example_complex to None, run_after=None
[2025-02-27T19:24:47.241+0000] {processor.py:208} INFO - Processing /home/sravan2418/airflow-env/lib/python3.11/site-packages/airflow/example_dags/example_complex.py took 0.110 seconds
[2025-02-27T19:25:49.245+0000] {processor.py:186} INFO - Started process (PID=2887) to work on /home/sravan2418/airflow-env/lib/python3.11/site-packages/airflow/example_dags/example_complex.py
[2025-02-27T19:25:49.247+0000] {processor.py:914} INFO - Processing file /home/sravan2418/airflow-env/lib/python3.11/site-packages/airflow/example_dags/example_complex.py for tasks to queue
[2025-02-27T19:25:49.251+0000] {logging_mixin.py:190} INFO - [2025-02-27T19:25:49.251+0000] {dagbag.py:588} INFO - Filling up the DagBag from /home/sravan2418/airflow-env/lib/python3.11/site-packages/airflow/example_dags/example_complex.py
[2025-02-27T19:25:49.271+0000] {processor.py:925} INFO - DAG(s) 'example_complex' retrieved from /home/sravan2418/airflow-env/lib/python3.11/site-packages/airflow/example_dags/example_complex.py
[2025-02-27T19:25:49.309+0000] {logging_mixin.py:190} INFO - [2025-02-27T19:25:49.309+0000] {dag.py:3239} INFO - Sync 1 DAGs
[2025-02-27T19:25:49.328+0000] {logging_mixin.py:190} INFO - [2025-02-27T19:25:49.327+0000] {dag.py:4180} INFO - Setting next_dagrun for example_complex to None, run_after=None
[2025-02-27T19:25:49.359+0000] {processor.py:208} INFO - Processing /home/sravan2418/airflow-env/lib/python3.11/site-packages/airflow/example_dags/example_complex.py took 0.125 seconds
[2025-02-27T19:26:54.605+0000] {processor.py:186} INFO - Started process (PID=2951) to work on /home/sravan2418/airflow-env/lib/python3.11/site-packages/airflow/example_dags/example_complex.py
[2025-02-27T19:26:54.607+0000] {processor.py:914} INFO - Processing file /home/sravan2418/airflow-env/lib/python3.11/site-packages/airflow/example_dags/example_complex.py for tasks to queue
[2025-02-27T19:26:54.610+0000] {logging_mixin.py:190} INFO - [2025-02-27T19:26:54.610+0000] {dagbag.py:588} INFO - Filling up the DagBag from /home/sravan2418/airflow-env/lib/python3.11/site-packages/airflow/example_dags/example_complex.py
[2025-02-27T19:26:54.799+0000] {processor.py:925} INFO - DAG(s) 'example_complex' retrieved from /home/sravan2418/airflow-env/lib/python3.11/site-packages/airflow/example_dags/example_complex.py
[2025-02-27T19:26:54.826+0000] {logging_mixin.py:190} INFO - [2025-02-27T19:26:54.826+0000] {dag.py:3239} INFO - Sync 1 DAGs
[2025-02-27T19:26:54.839+0000] {logging_mixin.py:190} INFO - [2025-02-27T19:26:54.839+0000] {dag.py:4180} INFO - Setting next_dagrun for example_complex to None, run_after=None
[2025-02-27T19:26:54.863+0000] {processor.py:208} INFO - Processing /home/sravan2418/airflow-env/lib/python3.11/site-packages/airflow/example_dags/example_complex.py took 0.268 seconds
[2025-02-27T19:28:57.902+0000] {processor.py:186} INFO - Started process (PID=3099) to work on /home/sravan2418/airflow-env/lib/python3.11/site-packages/airflow/example_dags/example_complex.py
[2025-02-27T19:28:57.905+0000] {processor.py:914} INFO - Processing file /home/sravan2418/airflow-env/lib/python3.11/site-packages/airflow/example_dags/example_complex.py for tasks to queue
[2025-02-27T19:28:57.909+0000] {logging_mixin.py:190} INFO - [2025-02-27T19:28:57.908+0000] {dagbag.py:588} INFO - Filling up the DagBag from /home/sravan2418/airflow-env/lib/python3.11/site-packages/airflow/example_dags/example_complex.py
[2025-02-27T19:28:57.929+0000] {processor.py:925} INFO - DAG(s) 'example_complex' retrieved from /home/sravan2418/airflow-env/lib/python3.11/site-packages/airflow/example_dags/example_complex.py
[2025-02-27T19:28:57.968+0000] {logging_mixin.py:190} INFO - [2025-02-27T19:28:57.967+0000] {dag.py:3239} INFO - Sync 1 DAGs
[2025-02-27T19:28:57.986+0000] {logging_mixin.py:190} INFO - [2025-02-27T19:28:57.986+0000] {dag.py:4180} INFO - Setting next_dagrun for example_complex to None, run_after=None
[2025-02-27T19:28:58.021+0000] {processor.py:208} INFO - Processing /home/sravan2418/airflow-env/lib/python3.11/site-packages/airflow/example_dags/example_complex.py took 0.130 seconds
[2025-02-27T19:29:56.954+0000] {processor.py:186} INFO - Started process (PID=3162) to work on /home/sravan2418/airflow-env/lib/python3.11/site-packages/airflow/example_dags/example_complex.py
[2025-02-27T19:29:56.957+0000] {processor.py:914} INFO - Processing file /home/sravan2418/airflow-env/lib/python3.11/site-packages/airflow/example_dags/example_complex.py for tasks to queue
[2025-02-27T19:29:56.960+0000] {logging_mixin.py:190} INFO - [2025-02-27T19:29:56.959+0000] {dagbag.py:588} INFO - Filling up the DagBag from /home/sravan2418/airflow-env/lib/python3.11/site-packages/airflow/example_dags/example_complex.py
[2025-02-27T19:29:56.979+0000] {processor.py:925} INFO - DAG(s) 'example_complex' retrieved from /home/sravan2418/airflow-env/lib/python3.11/site-packages/airflow/example_dags/example_complex.py
[2025-02-27T19:29:57.018+0000] {logging_mixin.py:190} INFO - [2025-02-27T19:29:57.018+0000] {dag.py:3239} INFO - Sync 1 DAGs
[2025-02-27T19:29:57.035+0000] {logging_mixin.py:190} INFO - [2025-02-27T19:29:57.034+0000] {dag.py:4180} INFO - Setting next_dagrun for example_complex to None, run_after=None
[2025-02-27T19:29:57.061+0000] {processor.py:208} INFO - Processing /home/sravan2418/airflow-env/lib/python3.11/site-packages/airflow/example_dags/example_complex.py took 0.116 seconds
[2025-02-27T19:30:59.379+0000] {processor.py:186} INFO - Started process (PID=3225) to work on /home/sravan2418/airflow-env/lib/python3.11/site-packages/airflow/example_dags/example_complex.py
[2025-02-27T19:30:59.381+0000] {processor.py:914} INFO - Processing file /home/sravan2418/airflow-env/lib/python3.11/site-packages/airflow/example_dags/example_complex.py for tasks to queue
[2025-02-27T19:30:59.385+0000] {logging_mixin.py:190} INFO - [2025-02-27T19:30:59.384+0000] {dagbag.py:588} INFO - Filling up the DagBag from /home/sravan2418/airflow-env/lib/python3.11/site-packages/airflow/example_dags/example_complex.py
[2025-02-27T19:30:59.402+0000] {processor.py:925} INFO - DAG(s) 'example_complex' retrieved from /home/sravan2418/airflow-env/lib/python3.11/site-packages/airflow/example_dags/example_complex.py
[2025-02-27T19:30:59.436+0000] {logging_mixin.py:190} INFO - [2025-02-27T19:30:59.436+0000] {dag.py:3239} INFO - Sync 1 DAGs
[2025-02-27T19:30:59.452+0000] {logging_mixin.py:190} INFO - [2025-02-27T19:30:59.452+0000] {dag.py:4180} INFO - Setting next_dagrun for example_complex to None, run_after=None
[2025-02-27T19:30:59.480+0000] {processor.py:208} INFO - Processing /home/sravan2418/airflow-env/lib/python3.11/site-packages/airflow/example_dags/example_complex.py took 0.109 seconds
[2025-02-27T19:32:05.849+0000] {processor.py:186} INFO - Started process (PID=3289) to work on /home/sravan2418/airflow-env/lib/python3.11/site-packages/airflow/example_dags/example_complex.py
[2025-02-27T19:32:05.852+0000] {processor.py:914} INFO - Processing file /home/sravan2418/airflow-env/lib/python3.11/site-packages/airflow/example_dags/example_complex.py for tasks to queue
[2025-02-27T19:32:05.856+0000] {logging_mixin.py:190} INFO - [2025-02-27T19:32:05.855+0000] {dagbag.py:588} INFO - Filling up the DagBag from /home/sravan2418/airflow-env/lib/python3.11/site-packages/airflow/example_dags/example_complex.py
[2025-02-27T19:32:06.101+0000] {processor.py:925} INFO - DAG(s) 'example_complex' retrieved from /home/sravan2418/airflow-env/lib/python3.11/site-packages/airflow/example_dags/example_complex.py
[2025-02-27T19:32:06.132+0000] {logging_mixin.py:190} INFO - [2025-02-27T19:32:06.132+0000] {dag.py:3239} INFO - Sync 1 DAGs
[2025-02-27T19:32:06.147+0000] {logging_mixin.py:190} INFO - [2025-02-27T19:32:06.146+0000] {dag.py:4180} INFO - Setting next_dagrun for example_complex to None, run_after=None
[2025-02-27T19:32:06.181+0000] {processor.py:208} INFO - Processing /home/sravan2418/airflow-env/lib/python3.11/site-packages/airflow/example_dags/example_complex.py took 0.343 seconds
[2025-02-27T19:33:19.110+0000] {processor.py:186} INFO - Started process (PID=3363) to work on /home/sravan2418/airflow-env/lib/python3.11/site-packages/airflow/example_dags/example_complex.py
[2025-02-27T19:33:19.112+0000] {processor.py:914} INFO - Processing file /home/sravan2418/airflow-env/lib/python3.11/site-packages/airflow/example_dags/example_complex.py for tasks to queue
[2025-02-27T19:33:19.117+0000] {logging_mixin.py:190} INFO - [2025-02-27T19:33:19.116+0000] {dagbag.py:588} INFO - Filling up the DagBag from /home/sravan2418/airflow-env/lib/python3.11/site-packages/airflow/example_dags/example_complex.py
[2025-02-27T19:33:19.139+0000] {processor.py:925} INFO - DAG(s) 'example_complex' retrieved from /home/sravan2418/airflow-env/lib/python3.11/site-packages/airflow/example_dags/example_complex.py
[2025-02-27T19:33:19.180+0000] {logging_mixin.py:190} INFO - [2025-02-27T19:33:19.179+0000] {dag.py:3239} INFO - Sync 1 DAGs
[2025-02-27T19:33:19.201+0000] {logging_mixin.py:190} INFO - [2025-02-27T19:33:19.201+0000] {dag.py:4180} INFO - Setting next_dagrun for example_complex to None, run_after=None
[2025-02-27T19:33:19.238+0000] {processor.py:208} INFO - Processing /home/sravan2418/airflow-env/lib/python3.11/site-packages/airflow/example_dags/example_complex.py took 0.139 seconds
[2025-02-27T19:34:23.816+0000] {processor.py:186} INFO - Started process (PID=3428) to work on /home/sravan2418/airflow-env/lib/python3.11/site-packages/airflow/example_dags/example_complex.py
[2025-02-27T19:34:23.818+0000] {processor.py:914} INFO - Processing file /home/sravan2418/airflow-env/lib/python3.11/site-packages/airflow/example_dags/example_complex.py for tasks to queue
[2025-02-27T19:34:23.822+0000] {logging_mixin.py:190} INFO - [2025-02-27T19:34:23.822+0000] {dagbag.py:588} INFO - Filling up the DagBag from /home/sravan2418/airflow-env/lib/python3.11/site-packages/airflow/example_dags/example_complex.py
[2025-02-27T19:34:23.846+0000] {processor.py:925} INFO - DAG(s) 'example_complex' retrieved from /home/sravan2418/airflow-env/lib/python3.11/site-packages/airflow/example_dags/example_complex.py
[2025-02-27T19:34:23.889+0000] {logging_mixin.py:190} INFO - [2025-02-27T19:34:23.888+0000] {dag.py:3239} INFO - Sync 1 DAGs
[2025-02-27T19:34:23.910+0000] {logging_mixin.py:190} INFO - [2025-02-27T19:34:23.909+0000] {dag.py:4180} INFO - Setting next_dagrun for example_complex to None, run_after=None
[2025-02-27T19:34:23.942+0000] {processor.py:208} INFO - Processing /home/sravan2418/airflow-env/lib/python3.11/site-packages/airflow/example_dags/example_complex.py took 0.138 seconds
