[2025-02-27T19:21:02.302+0000] {processor.py:186} INFO - Started process (PID=2575) to work on /home/sravan2418/airflow-env/lib/python3.11/site-packages/airflow/example_dags/tutorial_taskflow_templates.py
[2025-02-27T19:21:02.304+0000] {processor.py:914} INFO - Processing file /home/sravan2418/airflow-env/lib/python3.11/site-packages/airflow/example_dags/tutorial_taskflow_templates.py for tasks to queue
[2025-02-27T19:21:02.308+0000] {logging_mixin.py:190} INFO - [2025-02-27T19:21:02.307+0000] {dagbag.py:588} INFO - Filling up the DagBag from /home/sravan2418/airflow-env/lib/python3.11/site-packages/airflow/example_dags/tutorial_taskflow_templates.py
[2025-02-27T19:21:02.337+0000] {processor.py:925} INFO - DAG(s) 'tutorial_taskflow_templates' retrieved from /home/sravan2418/airflow-env/lib/python3.11/site-packages/airflow/example_dags/tutorial_taskflow_templates.py
[2025-02-27T19:21:02.552+0000] {logging_mixin.py:190} INFO - [2025-02-27T19:21:02.550+0000] {override.py:1930} INFO - Created Permission View: can edit on DAG:tutorial_taskflow_templates
[2025-02-27T19:21:02.576+0000] {logging_mixin.py:190} INFO - [2025-02-27T19:21:02.575+0000] {override.py:1930} INFO - Created Permission View: can delete on DAG:tutorial_taskflow_templates
[2025-02-27T19:21:02.590+0000] {logging_mixin.py:190} INFO - [2025-02-27T19:21:02.589+0000] {override.py:1930} INFO - Created Permission View: can read on DAG:tutorial_taskflow_templates
[2025-02-27T19:21:02.611+0000] {logging_mixin.py:190} INFO - [2025-02-27T19:21:02.611+0000] {override.py:1930} INFO - Created Permission View: menu access on DAG Run:tutorial_taskflow_templates
[2025-02-27T19:21:02.627+0000] {logging_mixin.py:190} INFO - [2025-02-27T19:21:02.626+0000] {override.py:1930} INFO - Created Permission View: can create on DAG Run:tutorial_taskflow_templates
[2025-02-27T19:21:02.640+0000] {logging_mixin.py:190} INFO - [2025-02-27T19:21:02.640+0000] {override.py:1930} INFO - Created Permission View: can delete on DAG Run:tutorial_taskflow_templates
[2025-02-27T19:21:02.653+0000] {logging_mixin.py:190} INFO - [2025-02-27T19:21:02.652+0000] {override.py:1930} INFO - Created Permission View: can read on DAG Run:tutorial_taskflow_templates
[2025-02-27T19:21:02.653+0000] {logging_mixin.py:190} INFO - [2025-02-27T19:21:02.653+0000] {dag.py:3239} INFO - Sync 1 DAGs
[2025-02-27T19:21:02.678+0000] {logging_mixin.py:190} INFO - [2025-02-27T19:21:02.678+0000] {dag.py:3262} INFO - Creating ORM DAG for tutorial_taskflow_templates
[2025-02-27T19:21:02.695+0000] {logging_mixin.py:190} INFO - [2025-02-27T19:21:02.695+0000] {dag.py:4180} INFO - Setting next_dagrun for tutorial_taskflow_templates to 2025-02-26 00:00:00+00:00, run_after=2025-02-27 00:00:00+00:00
[2025-02-27T19:21:02.723+0000] {processor.py:208} INFO - Processing /home/sravan2418/airflow-env/lib/python3.11/site-packages/airflow/example_dags/tutorial_taskflow_templates.py took 0.433 seconds
[2025-02-27T19:22:48.214+0000] {processor.py:186} INFO - Started process (PID=2694) to work on /home/sravan2418/airflow-env/lib/python3.11/site-packages/airflow/example_dags/tutorial_taskflow_templates.py
[2025-02-27T19:22:48.218+0000] {processor.py:914} INFO - Processing file /home/sravan2418/airflow-env/lib/python3.11/site-packages/airflow/example_dags/tutorial_taskflow_templates.py for tasks to queue
[2025-02-27T19:22:48.224+0000] {logging_mixin.py:190} INFO - [2025-02-27T19:22:48.223+0000] {dagbag.py:588} INFO - Filling up the DagBag from /home/sravan2418/airflow-env/lib/python3.11/site-packages/airflow/example_dags/tutorial_taskflow_templates.py
[2025-02-27T19:22:48.263+0000] {processor.py:925} INFO - DAG(s) 'tutorial_taskflow_templates' retrieved from /home/sravan2418/airflow-env/lib/python3.11/site-packages/airflow/example_dags/tutorial_taskflow_templates.py
[2025-02-27T19:22:48.317+0000] {logging_mixin.py:190} INFO - [2025-02-27T19:22:48.317+0000] {dag.py:3239} INFO - Sync 1 DAGs
[2025-02-27T19:22:48.366+0000] {logging_mixin.py:190} INFO - [2025-02-27T19:22:48.366+0000] {dag.py:4180} INFO - Setting next_dagrun for tutorial_taskflow_templates to 2025-02-26 00:00:00+00:00, run_after=2025-02-27 00:00:00+00:00
[2025-02-27T19:22:48.405+0000] {processor.py:208} INFO - Processing /home/sravan2418/airflow-env/lib/python3.11/site-packages/airflow/example_dags/tutorial_taskflow_templates.py took 0.208 seconds
[2025-02-27T19:23:51.249+0000] {processor.py:186} INFO - Started process (PID=2759) to work on /home/sravan2418/airflow-env/lib/python3.11/site-packages/airflow/example_dags/tutorial_taskflow_templates.py
[2025-02-27T19:23:51.251+0000] {processor.py:914} INFO - Processing file /home/sravan2418/airflow-env/lib/python3.11/site-packages/airflow/example_dags/tutorial_taskflow_templates.py for tasks to queue
[2025-02-27T19:23:51.254+0000] {logging_mixin.py:190} INFO - [2025-02-27T19:23:51.254+0000] {dagbag.py:588} INFO - Filling up the DagBag from /home/sravan2418/airflow-env/lib/python3.11/site-packages/airflow/example_dags/tutorial_taskflow_templates.py
[2025-02-27T19:23:51.274+0000] {processor.py:925} INFO - DAG(s) 'tutorial_taskflow_templates' retrieved from /home/sravan2418/airflow-env/lib/python3.11/site-packages/airflow/example_dags/tutorial_taskflow_templates.py
[2025-02-27T19:23:51.295+0000] {logging_mixin.py:190} INFO - [2025-02-27T19:23:51.295+0000] {dag.py:3239} INFO - Sync 1 DAGs
[2025-02-27T19:23:51.322+0000] {logging_mixin.py:190} INFO - [2025-02-27T19:23:51.322+0000] {dag.py:4180} INFO - Setting next_dagrun for tutorial_taskflow_templates to 2025-02-26 00:00:00+00:00, run_after=2025-02-27 00:00:00+00:00
[2025-02-27T19:23:51.348+0000] {processor.py:208} INFO - Processing /home/sravan2418/airflow-env/lib/python3.11/site-packages/airflow/example_dags/tutorial_taskflow_templates.py took 0.108 seconds
[2025-02-27T19:24:51.538+0000] {processor.py:186} INFO - Started process (PID=2829) to work on /home/sravan2418/airflow-env/lib/python3.11/site-packages/airflow/example_dags/tutorial_taskflow_templates.py
[2025-02-27T19:24:51.540+0000] {processor.py:914} INFO - Processing file /home/sravan2418/airflow-env/lib/python3.11/site-packages/airflow/example_dags/tutorial_taskflow_templates.py for tasks to queue
[2025-02-27T19:24:51.543+0000] {logging_mixin.py:190} INFO - [2025-02-27T19:24:51.542+0000] {dagbag.py:588} INFO - Filling up the DagBag from /home/sravan2418/airflow-env/lib/python3.11/site-packages/airflow/example_dags/tutorial_taskflow_templates.py
[2025-02-27T19:24:51.563+0000] {processor.py:925} INFO - DAG(s) 'tutorial_taskflow_templates' retrieved from /home/sravan2418/airflow-env/lib/python3.11/site-packages/airflow/example_dags/tutorial_taskflow_templates.py
[2025-02-27T19:24:51.585+0000] {logging_mixin.py:190} INFO - [2025-02-27T19:24:51.585+0000] {dag.py:3239} INFO - Sync 1 DAGs
[2025-02-27T19:24:51.612+0000] {logging_mixin.py:190} INFO - [2025-02-27T19:24:51.611+0000] {dag.py:4180} INFO - Setting next_dagrun for tutorial_taskflow_templates to 2025-02-26 00:00:00+00:00, run_after=2025-02-27 00:00:00+00:00
[2025-02-27T19:24:51.640+0000] {processor.py:208} INFO - Processing /home/sravan2418/airflow-env/lib/python3.11/site-packages/airflow/example_dags/tutorial_taskflow_templates.py took 0.112 seconds
[2025-02-27T19:25:53.367+0000] {processor.py:186} INFO - Started process (PID=2891) to work on /home/sravan2418/airflow-env/lib/python3.11/site-packages/airflow/example_dags/tutorial_taskflow_templates.py
[2025-02-27T19:25:53.369+0000] {processor.py:914} INFO - Processing file /home/sravan2418/airflow-env/lib/python3.11/site-packages/airflow/example_dags/tutorial_taskflow_templates.py for tasks to queue
[2025-02-27T19:25:53.373+0000] {logging_mixin.py:190} INFO - [2025-02-27T19:25:53.372+0000] {dagbag.py:588} INFO - Filling up the DagBag from /home/sravan2418/airflow-env/lib/python3.11/site-packages/airflow/example_dags/tutorial_taskflow_templates.py
[2025-02-27T19:25:53.397+0000] {processor.py:925} INFO - DAG(s) 'tutorial_taskflow_templates' retrieved from /home/sravan2418/airflow-env/lib/python3.11/site-packages/airflow/example_dags/tutorial_taskflow_templates.py
[2025-02-27T19:25:53.425+0000] {logging_mixin.py:190} INFO - [2025-02-27T19:25:53.425+0000] {dag.py:3239} INFO - Sync 1 DAGs
[2025-02-27T19:25:53.456+0000] {logging_mixin.py:190} INFO - [2025-02-27T19:25:53.455+0000] {dag.py:4180} INFO - Setting next_dagrun for tutorial_taskflow_templates to 2025-02-26 00:00:00+00:00, run_after=2025-02-27 00:00:00+00:00
[2025-02-27T19:25:53.483+0000] {processor.py:208} INFO - Processing /home/sravan2418/airflow-env/lib/python3.11/site-packages/airflow/example_dags/tutorial_taskflow_templates.py took 0.127 seconds
[2025-02-27T19:26:26.191+0000] {processor.py:186} INFO - Started process (PID=2923) to work on /home/sravan2418/airflow-env/lib/python3.11/site-packages/airflow/example_dags/tutorial_taskflow_templates.py
[2025-02-27T19:26:26.193+0000] {processor.py:914} INFO - Processing file /home/sravan2418/airflow-env/lib/python3.11/site-packages/airflow/example_dags/tutorial_taskflow_templates.py for tasks to queue
[2025-02-27T19:26:26.196+0000] {logging_mixin.py:190} INFO - [2025-02-27T19:26:26.196+0000] {dagbag.py:588} INFO - Filling up the DagBag from /home/sravan2418/airflow-env/lib/python3.11/site-packages/airflow/example_dags/tutorial_taskflow_templates.py
[2025-02-27T19:26:26.216+0000] {processor.py:925} INFO - DAG(s) 'tutorial_taskflow_templates' retrieved from /home/sravan2418/airflow-env/lib/python3.11/site-packages/airflow/example_dags/tutorial_taskflow_templates.py
[2025-02-27T19:26:26.240+0000] {logging_mixin.py:190} INFO - [2025-02-27T19:26:26.240+0000] {dag.py:3239} INFO - Sync 1 DAGs
[2025-02-27T19:26:26.267+0000] {logging_mixin.py:190} INFO - [2025-02-27T19:26:26.267+0000] {dag.py:4180} INFO - Setting next_dagrun for tutorial_taskflow_templates to 2025-02-26 00:00:00+00:00, run_after=2025-02-27 00:00:00+00:00
[2025-02-27T19:26:26.449+0000] {processor.py:208} INFO - Processing /home/sravan2418/airflow-env/lib/python3.11/site-packages/airflow/example_dags/tutorial_taskflow_templates.py took 0.268 seconds
[2025-02-27T19:26:59.966+0000] {processor.py:186} INFO - Started process (PID=2955) to work on /home/sravan2418/airflow-env/lib/python3.11/site-packages/airflow/example_dags/tutorial_taskflow_templates.py
[2025-02-27T19:26:59.967+0000] {processor.py:914} INFO - Processing file /home/sravan2418/airflow-env/lib/python3.11/site-packages/airflow/example_dags/tutorial_taskflow_templates.py for tasks to queue
[2025-02-27T19:26:59.970+0000] {logging_mixin.py:190} INFO - [2025-02-27T19:26:59.969+0000] {dagbag.py:588} INFO - Filling up the DagBag from /home/sravan2418/airflow-env/lib/python3.11/site-packages/airflow/example_dags/tutorial_taskflow_templates.py
[2025-02-27T19:27:00.150+0000] {processor.py:925} INFO - DAG(s) 'tutorial_taskflow_templates' retrieved from /home/sravan2418/airflow-env/lib/python3.11/site-packages/airflow/example_dags/tutorial_taskflow_templates.py
[2025-02-27T19:27:00.165+0000] {logging_mixin.py:190} INFO - [2025-02-27T19:27:00.165+0000] {dag.py:3239} INFO - Sync 1 DAGs
[2025-02-27T19:27:00.186+0000] {logging_mixin.py:190} INFO - [2025-02-27T19:27:00.185+0000] {dag.py:4180} INFO - Setting next_dagrun for tutorial_taskflow_templates to 2025-02-26 00:00:00+00:00, run_after=2025-02-27 00:00:00+00:00
[2025-02-27T19:27:00.211+0000] {processor.py:208} INFO - Processing /home/sravan2418/airflow-env/lib/python3.11/site-packages/airflow/example_dags/tutorial_taskflow_templates.py took 0.254 seconds
[2025-02-27T19:27:32.123+0000] {processor.py:186} INFO - Started process (PID=2990) to work on /home/sravan2418/airflow-env/lib/python3.11/site-packages/airflow/example_dags/tutorial_taskflow_templates.py
[2025-02-27T19:27:32.125+0000] {processor.py:914} INFO - Processing file /home/sravan2418/airflow-env/lib/python3.11/site-packages/airflow/example_dags/tutorial_taskflow_templates.py for tasks to queue
[2025-02-27T19:27:32.129+0000] {logging_mixin.py:190} INFO - [2025-02-27T19:27:32.128+0000] {dagbag.py:588} INFO - Filling up the DagBag from /home/sravan2418/airflow-env/lib/python3.11/site-packages/airflow/example_dags/tutorial_taskflow_templates.py
[2025-02-27T19:27:32.149+0000] {processor.py:925} INFO - DAG(s) 'tutorial_taskflow_templates' retrieved from /home/sravan2418/airflow-env/lib/python3.11/site-packages/airflow/example_dags/tutorial_taskflow_templates.py
[2025-02-27T19:27:32.172+0000] {logging_mixin.py:190} INFO - [2025-02-27T19:27:32.172+0000] {dag.py:3239} INFO - Sync 1 DAGs
[2025-02-27T19:27:32.201+0000] {logging_mixin.py:190} INFO - [2025-02-27T19:27:32.201+0000] {dag.py:4180} INFO - Setting next_dagrun for tutorial_taskflow_templates to 2025-02-26 00:00:00+00:00, run_after=2025-02-27 00:00:00+00:00
[2025-02-27T19:27:32.229+0000] {processor.py:208} INFO - Processing /home/sravan2418/airflow-env/lib/python3.11/site-packages/airflow/example_dags/tutorial_taskflow_templates.py took 0.116 seconds
[2025-02-27T19:28:00.990+0000] {processor.py:186} INFO - Started process (PID=3027) to work on /home/sravan2418/airflow-env/lib/python3.11/site-packages/airflow/example_dags/tutorial_taskflow_templates.py
[2025-02-27T19:28:00.991+0000] {processor.py:914} INFO - Processing file /home/sravan2418/airflow-env/lib/python3.11/site-packages/airflow/example_dags/tutorial_taskflow_templates.py for tasks to queue
[2025-02-27T19:28:00.995+0000] {logging_mixin.py:190} INFO - [2025-02-27T19:28:00.994+0000] {dagbag.py:588} INFO - Filling up the DagBag from /home/sravan2418/airflow-env/lib/python3.11/site-packages/airflow/example_dags/tutorial_taskflow_templates.py
[2025-02-27T19:28:01.021+0000] {processor.py:925} INFO - DAG(s) 'tutorial_taskflow_templates' retrieved from /home/sravan2418/airflow-env/lib/python3.11/site-packages/airflow/example_dags/tutorial_taskflow_templates.py
[2025-02-27T19:28:01.066+0000] {logging_mixin.py:190} INFO - [2025-02-27T19:28:01.066+0000] {dag.py:3239} INFO - Sync 1 DAGs
[2025-02-27T19:28:01.108+0000] {logging_mixin.py:190} INFO - [2025-02-27T19:28:01.107+0000] {dag.py:4180} INFO - Setting next_dagrun for tutorial_taskflow_templates to 2025-02-26 00:00:00+00:00, run_after=2025-02-27 00:00:00+00:00
[2025-02-27T19:28:01.142+0000] {processor.py:208} INFO - Processing /home/sravan2418/airflow-env/lib/python3.11/site-packages/airflow/example_dags/tutorial_taskflow_templates.py took 0.162 seconds
[2025-02-27T19:29:00.908+0000] {processor.py:186} INFO - Started process (PID=3104) to work on /home/sravan2418/airflow-env/lib/python3.11/site-packages/airflow/example_dags/tutorial_taskflow_templates.py
[2025-02-27T19:29:00.911+0000] {processor.py:914} INFO - Processing file /home/sravan2418/airflow-env/lib/python3.11/site-packages/airflow/example_dags/tutorial_taskflow_templates.py for tasks to queue
[2025-02-27T19:29:00.914+0000] {logging_mixin.py:190} INFO - [2025-02-27T19:29:00.913+0000] {dagbag.py:588} INFO - Filling up the DagBag from /home/sravan2418/airflow-env/lib/python3.11/site-packages/airflow/example_dags/tutorial_taskflow_templates.py
[2025-02-27T19:29:00.934+0000] {processor.py:925} INFO - DAG(s) 'tutorial_taskflow_templates' retrieved from /home/sravan2418/airflow-env/lib/python3.11/site-packages/airflow/example_dags/tutorial_taskflow_templates.py
[2025-02-27T19:29:00.957+0000] {logging_mixin.py:190} INFO - [2025-02-27T19:29:00.956+0000] {dag.py:3239} INFO - Sync 1 DAGs
[2025-02-27T19:29:00.984+0000] {logging_mixin.py:190} INFO - [2025-02-27T19:29:00.984+0000] {dag.py:4180} INFO - Setting next_dagrun for tutorial_taskflow_templates to 2025-02-26 00:00:00+00:00, run_after=2025-02-27 00:00:00+00:00
[2025-02-27T19:29:01.014+0000] {processor.py:208} INFO - Processing /home/sravan2418/airflow-env/lib/python3.11/site-packages/airflow/example_dags/tutorial_taskflow_templates.py took 0.114 seconds
[2025-02-27T19:29:59.619+0000] {processor.py:186} INFO - Started process (PID=3165) to work on /home/sravan2418/airflow-env/lib/python3.11/site-packages/airflow/example_dags/tutorial_taskflow_templates.py
[2025-02-27T19:29:59.621+0000] {processor.py:914} INFO - Processing file /home/sravan2418/airflow-env/lib/python3.11/site-packages/airflow/example_dags/tutorial_taskflow_templates.py for tasks to queue
[2025-02-27T19:29:59.624+0000] {logging_mixin.py:190} INFO - [2025-02-27T19:29:59.624+0000] {dagbag.py:588} INFO - Filling up the DagBag from /home/sravan2418/airflow-env/lib/python3.11/site-packages/airflow/example_dags/tutorial_taskflow_templates.py
[2025-02-27T19:29:59.644+0000] {processor.py:925} INFO - DAG(s) 'tutorial_taskflow_templates' retrieved from /home/sravan2418/airflow-env/lib/python3.11/site-packages/airflow/example_dags/tutorial_taskflow_templates.py
[2025-02-27T19:29:59.666+0000] {logging_mixin.py:190} INFO - [2025-02-27T19:29:59.666+0000] {dag.py:3239} INFO - Sync 1 DAGs
[2025-02-27T19:29:59.692+0000] {logging_mixin.py:190} INFO - [2025-02-27T19:29:59.691+0000] {dag.py:4180} INFO - Setting next_dagrun for tutorial_taskflow_templates to 2025-02-26 00:00:00+00:00, run_after=2025-02-27 00:00:00+00:00
[2025-02-27T19:29:59.716+0000] {processor.py:208} INFO - Processing /home/sravan2418/airflow-env/lib/python3.11/site-packages/airflow/example_dags/tutorial_taskflow_templates.py took 0.106 seconds
[2025-02-27T19:30:30.541+0000] {processor.py:186} INFO - Started process (PID=3198) to work on /home/sravan2418/airflow-env/lib/python3.11/site-packages/airflow/example_dags/tutorial_taskflow_templates.py
[2025-02-27T19:30:30.543+0000] {processor.py:914} INFO - Processing file /home/sravan2418/airflow-env/lib/python3.11/site-packages/airflow/example_dags/tutorial_taskflow_templates.py for tasks to queue
[2025-02-27T19:30:30.546+0000] {logging_mixin.py:190} INFO - [2025-02-27T19:30:30.546+0000] {dagbag.py:588} INFO - Filling up the DagBag from /home/sravan2418/airflow-env/lib/python3.11/site-packages/airflow/example_dags/tutorial_taskflow_templates.py
[2025-02-27T19:30:30.570+0000] {processor.py:925} INFO - DAG(s) 'tutorial_taskflow_templates' retrieved from /home/sravan2418/airflow-env/lib/python3.11/site-packages/airflow/example_dags/tutorial_taskflow_templates.py
[2025-02-27T19:30:30.596+0000] {logging_mixin.py:190} INFO - [2025-02-27T19:30:30.596+0000] {dag.py:3239} INFO - Sync 1 DAGs
[2025-02-27T19:30:30.630+0000] {logging_mixin.py:190} INFO - [2025-02-27T19:30:30.629+0000] {dag.py:4180} INFO - Setting next_dagrun for tutorial_taskflow_templates to 2025-02-26 00:00:00+00:00, run_after=2025-02-27 00:00:00+00:00
[2025-02-27T19:30:30.662+0000] {processor.py:208} INFO - Processing /home/sravan2418/airflow-env/lib/python3.11/site-packages/airflow/example_dags/tutorial_taskflow_templates.py took 0.132 seconds
[2025-02-27T19:31:03.305+0000] {processor.py:186} INFO - Started process (PID=3229) to work on /home/sravan2418/airflow-env/lib/python3.11/site-packages/airflow/example_dags/tutorial_taskflow_templates.py
[2025-02-27T19:31:03.307+0000] {processor.py:914} INFO - Processing file /home/sravan2418/airflow-env/lib/python3.11/site-packages/airflow/example_dags/tutorial_taskflow_templates.py for tasks to queue
[2025-02-27T19:31:03.311+0000] {logging_mixin.py:190} INFO - [2025-02-27T19:31:03.310+0000] {dagbag.py:588} INFO - Filling up the DagBag from /home/sravan2418/airflow-env/lib/python3.11/site-packages/airflow/example_dags/tutorial_taskflow_templates.py
[2025-02-27T19:31:03.331+0000] {processor.py:925} INFO - DAG(s) 'tutorial_taskflow_templates' retrieved from /home/sravan2418/airflow-env/lib/python3.11/site-packages/airflow/example_dags/tutorial_taskflow_templates.py
[2025-02-27T19:31:03.354+0000] {logging_mixin.py:190} INFO - [2025-02-27T19:31:03.354+0000] {dag.py:3239} INFO - Sync 1 DAGs
[2025-02-27T19:31:03.381+0000] {logging_mixin.py:190} INFO - [2025-02-27T19:31:03.381+0000] {dag.py:4180} INFO - Setting next_dagrun for tutorial_taskflow_templates to 2025-02-26 00:00:00+00:00, run_after=2025-02-27 00:00:00+00:00
[2025-02-27T19:31:03.409+0000] {processor.py:208} INFO - Processing /home/sravan2418/airflow-env/lib/python3.11/site-packages/airflow/example_dags/tutorial_taskflow_templates.py took 0.113 seconds
[2025-02-27T19:31:35.424+0000] {processor.py:186} INFO - Started process (PID=3261) to work on /home/sravan2418/airflow-env/lib/python3.11/site-packages/airflow/example_dags/tutorial_taskflow_templates.py
[2025-02-27T19:31:35.425+0000] {processor.py:914} INFO - Processing file /home/sravan2418/airflow-env/lib/python3.11/site-packages/airflow/example_dags/tutorial_taskflow_templates.py for tasks to queue
[2025-02-27T19:31:35.428+0000] {logging_mixin.py:190} INFO - [2025-02-27T19:31:35.428+0000] {dagbag.py:588} INFO - Filling up the DagBag from /home/sravan2418/airflow-env/lib/python3.11/site-packages/airflow/example_dags/tutorial_taskflow_templates.py
[2025-02-27T19:31:35.448+0000] {processor.py:925} INFO - DAG(s) 'tutorial_taskflow_templates' retrieved from /home/sravan2418/airflow-env/lib/python3.11/site-packages/airflow/example_dags/tutorial_taskflow_templates.py
[2025-02-27T19:31:35.471+0000] {logging_mixin.py:190} INFO - [2025-02-27T19:31:35.470+0000] {dag.py:3239} INFO - Sync 1 DAGs
[2025-02-27T19:31:35.500+0000] {logging_mixin.py:190} INFO - [2025-02-27T19:31:35.500+0000] {dag.py:4180} INFO - Setting next_dagrun for tutorial_taskflow_templates to 2025-02-26 00:00:00+00:00, run_after=2025-02-27 00:00:00+00:00
[2025-02-27T19:31:35.679+0000] {processor.py:208} INFO - Processing /home/sravan2418/airflow-env/lib/python3.11/site-packages/airflow/example_dags/tutorial_taskflow_templates.py took 0.265 seconds
[2025-02-27T19:32:11.271+0000] {processor.py:186} INFO - Started process (PID=3299) to work on /home/sravan2418/airflow-env/lib/python3.11/site-packages/airflow/example_dags/tutorial_taskflow_templates.py
[2025-02-27T19:32:11.273+0000] {processor.py:914} INFO - Processing file /home/sravan2418/airflow-env/lib/python3.11/site-packages/airflow/example_dags/tutorial_taskflow_templates.py for tasks to queue
[2025-02-27T19:32:11.276+0000] {logging_mixin.py:190} INFO - [2025-02-27T19:32:11.276+0000] {dagbag.py:588} INFO - Filling up the DagBag from /home/sravan2418/airflow-env/lib/python3.11/site-packages/airflow/example_dags/tutorial_taskflow_templates.py
[2025-02-27T19:32:11.456+0000] {processor.py:925} INFO - DAG(s) 'tutorial_taskflow_templates' retrieved from /home/sravan2418/airflow-env/lib/python3.11/site-packages/airflow/example_dags/tutorial_taskflow_templates.py
[2025-02-27T19:32:11.472+0000] {logging_mixin.py:190} INFO - [2025-02-27T19:32:11.471+0000] {dag.py:3239} INFO - Sync 1 DAGs
[2025-02-27T19:32:11.492+0000] {logging_mixin.py:190} INFO - [2025-02-27T19:32:11.492+0000] {dag.py:4180} INFO - Setting next_dagrun for tutorial_taskflow_templates to 2025-02-26 00:00:00+00:00, run_after=2025-02-27 00:00:00+00:00
[2025-02-27T19:32:11.529+0000] {processor.py:208} INFO - Processing /home/sravan2418/airflow-env/lib/python3.11/site-packages/airflow/example_dags/tutorial_taskflow_templates.py took 0.267 seconds
[2025-02-27T19:32:48.883+0000] {processor.py:186} INFO - Started process (PID=3332) to work on /home/sravan2418/airflow-env/lib/python3.11/site-packages/airflow/example_dags/tutorial_taskflow_templates.py
[2025-02-27T19:32:48.885+0000] {processor.py:914} INFO - Processing file /home/sravan2418/airflow-env/lib/python3.11/site-packages/airflow/example_dags/tutorial_taskflow_templates.py for tasks to queue
[2025-02-27T19:32:48.890+0000] {logging_mixin.py:190} INFO - [2025-02-27T19:32:48.889+0000] {dagbag.py:588} INFO - Filling up the DagBag from /home/sravan2418/airflow-env/lib/python3.11/site-packages/airflow/example_dags/tutorial_taskflow_templates.py
[2025-02-27T19:32:48.911+0000] {processor.py:925} INFO - DAG(s) 'tutorial_taskflow_templates' retrieved from /home/sravan2418/airflow-env/lib/python3.11/site-packages/airflow/example_dags/tutorial_taskflow_templates.py
[2025-02-27T19:32:48.934+0000] {logging_mixin.py:190} INFO - [2025-02-27T19:32:48.934+0000] {dag.py:3239} INFO - Sync 1 DAGs
[2025-02-27T19:32:48.962+0000] {logging_mixin.py:190} INFO - [2025-02-27T19:32:48.962+0000] {dag.py:4180} INFO - Setting next_dagrun for tutorial_taskflow_templates to 2025-02-26 00:00:00+00:00, run_after=2025-02-27 00:00:00+00:00
[2025-02-27T19:32:48.994+0000] {processor.py:208} INFO - Processing /home/sravan2418/airflow-env/lib/python3.11/site-packages/airflow/example_dags/tutorial_taskflow_templates.py took 0.122 seconds
[2025-02-27T19:33:22.959+0000] {processor.py:186} INFO - Started process (PID=3367) to work on /home/sravan2418/airflow-env/lib/python3.11/site-packages/airflow/example_dags/tutorial_taskflow_templates.py
[2025-02-27T19:33:22.962+0000] {processor.py:914} INFO - Processing file /home/sravan2418/airflow-env/lib/python3.11/site-packages/airflow/example_dags/tutorial_taskflow_templates.py for tasks to queue
[2025-02-27T19:33:22.965+0000] {logging_mixin.py:190} INFO - [2025-02-27T19:33:22.964+0000] {dagbag.py:588} INFO - Filling up the DagBag from /home/sravan2418/airflow-env/lib/python3.11/site-packages/airflow/example_dags/tutorial_taskflow_templates.py
[2025-02-27T19:33:22.987+0000] {processor.py:925} INFO - DAG(s) 'tutorial_taskflow_templates' retrieved from /home/sravan2418/airflow-env/lib/python3.11/site-packages/airflow/example_dags/tutorial_taskflow_templates.py
[2025-02-27T19:33:23.011+0000] {logging_mixin.py:190} INFO - [2025-02-27T19:33:23.010+0000] {dag.py:3239} INFO - Sync 1 DAGs
[2025-02-27T19:33:23.040+0000] {logging_mixin.py:190} INFO - [2025-02-27T19:33:23.039+0000] {dag.py:4180} INFO - Setting next_dagrun for tutorial_taskflow_templates to 2025-02-26 00:00:00+00:00, run_after=2025-02-27 00:00:00+00:00
[2025-02-27T19:33:23.066+0000] {processor.py:208} INFO - Processing /home/sravan2418/airflow-env/lib/python3.11/site-packages/airflow/example_dags/tutorial_taskflow_templates.py took 0.117 seconds
[2025-02-27T19:33:55.222+0000] {processor.py:186} INFO - Started process (PID=3399) to work on /home/sravan2418/airflow-env/lib/python3.11/site-packages/airflow/example_dags/tutorial_taskflow_templates.py
[2025-02-27T19:33:55.224+0000] {processor.py:914} INFO - Processing file /home/sravan2418/airflow-env/lib/python3.11/site-packages/airflow/example_dags/tutorial_taskflow_templates.py for tasks to queue
[2025-02-27T19:33:55.228+0000] {logging_mixin.py:190} INFO - [2025-02-27T19:33:55.227+0000] {dagbag.py:588} INFO - Filling up the DagBag from /home/sravan2418/airflow-env/lib/python3.11/site-packages/airflow/example_dags/tutorial_taskflow_templates.py
[2025-02-27T19:33:55.253+0000] {processor.py:925} INFO - DAG(s) 'tutorial_taskflow_templates' retrieved from /home/sravan2418/airflow-env/lib/python3.11/site-packages/airflow/example_dags/tutorial_taskflow_templates.py
[2025-02-27T19:33:55.280+0000] {logging_mixin.py:190} INFO - [2025-02-27T19:33:55.280+0000] {dag.py:3239} INFO - Sync 1 DAGs
[2025-02-27T19:33:55.314+0000] {logging_mixin.py:190} INFO - [2025-02-27T19:33:55.314+0000] {dag.py:4180} INFO - Setting next_dagrun for tutorial_taskflow_templates to 2025-02-26 00:00:00+00:00, run_after=2025-02-27 00:00:00+00:00
[2025-02-27T19:33:55.348+0000] {processor.py:208} INFO - Processing /home/sravan2418/airflow-env/lib/python3.11/site-packages/airflow/example_dags/tutorial_taskflow_templates.py took 0.137 seconds
[2025-02-27T19:34:27.709+0000] {processor.py:186} INFO - Started process (PID=3434) to work on /home/sravan2418/airflow-env/lib/python3.11/site-packages/airflow/example_dags/tutorial_taskflow_templates.py
[2025-02-27T19:34:27.712+0000] {processor.py:914} INFO - Processing file /home/sravan2418/airflow-env/lib/python3.11/site-packages/airflow/example_dags/tutorial_taskflow_templates.py for tasks to queue
[2025-02-27T19:34:27.715+0000] {logging_mixin.py:190} INFO - [2025-02-27T19:34:27.715+0000] {dagbag.py:588} INFO - Filling up the DagBag from /home/sravan2418/airflow-env/lib/python3.11/site-packages/airflow/example_dags/tutorial_taskflow_templates.py
[2025-02-27T19:34:27.737+0000] {processor.py:925} INFO - DAG(s) 'tutorial_taskflow_templates' retrieved from /home/sravan2418/airflow-env/lib/python3.11/site-packages/airflow/example_dags/tutorial_taskflow_templates.py
[2025-02-27T19:34:27.761+0000] {logging_mixin.py:190} INFO - [2025-02-27T19:34:27.761+0000] {dag.py:3239} INFO - Sync 1 DAGs
[2025-02-27T19:34:27.791+0000] {logging_mixin.py:190} INFO - [2025-02-27T19:34:27.790+0000] {dag.py:4180} INFO - Setting next_dagrun for tutorial_taskflow_templates to 2025-02-26 00:00:00+00:00, run_after=2025-02-27 00:00:00+00:00
[2025-02-27T19:34:27.819+0000] {processor.py:208} INFO - Processing /home/sravan2418/airflow-env/lib/python3.11/site-packages/airflow/example_dags/tutorial_taskflow_templates.py took 0.119 seconds
[2025-02-27T19:34:59.642+0000] {processor.py:186} INFO - Started process (PID=3464) to work on /home/sravan2418/airflow-env/lib/python3.11/site-packages/airflow/example_dags/tutorial_taskflow_templates.py
[2025-02-27T19:34:59.644+0000] {processor.py:914} INFO - Processing file /home/sravan2418/airflow-env/lib/python3.11/site-packages/airflow/example_dags/tutorial_taskflow_templates.py for tasks to queue
[2025-02-27T19:34:59.648+0000] {logging_mixin.py:190} INFO - [2025-02-27T19:34:59.647+0000] {dagbag.py:588} INFO - Filling up the DagBag from /home/sravan2418/airflow-env/lib/python3.11/site-packages/airflow/example_dags/tutorial_taskflow_templates.py
[2025-02-27T19:34:59.673+0000] {processor.py:925} INFO - DAG(s) 'tutorial_taskflow_templates' retrieved from /home/sravan2418/airflow-env/lib/python3.11/site-packages/airflow/example_dags/tutorial_taskflow_templates.py
[2025-02-27T19:34:59.701+0000] {logging_mixin.py:190} INFO - [2025-02-27T19:34:59.701+0000] {dag.py:3239} INFO - Sync 1 DAGs
[2025-02-27T19:34:59.737+0000] {logging_mixin.py:190} INFO - [2025-02-27T19:34:59.736+0000] {dag.py:4180} INFO - Setting next_dagrun for tutorial_taskflow_templates to 2025-02-26 00:00:00+00:00, run_after=2025-02-27 00:00:00+00:00
[2025-02-27T19:34:59.774+0000] {processor.py:208} INFO - Processing /home/sravan2418/airflow-env/lib/python3.11/site-packages/airflow/example_dags/tutorial_taskflow_templates.py took 0.144 seconds
