[2025-02-27T19:21:05.439+0000] {processor.py:186} INFO - Started process (PID=2579) to work on /home/sravan2418/airflow-env/lib/python3.11/site-packages/airflow/example_dags/tutorial_objectstorage.py
[2025-02-27T19:21:05.440+0000] {processor.py:914} INFO - Processing file /home/sravan2418/airflow-env/lib/python3.11/site-packages/airflow/example_dags/tutorial_objectstorage.py for tasks to queue
[2025-02-27T19:21:05.444+0000] {logging_mixin.py:190} INFO - [2025-02-27T19:21:05.443+0000] {dagbag.py:588} INFO - Filling up the DagBag from /home/sravan2418/airflow-env/lib/python3.11/site-packages/airflow/example_dags/tutorial_objectstorage.py
[2025-02-27T19:21:05.462+0000] {processor.py:925} INFO - DAG(s) 'tutorial_objectstorage' retrieved from /home/sravan2418/airflow-env/lib/python3.11/site-packages/airflow/example_dags/tutorial_objectstorage.py
[2025-02-27T19:21:05.661+0000] {logging_mixin.py:190} INFO - [2025-02-27T19:21:05.660+0000] {override.py:1930} INFO - Created Permission View: can edit on DAG:tutorial_objectstorage
[2025-02-27T19:21:05.680+0000] {logging_mixin.py:190} INFO - [2025-02-27T19:21:05.679+0000] {override.py:1930} INFO - Created Permission View: can delete on DAG:tutorial_objectstorage
[2025-02-27T19:21:05.698+0000] {logging_mixin.py:190} INFO - [2025-02-27T19:21:05.697+0000] {override.py:1930} INFO - Created Permission View: can read on DAG:tutorial_objectstorage
[2025-02-27T19:21:05.719+0000] {logging_mixin.py:190} INFO - [2025-02-27T19:21:05.718+0000] {override.py:1930} INFO - Created Permission View: menu access on DAG Run:tutorial_objectstorage
[2025-02-27T19:21:05.733+0000] {logging_mixin.py:190} INFO - [2025-02-27T19:21:05.732+0000] {override.py:1930} INFO - Created Permission View: can create on DAG Run:tutorial_objectstorage
[2025-02-27T19:21:05.748+0000] {logging_mixin.py:190} INFO - [2025-02-27T19:21:05.747+0000] {override.py:1930} INFO - Created Permission View: can delete on DAG Run:tutorial_objectstorage
[2025-02-27T19:21:05.761+0000] {logging_mixin.py:190} INFO - [2025-02-27T19:21:05.760+0000] {override.py:1930} INFO - Created Permission View: can read on DAG Run:tutorial_objectstorage
[2025-02-27T19:21:05.762+0000] {logging_mixin.py:190} INFO - [2025-02-27T19:21:05.761+0000] {dag.py:3239} INFO - Sync 1 DAGs
[2025-02-27T19:21:05.786+0000] {logging_mixin.py:190} INFO - [2025-02-27T19:21:05.786+0000] {dag.py:3262} INFO - Creating ORM DAG for tutorial_objectstorage
[2025-02-27T19:21:05.787+0000] {logging_mixin.py:190} INFO - [2025-02-27T19:21:05.787+0000] {dag.py:4180} INFO - Setting next_dagrun for tutorial_objectstorage to None, run_after=None
[2025-02-27T19:21:05.822+0000] {processor.py:208} INFO - Processing /home/sravan2418/airflow-env/lib/python3.11/site-packages/airflow/example_dags/tutorial_objectstorage.py took 0.394 seconds
[2025-02-27T19:22:50.842+0000] {processor.py:186} INFO - Started process (PID=2702) to work on /home/sravan2418/airflow-env/lib/python3.11/site-packages/airflow/example_dags/tutorial_objectstorage.py
[2025-02-27T19:22:50.846+0000] {processor.py:914} INFO - Processing file /home/sravan2418/airflow-env/lib/python3.11/site-packages/airflow/example_dags/tutorial_objectstorage.py for tasks to queue
[2025-02-27T19:22:50.850+0000] {logging_mixin.py:190} INFO - [2025-02-27T19:22:50.849+0000] {dagbag.py:588} INFO - Filling up the DagBag from /home/sravan2418/airflow-env/lib/python3.11/site-packages/airflow/example_dags/tutorial_objectstorage.py
[2025-02-27T19:22:50.865+0000] {processor.py:925} INFO - DAG(s) 'tutorial_objectstorage' retrieved from /home/sravan2418/airflow-env/lib/python3.11/site-packages/airflow/example_dags/tutorial_objectstorage.py
[2025-02-27T19:22:50.903+0000] {logging_mixin.py:190} INFO - [2025-02-27T19:22:50.903+0000] {dag.py:3239} INFO - Sync 1 DAGs
[2025-02-27T19:22:50.923+0000] {logging_mixin.py:190} INFO - [2025-02-27T19:22:50.923+0000] {dag.py:4180} INFO - Setting next_dagrun for tutorial_objectstorage to None, run_after=None
[2025-02-27T19:22:50.958+0000] {processor.py:208} INFO - Processing /home/sravan2418/airflow-env/lib/python3.11/site-packages/airflow/example_dags/tutorial_objectstorage.py took 0.124 seconds
[2025-02-27T19:23:53.749+0000] {processor.py:186} INFO - Started process (PID=2761) to work on /home/sravan2418/airflow-env/lib/python3.11/site-packages/airflow/example_dags/tutorial_objectstorage.py
[2025-02-27T19:23:53.752+0000] {processor.py:914} INFO - Processing file /home/sravan2418/airflow-env/lib/python3.11/site-packages/airflow/example_dags/tutorial_objectstorage.py for tasks to queue
[2025-02-27T19:23:53.756+0000] {logging_mixin.py:190} INFO - [2025-02-27T19:23:53.755+0000] {dagbag.py:588} INFO - Filling up the DagBag from /home/sravan2418/airflow-env/lib/python3.11/site-packages/airflow/example_dags/tutorial_objectstorage.py
[2025-02-27T19:23:53.774+0000] {processor.py:925} INFO - DAG(s) 'tutorial_objectstorage' retrieved from /home/sravan2418/airflow-env/lib/python3.11/site-packages/airflow/example_dags/tutorial_objectstorage.py
[2025-02-27T19:23:53.800+0000] {logging_mixin.py:190} INFO - [2025-02-27T19:23:53.799+0000] {dag.py:3239} INFO - Sync 1 DAGs
[2025-02-27T19:23:53.817+0000] {logging_mixin.py:190} INFO - [2025-02-27T19:23:53.817+0000] {dag.py:4180} INFO - Setting next_dagrun for tutorial_objectstorage to None, run_after=None
[2025-02-27T19:23:53.850+0000] {processor.py:208} INFO - Processing /home/sravan2418/airflow-env/lib/python3.11/site-packages/airflow/example_dags/tutorial_objectstorage.py took 0.112 seconds
[2025-02-27T19:24:54.057+0000] {processor.py:186} INFO - Started process (PID=2831) to work on /home/sravan2418/airflow-env/lib/python3.11/site-packages/airflow/example_dags/tutorial_objectstorage.py
[2025-02-27T19:24:54.059+0000] {processor.py:914} INFO - Processing file /home/sravan2418/airflow-env/lib/python3.11/site-packages/airflow/example_dags/tutorial_objectstorage.py for tasks to queue
[2025-02-27T19:24:54.063+0000] {logging_mixin.py:190} INFO - [2025-02-27T19:24:54.062+0000] {dagbag.py:588} INFO - Filling up the DagBag from /home/sravan2418/airflow-env/lib/python3.11/site-packages/airflow/example_dags/tutorial_objectstorage.py
[2025-02-27T19:24:54.079+0000] {processor.py:925} INFO - DAG(s) 'tutorial_objectstorage' retrieved from /home/sravan2418/airflow-env/lib/python3.11/site-packages/airflow/example_dags/tutorial_objectstorage.py
[2025-02-27T19:24:54.101+0000] {logging_mixin.py:190} INFO - [2025-02-27T19:24:54.101+0000] {dag.py:3239} INFO - Sync 1 DAGs
[2025-02-27T19:24:54.117+0000] {logging_mixin.py:190} INFO - [2025-02-27T19:24:54.116+0000] {dag.py:4180} INFO - Setting next_dagrun for tutorial_objectstorage to None, run_after=None
[2025-02-27T19:24:54.143+0000] {processor.py:208} INFO - Processing /home/sravan2418/airflow-env/lib/python3.11/site-packages/airflow/example_dags/tutorial_objectstorage.py took 0.095 seconds
[2025-02-27T19:25:55.116+0000] {processor.py:186} INFO - Started process (PID=2893) to work on /home/sravan2418/airflow-env/lib/python3.11/site-packages/airflow/example_dags/tutorial_objectstorage.py
[2025-02-27T19:25:55.118+0000] {processor.py:914} INFO - Processing file /home/sravan2418/airflow-env/lib/python3.11/site-packages/airflow/example_dags/tutorial_objectstorage.py for tasks to queue
[2025-02-27T19:25:55.122+0000] {logging_mixin.py:190} INFO - [2025-02-27T19:25:55.121+0000] {dagbag.py:588} INFO - Filling up the DagBag from /home/sravan2418/airflow-env/lib/python3.11/site-packages/airflow/example_dags/tutorial_objectstorage.py
[2025-02-27T19:25:55.138+0000] {processor.py:925} INFO - DAG(s) 'tutorial_objectstorage' retrieved from /home/sravan2418/airflow-env/lib/python3.11/site-packages/airflow/example_dags/tutorial_objectstorage.py
[2025-02-27T19:25:55.167+0000] {logging_mixin.py:190} INFO - [2025-02-27T19:25:55.167+0000] {dag.py:3239} INFO - Sync 1 DAGs
[2025-02-27T19:25:55.186+0000] {logging_mixin.py:190} INFO - [2025-02-27T19:25:55.185+0000] {dag.py:4180} INFO - Setting next_dagrun for tutorial_objectstorage to None, run_after=None
[2025-02-27T19:25:55.219+0000] {processor.py:208} INFO - Processing /home/sravan2418/airflow-env/lib/python3.11/site-packages/airflow/example_dags/tutorial_objectstorage.py took 0.114 seconds
[2025-02-27T19:27:02.622+0000] {processor.py:186} INFO - Started process (PID=2957) to work on /home/sravan2418/airflow-env/lib/python3.11/site-packages/airflow/example_dags/tutorial_objectstorage.py
[2025-02-27T19:27:02.625+0000] {processor.py:914} INFO - Processing file /home/sravan2418/airflow-env/lib/python3.11/site-packages/airflow/example_dags/tutorial_objectstorage.py for tasks to queue
[2025-02-27T19:27:02.629+0000] {logging_mixin.py:190} INFO - [2025-02-27T19:27:02.628+0000] {dagbag.py:588} INFO - Filling up the DagBag from /home/sravan2418/airflow-env/lib/python3.11/site-packages/airflow/example_dags/tutorial_objectstorage.py
[2025-02-27T19:27:02.816+0000] {processor.py:925} INFO - DAG(s) 'tutorial_objectstorage' retrieved from /home/sravan2418/airflow-env/lib/python3.11/site-packages/airflow/example_dags/tutorial_objectstorage.py
[2025-02-27T19:27:02.830+0000] {logging_mixin.py:190} INFO - [2025-02-27T19:27:02.830+0000] {dag.py:3239} INFO - Sync 1 DAGs
[2025-02-27T19:27:02.842+0000] {logging_mixin.py:190} INFO - [2025-02-27T19:27:02.842+0000] {dag.py:4180} INFO - Setting next_dagrun for tutorial_objectstorage to None, run_after=None
[2025-02-27T19:27:02.865+0000] {processor.py:208} INFO - Processing /home/sravan2418/airflow-env/lib/python3.11/site-packages/airflow/example_dags/tutorial_objectstorage.py took 0.255 seconds
[2025-02-27T19:28:03.526+0000] {processor.py:186} INFO - Started process (PID=3033) to work on /home/sravan2418/airflow-env/lib/python3.11/site-packages/airflow/example_dags/tutorial_objectstorage.py
[2025-02-27T19:28:03.528+0000] {processor.py:914} INFO - Processing file /home/sravan2418/airflow-env/lib/python3.11/site-packages/airflow/example_dags/tutorial_objectstorage.py for tasks to queue
[2025-02-27T19:28:03.531+0000] {logging_mixin.py:190} INFO - [2025-02-27T19:28:03.531+0000] {dagbag.py:588} INFO - Filling up the DagBag from /home/sravan2418/airflow-env/lib/python3.11/site-packages/airflow/example_dags/tutorial_objectstorage.py
[2025-02-27T19:28:03.546+0000] {processor.py:925} INFO - DAG(s) 'tutorial_objectstorage' retrieved from /home/sravan2418/airflow-env/lib/python3.11/site-packages/airflow/example_dags/tutorial_objectstorage.py
[2025-02-27T19:28:03.575+0000] {logging_mixin.py:190} INFO - [2025-02-27T19:28:03.574+0000] {dag.py:3239} INFO - Sync 1 DAGs
[2025-02-27T19:28:03.590+0000] {logging_mixin.py:190} INFO - [2025-02-27T19:28:03.590+0000] {dag.py:4180} INFO - Setting next_dagrun for tutorial_objectstorage to None, run_after=None
[2025-02-27T19:28:03.619+0000] {processor.py:208} INFO - Processing /home/sravan2418/airflow-env/lib/python3.11/site-packages/airflow/example_dags/tutorial_objectstorage.py took 0.102 seconds
[2025-02-27T19:29:03.160+0000] {processor.py:186} INFO - Started process (PID=3106) to work on /home/sravan2418/airflow-env/lib/python3.11/site-packages/airflow/example_dags/tutorial_objectstorage.py
[2025-02-27T19:29:03.163+0000] {processor.py:914} INFO - Processing file /home/sravan2418/airflow-env/lib/python3.11/site-packages/airflow/example_dags/tutorial_objectstorage.py for tasks to queue
[2025-02-27T19:29:03.166+0000] {logging_mixin.py:190} INFO - [2025-02-27T19:29:03.166+0000] {dagbag.py:588} INFO - Filling up the DagBag from /home/sravan2418/airflow-env/lib/python3.11/site-packages/airflow/example_dags/tutorial_objectstorage.py
[2025-02-27T19:29:03.182+0000] {processor.py:925} INFO - DAG(s) 'tutorial_objectstorage' retrieved from /home/sravan2418/airflow-env/lib/python3.11/site-packages/airflow/example_dags/tutorial_objectstorage.py
[2025-02-27T19:29:03.205+0000] {logging_mixin.py:190} INFO - [2025-02-27T19:29:03.205+0000] {dag.py:3239} INFO - Sync 1 DAGs
[2025-02-27T19:29:03.222+0000] {logging_mixin.py:190} INFO - [2025-02-27T19:29:03.222+0000] {dag.py:4180} INFO - Setting next_dagrun for tutorial_objectstorage to None, run_after=None
[2025-02-27T19:29:03.253+0000] {processor.py:208} INFO - Processing /home/sravan2418/airflow-env/lib/python3.11/site-packages/airflow/example_dags/tutorial_objectstorage.py took 0.102 seconds
[2025-02-27T19:30:01.301+0000] {processor.py:186} INFO - Started process (PID=3167) to work on /home/sravan2418/airflow-env/lib/python3.11/site-packages/airflow/example_dags/tutorial_objectstorage.py
[2025-02-27T19:30:01.303+0000] {processor.py:914} INFO - Processing file /home/sravan2418/airflow-env/lib/python3.11/site-packages/airflow/example_dags/tutorial_objectstorage.py for tasks to queue
[2025-02-27T19:30:01.306+0000] {logging_mixin.py:190} INFO - [2025-02-27T19:30:01.305+0000] {dagbag.py:588} INFO - Filling up the DagBag from /home/sravan2418/airflow-env/lib/python3.11/site-packages/airflow/example_dags/tutorial_objectstorage.py
[2025-02-27T19:30:01.321+0000] {processor.py:925} INFO - DAG(s) 'tutorial_objectstorage' retrieved from /home/sravan2418/airflow-env/lib/python3.11/site-packages/airflow/example_dags/tutorial_objectstorage.py
[2025-02-27T19:30:01.346+0000] {logging_mixin.py:190} INFO - [2025-02-27T19:30:01.346+0000] {dag.py:3239} INFO - Sync 1 DAGs
[2025-02-27T19:30:01.363+0000] {logging_mixin.py:190} INFO - [2025-02-27T19:30:01.363+0000] {dag.py:4180} INFO - Setting next_dagrun for tutorial_objectstorage to None, run_after=None
[2025-02-27T19:30:01.390+0000] {processor.py:208} INFO - Processing /home/sravan2418/airflow-env/lib/python3.11/site-packages/airflow/example_dags/tutorial_objectstorage.py took 0.098 seconds
[2025-02-27T19:31:05.815+0000] {processor.py:186} INFO - Started process (PID=3231) to work on /home/sravan2418/airflow-env/lib/python3.11/site-packages/airflow/example_dags/tutorial_objectstorage.py
[2025-02-27T19:31:05.817+0000] {processor.py:914} INFO - Processing file /home/sravan2418/airflow-env/lib/python3.11/site-packages/airflow/example_dags/tutorial_objectstorage.py for tasks to queue
[2025-02-27T19:31:05.821+0000] {logging_mixin.py:190} INFO - [2025-02-27T19:31:05.821+0000] {dagbag.py:588} INFO - Filling up the DagBag from /home/sravan2418/airflow-env/lib/python3.11/site-packages/airflow/example_dags/tutorial_objectstorage.py
[2025-02-27T19:31:05.840+0000] {processor.py:925} INFO - DAG(s) 'tutorial_objectstorage' retrieved from /home/sravan2418/airflow-env/lib/python3.11/site-packages/airflow/example_dags/tutorial_objectstorage.py
[2025-02-27T19:31:05.865+0000] {logging_mixin.py:190} INFO - [2025-02-27T19:31:05.865+0000] {dag.py:3239} INFO - Sync 1 DAGs
[2025-02-27T19:31:05.883+0000] {logging_mixin.py:190} INFO - [2025-02-27T19:31:05.883+0000] {dag.py:4180} INFO - Setting next_dagrun for tutorial_objectstorage to None, run_after=None
[2025-02-27T19:31:05.915+0000] {processor.py:208} INFO - Processing /home/sravan2418/airflow-env/lib/python3.11/site-packages/airflow/example_dags/tutorial_objectstorage.py took 0.111 seconds
[2025-02-27T19:32:14.002+0000] {processor.py:186} INFO - Started process (PID=3301) to work on /home/sravan2418/airflow-env/lib/python3.11/site-packages/airflow/example_dags/tutorial_objectstorage.py
[2025-02-27T19:32:14.005+0000] {processor.py:914} INFO - Processing file /home/sravan2418/airflow-env/lib/python3.11/site-packages/airflow/example_dags/tutorial_objectstorage.py for tasks to queue
[2025-02-27T19:32:14.010+0000] {logging_mixin.py:190} INFO - [2025-02-27T19:32:14.009+0000] {dagbag.py:588} INFO - Filling up the DagBag from /home/sravan2418/airflow-env/lib/python3.11/site-packages/airflow/example_dags/tutorial_objectstorage.py
[2025-02-27T19:32:14.288+0000] {processor.py:925} INFO - DAG(s) 'tutorial_objectstorage' retrieved from /home/sravan2418/airflow-env/lib/python3.11/site-packages/airflow/example_dags/tutorial_objectstorage.py
[2025-02-27T19:32:14.306+0000] {logging_mixin.py:190} INFO - [2025-02-27T19:32:14.305+0000] {dag.py:3239} INFO - Sync 1 DAGs
[2025-02-27T19:32:14.321+0000] {logging_mixin.py:190} INFO - [2025-02-27T19:32:14.320+0000] {dag.py:4180} INFO - Setting next_dagrun for tutorial_objectstorage to None, run_after=None
[2025-02-27T19:32:14.353+0000] {processor.py:208} INFO - Processing /home/sravan2418/airflow-env/lib/python3.11/site-packages/airflow/example_dags/tutorial_objectstorage.py took 0.365 seconds
[2025-02-27T19:32:51.380+0000] {processor.py:186} INFO - Started process (PID=3336) to work on /home/sravan2418/airflow-env/lib/python3.11/site-packages/airflow/example_dags/tutorial_objectstorage.py
[2025-02-27T19:32:51.382+0000] {processor.py:914} INFO - Processing file /home/sravan2418/airflow-env/lib/python3.11/site-packages/airflow/example_dags/tutorial_objectstorage.py for tasks to queue
[2025-02-27T19:32:51.386+0000] {logging_mixin.py:190} INFO - [2025-02-27T19:32:51.385+0000] {dagbag.py:588} INFO - Filling up the DagBag from /home/sravan2418/airflow-env/lib/python3.11/site-packages/airflow/example_dags/tutorial_objectstorage.py
[2025-02-27T19:32:51.402+0000] {processor.py:925} INFO - DAG(s) 'tutorial_objectstorage' retrieved from /home/sravan2418/airflow-env/lib/python3.11/site-packages/airflow/example_dags/tutorial_objectstorage.py
[2025-02-27T19:32:51.426+0000] {logging_mixin.py:190} INFO - [2025-02-27T19:32:51.426+0000] {dag.py:3239} INFO - Sync 1 DAGs
[2025-02-27T19:32:51.443+0000] {logging_mixin.py:190} INFO - [2025-02-27T19:32:51.442+0000] {dag.py:4180} INFO - Setting next_dagrun for tutorial_objectstorage to None, run_after=None
[2025-02-27T19:32:51.469+0000] {processor.py:208} INFO - Processing /home/sravan2418/airflow-env/lib/python3.11/site-packages/airflow/example_dags/tutorial_objectstorage.py took 0.099 seconds
[2025-02-27T19:33:25.479+0000] {processor.py:186} INFO - Started process (PID=3369) to work on /home/sravan2418/airflow-env/lib/python3.11/site-packages/airflow/example_dags/tutorial_objectstorage.py
[2025-02-27T19:33:25.481+0000] {processor.py:914} INFO - Processing file /home/sravan2418/airflow-env/lib/python3.11/site-packages/airflow/example_dags/tutorial_objectstorage.py for tasks to queue
[2025-02-27T19:33:25.485+0000] {logging_mixin.py:190} INFO - [2025-02-27T19:33:25.484+0000] {dagbag.py:588} INFO - Filling up the DagBag from /home/sravan2418/airflow-env/lib/python3.11/site-packages/airflow/example_dags/tutorial_objectstorage.py
[2025-02-27T19:33:25.501+0000] {processor.py:925} INFO - DAG(s) 'tutorial_objectstorage' retrieved from /home/sravan2418/airflow-env/lib/python3.11/site-packages/airflow/example_dags/tutorial_objectstorage.py
[2025-02-27T19:33:25.524+0000] {logging_mixin.py:190} INFO - [2025-02-27T19:33:25.524+0000] {dag.py:3239} INFO - Sync 1 DAGs
[2025-02-27T19:33:25.541+0000] {logging_mixin.py:190} INFO - [2025-02-27T19:33:25.541+0000] {dag.py:4180} INFO - Setting next_dagrun for tutorial_objectstorage to None, run_after=None
[2025-02-27T19:33:25.572+0000] {processor.py:208} INFO - Processing /home/sravan2418/airflow-env/lib/python3.11/site-packages/airflow/example_dags/tutorial_objectstorage.py took 0.103 seconds
[2025-02-27T19:34:30.208+0000] {processor.py:186} INFO - Started process (PID=3436) to work on /home/sravan2418/airflow-env/lib/python3.11/site-packages/airflow/example_dags/tutorial_objectstorage.py
[2025-02-27T19:34:30.210+0000] {processor.py:914} INFO - Processing file /home/sravan2418/airflow-env/lib/python3.11/site-packages/airflow/example_dags/tutorial_objectstorage.py for tasks to queue
[2025-02-27T19:34:30.214+0000] {logging_mixin.py:190} INFO - [2025-02-27T19:34:30.213+0000] {dagbag.py:588} INFO - Filling up the DagBag from /home/sravan2418/airflow-env/lib/python3.11/site-packages/airflow/example_dags/tutorial_objectstorage.py
[2025-02-27T19:34:30.230+0000] {processor.py:925} INFO - DAG(s) 'tutorial_objectstorage' retrieved from /home/sravan2418/airflow-env/lib/python3.11/site-packages/airflow/example_dags/tutorial_objectstorage.py
[2025-02-27T19:34:30.252+0000] {logging_mixin.py:190} INFO - [2025-02-27T19:34:30.252+0000] {dag.py:3239} INFO - Sync 1 DAGs
[2025-02-27T19:34:30.268+0000] {logging_mixin.py:190} INFO - [2025-02-27T19:34:30.267+0000] {dag.py:4180} INFO - Setting next_dagrun for tutorial_objectstorage to None, run_after=None
[2025-02-27T19:34:30.295+0000] {processor.py:208} INFO - Processing /home/sravan2418/airflow-env/lib/python3.11/site-packages/airflow/example_dags/tutorial_objectstorage.py took 0.097 seconds
