[2025-02-27T19:21:03.864+0000] {processor.py:186} INFO - Started process (PID=2578) to work on /home/sravan2418/airflow-env/lib/python3.11/site-packages/airflow/example_dags/tutorial_taskflow_api.py
[2025-02-27T19:21:03.865+0000] {processor.py:914} INFO - Processing file /home/sravan2418/airflow-env/lib/python3.11/site-packages/airflow/example_dags/tutorial_taskflow_api.py for tasks to queue
[2025-02-27T19:21:03.868+0000] {logging_mixin.py:190} INFO - [2025-02-27T19:21:03.868+0000] {dagbag.py:588} INFO - Filling up the DagBag from /home/sravan2418/airflow-env/lib/python3.11/site-packages/airflow/example_dags/tutorial_taskflow_api.py
[2025-02-27T19:21:03.886+0000] {processor.py:925} INFO - DAG(s) 'tutorial_taskflow_api' retrieved from /home/sravan2418/airflow-env/lib/python3.11/site-packages/airflow/example_dags/tutorial_taskflow_api.py
[2025-02-27T19:21:04.114+0000] {logging_mixin.py:190} INFO - [2025-02-27T19:21:04.113+0000] {override.py:1930} INFO - Created Permission View: can edit on DAG:tutorial_taskflow_api
[2025-02-27T19:21:04.141+0000] {logging_mixin.py:190} INFO - [2025-02-27T19:21:04.141+0000] {override.py:1930} INFO - Created Permission View: can delete on DAG:tutorial_taskflow_api
[2025-02-27T19:21:04.161+0000] {logging_mixin.py:190} INFO - [2025-02-27T19:21:04.161+0000] {override.py:1930} INFO - Created Permission View: can read on DAG:tutorial_taskflow_api
[2025-02-27T19:21:04.181+0000] {logging_mixin.py:190} INFO - [2025-02-27T19:21:04.180+0000] {override.py:1930} INFO - Created Permission View: menu access on DAG Run:tutorial_taskflow_api
[2025-02-27T19:21:04.209+0000] {logging_mixin.py:190} INFO - [2025-02-27T19:21:04.208+0000] {override.py:1930} INFO - Created Permission View: can create on DAG Run:tutorial_taskflow_api
[2025-02-27T19:21:04.220+0000] {logging_mixin.py:190} INFO - [2025-02-27T19:21:04.219+0000] {override.py:1930} INFO - Created Permission View: can delete on DAG Run:tutorial_taskflow_api
[2025-02-27T19:21:04.236+0000] {logging_mixin.py:190} INFO - [2025-02-27T19:21:04.235+0000] {override.py:1930} INFO - Created Permission View: can read on DAG Run:tutorial_taskflow_api
[2025-02-27T19:21:04.236+0000] {logging_mixin.py:190} INFO - [2025-02-27T19:21:04.236+0000] {dag.py:3239} INFO - Sync 1 DAGs
[2025-02-27T19:21:04.257+0000] {logging_mixin.py:190} INFO - [2025-02-27T19:21:04.257+0000] {dag.py:3262} INFO - Creating ORM DAG for tutorial_taskflow_api
[2025-02-27T19:21:04.258+0000] {logging_mixin.py:190} INFO - [2025-02-27T19:21:04.258+0000] {dag.py:4180} INFO - Setting next_dagrun for tutorial_taskflow_api to None, run_after=None
[2025-02-27T19:21:04.315+0000] {processor.py:208} INFO - Processing /home/sravan2418/airflow-env/lib/python3.11/site-packages/airflow/example_dags/tutorial_taskflow_api.py took 0.461 seconds
[2025-02-27T19:22:49.571+0000] {processor.py:186} INFO - Started process (PID=2697) to work on /home/sravan2418/airflow-env/lib/python3.11/site-packages/airflow/example_dags/tutorial_taskflow_api.py
[2025-02-27T19:22:49.574+0000] {processor.py:914} INFO - Processing file /home/sravan2418/airflow-env/lib/python3.11/site-packages/airflow/example_dags/tutorial_taskflow_api.py for tasks to queue
[2025-02-27T19:22:49.578+0000] {logging_mixin.py:190} INFO - [2025-02-27T19:22:49.577+0000] {dagbag.py:588} INFO - Filling up the DagBag from /home/sravan2418/airflow-env/lib/python3.11/site-packages/airflow/example_dags/tutorial_taskflow_api.py
[2025-02-27T19:22:49.598+0000] {processor.py:925} INFO - DAG(s) 'tutorial_taskflow_api' retrieved from /home/sravan2418/airflow-env/lib/python3.11/site-packages/airflow/example_dags/tutorial_taskflow_api.py
[2025-02-27T19:22:49.646+0000] {logging_mixin.py:190} INFO - [2025-02-27T19:22:49.646+0000] {dag.py:3239} INFO - Sync 1 DAGs
[2025-02-27T19:22:49.674+0000] {logging_mixin.py:190} INFO - [2025-02-27T19:22:49.674+0000] {dag.py:4180} INFO - Setting next_dagrun for tutorial_taskflow_api to None, run_after=None
[2025-02-27T19:22:49.716+0000] {processor.py:208} INFO - Processing /home/sravan2418/airflow-env/lib/python3.11/site-packages/airflow/example_dags/tutorial_taskflow_api.py took 0.157 seconds
[2025-02-27T19:23:52.498+0000] {processor.py:186} INFO - Started process (PID=2760) to work on /home/sravan2418/airflow-env/lib/python3.11/site-packages/airflow/example_dags/tutorial_taskflow_api.py
[2025-02-27T19:23:52.501+0000] {processor.py:914} INFO - Processing file /home/sravan2418/airflow-env/lib/python3.11/site-packages/airflow/example_dags/tutorial_taskflow_api.py for tasks to queue
[2025-02-27T19:23:52.505+0000] {logging_mixin.py:190} INFO - [2025-02-27T19:23:52.504+0000] {dagbag.py:588} INFO - Filling up the DagBag from /home/sravan2418/airflow-env/lib/python3.11/site-packages/airflow/example_dags/tutorial_taskflow_api.py
[2025-02-27T19:23:52.521+0000] {processor.py:925} INFO - DAG(s) 'tutorial_taskflow_api' retrieved from /home/sravan2418/airflow-env/lib/python3.11/site-packages/airflow/example_dags/tutorial_taskflow_api.py
[2025-02-27T19:23:52.547+0000] {logging_mixin.py:190} INFO - [2025-02-27T19:23:52.547+0000] {dag.py:3239} INFO - Sync 1 DAGs
[2025-02-27T19:23:52.565+0000] {logging_mixin.py:190} INFO - [2025-02-27T19:23:52.565+0000] {dag.py:4180} INFO - Setting next_dagrun for tutorial_taskflow_api to None, run_after=None
[2025-02-27T19:23:52.598+0000] {processor.py:208} INFO - Processing /home/sravan2418/airflow-env/lib/python3.11/site-packages/airflow/example_dags/tutorial_taskflow_api.py took 0.111 seconds
[2025-02-27T19:24:52.805+0000] {processor.py:186} INFO - Started process (PID=2830) to work on /home/sravan2418/airflow-env/lib/python3.11/site-packages/airflow/example_dags/tutorial_taskflow_api.py
[2025-02-27T19:24:52.807+0000] {processor.py:914} INFO - Processing file /home/sravan2418/airflow-env/lib/python3.11/site-packages/airflow/example_dags/tutorial_taskflow_api.py for tasks to queue
[2025-02-27T19:24:52.811+0000] {logging_mixin.py:190} INFO - [2025-02-27T19:24:52.810+0000] {dagbag.py:588} INFO - Filling up the DagBag from /home/sravan2418/airflow-env/lib/python3.11/site-packages/airflow/example_dags/tutorial_taskflow_api.py
[2025-02-27T19:24:52.827+0000] {processor.py:925} INFO - DAG(s) 'tutorial_taskflow_api' retrieved from /home/sravan2418/airflow-env/lib/python3.11/site-packages/airflow/example_dags/tutorial_taskflow_api.py
[2025-02-27T19:24:52.854+0000] {logging_mixin.py:190} INFO - [2025-02-27T19:24:52.854+0000] {dag.py:3239} INFO - Sync 1 DAGs
[2025-02-27T19:24:52.872+0000] {logging_mixin.py:190} INFO - [2025-02-27T19:24:52.871+0000] {dag.py:4180} INFO - Setting next_dagrun for tutorial_taskflow_api to None, run_after=None
[2025-02-27T19:24:52.916+0000] {processor.py:208} INFO - Processing /home/sravan2418/airflow-env/lib/python3.11/site-packages/airflow/example_dags/tutorial_taskflow_api.py took 0.123 seconds
[2025-02-27T19:25:53.852+0000] {processor.py:186} INFO - Started process (PID=2892) to work on /home/sravan2418/airflow-env/lib/python3.11/site-packages/airflow/example_dags/tutorial_taskflow_api.py
[2025-02-27T19:25:53.854+0000] {processor.py:914} INFO - Processing file /home/sravan2418/airflow-env/lib/python3.11/site-packages/airflow/example_dags/tutorial_taskflow_api.py for tasks to queue
[2025-02-27T19:25:53.857+0000] {logging_mixin.py:190} INFO - [2025-02-27T19:25:53.857+0000] {dagbag.py:588} INFO - Filling up the DagBag from /home/sravan2418/airflow-env/lib/python3.11/site-packages/airflow/example_dags/tutorial_taskflow_api.py
[2025-02-27T19:25:53.870+0000] {processor.py:925} INFO - DAG(s) 'tutorial_taskflow_api' retrieved from /home/sravan2418/airflow-env/lib/python3.11/site-packages/airflow/example_dags/tutorial_taskflow_api.py
[2025-02-27T19:25:53.893+0000] {logging_mixin.py:190} INFO - [2025-02-27T19:25:53.893+0000] {dag.py:3239} INFO - Sync 1 DAGs
[2025-02-27T19:25:53.909+0000] {logging_mixin.py:190} INFO - [2025-02-27T19:25:53.909+0000] {dag.py:4180} INFO - Setting next_dagrun for tutorial_taskflow_api to None, run_after=None
[2025-02-27T19:25:53.940+0000] {processor.py:208} INFO - Processing /home/sravan2418/airflow-env/lib/python3.11/site-packages/airflow/example_dags/tutorial_taskflow_api.py took 0.097 seconds
[2025-02-27T19:26:27.551+0000] {processor.py:186} INFO - Started process (PID=2924) to work on /home/sravan2418/airflow-env/lib/python3.11/site-packages/airflow/example_dags/tutorial_taskflow_api.py
[2025-02-27T19:26:27.554+0000] {processor.py:914} INFO - Processing file /home/sravan2418/airflow-env/lib/python3.11/site-packages/airflow/example_dags/tutorial_taskflow_api.py for tasks to queue
[2025-02-27T19:26:27.558+0000] {logging_mixin.py:190} INFO - [2025-02-27T19:26:27.557+0000] {dagbag.py:588} INFO - Filling up the DagBag from /home/sravan2418/airflow-env/lib/python3.11/site-packages/airflow/example_dags/tutorial_taskflow_api.py
[2025-02-27T19:26:27.574+0000] {processor.py:925} INFO - DAG(s) 'tutorial_taskflow_api' retrieved from /home/sravan2418/airflow-env/lib/python3.11/site-packages/airflow/example_dags/tutorial_taskflow_api.py
[2025-02-27T19:26:27.600+0000] {logging_mixin.py:190} INFO - [2025-02-27T19:26:27.600+0000] {dag.py:3239} INFO - Sync 1 DAGs
[2025-02-27T19:26:27.620+0000] {logging_mixin.py:190} INFO - [2025-02-27T19:26:27.619+0000] {dag.py:4180} INFO - Setting next_dagrun for tutorial_taskflow_api to None, run_after=None
[2025-02-27T19:26:27.655+0000] {processor.py:208} INFO - Processing /home/sravan2418/airflow-env/lib/python3.11/site-packages/airflow/example_dags/tutorial_taskflow_api.py took 0.114 seconds
[2025-02-27T19:27:01.321+0000] {processor.py:186} INFO - Started process (PID=2956) to work on /home/sravan2418/airflow-env/lib/python3.11/site-packages/airflow/example_dags/tutorial_taskflow_api.py
[2025-02-27T19:27:01.324+0000] {processor.py:914} INFO - Processing file /home/sravan2418/airflow-env/lib/python3.11/site-packages/airflow/example_dags/tutorial_taskflow_api.py for tasks to queue
[2025-02-27T19:27:01.330+0000] {logging_mixin.py:190} INFO - [2025-02-27T19:27:01.329+0000] {dagbag.py:588} INFO - Filling up the DagBag from /home/sravan2418/airflow-env/lib/python3.11/site-packages/airflow/example_dags/tutorial_taskflow_api.py
[2025-02-27T19:27:01.649+0000] {processor.py:925} INFO - DAG(s) 'tutorial_taskflow_api' retrieved from /home/sravan2418/airflow-env/lib/python3.11/site-packages/airflow/example_dags/tutorial_taskflow_api.py
[2025-02-27T19:27:01.671+0000] {logging_mixin.py:190} INFO - [2025-02-27T19:27:01.671+0000] {dag.py:3239} INFO - Sync 1 DAGs
[2025-02-27T19:27:01.688+0000] {logging_mixin.py:190} INFO - [2025-02-27T19:27:01.688+0000] {dag.py:4180} INFO - Setting next_dagrun for tutorial_taskflow_api to None, run_after=None
[2025-02-27T19:27:01.723+0000] {processor.py:208} INFO - Processing /home/sravan2418/airflow-env/lib/python3.11/site-packages/airflow/example_dags/tutorial_taskflow_api.py took 0.417 seconds
[2025-02-27T19:28:02.253+0000] {processor.py:186} INFO - Started process (PID=3028) to work on /home/sravan2418/airflow-env/lib/python3.11/site-packages/airflow/example_dags/tutorial_taskflow_api.py
[2025-02-27T19:28:02.255+0000] {processor.py:914} INFO - Processing file /home/sravan2418/airflow-env/lib/python3.11/site-packages/airflow/example_dags/tutorial_taskflow_api.py for tasks to queue
[2025-02-27T19:28:02.259+0000] {logging_mixin.py:190} INFO - [2025-02-27T19:28:02.259+0000] {dagbag.py:588} INFO - Filling up the DagBag from /home/sravan2418/airflow-env/lib/python3.11/site-packages/airflow/example_dags/tutorial_taskflow_api.py
[2025-02-27T19:28:02.277+0000] {processor.py:925} INFO - DAG(s) 'tutorial_taskflow_api' retrieved from /home/sravan2418/airflow-env/lib/python3.11/site-packages/airflow/example_dags/tutorial_taskflow_api.py
[2025-02-27T19:28:02.327+0000] {logging_mixin.py:190} INFO - [2025-02-27T19:28:02.326+0000] {dag.py:3239} INFO - Sync 1 DAGs
[2025-02-27T19:28:02.351+0000] {logging_mixin.py:190} INFO - [2025-02-27T19:28:02.350+0000] {dag.py:4180} INFO - Setting next_dagrun for tutorial_taskflow_api to None, run_after=None
[2025-02-27T19:28:02.391+0000] {processor.py:208} INFO - Processing /home/sravan2418/airflow-env/lib/python3.11/site-packages/airflow/example_dags/tutorial_taskflow_api.py took 0.150 seconds
[2025-02-27T19:29:01.900+0000] {processor.py:186} INFO - Started process (PID=3105) to work on /home/sravan2418/airflow-env/lib/python3.11/site-packages/airflow/example_dags/tutorial_taskflow_api.py
[2025-02-27T19:29:01.902+0000] {processor.py:914} INFO - Processing file /home/sravan2418/airflow-env/lib/python3.11/site-packages/airflow/example_dags/tutorial_taskflow_api.py for tasks to queue
[2025-02-27T19:29:01.906+0000] {logging_mixin.py:190} INFO - [2025-02-27T19:29:01.905+0000] {dagbag.py:588} INFO - Filling up the DagBag from /home/sravan2418/airflow-env/lib/python3.11/site-packages/airflow/example_dags/tutorial_taskflow_api.py
[2025-02-27T19:29:01.920+0000] {processor.py:925} INFO - DAG(s) 'tutorial_taskflow_api' retrieved from /home/sravan2418/airflow-env/lib/python3.11/site-packages/airflow/example_dags/tutorial_taskflow_api.py
[2025-02-27T19:29:01.943+0000] {logging_mixin.py:190} INFO - [2025-02-27T19:29:01.943+0000] {dag.py:3239} INFO - Sync 1 DAGs
[2025-02-27T19:29:01.960+0000] {logging_mixin.py:190} INFO - [2025-02-27T19:29:01.959+0000] {dag.py:4180} INFO - Setting next_dagrun for tutorial_taskflow_api to None, run_after=None
[2025-02-27T19:29:01.999+0000] {processor.py:208} INFO - Processing /home/sravan2418/airflow-env/lib/python3.11/site-packages/airflow/example_dags/tutorial_taskflow_api.py took 0.112 seconds
[2025-02-27T19:29:59.975+0000] {processor.py:186} INFO - Started process (PID=3166) to work on /home/sravan2418/airflow-env/lib/python3.11/site-packages/airflow/example_dags/tutorial_taskflow_api.py
[2025-02-27T19:29:59.977+0000] {processor.py:914} INFO - Processing file /home/sravan2418/airflow-env/lib/python3.11/site-packages/airflow/example_dags/tutorial_taskflow_api.py for tasks to queue
[2025-02-27T19:29:59.981+0000] {logging_mixin.py:190} INFO - [2025-02-27T19:29:59.980+0000] {dagbag.py:588} INFO - Filling up the DagBag from /home/sravan2418/airflow-env/lib/python3.11/site-packages/airflow/example_dags/tutorial_taskflow_api.py
[2025-02-27T19:29:59.994+0000] {processor.py:925} INFO - DAG(s) 'tutorial_taskflow_api' retrieved from /home/sravan2418/airflow-env/lib/python3.11/site-packages/airflow/example_dags/tutorial_taskflow_api.py
[2025-02-27T19:30:00.016+0000] {logging_mixin.py:190} INFO - [2025-02-27T19:30:00.016+0000] {dag.py:3239} INFO - Sync 1 DAGs
[2025-02-27T19:30:00.035+0000] {logging_mixin.py:190} INFO - [2025-02-27T19:30:00.034+0000] {dag.py:4180} INFO - Setting next_dagrun for tutorial_taskflow_api to None, run_after=None
[2025-02-27T19:30:00.063+0000] {processor.py:208} INFO - Processing /home/sravan2418/airflow-env/lib/python3.11/site-packages/airflow/example_dags/tutorial_taskflow_api.py took 0.096 seconds
[2025-02-27T19:30:31.726+0000] {processor.py:186} INFO - Started process (PID=3199) to work on /home/sravan2418/airflow-env/lib/python3.11/site-packages/airflow/example_dags/tutorial_taskflow_api.py
[2025-02-27T19:30:31.729+0000] {processor.py:914} INFO - Processing file /home/sravan2418/airflow-env/lib/python3.11/site-packages/airflow/example_dags/tutorial_taskflow_api.py for tasks to queue
[2025-02-27T19:30:31.733+0000] {logging_mixin.py:190} INFO - [2025-02-27T19:30:31.732+0000] {dagbag.py:588} INFO - Filling up the DagBag from /home/sravan2418/airflow-env/lib/python3.11/site-packages/airflow/example_dags/tutorial_taskflow_api.py
[2025-02-27T19:30:31.748+0000] {processor.py:925} INFO - DAG(s) 'tutorial_taskflow_api' retrieved from /home/sravan2418/airflow-env/lib/python3.11/site-packages/airflow/example_dags/tutorial_taskflow_api.py
[2025-02-27T19:30:31.772+0000] {logging_mixin.py:190} INFO - [2025-02-27T19:30:31.771+0000] {dag.py:3239} INFO - Sync 1 DAGs
[2025-02-27T19:30:31.789+0000] {logging_mixin.py:190} INFO - [2025-02-27T19:30:31.789+0000] {dag.py:4180} INFO - Setting next_dagrun for tutorial_taskflow_api to None, run_after=None
[2025-02-27T19:30:31.818+0000] {processor.py:208} INFO - Processing /home/sravan2418/airflow-env/lib/python3.11/site-packages/airflow/example_dags/tutorial_taskflow_api.py took 0.101 seconds
[2025-02-27T19:31:04.564+0000] {processor.py:186} INFO - Started process (PID=3230) to work on /home/sravan2418/airflow-env/lib/python3.11/site-packages/airflow/example_dags/tutorial_taskflow_api.py
[2025-02-27T19:31:04.567+0000] {processor.py:914} INFO - Processing file /home/sravan2418/airflow-env/lib/python3.11/site-packages/airflow/example_dags/tutorial_taskflow_api.py for tasks to queue
[2025-02-27T19:31:04.571+0000] {logging_mixin.py:190} INFO - [2025-02-27T19:31:04.570+0000] {dagbag.py:588} INFO - Filling up the DagBag from /home/sravan2418/airflow-env/lib/python3.11/site-packages/airflow/example_dags/tutorial_taskflow_api.py
[2025-02-27T19:31:04.586+0000] {processor.py:925} INFO - DAG(s) 'tutorial_taskflow_api' retrieved from /home/sravan2418/airflow-env/lib/python3.11/site-packages/airflow/example_dags/tutorial_taskflow_api.py
[2025-02-27T19:31:04.612+0000] {logging_mixin.py:190} INFO - [2025-02-27T19:31:04.612+0000] {dag.py:3239} INFO - Sync 1 DAGs
[2025-02-27T19:31:04.630+0000] {logging_mixin.py:190} INFO - [2025-02-27T19:31:04.630+0000] {dag.py:4180} INFO - Setting next_dagrun for tutorial_taskflow_api to None, run_after=None
[2025-02-27T19:31:04.661+0000] {processor.py:208} INFO - Processing /home/sravan2418/airflow-env/lib/python3.11/site-packages/airflow/example_dags/tutorial_taskflow_api.py took 0.108 seconds
[2025-02-27T19:32:12.636+0000] {processor.py:186} INFO - Started process (PID=3300) to work on /home/sravan2418/airflow-env/lib/python3.11/site-packages/airflow/example_dags/tutorial_taskflow_api.py
[2025-02-27T19:32:12.638+0000] {processor.py:914} INFO - Processing file /home/sravan2418/airflow-env/lib/python3.11/site-packages/airflow/example_dags/tutorial_taskflow_api.py for tasks to queue
[2025-02-27T19:32:12.641+0000] {logging_mixin.py:190} INFO - [2025-02-27T19:32:12.641+0000] {dagbag.py:588} INFO - Filling up the DagBag from /home/sravan2418/airflow-env/lib/python3.11/site-packages/airflow/example_dags/tutorial_taskflow_api.py
[2025-02-27T19:32:12.815+0000] {processor.py:925} INFO - DAG(s) 'tutorial_taskflow_api' retrieved from /home/sravan2418/airflow-env/lib/python3.11/site-packages/airflow/example_dags/tutorial_taskflow_api.py
[2025-02-27T19:32:12.831+0000] {logging_mixin.py:190} INFO - [2025-02-27T19:32:12.831+0000] {dag.py:3239} INFO - Sync 1 DAGs
[2025-02-27T19:32:12.843+0000] {logging_mixin.py:190} INFO - [2025-02-27T19:32:12.843+0000] {dag.py:4180} INFO - Setting next_dagrun for tutorial_taskflow_api to None, run_after=None
[2025-02-27T19:32:12.865+0000] {processor.py:208} INFO - Processing /home/sravan2418/airflow-env/lib/python3.11/site-packages/airflow/example_dags/tutorial_taskflow_api.py took 0.238 seconds
[2025-02-27T19:32:50.132+0000] {processor.py:186} INFO - Started process (PID=3333) to work on /home/sravan2418/airflow-env/lib/python3.11/site-packages/airflow/example_dags/tutorial_taskflow_api.py
[2025-02-27T19:32:50.134+0000] {processor.py:914} INFO - Processing file /home/sravan2418/airflow-env/lib/python3.11/site-packages/airflow/example_dags/tutorial_taskflow_api.py for tasks to queue
[2025-02-27T19:32:50.139+0000] {logging_mixin.py:190} INFO - [2025-02-27T19:32:50.138+0000] {dagbag.py:588} INFO - Filling up the DagBag from /home/sravan2418/airflow-env/lib/python3.11/site-packages/airflow/example_dags/tutorial_taskflow_api.py
[2025-02-27T19:32:50.152+0000] {processor.py:925} INFO - DAG(s) 'tutorial_taskflow_api' retrieved from /home/sravan2418/airflow-env/lib/python3.11/site-packages/airflow/example_dags/tutorial_taskflow_api.py
[2025-02-27T19:32:50.177+0000] {logging_mixin.py:190} INFO - [2025-02-27T19:32:50.176+0000] {dag.py:3239} INFO - Sync 1 DAGs
[2025-02-27T19:32:50.193+0000] {logging_mixin.py:190} INFO - [2025-02-27T19:32:50.193+0000] {dag.py:4180} INFO - Setting next_dagrun for tutorial_taskflow_api to None, run_after=None
[2025-02-27T19:32:50.221+0000] {processor.py:208} INFO - Processing /home/sravan2418/airflow-env/lib/python3.11/site-packages/airflow/example_dags/tutorial_taskflow_api.py took 0.098 seconds
[2025-02-27T19:33:24.229+0000] {processor.py:186} INFO - Started process (PID=3368) to work on /home/sravan2418/airflow-env/lib/python3.11/site-packages/airflow/example_dags/tutorial_taskflow_api.py
[2025-02-27T19:33:24.231+0000] {processor.py:914} INFO - Processing file /home/sravan2418/airflow-env/lib/python3.11/site-packages/airflow/example_dags/tutorial_taskflow_api.py for tasks to queue
[2025-02-27T19:33:24.236+0000] {logging_mixin.py:190} INFO - [2025-02-27T19:33:24.235+0000] {dagbag.py:588} INFO - Filling up the DagBag from /home/sravan2418/airflow-env/lib/python3.11/site-packages/airflow/example_dags/tutorial_taskflow_api.py
[2025-02-27T19:33:24.254+0000] {processor.py:925} INFO - DAG(s) 'tutorial_taskflow_api' retrieved from /home/sravan2418/airflow-env/lib/python3.11/site-packages/airflow/example_dags/tutorial_taskflow_api.py
[2025-02-27T19:33:24.282+0000] {logging_mixin.py:190} INFO - [2025-02-27T19:33:24.282+0000] {dag.py:3239} INFO - Sync 1 DAGs
[2025-02-27T19:33:24.302+0000] {logging_mixin.py:190} INFO - [2025-02-27T19:33:24.302+0000] {dag.py:4180} INFO - Setting next_dagrun for tutorial_taskflow_api to None, run_after=None
[2025-02-27T19:33:24.337+0000] {processor.py:208} INFO - Processing /home/sravan2418/airflow-env/lib/python3.11/site-packages/airflow/example_dags/tutorial_taskflow_api.py took 0.120 seconds
[2025-02-27T19:34:28.959+0000] {processor.py:186} INFO - Started process (PID=3435) to work on /home/sravan2418/airflow-env/lib/python3.11/site-packages/airflow/example_dags/tutorial_taskflow_api.py
[2025-02-27T19:34:28.961+0000] {processor.py:914} INFO - Processing file /home/sravan2418/airflow-env/lib/python3.11/site-packages/airflow/example_dags/tutorial_taskflow_api.py for tasks to queue
[2025-02-27T19:34:28.965+0000] {logging_mixin.py:190} INFO - [2025-02-27T19:34:28.964+0000] {dagbag.py:588} INFO - Filling up the DagBag from /home/sravan2418/airflow-env/lib/python3.11/site-packages/airflow/example_dags/tutorial_taskflow_api.py
[2025-02-27T19:34:28.980+0000] {processor.py:925} INFO - DAG(s) 'tutorial_taskflow_api' retrieved from /home/sravan2418/airflow-env/lib/python3.11/site-packages/airflow/example_dags/tutorial_taskflow_api.py
[2025-02-27T19:34:29.003+0000] {logging_mixin.py:190} INFO - [2025-02-27T19:34:29.002+0000] {dag.py:3239} INFO - Sync 1 DAGs
[2025-02-27T19:34:29.020+0000] {logging_mixin.py:190} INFO - [2025-02-27T19:34:29.020+0000] {dag.py:4180} INFO - Setting next_dagrun for tutorial_taskflow_api to None, run_after=None
[2025-02-27T19:34:29.049+0000] {processor.py:208} INFO - Processing /home/sravan2418/airflow-env/lib/python3.11/site-packages/airflow/example_dags/tutorial_taskflow_api.py took 0.100 seconds
