[2025-02-27T19:21:01.078+0000] {processor.py:186} INFO - Started process (PID=2572) to work on /home/sravan2418/airflow-env/lib/python3.11/site-packages/airflow/example_dags/tutorial_taskflow_api_virtualenv.py
[2025-02-27T19:21:01.079+0000] {processor.py:914} INFO - Processing file /home/sravan2418/airflow-env/lib/python3.11/site-packages/airflow/example_dags/tutorial_taskflow_api_virtualenv.py for tasks to queue
[2025-02-27T19:21:01.084+0000] {logging_mixin.py:190} INFO - [2025-02-27T19:21:01.083+0000] {dagbag.py:588} INFO - Filling up the DagBag from /home/sravan2418/airflow-env/lib/python3.11/site-packages/airflow/example_dags/tutorial_taskflow_api_virtualenv.py
[2025-02-27T19:21:01.090+0000] {logging_mixin.py:190} INFO - [2025-02-27T19:21:01.089+0000] {tutorial_taskflow_api_virtualenv.py:29} WARNING - The tutorial_taskflow_api_virtualenv example DAG requires virtualenv, please install it.
[2025-02-27T19:21:01.090+0000] {processor.py:927} WARNING - No viable dags retrieved from /home/sravan2418/airflow-env/lib/python3.11/site-packages/airflow/example_dags/tutorial_taskflow_api_virtualenv.py
[2025-02-27T19:21:01.112+0000] {processor.py:208} INFO - Processing /home/sravan2418/airflow-env/lib/python3.11/site-packages/airflow/example_dags/tutorial_taskflow_api_virtualenv.py took 0.046 seconds
[2025-02-27T19:22:46.982+0000] {processor.py:186} INFO - Started process (PID=2693) to work on /home/sravan2418/airflow-env/lib/python3.11/site-packages/airflow/example_dags/tutorial_taskflow_api_virtualenv.py
[2025-02-27T19:22:46.990+0000] {processor.py:914} INFO - Processing file /home/sravan2418/airflow-env/lib/python3.11/site-packages/airflow/example_dags/tutorial_taskflow_api_virtualenv.py for tasks to queue
[2025-02-27T19:22:46.997+0000] {logging_mixin.py:190} INFO - [2025-02-27T19:22:46.995+0000] {dagbag.py:588} INFO - Filling up the DagBag from /home/sravan2418/airflow-env/lib/python3.11/site-packages/airflow/example_dags/tutorial_taskflow_api_virtualenv.py
[2025-02-27T19:22:47.004+0000] {logging_mixin.py:190} INFO - [2025-02-27T19:22:47.004+0000] {tutorial_taskflow_api_virtualenv.py:29} WARNING - The tutorial_taskflow_api_virtualenv example DAG requires virtualenv, please install it.
[2025-02-27T19:22:47.005+0000] {processor.py:927} WARNING - No viable dags retrieved from /home/sravan2418/airflow-env/lib/python3.11/site-packages/airflow/example_dags/tutorial_taskflow_api_virtualenv.py
[2025-02-27T19:22:47.045+0000] {processor.py:208} INFO - Processing /home/sravan2418/airflow-env/lib/python3.11/site-packages/airflow/example_dags/tutorial_taskflow_api_virtualenv.py took 0.081 seconds
[2025-02-27T19:23:50.101+0000] {processor.py:186} INFO - Started process (PID=2758) to work on /home/sravan2418/airflow-env/lib/python3.11/site-packages/airflow/example_dags/tutorial_taskflow_api_virtualenv.py
[2025-02-27T19:23:50.103+0000] {processor.py:914} INFO - Processing file /home/sravan2418/airflow-env/lib/python3.11/site-packages/airflow/example_dags/tutorial_taskflow_api_virtualenv.py for tasks to queue
[2025-02-27T19:23:50.106+0000] {logging_mixin.py:190} INFO - [2025-02-27T19:23:50.105+0000] {dagbag.py:588} INFO - Filling up the DagBag from /home/sravan2418/airflow-env/lib/python3.11/site-packages/airflow/example_dags/tutorial_taskflow_api_virtualenv.py
[2025-02-27T19:23:50.110+0000] {logging_mixin.py:190} INFO - [2025-02-27T19:23:50.110+0000] {tutorial_taskflow_api_virtualenv.py:29} WARNING - The tutorial_taskflow_api_virtualenv example DAG requires virtualenv, please install it.
[2025-02-27T19:23:50.110+0000] {processor.py:927} WARNING - No viable dags retrieved from /home/sravan2418/airflow-env/lib/python3.11/site-packages/airflow/example_dags/tutorial_taskflow_api_virtualenv.py
[2025-02-27T19:23:50.126+0000] {processor.py:208} INFO - Processing /home/sravan2418/airflow-env/lib/python3.11/site-packages/airflow/example_dags/tutorial_taskflow_api_virtualenv.py took 0.034 seconds
[2025-02-27T19:24:20.332+0000] {processor.py:186} INFO - Started process (PID=2790) to work on /home/sravan2418/airflow-env/lib/python3.11/site-packages/airflow/example_dags/tutorial_taskflow_api_virtualenv.py
[2025-02-27T19:24:20.334+0000] {processor.py:914} INFO - Processing file /home/sravan2418/airflow-env/lib/python3.11/site-packages/airflow/example_dags/tutorial_taskflow_api_virtualenv.py for tasks to queue
[2025-02-27T19:24:20.339+0000] {logging_mixin.py:190} INFO - [2025-02-27T19:24:20.338+0000] {dagbag.py:588} INFO - Filling up the DagBag from /home/sravan2418/airflow-env/lib/python3.11/site-packages/airflow/example_dags/tutorial_taskflow_api_virtualenv.py
[2025-02-27T19:24:20.346+0000] {logging_mixin.py:190} INFO - [2025-02-27T19:24:20.345+0000] {tutorial_taskflow_api_virtualenv.py:29} WARNING - The tutorial_taskflow_api_virtualenv example DAG requires virtualenv, please install it.
[2025-02-27T19:24:20.347+0000] {processor.py:927} WARNING - No viable dags retrieved from /home/sravan2418/airflow-env/lib/python3.11/site-packages/airflow/example_dags/tutorial_taskflow_api_virtualenv.py
[2025-02-27T19:24:20.368+0000] {processor.py:208} INFO - Processing /home/sravan2418/airflow-env/lib/python3.11/site-packages/airflow/example_dags/tutorial_taskflow_api_virtualenv.py took 0.048 seconds
[2025-02-27T19:24:50.952+0000] {processor.py:186} INFO - Started process (PID=2828) to work on /home/sravan2418/airflow-env/lib/python3.11/site-packages/airflow/example_dags/tutorial_taskflow_api_virtualenv.py
[2025-02-27T19:24:50.954+0000] {processor.py:914} INFO - Processing file /home/sravan2418/airflow-env/lib/python3.11/site-packages/airflow/example_dags/tutorial_taskflow_api_virtualenv.py for tasks to queue
[2025-02-27T19:24:50.957+0000] {logging_mixin.py:190} INFO - [2025-02-27T19:24:50.957+0000] {dagbag.py:588} INFO - Filling up the DagBag from /home/sravan2418/airflow-env/lib/python3.11/site-packages/airflow/example_dags/tutorial_taskflow_api_virtualenv.py
[2025-02-27T19:24:50.961+0000] {logging_mixin.py:190} INFO - [2025-02-27T19:24:50.961+0000] {tutorial_taskflow_api_virtualenv.py:29} WARNING - The tutorial_taskflow_api_virtualenv example DAG requires virtualenv, please install it.
[2025-02-27T19:24:50.962+0000] {processor.py:927} WARNING - No viable dags retrieved from /home/sravan2418/airflow-env/lib/python3.11/site-packages/airflow/example_dags/tutorial_taskflow_api_virtualenv.py
[2025-02-27T19:24:50.978+0000] {processor.py:208} INFO - Processing /home/sravan2418/airflow-env/lib/python3.11/site-packages/airflow/example_dags/tutorial_taskflow_api_virtualenv.py took 0.035 seconds
[2025-02-27T19:25:21.607+0000] {processor.py:186} INFO - Started process (PID=2860) to work on /home/sravan2418/airflow-env/lib/python3.11/site-packages/airflow/example_dags/tutorial_taskflow_api_virtualenv.py
[2025-02-27T19:25:21.608+0000] {processor.py:914} INFO - Processing file /home/sravan2418/airflow-env/lib/python3.11/site-packages/airflow/example_dags/tutorial_taskflow_api_virtualenv.py for tasks to queue
[2025-02-27T19:25:21.612+0000] {logging_mixin.py:190} INFO - [2025-02-27T19:25:21.611+0000] {dagbag.py:588} INFO - Filling up the DagBag from /home/sravan2418/airflow-env/lib/python3.11/site-packages/airflow/example_dags/tutorial_taskflow_api_virtualenv.py
[2025-02-27T19:25:21.617+0000] {logging_mixin.py:190} INFO - [2025-02-27T19:25:21.616+0000] {tutorial_taskflow_api_virtualenv.py:29} WARNING - The tutorial_taskflow_api_virtualenv example DAG requires virtualenv, please install it.
[2025-02-27T19:25:21.617+0000] {processor.py:927} WARNING - No viable dags retrieved from /home/sravan2418/airflow-env/lib/python3.11/site-packages/airflow/example_dags/tutorial_taskflow_api_virtualenv.py
[2025-02-27T19:25:21.637+0000] {processor.py:208} INFO - Processing /home/sravan2418/airflow-env/lib/python3.11/site-packages/airflow/example_dags/tutorial_taskflow_api_virtualenv.py took 0.041 seconds
[2025-02-27T19:25:52.215+0000] {processor.py:186} INFO - Started process (PID=2890) to work on /home/sravan2418/airflow-env/lib/python3.11/site-packages/airflow/example_dags/tutorial_taskflow_api_virtualenv.py
[2025-02-27T19:25:52.217+0000] {processor.py:914} INFO - Processing file /home/sravan2418/airflow-env/lib/python3.11/site-packages/airflow/example_dags/tutorial_taskflow_api_virtualenv.py for tasks to queue
[2025-02-27T19:25:52.221+0000] {logging_mixin.py:190} INFO - [2025-02-27T19:25:52.220+0000] {dagbag.py:588} INFO - Filling up the DagBag from /home/sravan2418/airflow-env/lib/python3.11/site-packages/airflow/example_dags/tutorial_taskflow_api_virtualenv.py
[2025-02-27T19:25:52.225+0000] {logging_mixin.py:190} INFO - [2025-02-27T19:25:52.225+0000] {tutorial_taskflow_api_virtualenv.py:29} WARNING - The tutorial_taskflow_api_virtualenv example DAG requires virtualenv, please install it.
[2025-02-27T19:25:52.226+0000] {processor.py:927} WARNING - No viable dags retrieved from /home/sravan2418/airflow-env/lib/python3.11/site-packages/airflow/example_dags/tutorial_taskflow_api_virtualenv.py
[2025-02-27T19:25:52.243+0000] {processor.py:208} INFO - Processing /home/sravan2418/airflow-env/lib/python3.11/site-packages/airflow/example_dags/tutorial_taskflow_api_virtualenv.py took 0.037 seconds
[2025-02-27T19:26:25.029+0000] {processor.py:186} INFO - Started process (PID=2922) to work on /home/sravan2418/airflow-env/lib/python3.11/site-packages/airflow/example_dags/tutorial_taskflow_api_virtualenv.py
[2025-02-27T19:26:25.031+0000] {processor.py:914} INFO - Processing file /home/sravan2418/airflow-env/lib/python3.11/site-packages/airflow/example_dags/tutorial_taskflow_api_virtualenv.py for tasks to queue
[2025-02-27T19:26:25.035+0000] {logging_mixin.py:190} INFO - [2025-02-27T19:26:25.034+0000] {dagbag.py:588} INFO - Filling up the DagBag from /home/sravan2418/airflow-env/lib/python3.11/site-packages/airflow/example_dags/tutorial_taskflow_api_virtualenv.py
[2025-02-27T19:26:25.041+0000] {logging_mixin.py:190} INFO - [2025-02-27T19:26:25.041+0000] {tutorial_taskflow_api_virtualenv.py:29} WARNING - The tutorial_taskflow_api_virtualenv example DAG requires virtualenv, please install it.
[2025-02-27T19:26:25.042+0000] {processor.py:927} WARNING - No viable dags retrieved from /home/sravan2418/airflow-env/lib/python3.11/site-packages/airflow/example_dags/tutorial_taskflow_api_virtualenv.py
[2025-02-27T19:26:25.064+0000] {processor.py:208} INFO - Processing /home/sravan2418/airflow-env/lib/python3.11/site-packages/airflow/example_dags/tutorial_taskflow_api_virtualenv.py took 0.048 seconds
[2025-02-27T19:26:58.619+0000] {processor.py:186} INFO - Started process (PID=2954) to work on /home/sravan2418/airflow-env/lib/python3.11/site-packages/airflow/example_dags/tutorial_taskflow_api_virtualenv.py
[2025-02-27T19:26:58.621+0000] {processor.py:914} INFO - Processing file /home/sravan2418/airflow-env/lib/python3.11/site-packages/airflow/example_dags/tutorial_taskflow_api_virtualenv.py for tasks to queue
[2025-02-27T19:26:58.624+0000] {logging_mixin.py:190} INFO - [2025-02-27T19:26:58.624+0000] {dagbag.py:588} INFO - Filling up the DagBag from /home/sravan2418/airflow-env/lib/python3.11/site-packages/airflow/example_dags/tutorial_taskflow_api_virtualenv.py
[2025-02-27T19:26:58.629+0000] {logging_mixin.py:190} INFO - [2025-02-27T19:26:58.629+0000] {tutorial_taskflow_api_virtualenv.py:29} WARNING - The tutorial_taskflow_api_virtualenv example DAG requires virtualenv, please install it.
[2025-02-27T19:26:58.630+0000] {processor.py:927} WARNING - No viable dags retrieved from /home/sravan2418/airflow-env/lib/python3.11/site-packages/airflow/example_dags/tutorial_taskflow_api_virtualenv.py
[2025-02-27T19:26:58.814+0000] {processor.py:208} INFO - Processing /home/sravan2418/airflow-env/lib/python3.11/site-packages/airflow/example_dags/tutorial_taskflow_api_virtualenv.py took 0.204 seconds
[2025-02-27T19:27:31.219+0000] {processor.py:186} INFO - Started process (PID=2989) to work on /home/sravan2418/airflow-env/lib/python3.11/site-packages/airflow/example_dags/tutorial_taskflow_api_virtualenv.py
[2025-02-27T19:27:31.221+0000] {processor.py:914} INFO - Processing file /home/sravan2418/airflow-env/lib/python3.11/site-packages/airflow/example_dags/tutorial_taskflow_api_virtualenv.py for tasks to queue
[2025-02-27T19:27:31.225+0000] {logging_mixin.py:190} INFO - [2025-02-27T19:27:31.224+0000] {dagbag.py:588} INFO - Filling up the DagBag from /home/sravan2418/airflow-env/lib/python3.11/site-packages/airflow/example_dags/tutorial_taskflow_api_virtualenv.py
[2025-02-27T19:27:31.230+0000] {logging_mixin.py:190} INFO - [2025-02-27T19:27:31.230+0000] {tutorial_taskflow_api_virtualenv.py:29} WARNING - The tutorial_taskflow_api_virtualenv example DAG requires virtualenv, please install it.
[2025-02-27T19:27:31.230+0000] {processor.py:927} WARNING - No viable dags retrieved from /home/sravan2418/airflow-env/lib/python3.11/site-packages/airflow/example_dags/tutorial_taskflow_api_virtualenv.py
[2025-02-27T19:27:31.250+0000] {processor.py:208} INFO - Processing /home/sravan2418/airflow-env/lib/python3.11/site-packages/airflow/example_dags/tutorial_taskflow_api_virtualenv.py took 0.042 seconds
[2025-02-27T19:27:59.764+0000] {processor.py:186} INFO - Started process (PID=3024) to work on /home/sravan2418/airflow-env/lib/python3.11/site-packages/airflow/example_dags/tutorial_taskflow_api_virtualenv.py
[2025-02-27T19:27:59.767+0000] {processor.py:914} INFO - Processing file /home/sravan2418/airflow-env/lib/python3.11/site-packages/airflow/example_dags/tutorial_taskflow_api_virtualenv.py for tasks to queue
[2025-02-27T19:27:59.770+0000] {logging_mixin.py:190} INFO - [2025-02-27T19:27:59.770+0000] {dagbag.py:588} INFO - Filling up the DagBag from /home/sravan2418/airflow-env/lib/python3.11/site-packages/airflow/example_dags/tutorial_taskflow_api_virtualenv.py
[2025-02-27T19:27:59.776+0000] {logging_mixin.py:190} INFO - [2025-02-27T19:27:59.776+0000] {tutorial_taskflow_api_virtualenv.py:29} WARNING - The tutorial_taskflow_api_virtualenv example DAG requires virtualenv, please install it.
[2025-02-27T19:27:59.776+0000] {processor.py:927} WARNING - No viable dags retrieved from /home/sravan2418/airflow-env/lib/python3.11/site-packages/airflow/example_dags/tutorial_taskflow_api_virtualenv.py
[2025-02-27T19:27:59.797+0000] {processor.py:208} INFO - Processing /home/sravan2418/airflow-env/lib/python3.11/site-packages/airflow/example_dags/tutorial_taskflow_api_virtualenv.py took 0.044 seconds
[2025-02-27T19:29:00.382+0000] {processor.py:186} INFO - Started process (PID=3103) to work on /home/sravan2418/airflow-env/lib/python3.11/site-packages/airflow/example_dags/tutorial_taskflow_api_virtualenv.py
[2025-02-27T19:29:00.384+0000] {processor.py:914} INFO - Processing file /home/sravan2418/airflow-env/lib/python3.11/site-packages/airflow/example_dags/tutorial_taskflow_api_virtualenv.py for tasks to queue
[2025-02-27T19:29:00.387+0000] {logging_mixin.py:190} INFO - [2025-02-27T19:29:00.386+0000] {dagbag.py:588} INFO - Filling up the DagBag from /home/sravan2418/airflow-env/lib/python3.11/site-packages/airflow/example_dags/tutorial_taskflow_api_virtualenv.py
[2025-02-27T19:29:00.392+0000] {logging_mixin.py:190} INFO - [2025-02-27T19:29:00.391+0000] {tutorial_taskflow_api_virtualenv.py:29} WARNING - The tutorial_taskflow_api_virtualenv example DAG requires virtualenv, please install it.
[2025-02-27T19:29:00.392+0000] {processor.py:927} WARNING - No viable dags retrieved from /home/sravan2418/airflow-env/lib/python3.11/site-packages/airflow/example_dags/tutorial_taskflow_api_virtualenv.py
[2025-02-27T19:29:00.409+0000] {processor.py:208} INFO - Processing /home/sravan2418/airflow-env/lib/python3.11/site-packages/airflow/example_dags/tutorial_taskflow_api_virtualenv.py took 0.037 seconds
[2025-02-27T19:29:30.646+0000] {processor.py:186} INFO - Started process (PID=3132) to work on /home/sravan2418/airflow-env/lib/python3.11/site-packages/airflow/example_dags/tutorial_taskflow_api_virtualenv.py
[2025-02-27T19:29:30.647+0000] {processor.py:914} INFO - Processing file /home/sravan2418/airflow-env/lib/python3.11/site-packages/airflow/example_dags/tutorial_taskflow_api_virtualenv.py for tasks to queue
[2025-02-27T19:29:30.651+0000] {logging_mixin.py:190} INFO - [2025-02-27T19:29:30.650+0000] {dagbag.py:588} INFO - Filling up the DagBag from /home/sravan2418/airflow-env/lib/python3.11/site-packages/airflow/example_dags/tutorial_taskflow_api_virtualenv.py
[2025-02-27T19:29:30.657+0000] {logging_mixin.py:190} INFO - [2025-02-27T19:29:30.656+0000] {tutorial_taskflow_api_virtualenv.py:29} WARNING - The tutorial_taskflow_api_virtualenv example DAG requires virtualenv, please install it.
[2025-02-27T19:29:30.658+0000] {processor.py:927} WARNING - No viable dags retrieved from /home/sravan2418/airflow-env/lib/python3.11/site-packages/airflow/example_dags/tutorial_taskflow_api_virtualenv.py
[2025-02-27T19:29:30.678+0000] {processor.py:208} INFO - Processing /home/sravan2418/airflow-env/lib/python3.11/site-packages/airflow/example_dags/tutorial_taskflow_api_virtualenv.py took 0.043 seconds
[2025-02-27T19:30:30.306+0000] {processor.py:186} INFO - Started process (PID=3197) to work on /home/sravan2418/airflow-env/lib/python3.11/site-packages/airflow/example_dags/tutorial_taskflow_api_virtualenv.py
[2025-02-27T19:30:30.309+0000] {processor.py:914} INFO - Processing file /home/sravan2418/airflow-env/lib/python3.11/site-packages/airflow/example_dags/tutorial_taskflow_api_virtualenv.py for tasks to queue
[2025-02-27T19:30:30.313+0000] {logging_mixin.py:190} INFO - [2025-02-27T19:30:30.312+0000] {dagbag.py:588} INFO - Filling up the DagBag from /home/sravan2418/airflow-env/lib/python3.11/site-packages/airflow/example_dags/tutorial_taskflow_api_virtualenv.py
[2025-02-27T19:30:30.319+0000] {logging_mixin.py:190} INFO - [2025-02-27T19:30:30.318+0000] {tutorial_taskflow_api_virtualenv.py:29} WARNING - The tutorial_taskflow_api_virtualenv example DAG requires virtualenv, please install it.
[2025-02-27T19:30:30.319+0000] {processor.py:927} WARNING - No viable dags retrieved from /home/sravan2418/airflow-env/lib/python3.11/site-packages/airflow/example_dags/tutorial_taskflow_api_virtualenv.py
[2025-02-27T19:30:30.340+0000] {processor.py:208} INFO - Processing /home/sravan2418/airflow-env/lib/python3.11/site-packages/airflow/example_dags/tutorial_taskflow_api_virtualenv.py took 0.045 seconds
[2025-02-27T19:31:02.134+0000] {processor.py:186} INFO - Started process (PID=3228) to work on /home/sravan2418/airflow-env/lib/python3.11/site-packages/airflow/example_dags/tutorial_taskflow_api_virtualenv.py
[2025-02-27T19:31:02.137+0000] {processor.py:914} INFO - Processing file /home/sravan2418/airflow-env/lib/python3.11/site-packages/airflow/example_dags/tutorial_taskflow_api_virtualenv.py for tasks to queue
[2025-02-27T19:31:02.140+0000] {logging_mixin.py:190} INFO - [2025-02-27T19:31:02.140+0000] {dagbag.py:588} INFO - Filling up the DagBag from /home/sravan2418/airflow-env/lib/python3.11/site-packages/airflow/example_dags/tutorial_taskflow_api_virtualenv.py
[2025-02-27T19:31:02.145+0000] {logging_mixin.py:190} INFO - [2025-02-27T19:31:02.145+0000] {tutorial_taskflow_api_virtualenv.py:29} WARNING - The tutorial_taskflow_api_virtualenv example DAG requires virtualenv, please install it.
[2025-02-27T19:31:02.145+0000] {processor.py:927} WARNING - No viable dags retrieved from /home/sravan2418/airflow-env/lib/python3.11/site-packages/airflow/example_dags/tutorial_taskflow_api_virtualenv.py
[2025-02-27T19:31:02.161+0000] {processor.py:208} INFO - Processing /home/sravan2418/airflow-env/lib/python3.11/site-packages/airflow/example_dags/tutorial_taskflow_api_virtualenv.py took 0.036 seconds
[2025-02-27T19:31:34.269+0000] {processor.py:186} INFO - Started process (PID=3260) to work on /home/sravan2418/airflow-env/lib/python3.11/site-packages/airflow/example_dags/tutorial_taskflow_api_virtualenv.py
[2025-02-27T19:31:34.272+0000] {processor.py:914} INFO - Processing file /home/sravan2418/airflow-env/lib/python3.11/site-packages/airflow/example_dags/tutorial_taskflow_api_virtualenv.py for tasks to queue
[2025-02-27T19:31:34.276+0000] {logging_mixin.py:190} INFO - [2025-02-27T19:31:34.275+0000] {dagbag.py:588} INFO - Filling up the DagBag from /home/sravan2418/airflow-env/lib/python3.11/site-packages/airflow/example_dags/tutorial_taskflow_api_virtualenv.py
[2025-02-27T19:31:34.281+0000] {logging_mixin.py:190} INFO - [2025-02-27T19:31:34.280+0000] {tutorial_taskflow_api_virtualenv.py:29} WARNING - The tutorial_taskflow_api_virtualenv example DAG requires virtualenv, please install it.
[2025-02-27T19:31:34.281+0000] {processor.py:927} WARNING - No viable dags retrieved from /home/sravan2418/airflow-env/lib/python3.11/site-packages/airflow/example_dags/tutorial_taskflow_api_virtualenv.py
[2025-02-27T19:31:34.302+0000] {processor.py:208} INFO - Processing /home/sravan2418/airflow-env/lib/python3.11/site-packages/airflow/example_dags/tutorial_taskflow_api_virtualenv.py took 0.043 seconds
[2025-02-27T19:32:10.015+0000] {processor.py:186} INFO - Started process (PID=3292) to work on /home/sravan2418/airflow-env/lib/python3.11/site-packages/airflow/example_dags/tutorial_taskflow_api_virtualenv.py
[2025-02-27T19:32:10.017+0000] {processor.py:914} INFO - Processing file /home/sravan2418/airflow-env/lib/python3.11/site-packages/airflow/example_dags/tutorial_taskflow_api_virtualenv.py for tasks to queue
[2025-02-27T19:32:10.020+0000] {logging_mixin.py:190} INFO - [2025-02-27T19:32:10.020+0000] {dagbag.py:588} INFO - Filling up the DagBag from /home/sravan2418/airflow-env/lib/python3.11/site-packages/airflow/example_dags/tutorial_taskflow_api_virtualenv.py
[2025-02-27T19:32:10.024+0000] {logging_mixin.py:190} INFO - [2025-02-27T19:32:10.024+0000] {tutorial_taskflow_api_virtualenv.py:29} WARNING - The tutorial_taskflow_api_virtualenv example DAG requires virtualenv, please install it.
[2025-02-27T19:32:10.025+0000] {processor.py:927} WARNING - No viable dags retrieved from /home/sravan2418/airflow-env/lib/python3.11/site-packages/airflow/example_dags/tutorial_taskflow_api_virtualenv.py
[2025-02-27T19:32:10.201+0000] {processor.py:208} INFO - Processing /home/sravan2418/airflow-env/lib/python3.11/site-packages/airflow/example_dags/tutorial_taskflow_api_virtualenv.py took 0.196 seconds
[2025-02-27T19:32:48.340+0000] {processor.py:186} INFO - Started process (PID=3331) to work on /home/sravan2418/airflow-env/lib/python3.11/site-packages/airflow/example_dags/tutorial_taskflow_api_virtualenv.py
[2025-02-27T19:32:48.342+0000] {processor.py:914} INFO - Processing file /home/sravan2418/airflow-env/lib/python3.11/site-packages/airflow/example_dags/tutorial_taskflow_api_virtualenv.py for tasks to queue
[2025-02-27T19:32:48.346+0000] {logging_mixin.py:190} INFO - [2025-02-27T19:32:48.346+0000] {dagbag.py:588} INFO - Filling up the DagBag from /home/sravan2418/airflow-env/lib/python3.11/site-packages/airflow/example_dags/tutorial_taskflow_api_virtualenv.py
[2025-02-27T19:32:48.351+0000] {logging_mixin.py:190} INFO - [2025-02-27T19:32:48.351+0000] {tutorial_taskflow_api_virtualenv.py:29} WARNING - The tutorial_taskflow_api_virtualenv example DAG requires virtualenv, please install it.
[2025-02-27T19:32:48.351+0000] {processor.py:927} WARNING - No viable dags retrieved from /home/sravan2418/airflow-env/lib/python3.11/site-packages/airflow/example_dags/tutorial_taskflow_api_virtualenv.py
[2025-02-27T19:32:48.368+0000] {processor.py:208} INFO - Processing /home/sravan2418/airflow-env/lib/python3.11/site-packages/airflow/example_dags/tutorial_taskflow_api_virtualenv.py took 0.037 seconds
[2025-02-27T19:33:21.809+0000] {processor.py:186} INFO - Started process (PID=3366) to work on /home/sravan2418/airflow-env/lib/python3.11/site-packages/airflow/example_dags/tutorial_taskflow_api_virtualenv.py
[2025-02-27T19:33:21.811+0000] {processor.py:914} INFO - Processing file /home/sravan2418/airflow-env/lib/python3.11/site-packages/airflow/example_dags/tutorial_taskflow_api_virtualenv.py for tasks to queue
[2025-02-27T19:33:21.815+0000] {logging_mixin.py:190} INFO - [2025-02-27T19:33:21.815+0000] {dagbag.py:588} INFO - Filling up the DagBag from /home/sravan2418/airflow-env/lib/python3.11/site-packages/airflow/example_dags/tutorial_taskflow_api_virtualenv.py
[2025-02-27T19:33:21.821+0000] {logging_mixin.py:190} INFO - [2025-02-27T19:33:21.821+0000] {tutorial_taskflow_api_virtualenv.py:29} WARNING - The tutorial_taskflow_api_virtualenv example DAG requires virtualenv, please install it.
[2025-02-27T19:33:21.822+0000] {processor.py:927} WARNING - No viable dags retrieved from /home/sravan2418/airflow-env/lib/python3.11/site-packages/airflow/example_dags/tutorial_taskflow_api_virtualenv.py
[2025-02-27T19:33:21.843+0000] {processor.py:208} INFO - Processing /home/sravan2418/airflow-env/lib/python3.11/site-packages/airflow/example_dags/tutorial_taskflow_api_virtualenv.py took 0.046 seconds
[2025-02-27T19:33:54.057+0000] {processor.py:186} INFO - Started process (PID=3398) to work on /home/sravan2418/airflow-env/lib/python3.11/site-packages/airflow/example_dags/tutorial_taskflow_api_virtualenv.py
[2025-02-27T19:33:54.059+0000] {processor.py:914} INFO - Processing file /home/sravan2418/airflow-env/lib/python3.11/site-packages/airflow/example_dags/tutorial_taskflow_api_virtualenv.py for tasks to queue
[2025-02-27T19:33:54.063+0000] {logging_mixin.py:190} INFO - [2025-02-27T19:33:54.062+0000] {dagbag.py:588} INFO - Filling up the DagBag from /home/sravan2418/airflow-env/lib/python3.11/site-packages/airflow/example_dags/tutorial_taskflow_api_virtualenv.py
[2025-02-27T19:33:54.067+0000] {logging_mixin.py:190} INFO - [2025-02-27T19:33:54.067+0000] {tutorial_taskflow_api_virtualenv.py:29} WARNING - The tutorial_taskflow_api_virtualenv example DAG requires virtualenv, please install it.
[2025-02-27T19:33:54.068+0000] {processor.py:927} WARNING - No viable dags retrieved from /home/sravan2418/airflow-env/lib/python3.11/site-packages/airflow/example_dags/tutorial_taskflow_api_virtualenv.py
[2025-02-27T19:33:54.086+0000] {processor.py:208} INFO - Processing /home/sravan2418/airflow-env/lib/python3.11/site-packages/airflow/example_dags/tutorial_taskflow_api_virtualenv.py took 0.039 seconds
[2025-02-27T19:34:26.562+0000] {processor.py:186} INFO - Started process (PID=3433) to work on /home/sravan2418/airflow-env/lib/python3.11/site-packages/airflow/example_dags/tutorial_taskflow_api_virtualenv.py
[2025-02-27T19:34:26.564+0000] {processor.py:914} INFO - Processing file /home/sravan2418/airflow-env/lib/python3.11/site-packages/airflow/example_dags/tutorial_taskflow_api_virtualenv.py for tasks to queue
[2025-02-27T19:34:26.567+0000] {logging_mixin.py:190} INFO - [2025-02-27T19:34:26.567+0000] {dagbag.py:588} INFO - Filling up the DagBag from /home/sravan2418/airflow-env/lib/python3.11/site-packages/airflow/example_dags/tutorial_taskflow_api_virtualenv.py
[2025-02-27T19:34:26.572+0000] {logging_mixin.py:190} INFO - [2025-02-27T19:34:26.572+0000] {tutorial_taskflow_api_virtualenv.py:29} WARNING - The tutorial_taskflow_api_virtualenv example DAG requires virtualenv, please install it.
[2025-02-27T19:34:26.572+0000] {processor.py:927} WARNING - No viable dags retrieved from /home/sravan2418/airflow-env/lib/python3.11/site-packages/airflow/example_dags/tutorial_taskflow_api_virtualenv.py
[2025-02-27T19:34:26.588+0000] {processor.py:208} INFO - Processing /home/sravan2418/airflow-env/lib/python3.11/site-packages/airflow/example_dags/tutorial_taskflow_api_virtualenv.py took 0.036 seconds
[2025-02-27T19:34:58.479+0000] {processor.py:186} INFO - Started process (PID=3463) to work on /home/sravan2418/airflow-env/lib/python3.11/site-packages/airflow/example_dags/tutorial_taskflow_api_virtualenv.py
[2025-02-27T19:34:58.482+0000] {processor.py:914} INFO - Processing file /home/sravan2418/airflow-env/lib/python3.11/site-packages/airflow/example_dags/tutorial_taskflow_api_virtualenv.py for tasks to queue
[2025-02-27T19:34:58.486+0000] {logging_mixin.py:190} INFO - [2025-02-27T19:34:58.485+0000] {dagbag.py:588} INFO - Filling up the DagBag from /home/sravan2418/airflow-env/lib/python3.11/site-packages/airflow/example_dags/tutorial_taskflow_api_virtualenv.py
[2025-02-27T19:34:58.491+0000] {logging_mixin.py:190} INFO - [2025-02-27T19:34:58.491+0000] {tutorial_taskflow_api_virtualenv.py:29} WARNING - The tutorial_taskflow_api_virtualenv example DAG requires virtualenv, please install it.
[2025-02-27T19:34:58.492+0000] {processor.py:927} WARNING - No viable dags retrieved from /home/sravan2418/airflow-env/lib/python3.11/site-packages/airflow/example_dags/tutorial_taskflow_api_virtualenv.py
[2025-02-27T19:34:58.512+0000] {processor.py:208} INFO - Processing /home/sravan2418/airflow-env/lib/python3.11/site-packages/airflow/example_dags/tutorial_taskflow_api_virtualenv.py took 0.045 seconds
