[2025-02-27T19:21:20.884+0000] {processor.py:186} INFO - Started process (PID=2606) to work on /home/sravan2418/airflow-env/lib/python3.11/site-packages/airflow/example_dags/tutorial_dag.py
[2025-02-27T19:21:20.885+0000] {processor.py:914} INFO - Processing file /home/sravan2418/airflow-env/lib/python3.11/site-packages/airflow/example_dags/tutorial_dag.py for tasks to queue
[2025-02-27T19:21:20.888+0000] {logging_mixin.py:190} INFO - [2025-02-27T19:21:20.888+0000] {dagbag.py:588} INFO - Filling up the DagBag from /home/sravan2418/airflow-env/lib/python3.11/site-packages/airflow/example_dags/tutorial_dag.py
[2025-02-27T19:21:20.900+0000] {processor.py:925} INFO - DAG(s) 'tutorial_dag' retrieved from /home/sravan2418/airflow-env/lib/python3.11/site-packages/airflow/example_dags/tutorial_dag.py
[2025-02-27T19:21:21.033+0000] {logging_mixin.py:190} INFO - [2025-02-27T19:21:21.032+0000] {override.py:1930} INFO - Created Permission View: can edit on DAG:tutorial_dag
[2025-02-27T19:21:21.048+0000] {logging_mixin.py:190} INFO - [2025-02-27T19:21:21.047+0000] {override.py:1930} INFO - Created Permission View: can delete on DAG:tutorial_dag
[2025-02-27T19:21:21.059+0000] {logging_mixin.py:190} INFO - [2025-02-27T19:21:21.058+0000] {override.py:1930} INFO - Created Permission View: can read on DAG:tutorial_dag
[2025-02-27T19:21:21.075+0000] {logging_mixin.py:190} INFO - [2025-02-27T19:21:21.075+0000] {override.py:1930} INFO - Created Permission View: menu access on DAG Run:tutorial_dag
[2025-02-27T19:21:21.086+0000] {logging_mixin.py:190} INFO - [2025-02-27T19:21:21.086+0000] {override.py:1930} INFO - Created Permission View: can create on DAG Run:tutorial_dag
[2025-02-27T19:21:21.097+0000] {logging_mixin.py:190} INFO - [2025-02-27T19:21:21.096+0000] {override.py:1930} INFO - Created Permission View: can delete on DAG Run:tutorial_dag
[2025-02-27T19:21:21.107+0000] {logging_mixin.py:190} INFO - [2025-02-27T19:21:21.107+0000] {override.py:1930} INFO - Created Permission View: can read on DAG Run:tutorial_dag
[2025-02-27T19:21:21.108+0000] {logging_mixin.py:190} INFO - [2025-02-27T19:21:21.108+0000] {dag.py:3239} INFO - Sync 1 DAGs
[2025-02-27T19:21:21.123+0000] {logging_mixin.py:190} INFO - [2025-02-27T19:21:21.122+0000] {dag.py:3262} INFO - Creating ORM DAG for tutorial_dag
[2025-02-27T19:21:21.123+0000] {logging_mixin.py:190} INFO - [2025-02-27T19:21:21.123+0000] {dag.py:4180} INFO - Setting next_dagrun for tutorial_dag to None, run_after=None
[2025-02-27T19:21:21.146+0000] {processor.py:208} INFO - Processing /home/sravan2418/airflow-env/lib/python3.11/site-packages/airflow/example_dags/tutorial_dag.py took 0.271 seconds
[2025-02-27T19:23:04.550+0000] {processor.py:186} INFO - Started process (PID=2715) to work on /home/sravan2418/airflow-env/lib/python3.11/site-packages/airflow/example_dags/tutorial_dag.py
[2025-02-27T19:23:04.554+0000] {processor.py:914} INFO - Processing file /home/sravan2418/airflow-env/lib/python3.11/site-packages/airflow/example_dags/tutorial_dag.py for tasks to queue
[2025-02-27T19:23:04.559+0000] {logging_mixin.py:190} INFO - [2025-02-27T19:23:04.558+0000] {dagbag.py:588} INFO - Filling up the DagBag from /home/sravan2418/airflow-env/lib/python3.11/site-packages/airflow/example_dags/tutorial_dag.py
[2025-02-27T19:23:04.573+0000] {processor.py:925} INFO - DAG(s) 'tutorial_dag' retrieved from /home/sravan2418/airflow-env/lib/python3.11/site-packages/airflow/example_dags/tutorial_dag.py
[2025-02-27T19:23:04.602+0000] {logging_mixin.py:190} INFO - [2025-02-27T19:23:04.601+0000] {dag.py:3239} INFO - Sync 1 DAGs
[2025-02-27T19:23:04.622+0000] {logging_mixin.py:190} INFO - [2025-02-27T19:23:04.622+0000] {dag.py:4180} INFO - Setting next_dagrun for tutorial_dag to None, run_after=None
[2025-02-27T19:23:04.653+0000] {processor.py:208} INFO - Processing /home/sravan2418/airflow-env/lib/python3.11/site-packages/airflow/example_dags/tutorial_dag.py took 0.114 seconds
[2025-02-27T19:24:05.807+0000] {processor.py:186} INFO - Started process (PID=2774) to work on /home/sravan2418/airflow-env/lib/python3.11/site-packages/airflow/example_dags/tutorial_dag.py
[2025-02-27T19:24:05.810+0000] {processor.py:914} INFO - Processing file /home/sravan2418/airflow-env/lib/python3.11/site-packages/airflow/example_dags/tutorial_dag.py for tasks to queue
[2025-02-27T19:24:05.815+0000] {logging_mixin.py:190} INFO - [2025-02-27T19:24:05.814+0000] {dagbag.py:588} INFO - Filling up the DagBag from /home/sravan2418/airflow-env/lib/python3.11/site-packages/airflow/example_dags/tutorial_dag.py
[2025-02-27T19:24:05.829+0000] {processor.py:925} INFO - DAG(s) 'tutorial_dag' retrieved from /home/sravan2418/airflow-env/lib/python3.11/site-packages/airflow/example_dags/tutorial_dag.py
[2025-02-27T19:24:05.856+0000] {logging_mixin.py:190} INFO - [2025-02-27T19:24:05.856+0000] {dag.py:3239} INFO - Sync 1 DAGs
[2025-02-27T19:24:05.876+0000] {logging_mixin.py:190} INFO - [2025-02-27T19:24:05.875+0000] {dag.py:4180} INFO - Setting next_dagrun for tutorial_dag to None, run_after=None
[2025-02-27T19:24:05.909+0000] {processor.py:208} INFO - Processing /home/sravan2418/airflow-env/lib/python3.11/site-packages/airflow/example_dags/tutorial_dag.py took 0.113 seconds
[2025-02-27T19:25:07.233+0000] {processor.py:186} INFO - Started process (PID=2846) to work on /home/sravan2418/airflow-env/lib/python3.11/site-packages/airflow/example_dags/tutorial_dag.py
[2025-02-27T19:25:07.235+0000] {processor.py:914} INFO - Processing file /home/sravan2418/airflow-env/lib/python3.11/site-packages/airflow/example_dags/tutorial_dag.py for tasks to queue
[2025-02-27T19:25:07.238+0000] {logging_mixin.py:190} INFO - [2025-02-27T19:25:07.238+0000] {dagbag.py:588} INFO - Filling up the DagBag from /home/sravan2418/airflow-env/lib/python3.11/site-packages/airflow/example_dags/tutorial_dag.py
[2025-02-27T19:25:07.251+0000] {processor.py:925} INFO - DAG(s) 'tutorial_dag' retrieved from /home/sravan2418/airflow-env/lib/python3.11/site-packages/airflow/example_dags/tutorial_dag.py
[2025-02-27T19:25:07.274+0000] {logging_mixin.py:190} INFO - [2025-02-27T19:25:07.273+0000] {dag.py:3239} INFO - Sync 1 DAGs
[2025-02-27T19:25:07.289+0000] {logging_mixin.py:190} INFO - [2025-02-27T19:25:07.289+0000] {dag.py:4180} INFO - Setting next_dagrun for tutorial_dag to None, run_after=None
[2025-02-27T19:25:07.319+0000] {processor.py:208} INFO - Processing /home/sravan2418/airflow-env/lib/python3.11/site-packages/airflow/example_dags/tutorial_dag.py took 0.095 seconds
[2025-02-27T19:26:09.303+0000] {processor.py:186} INFO - Started process (PID=2907) to work on /home/sravan2418/airflow-env/lib/python3.11/site-packages/airflow/example_dags/tutorial_dag.py
[2025-02-27T19:26:09.305+0000] {processor.py:914} INFO - Processing file /home/sravan2418/airflow-env/lib/python3.11/site-packages/airflow/example_dags/tutorial_dag.py for tasks to queue
[2025-02-27T19:26:09.310+0000] {logging_mixin.py:190} INFO - [2025-02-27T19:26:09.309+0000] {dagbag.py:588} INFO - Filling up the DagBag from /home/sravan2418/airflow-env/lib/python3.11/site-packages/airflow/example_dags/tutorial_dag.py
[2025-02-27T19:26:09.324+0000] {processor.py:925} INFO - DAG(s) 'tutorial_dag' retrieved from /home/sravan2418/airflow-env/lib/python3.11/site-packages/airflow/example_dags/tutorial_dag.py
[2025-02-27T19:26:09.351+0000] {logging_mixin.py:190} INFO - [2025-02-27T19:26:09.351+0000] {dag.py:3239} INFO - Sync 1 DAGs
[2025-02-27T19:26:09.370+0000] {logging_mixin.py:190} INFO - [2025-02-27T19:26:09.369+0000] {dag.py:4180} INFO - Setting next_dagrun for tutorial_dag to None, run_after=None
[2025-02-27T19:26:09.400+0000] {processor.py:208} INFO - Processing /home/sravan2418/airflow-env/lib/python3.11/site-packages/airflow/example_dags/tutorial_dag.py took 0.108 seconds
[2025-02-27T19:27:16.934+0000] {processor.py:186} INFO - Started process (PID=2971) to work on /home/sravan2418/airflow-env/lib/python3.11/site-packages/airflow/example_dags/tutorial_dag.py
[2025-02-27T19:27:16.936+0000] {processor.py:914} INFO - Processing file /home/sravan2418/airflow-env/lib/python3.11/site-packages/airflow/example_dags/tutorial_dag.py for tasks to queue
[2025-02-27T19:27:16.940+0000] {logging_mixin.py:190} INFO - [2025-02-27T19:27:16.939+0000] {dagbag.py:588} INFO - Filling up the DagBag from /home/sravan2418/airflow-env/lib/python3.11/site-packages/airflow/example_dags/tutorial_dag.py
[2025-02-27T19:27:16.952+0000] {processor.py:925} INFO - DAG(s) 'tutorial_dag' retrieved from /home/sravan2418/airflow-env/lib/python3.11/site-packages/airflow/example_dags/tutorial_dag.py
[2025-02-27T19:27:16.974+0000] {logging_mixin.py:190} INFO - [2025-02-27T19:27:16.973+0000] {dag.py:3239} INFO - Sync 1 DAGs
[2025-02-27T19:27:16.990+0000] {logging_mixin.py:190} INFO - [2025-02-27T19:27:16.989+0000] {dag.py:4180} INFO - Setting next_dagrun for tutorial_dag to None, run_after=None
[2025-02-27T19:27:17.016+0000] {processor.py:208} INFO - Processing /home/sravan2418/airflow-env/lib/python3.11/site-packages/airflow/example_dags/tutorial_dag.py took 0.090 seconds
[2025-02-27T19:28:17.412+0000] {processor.py:186} INFO - Started process (PID=3051) to work on /home/sravan2418/airflow-env/lib/python3.11/site-packages/airflow/example_dags/tutorial_dag.py
[2025-02-27T19:28:17.415+0000] {processor.py:914} INFO - Processing file /home/sravan2418/airflow-env/lib/python3.11/site-packages/airflow/example_dags/tutorial_dag.py for tasks to queue
[2025-02-27T19:28:17.419+0000] {logging_mixin.py:190} INFO - [2025-02-27T19:28:17.419+0000] {dagbag.py:588} INFO - Filling up the DagBag from /home/sravan2418/airflow-env/lib/python3.11/site-packages/airflow/example_dags/tutorial_dag.py
[2025-02-27T19:28:17.434+0000] {processor.py:925} INFO - DAG(s) 'tutorial_dag' retrieved from /home/sravan2418/airflow-env/lib/python3.11/site-packages/airflow/example_dags/tutorial_dag.py
[2025-02-27T19:28:17.465+0000] {logging_mixin.py:190} INFO - [2025-02-27T19:28:17.464+0000] {dag.py:3239} INFO - Sync 1 DAGs
[2025-02-27T19:28:17.486+0000] {logging_mixin.py:190} INFO - [2025-02-27T19:28:17.486+0000] {dag.py:4180} INFO - Setting next_dagrun for tutorial_dag to None, run_after=None
[2025-02-27T19:28:17.520+0000] {processor.py:208} INFO - Processing /home/sravan2418/airflow-env/lib/python3.11/site-packages/airflow/example_dags/tutorial_dag.py took 0.118 seconds
[2025-02-27T19:29:16.832+0000] {processor.py:186} INFO - Started process (PID=3119) to work on /home/sravan2418/airflow-env/lib/python3.11/site-packages/airflow/example_dags/tutorial_dag.py
[2025-02-27T19:29:16.834+0000] {processor.py:914} INFO - Processing file /home/sravan2418/airflow-env/lib/python3.11/site-packages/airflow/example_dags/tutorial_dag.py for tasks to queue
[2025-02-27T19:29:16.838+0000] {logging_mixin.py:190} INFO - [2025-02-27T19:29:16.837+0000] {dagbag.py:588} INFO - Filling up the DagBag from /home/sravan2418/airflow-env/lib/python3.11/site-packages/airflow/example_dags/tutorial_dag.py
[2025-02-27T19:29:16.853+0000] {processor.py:925} INFO - DAG(s) 'tutorial_dag' retrieved from /home/sravan2418/airflow-env/lib/python3.11/site-packages/airflow/example_dags/tutorial_dag.py
[2025-02-27T19:29:16.879+0000] {logging_mixin.py:190} INFO - [2025-02-27T19:29:16.879+0000] {dag.py:3239} INFO - Sync 1 DAGs
[2025-02-27T19:29:16.899+0000] {logging_mixin.py:190} INFO - [2025-02-27T19:29:16.899+0000] {dag.py:4180} INFO - Setting next_dagrun for tutorial_dag to None, run_after=None
[2025-02-27T19:29:16.931+0000] {processor.py:208} INFO - Processing /home/sravan2418/airflow-env/lib/python3.11/site-packages/airflow/example_dags/tutorial_dag.py took 0.110 seconds
[2025-02-27T19:30:15.043+0000] {processor.py:186} INFO - Started process (PID=3182) to work on /home/sravan2418/airflow-env/lib/python3.11/site-packages/airflow/example_dags/tutorial_dag.py
[2025-02-27T19:30:15.045+0000] {processor.py:914} INFO - Processing file /home/sravan2418/airflow-env/lib/python3.11/site-packages/airflow/example_dags/tutorial_dag.py for tasks to queue
[2025-02-27T19:30:15.049+0000] {logging_mixin.py:190} INFO - [2025-02-27T19:30:15.048+0000] {dagbag.py:588} INFO - Filling up the DagBag from /home/sravan2418/airflow-env/lib/python3.11/site-packages/airflow/example_dags/tutorial_dag.py
[2025-02-27T19:30:15.061+0000] {processor.py:925} INFO - DAG(s) 'tutorial_dag' retrieved from /home/sravan2418/airflow-env/lib/python3.11/site-packages/airflow/example_dags/tutorial_dag.py
[2025-02-27T19:30:15.083+0000] {logging_mixin.py:190} INFO - [2025-02-27T19:30:15.083+0000] {dag.py:3239} INFO - Sync 1 DAGs
[2025-02-27T19:30:15.099+0000] {logging_mixin.py:190} INFO - [2025-02-27T19:30:15.099+0000] {dag.py:4180} INFO - Setting next_dagrun for tutorial_dag to None, run_after=None
[2025-02-27T19:30:15.125+0000] {processor.py:208} INFO - Processing /home/sravan2418/airflow-env/lib/python3.11/site-packages/airflow/example_dags/tutorial_dag.py took 0.092 seconds
[2025-02-27T19:31:18.896+0000] {processor.py:186} INFO - Started process (PID=3246) to work on /home/sravan2418/airflow-env/lib/python3.11/site-packages/airflow/example_dags/tutorial_dag.py
[2025-02-27T19:31:18.898+0000] {processor.py:914} INFO - Processing file /home/sravan2418/airflow-env/lib/python3.11/site-packages/airflow/example_dags/tutorial_dag.py for tasks to queue
[2025-02-27T19:31:18.903+0000] {logging_mixin.py:190} INFO - [2025-02-27T19:31:18.902+0000] {dagbag.py:588} INFO - Filling up the DagBag from /home/sravan2418/airflow-env/lib/python3.11/site-packages/airflow/example_dags/tutorial_dag.py
[2025-02-27T19:31:18.921+0000] {processor.py:925} INFO - DAG(s) 'tutorial_dag' retrieved from /home/sravan2418/airflow-env/lib/python3.11/site-packages/airflow/example_dags/tutorial_dag.py
[2025-02-27T19:31:18.954+0000] {logging_mixin.py:190} INFO - [2025-02-27T19:31:18.953+0000] {dag.py:3239} INFO - Sync 1 DAGs
[2025-02-27T19:31:18.974+0000] {logging_mixin.py:190} INFO - [2025-02-27T19:31:18.974+0000] {dag.py:4180} INFO - Setting next_dagrun for tutorial_dag to None, run_after=None
[2025-02-27T19:31:19.015+0000] {processor.py:208} INFO - Processing /home/sravan2418/airflow-env/lib/python3.11/site-packages/airflow/example_dags/tutorial_dag.py took 0.131 seconds
[2025-02-27T19:32:29.316+0000] {processor.py:186} INFO - Started process (PID=3315) to work on /home/sravan2418/airflow-env/lib/python3.11/site-packages/airflow/example_dags/tutorial_dag.py
[2025-02-27T19:32:29.319+0000] {processor.py:914} INFO - Processing file /home/sravan2418/airflow-env/lib/python3.11/site-packages/airflow/example_dags/tutorial_dag.py for tasks to queue
[2025-02-27T19:32:29.323+0000] {logging_mixin.py:190} INFO - [2025-02-27T19:32:29.322+0000] {dagbag.py:588} INFO - Filling up the DagBag from /home/sravan2418/airflow-env/lib/python3.11/site-packages/airflow/example_dags/tutorial_dag.py
[2025-02-27T19:32:29.338+0000] {processor.py:925} INFO - DAG(s) 'tutorial_dag' retrieved from /home/sravan2418/airflow-env/lib/python3.11/site-packages/airflow/example_dags/tutorial_dag.py
[2025-02-27T19:32:29.367+0000] {logging_mixin.py:190} INFO - [2025-02-27T19:32:29.367+0000] {dag.py:3239} INFO - Sync 1 DAGs
[2025-02-27T19:32:29.387+0000] {logging_mixin.py:190} INFO - [2025-02-27T19:32:29.387+0000] {dag.py:4180} INFO - Setting next_dagrun for tutorial_dag to None, run_after=None
[2025-02-27T19:32:29.426+0000] {processor.py:208} INFO - Processing /home/sravan2418/airflow-env/lib/python3.11/site-packages/airflow/example_dags/tutorial_dag.py took 0.122 seconds
[2025-02-27T19:33:36.888+0000] {processor.py:186} INFO - Started process (PID=3380) to work on /home/sravan2418/airflow-env/lib/python3.11/site-packages/airflow/example_dags/tutorial_dag.py
[2025-02-27T19:33:36.890+0000] {processor.py:914} INFO - Processing file /home/sravan2418/airflow-env/lib/python3.11/site-packages/airflow/example_dags/tutorial_dag.py for tasks to queue
[2025-02-27T19:33:36.894+0000] {logging_mixin.py:190} INFO - [2025-02-27T19:33:36.894+0000] {dagbag.py:588} INFO - Filling up the DagBag from /home/sravan2418/airflow-env/lib/python3.11/site-packages/airflow/example_dags/tutorial_dag.py
[2025-02-27T19:33:36.911+0000] {processor.py:925} INFO - DAG(s) 'tutorial_dag' retrieved from /home/sravan2418/airflow-env/lib/python3.11/site-packages/airflow/example_dags/tutorial_dag.py
[2025-02-27T19:33:36.938+0000] {logging_mixin.py:190} INFO - [2025-02-27T19:33:36.938+0000] {dag.py:3239} INFO - Sync 1 DAGs
[2025-02-27T19:33:36.958+0000] {logging_mixin.py:190} INFO - [2025-02-27T19:33:36.957+0000] {dag.py:4180} INFO - Setting next_dagrun for tutorial_dag to None, run_after=None
[2025-02-27T19:33:36.993+0000] {processor.py:208} INFO - Processing /home/sravan2418/airflow-env/lib/python3.11/site-packages/airflow/example_dags/tutorial_dag.py took 0.117 seconds
[2025-02-27T19:34:40.480+0000] {processor.py:186} INFO - Started process (PID=3446) to work on /home/sravan2418/airflow-env/lib/python3.11/site-packages/airflow/example_dags/tutorial_dag.py
[2025-02-27T19:34:40.482+0000] {processor.py:914} INFO - Processing file /home/sravan2418/airflow-env/lib/python3.11/site-packages/airflow/example_dags/tutorial_dag.py for tasks to queue
[2025-02-27T19:34:40.486+0000] {logging_mixin.py:190} INFO - [2025-02-27T19:34:40.486+0000] {dagbag.py:588} INFO - Filling up the DagBag from /home/sravan2418/airflow-env/lib/python3.11/site-packages/airflow/example_dags/tutorial_dag.py
[2025-02-27T19:34:40.502+0000] {processor.py:925} INFO - DAG(s) 'tutorial_dag' retrieved from /home/sravan2418/airflow-env/lib/python3.11/site-packages/airflow/example_dags/tutorial_dag.py
[2025-02-27T19:34:40.532+0000] {logging_mixin.py:190} INFO - [2025-02-27T19:34:40.531+0000] {dag.py:3239} INFO - Sync 1 DAGs
[2025-02-27T19:34:40.552+0000] {logging_mixin.py:190} INFO - [2025-02-27T19:34:40.552+0000] {dag.py:4180} INFO - Setting next_dagrun for tutorial_dag to None, run_after=None
[2025-02-27T19:34:40.586+0000] {processor.py:208} INFO - Processing /home/sravan2418/airflow-env/lib/python3.11/site-packages/airflow/example_dags/tutorial_dag.py took 0.118 seconds
