[2025-02-27T21:13:53.115+0000] {local_task_job_runner.py:123} INFO - ::group::Pre task execution logs
[2025-02-27T21:13:53.131+0000] {taskinstance.py:2614} INFO - Dependencies all met for dep_context=non-requeueable deps ti=<TaskInstance: check_load_csv_to_bigquery.load_csv_to_bq manual__2025-02-27T21:10:11.614623+00:00 [queued]>
[2025-02-27T21:13:53.139+0000] {taskinstance.py:2614} INFO - Dependencies all met for dep_context=requeueable deps ti=<TaskInstance: check_load_csv_to_bigquery.load_csv_to_bq manual__2025-02-27T21:10:11.614623+00:00 [queued]>
[2025-02-27T21:13:53.140+0000] {taskinstance.py:2867} INFO - Starting attempt 1 of 2
[2025-02-27T21:13:53.156+0000] {taskinstance.py:2890} INFO - Executing <Task(GCSToBigQueryOperator): load_csv_to_bq> on 2025-02-27 21:10:11.614623+00:00
[2025-02-27T21:13:53.162+0000] {standard_task_runner.py:72} INFO - Started process 5582 to run task
[2025-02-27T21:13:53.170+0000] {standard_task_runner.py:104} INFO - Running: ['airflow', 'tasks', 'run', 'check_load_csv_to_bigquery', 'load_csv_to_bq', 'manual__2025-02-27T21:10:11.614623+00:00', '--job-id', '13', '--raw', '--subdir', 'DAGS_FOLDER/check_file_load_to_bigquery.py', '--cfg-path', '/tmp/tmpvey8bpf0']
[2025-02-27T21:13:53.173+0000] {standard_task_runner.py:105} INFO - Job 13: Subtask load_csv_to_bq
[2025-02-27T21:13:53.226+0000] {task_command.py:467} INFO - Running <TaskInstance: check_load_csv_to_bigquery.load_csv_to_bq manual__2025-02-27T21:10:11.614623+00:00 [running]> on host airflow.us-central1-c.c.healthcare-project-452218.internal
[2025-02-27T21:13:53.297+0000] {taskinstance.py:3134} INFO - Exporting env vars: AIRFLOW_CTX_DAG_OWNER='airflow' AIRFLOW_CTX_DAG_ID='check_load_csv_to_bigquery' AIRFLOW_CTX_TASK_ID='load_csv_to_bq' AIRFLOW_CTX_EXECUTION_DATE='2025-02-27T21:10:11.614623+00:00' AIRFLOW_CTX_TRY_NUMBER='1' AIRFLOW_CTX_DAG_RUN_ID='manual__2025-02-27T21:10:11.614623+00:00'
[2025-02-27T21:13:53.298+0000] {taskinstance.py:732} INFO - ::endgroup::
[2025-02-27T21:13:53.331+0000] {connection.py:277} WARNING - Connection schemes (type: google_cloud_platform) shall not contain '_' according to RFC3986.
[2025-02-27T21:13:53.332+0000] {base.py:84} INFO - Retrieving connection 'google_cloud_default'
[2025-02-27T21:13:53.333+0000] {gcs_to_bigquery.py:387} INFO - Using existing BigQuery table for storing data...
[2025-02-27T21:13:53.334+0000] {credentials_provider.py:409} INFO - Getting connection using `google.auth.default()` since no explicit credentials are provided.
[2025-02-27T21:13:53.348+0000] {gcs_to_bigquery.py:391} INFO - Executing: {'load': {'autodetect': True, 'createDisposition': 'CREATE_IF_NEEDED', 'destinationTable': {'projectId': 'healthcare-project-452218', 'datasetId': 'staging_dataset', 'tableId': 'global'}, 'sourceFormat': 'CSV', 'sourceUris': ['gs://bkt-src-global-health-data/global_health_data.csv'], 'writeDisposition': 'WRITE_TRUNCATE', 'ignoreUnknownValues': True, 'skipLeadingRows': 1, 'fieldDelimiter': ',', 'quote': None, 'allowQuotedNewlines': False, 'encoding': 'UTF-8', 'allowJaggedRows': True}}
[2025-02-27T21:13:53.358+0000] {bigquery.py:1344} INFO - Inserting job airflow_check_load_csv_to_bigquery_load_csv_to_bq_2025_02_27T21_10_11_614623_00_00_a78995bda5e241f27769ee83075fa2bc
[2025-02-27T21:14:15.925+0000] {taskinstance.py:341} INFO - ::group::Post task execution logs
[2025-02-27T21:14:15.926+0000] {taskinstance.py:353} INFO - Marking task as SUCCESS. dag_id=check_load_csv_to_bigquery, task_id=load_csv_to_bq, run_id=manual__2025-02-27T21:10:11.614623+00:00, execution_date=20250227T211011, start_date=20250227T211353, end_date=20250227T211415
[2025-02-27T21:14:15.971+0000] {local_task_job_runner.py:266} INFO - Task exited with return code 0
[2025-02-27T21:14:15.984+0000] {taskinstance.py:3901} INFO - 0 downstream tasks scheduled from follow-on schedule check
[2025-02-27T21:14:15.985+0000] {local_task_job_runner.py:245} INFO - ::endgroup::
