[2025-02-27T21:37:08.732+0000] {local_task_job_runner.py:123} INFO - ::group::Pre task execution logs
[2025-02-27T21:37:08.749+0000] {taskinstance.py:2614} INFO - Dependencies all met for dep_context=non-requeueable deps ti=<TaskInstance: load_and_transform.create_table_germany manual__2025-02-27T21:36:17.710072+00:00 [queued]>
[2025-02-27T21:37:08.759+0000] {taskinstance.py:2614} INFO - Dependencies all met for dep_context=requeueable deps ti=<TaskInstance: load_and_transform.create_table_germany manual__2025-02-27T21:36:17.710072+00:00 [queued]>
[2025-02-27T21:37:08.760+0000] {taskinstance.py:2867} INFO - Starting attempt 1 of 2
[2025-02-27T21:37:08.778+0000] {taskinstance.py:2890} INFO - Executing <Task(BigQueryInsertJobOperator): create_table_germany> on 2025-02-27 21:36:17.710072+00:00
[2025-02-27T21:37:08.785+0000] {standard_task_runner.py:72} INFO - Started process 5953 to run task
[2025-02-27T21:37:08.793+0000] {standard_task_runner.py:104} INFO - Running: ['airflow', 'tasks', 'run', 'load_and_transform', 'create_table_germany', 'manual__2025-02-27T21:36:17.710072+00:00', '--job-id', '27', '--raw', '--subdir', 'DAGS_FOLDER/transformation.py', '--cfg-path', '/tmp/tmprtnlbrld']
[2025-02-27T21:37:08.796+0000] {standard_task_runner.py:105} INFO - Job 27: Subtask create_table_germany
[2025-02-27T21:37:08.851+0000] {task_command.py:467} INFO - Running <TaskInstance: load_and_transform.create_table_germany manual__2025-02-27T21:36:17.710072+00:00 [running]> on host airflow.us-central1-c.c.healthcare-project-452218.internal
[2025-02-27T21:37:08.917+0000] {taskinstance.py:3134} INFO - Exporting env vars: AIRFLOW_CTX_DAG_OWNER='airflow' AIRFLOW_CTX_DAG_ID='load_and_transform' AIRFLOW_CTX_TASK_ID='create_table_germany' AIRFLOW_CTX_EXECUTION_DATE='2025-02-27T21:36:17.710072+00:00' AIRFLOW_CTX_TRY_NUMBER='1' AIRFLOW_CTX_DAG_RUN_ID='manual__2025-02-27T21:36:17.710072+00:00'
[2025-02-27T21:37:08.920+0000] {taskinstance.py:732} INFO - ::endgroup::
[2025-02-27T21:37:08.945+0000] {connection.py:277} WARNING - Connection schemes (type: google_cloud_platform) shall not contain '_' according to RFC3986.
[2025-02-27T21:37:08.945+0000] {base.py:84} INFO - Retrieving connection 'google_cloud_default'
[2025-02-27T21:37:08.946+0000] {credentials_provider.py:409} INFO - Getting connection using `google.auth.default()` since no explicit credentials are provided.
[2025-02-27T21:37:08.960+0000] {bigquery.py:2956} INFO - Executing: {'query': {'query': "\n                        CREATE OR REPLACE TABLE `healthcare-project-452218.transform_dataset.germany_table` AS\n                        SELECT *\n                        FROM `healthcare-project-452218.staging_dataset.global_data`\n                        WHERE country = 'Germany'\n                    ", 'useLegacySql': False}}'
[2025-02-27T21:37:08.967+0000] {bigquery.py:1344} INFO - Inserting job airflow_load_and_transform_create_table_germany_2025_02_27T21_36_17_710072_00_00_5ee25664388c0211b00fcd0aca0ca017
[2025-02-27T21:37:14.022+0000] {bigquery.py:2927} INFO - Job airflow_load_and_transform_create_table_germany_2025_02_27T21_36_17_710072_00_00_5ee25664388c0211b00fcd0aca0ca017 is completed. Checking the job status
[2025-02-27T21:37:14.040+0000] {taskinstance.py:341} INFO - ::group::Post task execution logs
[2025-02-27T21:37:14.040+0000] {taskinstance.py:353} INFO - Marking task as SUCCESS. dag_id=load_and_transform, task_id=create_table_germany, run_id=manual__2025-02-27T21:36:17.710072+00:00, execution_date=20250227T213617, start_date=20250227T213708, end_date=20250227T213714
[2025-02-27T21:37:14.116+0000] {local_task_job_runner.py:266} INFO - Task exited with return code 0
[2025-02-27T21:37:14.132+0000] {taskinstance.py:3901} INFO - 0 downstream tasks scheduled from follow-on schedule check
[2025-02-27T21:37:14.133+0000] {local_task_job_runner.py:245} INFO - ::endgroup::
