[2025-02-27T19:21:10.728+0000] {processor.py:186} INFO - Started process (PID=2587) to work on /home/sravan2418/airflow-env/lib/python3.11/site-packages/airflow/example_dags/plugins/event_listener.py
[2025-02-27T19:21:10.730+0000] {processor.py:914} INFO - Processing file /home/sravan2418/airflow-env/lib/python3.11/site-packages/airflow/example_dags/plugins/event_listener.py for tasks to queue
[2025-02-27T19:21:10.734+0000] {logging_mixin.py:190} INFO - [2025-02-27T19:21:10.733+0000] {dagbag.py:588} INFO - Filling up the DagBag from /home/sravan2418/airflow-env/lib/python3.11/site-packages/airflow/example_dags/plugins/event_listener.py
[2025-02-27T19:21:10.739+0000] {processor.py:927} WARNING - No viable dags retrieved from /home/sravan2418/airflow-env/lib/python3.11/site-packages/airflow/example_dags/plugins/event_listener.py
[2025-02-27T19:21:10.760+0000] {processor.py:208} INFO - Processing /home/sravan2418/airflow-env/lib/python3.11/site-packages/airflow/example_dags/plugins/event_listener.py took 0.043 seconds
[2025-02-27T19:22:55.274+0000] {processor.py:186} INFO - Started process (PID=2706) to work on /home/sravan2418/airflow-env/lib/python3.11/site-packages/airflow/example_dags/plugins/event_listener.py
[2025-02-27T19:22:55.276+0000] {processor.py:914} INFO - Processing file /home/sravan2418/airflow-env/lib/python3.11/site-packages/airflow/example_dags/plugins/event_listener.py for tasks to queue
[2025-02-27T19:22:55.280+0000] {logging_mixin.py:190} INFO - [2025-02-27T19:22:55.279+0000] {dagbag.py:588} INFO - Filling up the DagBag from /home/sravan2418/airflow-env/lib/python3.11/site-packages/airflow/example_dags/plugins/event_listener.py
[2025-02-27T19:22:55.284+0000] {processor.py:927} WARNING - No viable dags retrieved from /home/sravan2418/airflow-env/lib/python3.11/site-packages/airflow/example_dags/plugins/event_listener.py
[2025-02-27T19:22:55.300+0000] {processor.py:208} INFO - Processing /home/sravan2418/airflow-env/lib/python3.11/site-packages/airflow/example_dags/plugins/event_listener.py took 0.035 seconds
[2025-02-27T19:23:57.579+0000] {processor.py:186} INFO - Started process (PID=2765) to work on /home/sravan2418/airflow-env/lib/python3.11/site-packages/airflow/example_dags/plugins/event_listener.py
[2025-02-27T19:23:57.581+0000] {processor.py:914} INFO - Processing file /home/sravan2418/airflow-env/lib/python3.11/site-packages/airflow/example_dags/plugins/event_listener.py for tasks to queue
[2025-02-27T19:23:57.585+0000] {logging_mixin.py:190} INFO - [2025-02-27T19:23:57.584+0000] {dagbag.py:588} INFO - Filling up the DagBag from /home/sravan2418/airflow-env/lib/python3.11/site-packages/airflow/example_dags/plugins/event_listener.py
[2025-02-27T19:23:57.589+0000] {processor.py:927} WARNING - No viable dags retrieved from /home/sravan2418/airflow-env/lib/python3.11/site-packages/airflow/example_dags/plugins/event_listener.py
[2025-02-27T19:23:57.609+0000] {processor.py:208} INFO - Processing /home/sravan2418/airflow-env/lib/python3.11/site-packages/airflow/example_dags/plugins/event_listener.py took 0.041 seconds
[2025-02-27T19:24:57.971+0000] {processor.py:186} INFO - Started process (PID=2835) to work on /home/sravan2418/airflow-env/lib/python3.11/site-packages/airflow/example_dags/plugins/event_listener.py
[2025-02-27T19:24:57.974+0000] {processor.py:914} INFO - Processing file /home/sravan2418/airflow-env/lib/python3.11/site-packages/airflow/example_dags/plugins/event_listener.py for tasks to queue
[2025-02-27T19:24:57.978+0000] {logging_mixin.py:190} INFO - [2025-02-27T19:24:57.977+0000] {dagbag.py:588} INFO - Filling up the DagBag from /home/sravan2418/airflow-env/lib/python3.11/site-packages/airflow/example_dags/plugins/event_listener.py
[2025-02-27T19:24:57.985+0000] {processor.py:927} WARNING - No viable dags retrieved from /home/sravan2418/airflow-env/lib/python3.11/site-packages/airflow/example_dags/plugins/event_listener.py
[2025-02-27T19:24:58.011+0000] {processor.py:208} INFO - Processing /home/sravan2418/airflow-env/lib/python3.11/site-packages/airflow/example_dags/plugins/event_listener.py took 0.051 seconds
[2025-02-27T19:25:59.116+0000] {processor.py:186} INFO - Started process (PID=2897) to work on /home/sravan2418/airflow-env/lib/python3.11/site-packages/airflow/example_dags/plugins/event_listener.py
[2025-02-27T19:25:59.118+0000] {processor.py:914} INFO - Processing file /home/sravan2418/airflow-env/lib/python3.11/site-packages/airflow/example_dags/plugins/event_listener.py for tasks to queue
[2025-02-27T19:25:59.122+0000] {logging_mixin.py:190} INFO - [2025-02-27T19:25:59.121+0000] {dagbag.py:588} INFO - Filling up the DagBag from /home/sravan2418/airflow-env/lib/python3.11/site-packages/airflow/example_dags/plugins/event_listener.py
[2025-02-27T19:25:59.126+0000] {processor.py:927} WARNING - No viable dags retrieved from /home/sravan2418/airflow-env/lib/python3.11/site-packages/airflow/example_dags/plugins/event_listener.py
[2025-02-27T19:25:59.146+0000] {processor.py:208} INFO - Processing /home/sravan2418/airflow-env/lib/python3.11/site-packages/airflow/example_dags/plugins/event_listener.py took 0.040 seconds
[2025-02-27T19:27:07.235+0000] {processor.py:186} INFO - Started process (PID=2962) to work on /home/sravan2418/airflow-env/lib/python3.11/site-packages/airflow/example_dags/plugins/event_listener.py
[2025-02-27T19:27:07.237+0000] {processor.py:914} INFO - Processing file /home/sravan2418/airflow-env/lib/python3.11/site-packages/airflow/example_dags/plugins/event_listener.py for tasks to queue
[2025-02-27T19:27:07.242+0000] {logging_mixin.py:190} INFO - [2025-02-27T19:27:07.241+0000] {dagbag.py:588} INFO - Filling up the DagBag from /home/sravan2418/airflow-env/lib/python3.11/site-packages/airflow/example_dags/plugins/event_listener.py
[2025-02-27T19:27:07.247+0000] {processor.py:927} WARNING - No viable dags retrieved from /home/sravan2418/airflow-env/lib/python3.11/site-packages/airflow/example_dags/plugins/event_listener.py
[2025-02-27T19:27:07.271+0000] {processor.py:208} INFO - Processing /home/sravan2418/airflow-env/lib/python3.11/site-packages/airflow/example_dags/plugins/event_listener.py took 0.046 seconds
[2025-02-27T19:28:08.074+0000] {processor.py:186} INFO - Started process (PID=3039) to work on /home/sravan2418/airflow-env/lib/python3.11/site-packages/airflow/example_dags/plugins/event_listener.py
[2025-02-27T19:28:08.076+0000] {processor.py:914} INFO - Processing file /home/sravan2418/airflow-env/lib/python3.11/site-packages/airflow/example_dags/plugins/event_listener.py for tasks to queue
[2025-02-27T19:28:08.079+0000] {logging_mixin.py:190} INFO - [2025-02-27T19:28:08.078+0000] {dagbag.py:588} INFO - Filling up the DagBag from /home/sravan2418/airflow-env/lib/python3.11/site-packages/airflow/example_dags/plugins/event_listener.py
[2025-02-27T19:28:08.082+0000] {processor.py:927} WARNING - No viable dags retrieved from /home/sravan2418/airflow-env/lib/python3.11/site-packages/airflow/example_dags/plugins/event_listener.py
[2025-02-27T19:28:08.098+0000] {processor.py:208} INFO - Processing /home/sravan2418/airflow-env/lib/python3.11/site-packages/airflow/example_dags/plugins/event_listener.py took 0.034 seconds
[2025-02-27T19:29:07.168+0000] {processor.py:186} INFO - Started process (PID=3110) to work on /home/sravan2418/airflow-env/lib/python3.11/site-packages/airflow/example_dags/plugins/event_listener.py
[2025-02-27T19:29:07.171+0000] {processor.py:914} INFO - Processing file /home/sravan2418/airflow-env/lib/python3.11/site-packages/airflow/example_dags/plugins/event_listener.py for tasks to queue
[2025-02-27T19:29:07.175+0000] {logging_mixin.py:190} INFO - [2025-02-27T19:29:07.174+0000] {dagbag.py:588} INFO - Filling up the DagBag from /home/sravan2418/airflow-env/lib/python3.11/site-packages/airflow/example_dags/plugins/event_listener.py
[2025-02-27T19:29:07.180+0000] {processor.py:927} WARNING - No viable dags retrieved from /home/sravan2418/airflow-env/lib/python3.11/site-packages/airflow/example_dags/plugins/event_listener.py
[2025-02-27T19:29:07.200+0000] {processor.py:208} INFO - Processing /home/sravan2418/airflow-env/lib/python3.11/site-packages/airflow/example_dags/plugins/event_listener.py took 0.044 seconds
[2025-02-27T19:30:04.882+0000] {processor.py:186} INFO - Started process (PID=3171) to work on /home/sravan2418/airflow-env/lib/python3.11/site-packages/airflow/example_dags/plugins/event_listener.py
[2025-02-27T19:30:04.884+0000] {processor.py:914} INFO - Processing file /home/sravan2418/airflow-env/lib/python3.11/site-packages/airflow/example_dags/plugins/event_listener.py for tasks to queue
[2025-02-27T19:30:04.887+0000] {logging_mixin.py:190} INFO - [2025-02-27T19:30:04.886+0000] {dagbag.py:588} INFO - Filling up the DagBag from /home/sravan2418/airflow-env/lib/python3.11/site-packages/airflow/example_dags/plugins/event_listener.py
[2025-02-27T19:30:04.891+0000] {processor.py:927} WARNING - No viable dags retrieved from /home/sravan2418/airflow-env/lib/python3.11/site-packages/airflow/example_dags/plugins/event_listener.py
[2025-02-27T19:30:04.907+0000] {processor.py:208} INFO - Processing /home/sravan2418/airflow-env/lib/python3.11/site-packages/airflow/example_dags/plugins/event_listener.py took 0.034 seconds
[2025-02-27T19:31:09.627+0000] {processor.py:186} INFO - Started process (PID=3235) to work on /home/sravan2418/airflow-env/lib/python3.11/site-packages/airflow/example_dags/plugins/event_listener.py
[2025-02-27T19:31:09.629+0000] {processor.py:914} INFO - Processing file /home/sravan2418/airflow-env/lib/python3.11/site-packages/airflow/example_dags/plugins/event_listener.py for tasks to queue
[2025-02-27T19:31:09.634+0000] {logging_mixin.py:190} INFO - [2025-02-27T19:31:09.633+0000] {dagbag.py:588} INFO - Filling up the DagBag from /home/sravan2418/airflow-env/lib/python3.11/site-packages/airflow/example_dags/plugins/event_listener.py
[2025-02-27T19:31:09.639+0000] {processor.py:927} WARNING - No viable dags retrieved from /home/sravan2418/airflow-env/lib/python3.11/site-packages/airflow/example_dags/plugins/event_listener.py
[2025-02-27T19:31:09.658+0000] {processor.py:208} INFO - Processing /home/sravan2418/airflow-env/lib/python3.11/site-packages/airflow/example_dags/plugins/event_listener.py took 0.042 seconds
[2025-02-27T19:32:18.467+0000] {processor.py:186} INFO - Started process (PID=3305) to work on /home/sravan2418/airflow-env/lib/python3.11/site-packages/airflow/example_dags/plugins/event_listener.py
[2025-02-27T19:32:18.470+0000] {processor.py:914} INFO - Processing file /home/sravan2418/airflow-env/lib/python3.11/site-packages/airflow/example_dags/plugins/event_listener.py for tasks to queue
[2025-02-27T19:32:18.473+0000] {logging_mixin.py:190} INFO - [2025-02-27T19:32:18.473+0000] {dagbag.py:588} INFO - Filling up the DagBag from /home/sravan2418/airflow-env/lib/python3.11/site-packages/airflow/example_dags/plugins/event_listener.py
[2025-02-27T19:32:18.477+0000] {processor.py:927} WARNING - No viable dags retrieved from /home/sravan2418/airflow-env/lib/python3.11/site-packages/airflow/example_dags/plugins/event_listener.py
[2025-02-27T19:32:18.494+0000] {processor.py:208} INFO - Processing /home/sravan2418/airflow-env/lib/python3.11/site-packages/airflow/example_dags/plugins/event_listener.py took 0.035 seconds
[2025-02-27T19:33:26.732+0000] {processor.py:186} INFO - Started process (PID=3371) to work on /home/sravan2418/airflow-env/lib/python3.11/site-packages/airflow/example_dags/plugins/event_listener.py
[2025-02-27T19:33:26.734+0000] {processor.py:914} INFO - Processing file /home/sravan2418/airflow-env/lib/python3.11/site-packages/airflow/example_dags/plugins/event_listener.py for tasks to queue
[2025-02-27T19:33:26.738+0000] {logging_mixin.py:190} INFO - [2025-02-27T19:33:26.737+0000] {dagbag.py:588} INFO - Filling up the DagBag from /home/sravan2418/airflow-env/lib/python3.11/site-packages/airflow/example_dags/plugins/event_listener.py
[2025-02-27T19:33:26.742+0000] {processor.py:927} WARNING - No viable dags retrieved from /home/sravan2418/airflow-env/lib/python3.11/site-packages/airflow/example_dags/plugins/event_listener.py
[2025-02-27T19:33:26.760+0000] {processor.py:208} INFO - Processing /home/sravan2418/airflow-env/lib/python3.11/site-packages/airflow/example_dags/plugins/event_listener.py took 0.037 seconds
[2025-02-27T19:34:30.562+0000] {processor.py:186} INFO - Started process (PID=3437) to work on /home/sravan2418/airflow-env/lib/python3.11/site-packages/airflow/example_dags/plugins/event_listener.py
[2025-02-27T19:34:30.565+0000] {processor.py:914} INFO - Processing file /home/sravan2418/airflow-env/lib/python3.11/site-packages/airflow/example_dags/plugins/event_listener.py for tasks to queue
[2025-02-27T19:34:30.568+0000] {logging_mixin.py:190} INFO - [2025-02-27T19:34:30.568+0000] {dagbag.py:588} INFO - Filling up the DagBag from /home/sravan2418/airflow-env/lib/python3.11/site-packages/airflow/example_dags/plugins/event_listener.py
[2025-02-27T19:34:30.573+0000] {processor.py:927} WARNING - No viable dags retrieved from /home/sravan2418/airflow-env/lib/python3.11/site-packages/airflow/example_dags/plugins/event_listener.py
[2025-02-27T19:34:30.589+0000] {processor.py:208} INFO - Processing /home/sravan2418/airflow-env/lib/python3.11/site-packages/airflow/example_dags/plugins/event_listener.py took 0.036 seconds
