[2025-02-27T19:21:08.422+0000] {processor.py:186} INFO - Started process (PID=2585) to work on /home/sravan2418/airflow-env/lib/python3.11/site-packages/airflow/example_dags/plugins/listener_plugin.py
[2025-02-27T19:21:08.424+0000] {processor.py:914} INFO - Processing file /home/sravan2418/airflow-env/lib/python3.11/site-packages/airflow/example_dags/plugins/listener_plugin.py for tasks to queue
[2025-02-27T19:21:08.426+0000] {logging_mixin.py:190} INFO - [2025-02-27T19:21:08.426+0000] {dagbag.py:588} INFO - Filling up the DagBag from /home/sravan2418/airflow-env/lib/python3.11/site-packages/airflow/example_dags/plugins/listener_plugin.py
[2025-02-27T19:21:08.430+0000] {processor.py:927} WARNING - No viable dags retrieved from /home/sravan2418/airflow-env/lib/python3.11/site-packages/airflow/example_dags/plugins/listener_plugin.py
[2025-02-27T19:21:08.446+0000] {processor.py:208} INFO - Processing /home/sravan2418/airflow-env/lib/python3.11/site-packages/airflow/example_dags/plugins/listener_plugin.py took 0.031 seconds
[2025-02-27T19:22:52.966+0000] {processor.py:186} INFO - Started process (PID=2704) to work on /home/sravan2418/airflow-env/lib/python3.11/site-packages/airflow/example_dags/plugins/listener_plugin.py
[2025-02-27T19:22:52.975+0000] {processor.py:914} INFO - Processing file /home/sravan2418/airflow-env/lib/python3.11/site-packages/airflow/example_dags/plugins/listener_plugin.py for tasks to queue
[2025-02-27T19:22:52.979+0000] {logging_mixin.py:190} INFO - [2025-02-27T19:22:52.979+0000] {dagbag.py:588} INFO - Filling up the DagBag from /home/sravan2418/airflow-env/lib/python3.11/site-packages/airflow/example_dags/plugins/listener_plugin.py
[2025-02-27T19:22:52.984+0000] {processor.py:927} WARNING - No viable dags retrieved from /home/sravan2418/airflow-env/lib/python3.11/site-packages/airflow/example_dags/plugins/listener_plugin.py
[2025-02-27T19:22:53.007+0000] {processor.py:208} INFO - Processing /home/sravan2418/airflow-env/lib/python3.11/site-packages/airflow/example_dags/plugins/listener_plugin.py took 0.052 seconds
[2025-02-27T19:23:55.280+0000] {processor.py:186} INFO - Started process (PID=2763) to work on /home/sravan2418/airflow-env/lib/python3.11/site-packages/airflow/example_dags/plugins/listener_plugin.py
[2025-02-27T19:23:55.284+0000] {processor.py:914} INFO - Processing file /home/sravan2418/airflow-env/lib/python3.11/site-packages/airflow/example_dags/plugins/listener_plugin.py for tasks to queue
[2025-02-27T19:23:55.288+0000] {logging_mixin.py:190} INFO - [2025-02-27T19:23:55.287+0000] {dagbag.py:588} INFO - Filling up the DagBag from /home/sravan2418/airflow-env/lib/python3.11/site-packages/airflow/example_dags/plugins/listener_plugin.py
[2025-02-27T19:23:55.292+0000] {processor.py:927} WARNING - No viable dags retrieved from /home/sravan2418/airflow-env/lib/python3.11/site-packages/airflow/example_dags/plugins/listener_plugin.py
[2025-02-27T19:23:55.312+0000] {processor.py:208} INFO - Processing /home/sravan2418/airflow-env/lib/python3.11/site-packages/airflow/example_dags/plugins/listener_plugin.py took 0.043 seconds
[2025-02-27T19:24:56.367+0000] {processor.py:186} INFO - Started process (PID=2833) to work on /home/sravan2418/airflow-env/lib/python3.11/site-packages/airflow/example_dags/plugins/listener_plugin.py
[2025-02-27T19:24:56.370+0000] {processor.py:914} INFO - Processing file /home/sravan2418/airflow-env/lib/python3.11/site-packages/airflow/example_dags/plugins/listener_plugin.py for tasks to queue
[2025-02-27T19:24:56.374+0000] {logging_mixin.py:190} INFO - [2025-02-27T19:24:56.373+0000] {dagbag.py:588} INFO - Filling up the DagBag from /home/sravan2418/airflow-env/lib/python3.11/site-packages/airflow/example_dags/plugins/listener_plugin.py
[2025-02-27T19:24:56.379+0000] {processor.py:927} WARNING - No viable dags retrieved from /home/sravan2418/airflow-env/lib/python3.11/site-packages/airflow/example_dags/plugins/listener_plugin.py
[2025-02-27T19:24:56.399+0000] {processor.py:208} INFO - Processing /home/sravan2418/airflow-env/lib/python3.11/site-packages/airflow/example_dags/plugins/listener_plugin.py took 0.042 seconds
[2025-02-27T19:25:57.519+0000] {processor.py:186} INFO - Started process (PID=2895) to work on /home/sravan2418/airflow-env/lib/python3.11/site-packages/airflow/example_dags/plugins/listener_plugin.py
[2025-02-27T19:25:57.521+0000] {processor.py:914} INFO - Processing file /home/sravan2418/airflow-env/lib/python3.11/site-packages/airflow/example_dags/plugins/listener_plugin.py for tasks to queue
[2025-02-27T19:25:57.525+0000] {logging_mixin.py:190} INFO - [2025-02-27T19:25:57.524+0000] {dagbag.py:588} INFO - Filling up the DagBag from /home/sravan2418/airflow-env/lib/python3.11/site-packages/airflow/example_dags/plugins/listener_plugin.py
[2025-02-27T19:25:57.529+0000] {processor.py:927} WARNING - No viable dags retrieved from /home/sravan2418/airflow-env/lib/python3.11/site-packages/airflow/example_dags/plugins/listener_plugin.py
[2025-02-27T19:25:57.546+0000] {processor.py:208} INFO - Processing /home/sravan2418/airflow-env/lib/python3.11/site-packages/airflow/example_dags/plugins/listener_plugin.py took 0.036 seconds
[2025-02-27T19:27:05.327+0000] {processor.py:186} INFO - Started process (PID=2959) to work on /home/sravan2418/airflow-env/lib/python3.11/site-packages/airflow/example_dags/plugins/listener_plugin.py
[2025-02-27T19:27:05.329+0000] {processor.py:914} INFO - Processing file /home/sravan2418/airflow-env/lib/python3.11/site-packages/airflow/example_dags/plugins/listener_plugin.py for tasks to queue
[2025-02-27T19:27:05.332+0000] {logging_mixin.py:190} INFO - [2025-02-27T19:27:05.332+0000] {dagbag.py:588} INFO - Filling up the DagBag from /home/sravan2418/airflow-env/lib/python3.11/site-packages/airflow/example_dags/plugins/listener_plugin.py
[2025-02-27T19:27:05.336+0000] {processor.py:927} WARNING - No viable dags retrieved from /home/sravan2418/airflow-env/lib/python3.11/site-packages/airflow/example_dags/plugins/listener_plugin.py
[2025-02-27T19:27:05.513+0000] {processor.py:208} INFO - Processing /home/sravan2418/airflow-env/lib/python3.11/site-packages/airflow/example_dags/plugins/listener_plugin.py took 0.195 seconds
[2025-02-27T19:28:05.781+0000] {processor.py:186} INFO - Started process (PID=3035) to work on /home/sravan2418/airflow-env/lib/python3.11/site-packages/airflow/example_dags/plugins/listener_plugin.py
[2025-02-27T19:28:05.783+0000] {processor.py:914} INFO - Processing file /home/sravan2418/airflow-env/lib/python3.11/site-packages/airflow/example_dags/plugins/listener_plugin.py for tasks to queue
[2025-02-27T19:28:05.786+0000] {logging_mixin.py:190} INFO - [2025-02-27T19:28:05.786+0000] {dagbag.py:588} INFO - Filling up the DagBag from /home/sravan2418/airflow-env/lib/python3.11/site-packages/airflow/example_dags/plugins/listener_plugin.py
[2025-02-27T19:28:05.790+0000] {processor.py:927} WARNING - No viable dags retrieved from /home/sravan2418/airflow-env/lib/python3.11/site-packages/airflow/example_dags/plugins/listener_plugin.py
[2025-02-27T19:28:05.806+0000] {processor.py:208} INFO - Processing /home/sravan2418/airflow-env/lib/python3.11/site-packages/airflow/example_dags/plugins/listener_plugin.py took 0.034 seconds
[2025-02-27T19:29:05.555+0000] {processor.py:186} INFO - Started process (PID=3108) to work on /home/sravan2418/airflow-env/lib/python3.11/site-packages/airflow/example_dags/plugins/listener_plugin.py
[2025-02-27T19:29:05.558+0000] {processor.py:914} INFO - Processing file /home/sravan2418/airflow-env/lib/python3.11/site-packages/airflow/example_dags/plugins/listener_plugin.py for tasks to queue
[2025-02-27T19:29:05.563+0000] {logging_mixin.py:190} INFO - [2025-02-27T19:29:05.562+0000] {dagbag.py:588} INFO - Filling up the DagBag from /home/sravan2418/airflow-env/lib/python3.11/site-packages/airflow/example_dags/plugins/listener_plugin.py
[2025-02-27T19:29:05.567+0000] {processor.py:927} WARNING - No viable dags retrieved from /home/sravan2418/airflow-env/lib/python3.11/site-packages/airflow/example_dags/plugins/listener_plugin.py
[2025-02-27T19:29:05.596+0000] {processor.py:208} INFO - Processing /home/sravan2418/airflow-env/lib/python3.11/site-packages/airflow/example_dags/plugins/listener_plugin.py took 0.050 seconds
[2025-02-27T19:30:03.535+0000] {processor.py:186} INFO - Started process (PID=3169) to work on /home/sravan2418/airflow-env/lib/python3.11/site-packages/airflow/example_dags/plugins/listener_plugin.py
[2025-02-27T19:30:03.538+0000] {processor.py:914} INFO - Processing file /home/sravan2418/airflow-env/lib/python3.11/site-packages/airflow/example_dags/plugins/listener_plugin.py for tasks to queue
[2025-02-27T19:30:03.541+0000] {logging_mixin.py:190} INFO - [2025-02-27T19:30:03.540+0000] {dagbag.py:588} INFO - Filling up the DagBag from /home/sravan2418/airflow-env/lib/python3.11/site-packages/airflow/example_dags/plugins/listener_plugin.py
[2025-02-27T19:30:03.544+0000] {processor.py:927} WARNING - No viable dags retrieved from /home/sravan2418/airflow-env/lib/python3.11/site-packages/airflow/example_dags/plugins/listener_plugin.py
[2025-02-27T19:30:03.561+0000] {processor.py:208} INFO - Processing /home/sravan2418/airflow-env/lib/python3.11/site-packages/airflow/example_dags/plugins/listener_plugin.py took 0.035 seconds
[2025-02-27T19:31:07.306+0000] {processor.py:186} INFO - Started process (PID=3233) to work on /home/sravan2418/airflow-env/lib/python3.11/site-packages/airflow/example_dags/plugins/listener_plugin.py
[2025-02-27T19:31:07.309+0000] {processor.py:914} INFO - Processing file /home/sravan2418/airflow-env/lib/python3.11/site-packages/airflow/example_dags/plugins/listener_plugin.py for tasks to queue
[2025-02-27T19:31:07.313+0000] {logging_mixin.py:190} INFO - [2025-02-27T19:31:07.312+0000] {dagbag.py:588} INFO - Filling up the DagBag from /home/sravan2418/airflow-env/lib/python3.11/site-packages/airflow/example_dags/plugins/listener_plugin.py
[2025-02-27T19:31:07.317+0000] {processor.py:927} WARNING - No viable dags retrieved from /home/sravan2418/airflow-env/lib/python3.11/site-packages/airflow/example_dags/plugins/listener_plugin.py
[2025-02-27T19:31:07.337+0000] {processor.py:208} INFO - Processing /home/sravan2418/airflow-env/lib/python3.11/site-packages/airflow/example_dags/plugins/listener_plugin.py took 0.041 seconds
[2025-02-27T19:32:16.282+0000] {processor.py:186} INFO - Started process (PID=3303) to work on /home/sravan2418/airflow-env/lib/python3.11/site-packages/airflow/example_dags/plugins/listener_plugin.py
[2025-02-27T19:32:16.284+0000] {processor.py:914} INFO - Processing file /home/sravan2418/airflow-env/lib/python3.11/site-packages/airflow/example_dags/plugins/listener_plugin.py for tasks to queue
[2025-02-27T19:32:16.288+0000] {logging_mixin.py:190} INFO - [2025-02-27T19:32:16.287+0000] {dagbag.py:588} INFO - Filling up the DagBag from /home/sravan2418/airflow-env/lib/python3.11/site-packages/airflow/example_dags/plugins/listener_plugin.py
[2025-02-27T19:32:16.292+0000] {processor.py:927} WARNING - No viable dags retrieved from /home/sravan2418/airflow-env/lib/python3.11/site-packages/airflow/example_dags/plugins/listener_plugin.py
[2025-02-27T19:32:16.495+0000] {processor.py:208} INFO - Processing /home/sravan2418/airflow-env/lib/python3.11/site-packages/airflow/example_dags/plugins/listener_plugin.py took 0.224 seconds
[2025-02-27T19:32:53.503+0000] {processor.py:186} INFO - Started process (PID=3338) to work on /home/sravan2418/airflow-env/lib/python3.11/site-packages/airflow/example_dags/plugins/listener_plugin.py
[2025-02-27T19:32:53.506+0000] {processor.py:914} INFO - Processing file /home/sravan2418/airflow-env/lib/python3.11/site-packages/airflow/example_dags/plugins/listener_plugin.py for tasks to queue
[2025-02-27T19:32:53.510+0000] {logging_mixin.py:190} INFO - [2025-02-27T19:32:53.509+0000] {dagbag.py:588} INFO - Filling up the DagBag from /home/sravan2418/airflow-env/lib/python3.11/site-packages/airflow/example_dags/plugins/listener_plugin.py
[2025-02-27T19:32:53.514+0000] {processor.py:927} WARNING - No viable dags retrieved from /home/sravan2418/airflow-env/lib/python3.11/site-packages/airflow/example_dags/plugins/listener_plugin.py
[2025-02-27T19:32:53.535+0000] {processor.py:208} INFO - Processing /home/sravan2418/airflow-env/lib/python3.11/site-packages/airflow/example_dags/plugins/listener_plugin.py took 0.043 seconds
[2025-02-27T19:33:57.405+0000] {processor.py:186} INFO - Started process (PID=3401) to work on /home/sravan2418/airflow-env/lib/python3.11/site-packages/airflow/example_dags/plugins/listener_plugin.py
[2025-02-27T19:33:57.407+0000] {processor.py:914} INFO - Processing file /home/sravan2418/airflow-env/lib/python3.11/site-packages/airflow/example_dags/plugins/listener_plugin.py for tasks to queue
[2025-02-27T19:33:57.411+0000] {logging_mixin.py:190} INFO - [2025-02-27T19:33:57.411+0000] {dagbag.py:588} INFO - Filling up the DagBag from /home/sravan2418/airflow-env/lib/python3.11/site-packages/airflow/example_dags/plugins/listener_plugin.py
[2025-02-27T19:33:57.416+0000] {processor.py:927} WARNING - No viable dags retrieved from /home/sravan2418/airflow-env/lib/python3.11/site-packages/airflow/example_dags/plugins/listener_plugin.py
[2025-02-27T19:33:57.436+0000] {processor.py:208} INFO - Processing /home/sravan2418/airflow-env/lib/python3.11/site-packages/airflow/example_dags/plugins/listener_plugin.py took 0.043 seconds
[2025-02-27T19:35:01.404+0000] {processor.py:186} INFO - Started process (PID=3466) to work on /home/sravan2418/airflow-env/lib/python3.11/site-packages/airflow/example_dags/plugins/listener_plugin.py
[2025-02-27T19:35:01.407+0000] {processor.py:914} INFO - Processing file /home/sravan2418/airflow-env/lib/python3.11/site-packages/airflow/example_dags/plugins/listener_plugin.py for tasks to queue
[2025-02-27T19:35:01.411+0000] {logging_mixin.py:190} INFO - [2025-02-27T19:35:01.410+0000] {dagbag.py:588} INFO - Filling up the DagBag from /home/sravan2418/airflow-env/lib/python3.11/site-packages/airflow/example_dags/plugins/listener_plugin.py
[2025-02-27T19:35:01.416+0000] {processor.py:927} WARNING - No viable dags retrieved from /home/sravan2418/airflow-env/lib/python3.11/site-packages/airflow/example_dags/plugins/listener_plugin.py
[2025-02-27T19:35:01.441+0000] {processor.py:208} INFO - Processing /home/sravan2418/airflow-env/lib/python3.11/site-packages/airflow/example_dags/plugins/listener_plugin.py took 0.048 seconds
