[2025-02-27T19:21:09.576+0000] {processor.py:186} INFO - Started process (PID=2586) to work on /home/sravan2418/airflow-env/lib/python3.11/site-packages/airflow/example_dags/plugins/workday.py
[2025-02-27T19:21:09.578+0000] {processor.py:914} INFO - Processing file /home/sravan2418/airflow-env/lib/python3.11/site-packages/airflow/example_dags/plugins/workday.py for tasks to queue
[2025-02-27T19:21:09.582+0000] {logging_mixin.py:190} INFO - [2025-02-27T19:21:09.581+0000] {dagbag.py:588} INFO - Filling up the DagBag from /home/sravan2418/airflow-env/lib/python3.11/site-packages/airflow/example_dags/plugins/workday.py
[2025-02-27T19:21:09.587+0000] {logging_mixin.py:190} INFO - [2025-02-27T19:21:09.587+0000] {workday.py:41} WARNING - Could not import pandas. Holidays will not be considered.
[2025-02-27T19:21:09.588+0000] {processor.py:927} WARNING - No viable dags retrieved from /home/sravan2418/airflow-env/lib/python3.11/site-packages/airflow/example_dags/plugins/workday.py
[2025-02-27T19:21:09.610+0000] {processor.py:208} INFO - Processing /home/sravan2418/airflow-env/lib/python3.11/site-packages/airflow/example_dags/plugins/workday.py took 0.045 seconds
[2025-02-27T19:22:54.120+0000] {processor.py:186} INFO - Started process (PID=2705) to work on /home/sravan2418/airflow-env/lib/python3.11/site-packages/airflow/example_dags/plugins/workday.py
[2025-02-27T19:22:54.124+0000] {processor.py:914} INFO - Processing file /home/sravan2418/airflow-env/lib/python3.11/site-packages/airflow/example_dags/plugins/workday.py for tasks to queue
[2025-02-27T19:22:54.128+0000] {logging_mixin.py:190} INFO - [2025-02-27T19:22:54.128+0000] {dagbag.py:588} INFO - Filling up the DagBag from /home/sravan2418/airflow-env/lib/python3.11/site-packages/airflow/example_dags/plugins/workday.py
[2025-02-27T19:22:54.134+0000] {logging_mixin.py:190} INFO - [2025-02-27T19:22:54.133+0000] {workday.py:41} WARNING - Could not import pandas. Holidays will not be considered.
[2025-02-27T19:22:54.134+0000] {processor.py:927} WARNING - No viable dags retrieved from /home/sravan2418/airflow-env/lib/python3.11/site-packages/airflow/example_dags/plugins/workday.py
[2025-02-27T19:22:54.154+0000] {processor.py:208} INFO - Processing /home/sravan2418/airflow-env/lib/python3.11/site-packages/airflow/example_dags/plugins/workday.py took 0.044 seconds
[2025-02-27T19:23:56.426+0000] {processor.py:186} INFO - Started process (PID=2764) to work on /home/sravan2418/airflow-env/lib/python3.11/site-packages/airflow/example_dags/plugins/workday.py
[2025-02-27T19:23:56.430+0000] {processor.py:914} INFO - Processing file /home/sravan2418/airflow-env/lib/python3.11/site-packages/airflow/example_dags/plugins/workday.py for tasks to queue
[2025-02-27T19:23:56.433+0000] {logging_mixin.py:190} INFO - [2025-02-27T19:23:56.433+0000] {dagbag.py:588} INFO - Filling up the DagBag from /home/sravan2418/airflow-env/lib/python3.11/site-packages/airflow/example_dags/plugins/workday.py
[2025-02-27T19:23:56.438+0000] {logging_mixin.py:190} INFO - [2025-02-27T19:23:56.437+0000] {workday.py:41} WARNING - Could not import pandas. Holidays will not be considered.
[2025-02-27T19:23:56.438+0000] {processor.py:927} WARNING - No viable dags retrieved from /home/sravan2418/airflow-env/lib/python3.11/site-packages/airflow/example_dags/plugins/workday.py
[2025-02-27T19:23:56.454+0000] {processor.py:208} INFO - Processing /home/sravan2418/airflow-env/lib/python3.11/site-packages/airflow/example_dags/plugins/workday.py took 0.038 seconds
[2025-02-27T19:24:56.802+0000] {processor.py:186} INFO - Started process (PID=2834) to work on /home/sravan2418/airflow-env/lib/python3.11/site-packages/airflow/example_dags/plugins/workday.py
[2025-02-27T19:24:56.805+0000] {processor.py:914} INFO - Processing file /home/sravan2418/airflow-env/lib/python3.11/site-packages/airflow/example_dags/plugins/workday.py for tasks to queue
[2025-02-27T19:24:56.809+0000] {logging_mixin.py:190} INFO - [2025-02-27T19:24:56.808+0000] {dagbag.py:588} INFO - Filling up the DagBag from /home/sravan2418/airflow-env/lib/python3.11/site-packages/airflow/example_dags/plugins/workday.py
[2025-02-27T19:24:56.814+0000] {logging_mixin.py:190} INFO - [2025-02-27T19:24:56.814+0000] {workday.py:41} WARNING - Could not import pandas. Holidays will not be considered.
[2025-02-27T19:24:56.815+0000] {processor.py:927} WARNING - No viable dags retrieved from /home/sravan2418/airflow-env/lib/python3.11/site-packages/airflow/example_dags/plugins/workday.py
[2025-02-27T19:24:56.835+0000] {processor.py:208} INFO - Processing /home/sravan2418/airflow-env/lib/python3.11/site-packages/airflow/example_dags/plugins/workday.py took 0.043 seconds
[2025-02-27T19:25:58.670+0000] {processor.py:186} INFO - Started process (PID=2896) to work on /home/sravan2418/airflow-env/lib/python3.11/site-packages/airflow/example_dags/plugins/workday.py
[2025-02-27T19:25:58.673+0000] {processor.py:914} INFO - Processing file /home/sravan2418/airflow-env/lib/python3.11/site-packages/airflow/example_dags/plugins/workday.py for tasks to queue
[2025-02-27T19:25:58.677+0000] {logging_mixin.py:190} INFO - [2025-02-27T19:25:58.676+0000] {dagbag.py:588} INFO - Filling up the DagBag from /home/sravan2418/airflow-env/lib/python3.11/site-packages/airflow/example_dags/plugins/workday.py
[2025-02-27T19:25:58.682+0000] {logging_mixin.py:190} INFO - [2025-02-27T19:25:58.681+0000] {workday.py:41} WARNING - Could not import pandas. Holidays will not be considered.
[2025-02-27T19:25:58.682+0000] {processor.py:927} WARNING - No viable dags retrieved from /home/sravan2418/airflow-env/lib/python3.11/site-packages/airflow/example_dags/plugins/workday.py
[2025-02-27T19:25:58.702+0000] {processor.py:208} INFO - Processing /home/sravan2418/airflow-env/lib/python3.11/site-packages/airflow/example_dags/plugins/workday.py took 0.042 seconds
[2025-02-27T19:27:06.073+0000] {processor.py:186} INFO - Started process (PID=2960) to work on /home/sravan2418/airflow-env/lib/python3.11/site-packages/airflow/example_dags/plugins/workday.py
[2025-02-27T19:27:06.075+0000] {processor.py:914} INFO - Processing file /home/sravan2418/airflow-env/lib/python3.11/site-packages/airflow/example_dags/plugins/workday.py for tasks to queue
[2025-02-27T19:27:06.078+0000] {logging_mixin.py:190} INFO - [2025-02-27T19:27:06.078+0000] {dagbag.py:588} INFO - Filling up the DagBag from /home/sravan2418/airflow-env/lib/python3.11/site-packages/airflow/example_dags/plugins/workday.py
[2025-02-27T19:27:06.082+0000] {logging_mixin.py:190} INFO - [2025-02-27T19:27:06.082+0000] {workday.py:41} WARNING - Could not import pandas. Holidays will not be considered.
[2025-02-27T19:27:06.083+0000] {processor.py:927} WARNING - No viable dags retrieved from /home/sravan2418/airflow-env/lib/python3.11/site-packages/airflow/example_dags/plugins/workday.py
[2025-02-27T19:27:06.099+0000] {processor.py:208} INFO - Processing /home/sravan2418/airflow-env/lib/python3.11/site-packages/airflow/example_dags/plugins/workday.py took 0.034 seconds
[2025-02-27T19:28:06.926+0000] {processor.py:186} INFO - Started process (PID=3036) to work on /home/sravan2418/airflow-env/lib/python3.11/site-packages/airflow/example_dags/plugins/workday.py
[2025-02-27T19:28:06.928+0000] {processor.py:914} INFO - Processing file /home/sravan2418/airflow-env/lib/python3.11/site-packages/airflow/example_dags/plugins/workday.py for tasks to queue
[2025-02-27T19:28:06.931+0000] {logging_mixin.py:190} INFO - [2025-02-27T19:28:06.931+0000] {dagbag.py:588} INFO - Filling up the DagBag from /home/sravan2418/airflow-env/lib/python3.11/site-packages/airflow/example_dags/plugins/workday.py
[2025-02-27T19:28:06.935+0000] {logging_mixin.py:190} INFO - [2025-02-27T19:28:06.935+0000] {workday.py:41} WARNING - Could not import pandas. Holidays will not be considered.
[2025-02-27T19:28:06.936+0000] {processor.py:927} WARNING - No viable dags retrieved from /home/sravan2418/airflow-env/lib/python3.11/site-packages/airflow/example_dags/plugins/workday.py
[2025-02-27T19:28:06.951+0000] {processor.py:208} INFO - Processing /home/sravan2418/airflow-env/lib/python3.11/site-packages/airflow/example_dags/plugins/workday.py took 0.033 seconds
[2025-02-27T19:29:06.701+0000] {processor.py:186} INFO - Started process (PID=3109) to work on /home/sravan2418/airflow-env/lib/python3.11/site-packages/airflow/example_dags/plugins/workday.py
[2025-02-27T19:29:06.703+0000] {processor.py:914} INFO - Processing file /home/sravan2418/airflow-env/lib/python3.11/site-packages/airflow/example_dags/plugins/workday.py for tasks to queue
[2025-02-27T19:29:06.706+0000] {logging_mixin.py:190} INFO - [2025-02-27T19:29:06.705+0000] {dagbag.py:588} INFO - Filling up the DagBag from /home/sravan2418/airflow-env/lib/python3.11/site-packages/airflow/example_dags/plugins/workday.py
[2025-02-27T19:29:06.710+0000] {logging_mixin.py:190} INFO - [2025-02-27T19:29:06.710+0000] {workday.py:41} WARNING - Could not import pandas. Holidays will not be considered.
[2025-02-27T19:29:06.711+0000] {processor.py:927} WARNING - No viable dags retrieved from /home/sravan2418/airflow-env/lib/python3.11/site-packages/airflow/example_dags/plugins/workday.py
[2025-02-27T19:29:06.728+0000] {processor.py:208} INFO - Processing /home/sravan2418/airflow-env/lib/python3.11/site-packages/airflow/example_dags/plugins/workday.py took 0.035 seconds
[2025-02-27T19:30:04.685+0000] {processor.py:186} INFO - Started process (PID=3170) to work on /home/sravan2418/airflow-env/lib/python3.11/site-packages/airflow/example_dags/plugins/workday.py
[2025-02-27T19:30:04.687+0000] {processor.py:914} INFO - Processing file /home/sravan2418/airflow-env/lib/python3.11/site-packages/airflow/example_dags/plugins/workday.py for tasks to queue
[2025-02-27T19:30:04.690+0000] {logging_mixin.py:190} INFO - [2025-02-27T19:30:04.690+0000] {dagbag.py:588} INFO - Filling up the DagBag from /home/sravan2418/airflow-env/lib/python3.11/site-packages/airflow/example_dags/plugins/workday.py
[2025-02-27T19:30:04.694+0000] {logging_mixin.py:190} INFO - [2025-02-27T19:30:04.694+0000] {workday.py:41} WARNING - Could not import pandas. Holidays will not be considered.
[2025-02-27T19:30:04.695+0000] {processor.py:927} WARNING - No viable dags retrieved from /home/sravan2418/airflow-env/lib/python3.11/site-packages/airflow/example_dags/plugins/workday.py
[2025-02-27T19:30:04.711+0000] {processor.py:208} INFO - Processing /home/sravan2418/airflow-env/lib/python3.11/site-packages/airflow/example_dags/plugins/workday.py took 0.034 seconds
[2025-02-27T19:31:08.477+0000] {processor.py:186} INFO - Started process (PID=3234) to work on /home/sravan2418/airflow-env/lib/python3.11/site-packages/airflow/example_dags/plugins/workday.py
[2025-02-27T19:31:08.480+0000] {processor.py:914} INFO - Processing file /home/sravan2418/airflow-env/lib/python3.11/site-packages/airflow/example_dags/plugins/workday.py for tasks to queue
[2025-02-27T19:31:08.483+0000] {logging_mixin.py:190} INFO - [2025-02-27T19:31:08.483+0000] {dagbag.py:588} INFO - Filling up the DagBag from /home/sravan2418/airflow-env/lib/python3.11/site-packages/airflow/example_dags/plugins/workday.py
[2025-02-27T19:31:08.488+0000] {logging_mixin.py:190} INFO - [2025-02-27T19:31:08.488+0000] {workday.py:41} WARNING - Could not import pandas. Holidays will not be considered.
[2025-02-27T19:31:08.489+0000] {processor.py:927} WARNING - No viable dags retrieved from /home/sravan2418/airflow-env/lib/python3.11/site-packages/airflow/example_dags/plugins/workday.py
[2025-02-27T19:31:08.508+0000] {processor.py:208} INFO - Processing /home/sravan2418/airflow-env/lib/python3.11/site-packages/airflow/example_dags/plugins/workday.py took 0.043 seconds
[2025-02-27T19:32:17.810+0000] {processor.py:186} INFO - Started process (PID=3304) to work on /home/sravan2418/airflow-env/lib/python3.11/site-packages/airflow/example_dags/plugins/workday.py
[2025-02-27T19:32:17.812+0000] {processor.py:914} INFO - Processing file /home/sravan2418/airflow-env/lib/python3.11/site-packages/airflow/example_dags/plugins/workday.py for tasks to queue
[2025-02-27T19:32:17.815+0000] {logging_mixin.py:190} INFO - [2025-02-27T19:32:17.815+0000] {dagbag.py:588} INFO - Filling up the DagBag from /home/sravan2418/airflow-env/lib/python3.11/site-packages/airflow/example_dags/plugins/workday.py
[2025-02-27T19:32:17.820+0000] {logging_mixin.py:190} INFO - [2025-02-27T19:32:17.819+0000] {workday.py:41} WARNING - Could not import pandas. Holidays will not be considered.
[2025-02-27T19:32:17.820+0000] {processor.py:927} WARNING - No viable dags retrieved from /home/sravan2418/airflow-env/lib/python3.11/site-packages/airflow/example_dags/plugins/workday.py
[2025-02-27T19:32:17.838+0000] {processor.py:208} INFO - Processing /home/sravan2418/airflow-env/lib/python3.11/site-packages/airflow/example_dags/plugins/workday.py took 0.038 seconds
[2025-02-27T19:32:54.659+0000] {processor.py:186} INFO - Started process (PID=3339) to work on /home/sravan2418/airflow-env/lib/python3.11/site-packages/airflow/example_dags/plugins/workday.py
[2025-02-27T19:32:54.661+0000] {processor.py:914} INFO - Processing file /home/sravan2418/airflow-env/lib/python3.11/site-packages/airflow/example_dags/plugins/workday.py for tasks to queue
[2025-02-27T19:32:54.666+0000] {logging_mixin.py:190} INFO - [2025-02-27T19:32:54.665+0000] {dagbag.py:588} INFO - Filling up the DagBag from /home/sravan2418/airflow-env/lib/python3.11/site-packages/airflow/example_dags/plugins/workday.py
[2025-02-27T19:32:54.672+0000] {logging_mixin.py:190} INFO - [2025-02-27T19:32:54.671+0000] {workday.py:41} WARNING - Could not import pandas. Holidays will not be considered.
[2025-02-27T19:32:54.673+0000] {processor.py:927} WARNING - No viable dags retrieved from /home/sravan2418/airflow-env/lib/python3.11/site-packages/airflow/example_dags/plugins/workday.py
[2025-02-27T19:32:54.695+0000] {processor.py:208} INFO - Processing /home/sravan2418/airflow-env/lib/python3.11/site-packages/airflow/example_dags/plugins/workday.py took 0.049 seconds
[2025-02-27T19:33:58.567+0000] {processor.py:186} INFO - Started process (PID=3402) to work on /home/sravan2418/airflow-env/lib/python3.11/site-packages/airflow/example_dags/plugins/workday.py
[2025-02-27T19:33:58.570+0000] {processor.py:914} INFO - Processing file /home/sravan2418/airflow-env/lib/python3.11/site-packages/airflow/example_dags/plugins/workday.py for tasks to queue
[2025-02-27T19:33:58.575+0000] {logging_mixin.py:190} INFO - [2025-02-27T19:33:58.574+0000] {dagbag.py:588} INFO - Filling up the DagBag from /home/sravan2418/airflow-env/lib/python3.11/site-packages/airflow/example_dags/plugins/workday.py
[2025-02-27T19:33:58.581+0000] {logging_mixin.py:190} INFO - [2025-02-27T19:33:58.580+0000] {workday.py:41} WARNING - Could not import pandas. Holidays will not be considered.
[2025-02-27T19:33:58.581+0000] {processor.py:927} WARNING - No viable dags retrieved from /home/sravan2418/airflow-env/lib/python3.11/site-packages/airflow/example_dags/plugins/workday.py
[2025-02-27T19:33:58.601+0000] {processor.py:208} INFO - Processing /home/sravan2418/airflow-env/lib/python3.11/site-packages/airflow/example_dags/plugins/workday.py took 0.047 seconds
[2025-02-27T19:35:01.587+0000] {processor.py:186} INFO - Started process (PID=3467) to work on /home/sravan2418/airflow-env/lib/python3.11/site-packages/airflow/example_dags/plugins/workday.py
[2025-02-27T19:35:01.590+0000] {processor.py:914} INFO - Processing file /home/sravan2418/airflow-env/lib/python3.11/site-packages/airflow/example_dags/plugins/workday.py for tasks to queue
[2025-02-27T19:35:01.594+0000] {logging_mixin.py:190} INFO - [2025-02-27T19:35:01.594+0000] {dagbag.py:588} INFO - Filling up the DagBag from /home/sravan2418/airflow-env/lib/python3.11/site-packages/airflow/example_dags/plugins/workday.py
[2025-02-27T19:35:01.600+0000] {logging_mixin.py:190} INFO - [2025-02-27T19:35:01.600+0000] {workday.py:41} WARNING - Could not import pandas. Holidays will not be considered.
[2025-02-27T19:35:01.601+0000] {processor.py:927} WARNING - No viable dags retrieved from /home/sravan2418/airflow-env/lib/python3.11/site-packages/airflow/example_dags/plugins/workday.py
[2025-02-27T19:35:01.621+0000] {processor.py:208} INFO - Processing /home/sravan2418/airflow-env/lib/python3.11/site-packages/airflow/example_dags/plugins/workday.py took 0.045 seconds
