[2025-02-27T21:39:43.564+0000] {local_task_job_runner.py:123} INFO - ::group::Pre task execution logs
[2025-02-27T21:39:43.580+0000] {taskinstance.py:2614} INFO - Dependencies all met for dep_context=non-requeueable deps ti=<TaskInstance: load_and_transform.create_table_india manual__2025-02-27T21:34:00.844211+00:00 [queued]>
[2025-02-27T21:39:43.588+0000] {taskinstance.py:2614} INFO - Dependencies all met for dep_context=requeueable deps ti=<TaskInstance: load_and_transform.create_table_india manual__2025-02-27T21:34:00.844211+00:00 [queued]>
[2025-02-27T21:39:43.589+0000] {taskinstance.py:2867} INFO - Starting attempt 2 of 2
[2025-02-27T21:39:43.606+0000] {taskinstance.py:2890} INFO - Executing <Task(BigQueryInsertJobOperator): create_table_india> on 2025-02-27 21:34:00.844211+00:00
[2025-02-27T21:39:43.613+0000] {standard_task_runner.py:72} INFO - Started process 6011 to run task
[2025-02-27T21:39:43.620+0000] {standard_task_runner.py:104} INFO - Running: ['airflow', 'tasks', 'run', 'load_and_transform', 'create_table_india', 'manual__2025-02-27T21:34:00.844211+00:00', '--job-id', '33', '--raw', '--subdir', 'DAGS_FOLDER/transformation.py', '--cfg-path', '/tmp/tmpindw_pgn']
[2025-02-27T21:39:43.624+0000] {standard_task_runner.py:105} INFO - Job 33: Subtask create_table_india
[2025-02-27T21:39:43.680+0000] {task_command.py:467} INFO - Running <TaskInstance: load_and_transform.create_table_india manual__2025-02-27T21:34:00.844211+00:00 [running]> on host airflow.us-central1-c.c.healthcare-project-452218.internal
[2025-02-27T21:39:43.753+0000] {taskinstance.py:3134} INFO - Exporting env vars: AIRFLOW_CTX_DAG_OWNER='airflow' AIRFLOW_CTX_DAG_ID='load_and_transform' AIRFLOW_CTX_TASK_ID='create_table_india' AIRFLOW_CTX_EXECUTION_DATE='2025-02-27T21:34:00.844211+00:00' AIRFLOW_CTX_TRY_NUMBER='2' AIRFLOW_CTX_DAG_RUN_ID='manual__2025-02-27T21:34:00.844211+00:00'
[2025-02-27T21:39:43.755+0000] {taskinstance.py:732} INFO - ::endgroup::
[2025-02-27T21:39:43.781+0000] {connection.py:277} WARNING - Connection schemes (type: google_cloud_platform) shall not contain '_' according to RFC3986.
[2025-02-27T21:39:43.781+0000] {base.py:84} INFO - Retrieving connection 'google_cloud_default'
[2025-02-27T21:39:43.782+0000] {credentials_provider.py:409} INFO - Getting connection using `google.auth.default()` since no explicit credentials are provided.
[2025-02-27T21:39:43.796+0000] {bigquery.py:2956} INFO - Executing: {'query': {'query': "\n                        CREATE OR REPLACE TABLE `healthcare-project-452218.transform_dataset.india_table` AS\n                        SELECT *\n                        FROM `healthcare-project-452218.staging_dataset.global_data`\n                        WHERE country = 'India'\n                    ", 'useLegacySql': False}}'
[2025-02-27T21:39:43.804+0000] {bigquery.py:1344} INFO - Inserting job airflow_load_and_transform_create_table_india_2025_02_27T21_34_00_844211_00_00_2faa0d4e7ea0417a3d68ce86e220fc75
[2025-02-27T21:39:46.553+0000] {bigquery.py:2927} INFO - Job airflow_load_and_transform_create_table_india_2025_02_27T21_34_00_844211_00_00_2faa0d4e7ea0417a3d68ce86e220fc75 is completed. Checking the job status
[2025-02-27T21:39:46.570+0000] {taskinstance.py:341} INFO - ::group::Post task execution logs
[2025-02-27T21:39:46.571+0000] {taskinstance.py:353} INFO - Marking task as SUCCESS. dag_id=load_and_transform, task_id=create_table_india, run_id=manual__2025-02-27T21:34:00.844211+00:00, execution_date=20250227T213400, start_date=20250227T213943, end_date=20250227T213946
[2025-02-27T21:39:46.645+0000] {local_task_job_runner.py:266} INFO - Task exited with return code 0
[2025-02-27T21:39:46.681+0000] {taskinstance.py:3901} INFO - 0 downstream tasks scheduled from follow-on schedule check
[2025-02-27T21:39:46.682+0000] {local_task_job_runner.py:245} INFO - ::endgroup::
