[2025-02-27T21:37:47.493+0000] {local_task_job_runner.py:123} INFO - ::group::Pre task execution logs
[2025-02-27T21:37:47.509+0000] {taskinstance.py:2614} INFO - Dependencies all met for dep_context=non-requeueable deps ti=<TaskInstance: load_and_transform.create_table_italy manual__2025-02-27T21:36:17.710072+00:00 [queued]>
[2025-02-27T21:37:47.519+0000] {taskinstance.py:2614} INFO - Dependencies all met for dep_context=requeueable deps ti=<TaskInstance: load_and_transform.create_table_italy manual__2025-02-27T21:36:17.710072+00:00 [queued]>
[2025-02-27T21:37:47.520+0000] {taskinstance.py:2867} INFO - Starting attempt 1 of 2
[2025-02-27T21:37:47.536+0000] {taskinstance.py:2890} INFO - Executing <Task(BigQueryInsertJobOperator): create_table_italy> on 2025-02-27 21:36:17.710072+00:00
[2025-02-27T21:37:47.542+0000] {standard_task_runner.py:72} INFO - Started process 5979 to run task
[2025-02-27T21:37:47.549+0000] {standard_task_runner.py:104} INFO - Running: ['airflow', 'tasks', 'run', 'load_and_transform', 'create_table_italy', 'manual__2025-02-27T21:36:17.710072+00:00', '--job-id', '31', '--raw', '--subdir', 'DAGS_FOLDER/transformation.py', '--cfg-path', '/tmp/tmppf47pone']
[2025-02-27T21:37:47.553+0000] {standard_task_runner.py:105} INFO - Job 31: Subtask create_table_italy
[2025-02-27T21:37:47.607+0000] {task_command.py:467} INFO - Running <TaskInstance: load_and_transform.create_table_italy manual__2025-02-27T21:36:17.710072+00:00 [running]> on host airflow.us-central1-c.c.healthcare-project-452218.internal
[2025-02-27T21:37:47.679+0000] {taskinstance.py:3134} INFO - Exporting env vars: AIRFLOW_CTX_DAG_OWNER='airflow' AIRFLOW_CTX_DAG_ID='load_and_transform' AIRFLOW_CTX_TASK_ID='create_table_italy' AIRFLOW_CTX_EXECUTION_DATE='2025-02-27T21:36:17.710072+00:00' AIRFLOW_CTX_TRY_NUMBER='1' AIRFLOW_CTX_DAG_RUN_ID='manual__2025-02-27T21:36:17.710072+00:00'
[2025-02-27T21:37:47.681+0000] {taskinstance.py:732} INFO - ::endgroup::
[2025-02-27T21:37:47.707+0000] {connection.py:277} WARNING - Connection schemes (type: google_cloud_platform) shall not contain '_' according to RFC3986.
[2025-02-27T21:37:47.708+0000] {base.py:84} INFO - Retrieving connection 'google_cloud_default'
[2025-02-27T21:37:47.708+0000] {credentials_provider.py:409} INFO - Getting connection using `google.auth.default()` since no explicit credentials are provided.
[2025-02-27T21:37:47.724+0000] {bigquery.py:2956} INFO - Executing: {'query': {'query': "\n                        CREATE OR REPLACE TABLE `healthcare-project-452218.transform_dataset.italy_table` AS\n                        SELECT *\n                        FROM `healthcare-project-452218.staging_dataset.global_data`\n                        WHERE country = 'Italy'\n                    ", 'useLegacySql': False}}'
[2025-02-27T21:37:47.732+0000] {bigquery.py:1344} INFO - Inserting job airflow_load_and_transform_create_table_italy_2025_02_27T21_36_17_710072_00_00_7e7bb17ae468bd810730df1f63b93d76
[2025-02-27T21:37:51.243+0000] {bigquery.py:2927} INFO - Job airflow_load_and_transform_create_table_italy_2025_02_27T21_36_17_710072_00_00_7e7bb17ae468bd810730df1f63b93d76 is completed. Checking the job status
[2025-02-27T21:37:51.259+0000] {taskinstance.py:341} INFO - ::group::Post task execution logs
[2025-02-27T21:37:51.259+0000] {taskinstance.py:353} INFO - Marking task as SUCCESS. dag_id=load_and_transform, task_id=create_table_italy, run_id=manual__2025-02-27T21:36:17.710072+00:00, execution_date=20250227T213617, start_date=20250227T213747, end_date=20250227T213751
[2025-02-27T21:37:51.299+0000] {local_task_job_runner.py:266} INFO - Task exited with return code 0
[2025-02-27T21:37:51.315+0000] {taskinstance.py:3901} INFO - 0 downstream tasks scheduled from follow-on schedule check
[2025-02-27T21:37:51.316+0000] {local_task_job_runner.py:245} INFO - ::endgroup::
