[2025-02-27T21:43:53.891+0000] {local_task_job_runner.py:123} INFO - ::group::Pre task execution logs
[2025-02-27T21:43:53.907+0000] {taskinstance.py:2614} INFO - Dependencies all met for dep_context=non-requeueable deps ti=<TaskInstance: load_and_transform_view.create_table_usa manual__2025-02-27T21:43:20.172370+00:00 [queued]>
[2025-02-27T21:43:53.915+0000] {taskinstance.py:2614} INFO - Dependencies all met for dep_context=requeueable deps ti=<TaskInstance: load_and_transform_view.create_table_usa manual__2025-02-27T21:43:20.172370+00:00 [queued]>
[2025-02-27T21:43:53.916+0000] {taskinstance.py:2867} INFO - Starting attempt 1 of 2
[2025-02-27T21:43:53.932+0000] {taskinstance.py:2890} INFO - Executing <Task(BigQueryInsertJobOperator): create_table_usa> on 2025-02-27 21:43:20.172370+00:00
[2025-02-27T21:43:53.939+0000] {standard_task_runner.py:72} INFO - Started process 6101 to run task
[2025-02-27T21:43:53.946+0000] {standard_task_runner.py:104} INFO - Running: ['airflow', 'tasks', 'run', 'load_and_transform_view', 'create_table_usa', 'manual__2025-02-27T21:43:20.172370+00:00', '--job-id', '41', '--raw', '--subdir', 'DAGS_FOLDER/finial.py', '--cfg-path', '/tmp/tmpthyxgozq']
[2025-02-27T21:43:53.950+0000] {standard_task_runner.py:105} INFO - Job 41: Subtask create_table_usa
[2025-02-27T21:43:54.004+0000] {task_command.py:467} INFO - Running <TaskInstance: load_and_transform_view.create_table_usa manual__2025-02-27T21:43:20.172370+00:00 [running]> on host airflow.us-central1-c.c.healthcare-project-452218.internal
[2025-02-27T21:43:54.070+0000] {taskinstance.py:3134} INFO - Exporting env vars: AIRFLOW_CTX_DAG_OWNER='airflow' AIRFLOW_CTX_DAG_ID='load_and_transform_view' AIRFLOW_CTX_TASK_ID='create_table_usa' AIRFLOW_CTX_EXECUTION_DATE='2025-02-27T21:43:20.172370+00:00' AIRFLOW_CTX_TRY_NUMBER='1' AIRFLOW_CTX_DAG_RUN_ID='manual__2025-02-27T21:43:20.172370+00:00'
[2025-02-27T21:43:54.072+0000] {taskinstance.py:732} INFO - ::endgroup::
[2025-02-27T21:43:54.099+0000] {connection.py:277} WARNING - Connection schemes (type: google_cloud_platform) shall not contain '_' according to RFC3986.
[2025-02-27T21:43:54.100+0000] {base.py:84} INFO - Retrieving connection 'google_cloud_default'
[2025-02-27T21:43:54.100+0000] {credentials_provider.py:409} INFO - Getting connection using `google.auth.default()` since no explicit credentials are provided.
[2025-02-27T21:43:54.113+0000] {bigquery.py:2956} INFO - Executing: {'query': {'query': "\n                        CREATE OR REPLACE TABLE `healthcare-project-452218.transform_dataset.usa_table` AS\n                        SELECT *\n                        FROM `healthcare-project-452218.staging_dataset.global_data`\n                        WHERE country = 'USA'\n                    ", 'useLegacySql': False}}'
[2025-02-27T21:43:54.121+0000] {bigquery.py:1344} INFO - Inserting job airflow_load_and_transform_view_create_table_usa_2025_02_27T21_43_20_172370_00_00_575c32057723cd38ee304677e7f43c8b
[2025-02-27T21:43:57.814+0000] {bigquery.py:2927} INFO - Job airflow_load_and_transform_view_create_table_usa_2025_02_27T21_43_20_172370_00_00_575c32057723cd38ee304677e7f43c8b is completed. Checking the job status
[2025-02-27T21:43:57.831+0000] {taskinstance.py:341} INFO - ::group::Post task execution logs
[2025-02-27T21:43:57.832+0000] {taskinstance.py:353} INFO - Marking task as SUCCESS. dag_id=load_and_transform_view, task_id=create_table_usa, run_id=manual__2025-02-27T21:43:20.172370+00:00, execution_date=20250227T214320, start_date=20250227T214353, end_date=20250227T214357
[2025-02-27T21:43:57.864+0000] {local_task_job_runner.py:266} INFO - Task exited with return code 0
[2025-02-27T21:43:57.895+0000] {taskinstance.py:3901} INFO - 1 downstream tasks scheduled from follow-on schedule check
[2025-02-27T21:43:57.901+0000] {local_task_job_runner.py:245} INFO - ::endgroup::
