[2025-02-27T21:37:36.238+0000] {local_task_job_runner.py:123} INFO - ::group::Pre task execution logs
[2025-02-27T21:37:36.255+0000] {taskinstance.py:2614} INFO - Dependencies all met for dep_context=non-requeueable deps ti=<TaskInstance: load_and_transform.create_table_canada manual__2025-02-27T21:36:17.710072+00:00 [queued]>
[2025-02-27T21:37:36.264+0000] {taskinstance.py:2614} INFO - Dependencies all met for dep_context=requeueable deps ti=<TaskInstance: load_and_transform.create_table_canada manual__2025-02-27T21:36:17.710072+00:00 [queued]>
[2025-02-27T21:37:36.264+0000] {taskinstance.py:2867} INFO - Starting attempt 1 of 2
[2025-02-27T21:37:36.285+0000] {taskinstance.py:2890} INFO - Executing <Task(BigQueryInsertJobOperator): create_table_canada> on 2025-02-27 21:36:17.710072+00:00
[2025-02-27T21:37:36.291+0000] {standard_task_runner.py:72} INFO - Started process 5973 to run task
[2025-02-27T21:37:36.299+0000] {standard_task_runner.py:104} INFO - Running: ['airflow', 'tasks', 'run', 'load_and_transform', 'create_table_canada', 'manual__2025-02-27T21:36:17.710072+00:00', '--job-id', '30', '--raw', '--subdir', 'DAGS_FOLDER/transformation.py', '--cfg-path', '/tmp/tmp3ret2w9y']
[2025-02-27T21:37:36.302+0000] {standard_task_runner.py:105} INFO - Job 30: Subtask create_table_canada
[2025-02-27T21:37:36.356+0000] {task_command.py:467} INFO - Running <TaskInstance: load_and_transform.create_table_canada manual__2025-02-27T21:36:17.710072+00:00 [running]> on host airflow.us-central1-c.c.healthcare-project-452218.internal
[2025-02-27T21:37:36.421+0000] {taskinstance.py:3134} INFO - Exporting env vars: AIRFLOW_CTX_DAG_OWNER='airflow' AIRFLOW_CTX_DAG_ID='load_and_transform' AIRFLOW_CTX_TASK_ID='create_table_canada' AIRFLOW_CTX_EXECUTION_DATE='2025-02-27T21:36:17.710072+00:00' AIRFLOW_CTX_TRY_NUMBER='1' AIRFLOW_CTX_DAG_RUN_ID='manual__2025-02-27T21:36:17.710072+00:00'
[2025-02-27T21:37:36.423+0000] {taskinstance.py:732} INFO - ::endgroup::
[2025-02-27T21:37:36.448+0000] {connection.py:277} WARNING - Connection schemes (type: google_cloud_platform) shall not contain '_' according to RFC3986.
[2025-02-27T21:37:36.449+0000] {base.py:84} INFO - Retrieving connection 'google_cloud_default'
[2025-02-27T21:37:36.450+0000] {credentials_provider.py:409} INFO - Getting connection using `google.auth.default()` since no explicit credentials are provided.
[2025-02-27T21:37:36.464+0000] {bigquery.py:2956} INFO - Executing: {'query': {'query': "\n                        CREATE OR REPLACE TABLE `healthcare-project-452218.transform_dataset.canada_table` AS\n                        SELECT *\n                        FROM `healthcare-project-452218.staging_dataset.global_data`\n                        WHERE country = 'Canada'\n                    ", 'useLegacySql': False}}'
[2025-02-27T21:37:36.471+0000] {bigquery.py:1344} INFO - Inserting job airflow_load_and_transform_create_table_canada_2025_02_27T21_36_17_710072_00_00_c97317364fd7b8683bdd204bd5c475e2
[2025-02-27T21:37:43.025+0000] {bigquery.py:2927} INFO - Job airflow_load_and_transform_create_table_canada_2025_02_27T21_36_17_710072_00_00_c97317364fd7b8683bdd204bd5c475e2 is completed. Checking the job status
[2025-02-27T21:37:43.045+0000] {taskinstance.py:341} INFO - ::group::Post task execution logs
[2025-02-27T21:37:43.046+0000] {taskinstance.py:353} INFO - Marking task as SUCCESS. dag_id=load_and_transform, task_id=create_table_canada, run_id=manual__2025-02-27T21:36:17.710072+00:00, execution_date=20250227T213617, start_date=20250227T213736, end_date=20250227T213743
[2025-02-27T21:37:43.139+0000] {local_task_job_runner.py:266} INFO - Task exited with return code 0
[2025-02-27T21:37:43.156+0000] {taskinstance.py:3901} INFO - 0 downstream tasks scheduled from follow-on schedule check
[2025-02-27T21:37:43.157+0000] {local_task_job_runner.py:245} INFO - ::endgroup::
