[2025-02-27T21:44:33.015+0000] {local_task_job_runner.py:123} INFO - ::group::Pre task execution logs
[2025-02-27T21:44:33.031+0000] {taskinstance.py:2614} INFO - Dependencies all met for dep_context=non-requeueable deps ti=<TaskInstance: load_and_transform_view.create_table_canada manual__2025-02-27T21:43:20.172370+00:00 [queued]>
[2025-02-27T21:44:33.041+0000] {taskinstance.py:2614} INFO - Dependencies all met for dep_context=requeueable deps ti=<TaskInstance: load_and_transform_view.create_table_canada manual__2025-02-27T21:43:20.172370+00:00 [queued]>
[2025-02-27T21:44:33.041+0000] {taskinstance.py:2867} INFO - Starting attempt 1 of 2
[2025-02-27T21:44:33.057+0000] {taskinstance.py:2890} INFO - Executing <Task(BigQueryInsertJobOperator): create_table_canada> on 2025-02-27 21:43:20.172370+00:00
[2025-02-27T21:44:33.064+0000] {standard_task_runner.py:72} INFO - Started process 6139 to run task
[2025-02-27T21:44:33.071+0000] {standard_task_runner.py:104} INFO - Running: ['airflow', 'tasks', 'run', 'load_and_transform_view', 'create_table_canada', 'manual__2025-02-27T21:43:20.172370+00:00', '--job-id', '46', '--raw', '--subdir', 'DAGS_FOLDER/finial.py', '--cfg-path', '/tmp/tmpy6hrkq6x']
[2025-02-27T21:44:33.075+0000] {standard_task_runner.py:105} INFO - Job 46: Subtask create_table_canada
[2025-02-27T21:44:33.132+0000] {task_command.py:467} INFO - Running <TaskInstance: load_and_transform_view.create_table_canada manual__2025-02-27T21:43:20.172370+00:00 [running]> on host airflow.us-central1-c.c.healthcare-project-452218.internal
[2025-02-27T21:44:33.200+0000] {taskinstance.py:3134} INFO - Exporting env vars: AIRFLOW_CTX_DAG_OWNER='airflow' AIRFLOW_CTX_DAG_ID='load_and_transform_view' AIRFLOW_CTX_TASK_ID='create_table_canada' AIRFLOW_CTX_EXECUTION_DATE='2025-02-27T21:43:20.172370+00:00' AIRFLOW_CTX_TRY_NUMBER='1' AIRFLOW_CTX_DAG_RUN_ID='manual__2025-02-27T21:43:20.172370+00:00'
[2025-02-27T21:44:33.202+0000] {taskinstance.py:732} INFO - ::endgroup::
[2025-02-27T21:44:33.229+0000] {connection.py:277} WARNING - Connection schemes (type: google_cloud_platform) shall not contain '_' according to RFC3986.
[2025-02-27T21:44:33.229+0000] {base.py:84} INFO - Retrieving connection 'google_cloud_default'
[2025-02-27T21:44:33.230+0000] {credentials_provider.py:409} INFO - Getting connection using `google.auth.default()` since no explicit credentials are provided.
[2025-02-27T21:44:33.243+0000] {bigquery.py:2956} INFO - Executing: {'query': {'query': "\n                        CREATE OR REPLACE TABLE `healthcare-project-452218.transform_dataset.canada_table` AS\n                        SELECT *\n                        FROM `healthcare-project-452218.staging_dataset.global_data`\n                        WHERE country = 'Canada'\n                    ", 'useLegacySql': False}}'
[2025-02-27T21:44:33.250+0000] {bigquery.py:1344} INFO - Inserting job airflow_load_and_transform_view_create_table_canada_2025_02_27T21_43_20_172370_00_00_8297359a60684753e8cb0db85bd8e585
[2025-02-27T21:44:36.739+0000] {bigquery.py:2927} INFO - Job airflow_load_and_transform_view_create_table_canada_2025_02_27T21_43_20_172370_00_00_8297359a60684753e8cb0db85bd8e585 is completed. Checking the job status
[2025-02-27T21:44:36.760+0000] {taskinstance.py:341} INFO - ::group::Post task execution logs
[2025-02-27T21:44:36.761+0000] {taskinstance.py:353} INFO - Marking task as SUCCESS. dag_id=load_and_transform_view, task_id=create_table_canada, run_id=manual__2025-02-27T21:43:20.172370+00:00, execution_date=20250227T214320, start_date=20250227T214433, end_date=20250227T214436
[2025-02-27T21:44:36.821+0000] {local_task_job_runner.py:266} INFO - Task exited with return code 0
[2025-02-27T21:44:36.859+0000] {taskinstance.py:3901} INFO - 1 downstream tasks scheduled from follow-on schedule check
[2025-02-27T21:44:36.866+0000] {local_task_job_runner.py:245} INFO - ::endgroup::
