[2025-02-27T21:44:10.044+0000] {local_task_job_runner.py:123} INFO - ::group::Pre task execution logs
[2025-02-27T21:44:10.060+0000] {taskinstance.py:2614} INFO - Dependencies all met for dep_context=non-requeueable deps ti=<TaskInstance: load_and_transform_view.create_table_germany manual__2025-02-27T21:43:20.172370+00:00 [queued]>
[2025-02-27T21:44:10.069+0000] {taskinstance.py:2614} INFO - Dependencies all met for dep_context=requeueable deps ti=<TaskInstance: load_and_transform_view.create_table_germany manual__2025-02-27T21:43:20.172370+00:00 [queued]>
[2025-02-27T21:44:10.070+0000] {taskinstance.py:2867} INFO - Starting attempt 1 of 2
[2025-02-27T21:44:10.085+0000] {taskinstance.py:2890} INFO - Executing <Task(BigQueryInsertJobOperator): create_table_germany> on 2025-02-27 21:43:20.172370+00:00
[2025-02-27T21:44:10.092+0000] {standard_task_runner.py:72} INFO - Started process 6121 to run task
[2025-02-27T21:44:10.099+0000] {standard_task_runner.py:104} INFO - Running: ['airflow', 'tasks', 'run', 'load_and_transform_view', 'create_table_germany', 'manual__2025-02-27T21:43:20.172370+00:00', '--job-id', '43', '--raw', '--subdir', 'DAGS_FOLDER/finial.py', '--cfg-path', '/tmp/tmp9_82ulz5']
[2025-02-27T21:44:10.103+0000] {standard_task_runner.py:105} INFO - Job 43: Subtask create_table_germany
[2025-02-27T21:44:10.158+0000] {task_command.py:467} INFO - Running <TaskInstance: load_and_transform_view.create_table_germany manual__2025-02-27T21:43:20.172370+00:00 [running]> on host airflow.us-central1-c.c.healthcare-project-452218.internal
[2025-02-27T21:44:10.225+0000] {taskinstance.py:3134} INFO - Exporting env vars: AIRFLOW_CTX_DAG_OWNER='airflow' AIRFLOW_CTX_DAG_ID='load_and_transform_view' AIRFLOW_CTX_TASK_ID='create_table_germany' AIRFLOW_CTX_EXECUTION_DATE='2025-02-27T21:43:20.172370+00:00' AIRFLOW_CTX_TRY_NUMBER='1' AIRFLOW_CTX_DAG_RUN_ID='manual__2025-02-27T21:43:20.172370+00:00'
[2025-02-27T21:44:10.226+0000] {taskinstance.py:732} INFO - ::endgroup::
[2025-02-27T21:44:10.253+0000] {connection.py:277} WARNING - Connection schemes (type: google_cloud_platform) shall not contain '_' according to RFC3986.
[2025-02-27T21:44:10.254+0000] {base.py:84} INFO - Retrieving connection 'google_cloud_default'
[2025-02-27T21:44:10.255+0000] {credentials_provider.py:409} INFO - Getting connection using `google.auth.default()` since no explicit credentials are provided.
[2025-02-27T21:44:10.267+0000] {bigquery.py:2956} INFO - Executing: {'query': {'query': "\n                        CREATE OR REPLACE TABLE `healthcare-project-452218.transform_dataset.germany_table` AS\n                        SELECT *\n                        FROM `healthcare-project-452218.staging_dataset.global_data`\n                        WHERE country = 'Germany'\n                    ", 'useLegacySql': False}}'
[2025-02-27T21:44:10.275+0000] {bigquery.py:1344} INFO - Inserting job airflow_load_and_transform_view_create_table_germany_2025_02_27T21_43_20_172370_00_00_7827a1d7063648c773da484a0c95ad5f
[2025-02-27T21:44:13.209+0000] {bigquery.py:2927} INFO - Job airflow_load_and_transform_view_create_table_germany_2025_02_27T21_43_20_172370_00_00_7827a1d7063648c773da484a0c95ad5f is completed. Checking the job status
[2025-02-27T21:44:13.227+0000] {taskinstance.py:341} INFO - ::group::Post task execution logs
[2025-02-27T21:44:13.228+0000] {taskinstance.py:353} INFO - Marking task as SUCCESS. dag_id=load_and_transform_view, task_id=create_table_germany, run_id=manual__2025-02-27T21:43:20.172370+00:00, execution_date=20250227T214320, start_date=20250227T214410, end_date=20250227T214413
[2025-02-27T21:44:13.288+0000] {local_task_job_runner.py:266} INFO - Task exited with return code 0
[2025-02-27T21:44:13.333+0000] {taskinstance.py:3901} INFO - 1 downstream tasks scheduled from follow-on schedule check
[2025-02-27T21:44:13.339+0000] {local_task_job_runner.py:245} INFO - ::endgroup::
