[2025-02-27T21:33:50.195+0000] {processor.py:186} INFO - Started process (PID=5845) to work on /home/sravan2418/airflow/dags/transformation.py
[2025-02-27T21:33:50.197+0000] {processor.py:914} INFO - Processing file /home/sravan2418/airflow/dags/transformation.py for tasks to queue
[2025-02-27T21:33:50.202+0000] {logging_mixin.py:190} INFO - [2025-02-27T21:33:50.201+0000] {dagbag.py:588} INFO - Filling up the DagBag from /home/sravan2418/airflow/dags/transformation.py
[2025-02-27T21:33:50.224+0000] {processor.py:925} INFO - DAG(s) 'load_and_transform' retrieved from /home/sravan2418/airflow/dags/transformation.py
[2025-02-27T21:33:50.390+0000] {logging_mixin.py:190} INFO - [2025-02-27T21:33:50.389+0000] {override.py:1930} INFO - Created Permission View: can delete on DAG:load_and_transform
[2025-02-27T21:33:50.407+0000] {logging_mixin.py:190} INFO - [2025-02-27T21:33:50.406+0000] {override.py:1930} INFO - Created Permission View: can edit on DAG:load_and_transform
[2025-02-27T21:33:50.419+0000] {logging_mixin.py:190} INFO - [2025-02-27T21:33:50.418+0000] {override.py:1930} INFO - Created Permission View: can read on DAG:load_and_transform
[2025-02-27T21:33:50.437+0000] {logging_mixin.py:190} INFO - [2025-02-27T21:33:50.436+0000] {override.py:1930} INFO - Created Permission View: can create on DAG Run:load_and_transform
[2025-02-27T21:33:50.448+0000] {logging_mixin.py:190} INFO - [2025-02-27T21:33:50.447+0000] {override.py:1930} INFO - Created Permission View: menu access on DAG Run:load_and_transform
[2025-02-27T21:33:50.459+0000] {logging_mixin.py:190} INFO - [2025-02-27T21:33:50.459+0000] {override.py:1930} INFO - Created Permission View: can delete on DAG Run:load_and_transform
[2025-02-27T21:33:50.470+0000] {logging_mixin.py:190} INFO - [2025-02-27T21:33:50.470+0000] {override.py:1930} INFO - Created Permission View: can read on DAG Run:load_and_transform
[2025-02-27T21:33:50.471+0000] {logging_mixin.py:190} INFO - [2025-02-27T21:33:50.470+0000] {dag.py:3239} INFO - Sync 1 DAGs
[2025-02-27T21:33:50.496+0000] {logging_mixin.py:190} INFO - [2025-02-27T21:33:50.495+0000] {dag.py:3262} INFO - Creating ORM DAG for load_and_transform
[2025-02-27T21:33:50.497+0000] {logging_mixin.py:190} INFO - [2025-02-27T21:33:50.497+0000] {dag.py:4180} INFO - Setting next_dagrun for load_and_transform to None, run_after=None
[2025-02-27T21:33:50.568+0000] {processor.py:208} INFO - Processing /home/sravan2418/airflow/dags/transformation.py took 0.386 seconds
[2025-02-27T21:34:27.252+0000] {processor.py:186} INFO - Started process (PID=5862) to work on /home/sravan2418/airflow/dags/transformation.py
[2025-02-27T21:34:27.254+0000] {processor.py:914} INFO - Processing file /home/sravan2418/airflow/dags/transformation.py for tasks to queue
[2025-02-27T21:34:27.258+0000] {logging_mixin.py:190} INFO - [2025-02-27T21:34:27.258+0000] {dagbag.py:588} INFO - Filling up the DagBag from /home/sravan2418/airflow/dags/transformation.py
[2025-02-27T21:34:27.276+0000] {processor.py:925} INFO - DAG(s) 'load_and_transform' retrieved from /home/sravan2418/airflow/dags/transformation.py
[2025-02-27T21:34:27.324+0000] {logging_mixin.py:190} INFO - [2025-02-27T21:34:27.323+0000] {dag.py:3239} INFO - Sync 1 DAGs
[2025-02-27T21:34:27.354+0000] {logging_mixin.py:190} INFO - [2025-02-27T21:34:27.353+0000] {dag.py:4180} INFO - Setting next_dagrun for load_and_transform to None, run_after=None
[2025-02-27T21:34:27.385+0000] {processor.py:208} INFO - Processing /home/sravan2418/airflow/dags/transformation.py took 0.145 seconds
[2025-02-27T21:35:03.946+0000] {processor.py:186} INFO - Started process (PID=5907) to work on /home/sravan2418/airflow/dags/transformation.py
[2025-02-27T21:35:03.949+0000] {processor.py:914} INFO - Processing file /home/sravan2418/airflow/dags/transformation.py for tasks to queue
[2025-02-27T21:35:03.954+0000] {logging_mixin.py:190} INFO - [2025-02-27T21:35:03.953+0000] {dagbag.py:588} INFO - Filling up the DagBag from /home/sravan2418/airflow/dags/transformation.py
[2025-02-27T21:35:03.974+0000] {processor.py:925} INFO - DAG(s) 'load_and_transform' retrieved from /home/sravan2418/airflow/dags/transformation.py
[2025-02-27T21:35:04.015+0000] {logging_mixin.py:190} INFO - [2025-02-27T21:35:04.014+0000] {dag.py:3239} INFO - Sync 1 DAGs
[2025-02-27T21:35:04.044+0000] {logging_mixin.py:190} INFO - [2025-02-27T21:35:04.044+0000] {dag.py:4180} INFO - Setting next_dagrun for load_and_transform to None, run_after=None
[2025-02-27T21:35:04.084+0000] {processor.py:208} INFO - Processing /home/sravan2418/airflow/dags/transformation.py took 0.150 seconds
[2025-02-27T21:35:35.228+0000] {processor.py:186} INFO - Started process (PID=5912) to work on /home/sravan2418/airflow/dags/transformation.py
[2025-02-27T21:35:35.230+0000] {processor.py:914} INFO - Processing file /home/sravan2418/airflow/dags/transformation.py for tasks to queue
[2025-02-27T21:35:35.235+0000] {logging_mixin.py:190} INFO - [2025-02-27T21:35:35.235+0000] {dagbag.py:588} INFO - Filling up the DagBag from /home/sravan2418/airflow/dags/transformation.py
[2025-02-27T21:35:35.255+0000] {processor.py:925} INFO - DAG(s) 'load_and_transform' retrieved from /home/sravan2418/airflow/dags/transformation.py
[2025-02-27T21:35:35.303+0000] {logging_mixin.py:190} INFO - [2025-02-27T21:35:35.302+0000] {dag.py:3239} INFO - Sync 1 DAGs
[2025-02-27T21:35:35.322+0000] {logging_mixin.py:190} INFO - [2025-02-27T21:35:35.322+0000] {dag.py:4180} INFO - Setting next_dagrun for load_and_transform to None, run_after=None
[2025-02-27T21:35:35.354+0000] {processor.py:208} INFO - Processing /home/sravan2418/airflow/dags/transformation.py took 0.138 seconds
[2025-02-27T21:36:05.691+0000] {processor.py:186} INFO - Started process (PID=5917) to work on /home/sravan2418/airflow/dags/transformation.py
[2025-02-27T21:36:05.692+0000] {processor.py:914} INFO - Processing file /home/sravan2418/airflow/dags/transformation.py for tasks to queue
[2025-02-27T21:36:05.699+0000] {logging_mixin.py:190} INFO - [2025-02-27T21:36:05.698+0000] {dagbag.py:588} INFO - Filling up the DagBag from /home/sravan2418/airflow/dags/transformation.py
[2025-02-27T21:36:05.722+0000] {processor.py:925} INFO - DAG(s) 'load_and_transform' retrieved from /home/sravan2418/airflow/dags/transformation.py
[2025-02-27T21:36:05.765+0000] {logging_mixin.py:190} INFO - [2025-02-27T21:36:05.764+0000] {dag.py:3239} INFO - Sync 1 DAGs
[2025-02-27T21:36:05.786+0000] {logging_mixin.py:190} INFO - [2025-02-27T21:36:05.785+0000] {dag.py:4180} INFO - Setting next_dagrun for load_and_transform to None, run_after=None
[2025-02-27T21:36:05.818+0000] {processor.py:208} INFO - Processing /home/sravan2418/airflow/dags/transformation.py took 0.140 seconds
[2025-02-27T21:36:10.391+0000] {processor.py:186} INFO - Started process (PID=5918) to work on /home/sravan2418/airflow/dags/transformation.py
[2025-02-27T21:36:10.394+0000] {processor.py:914} INFO - Processing file /home/sravan2418/airflow/dags/transformation.py for tasks to queue
[2025-02-27T21:36:10.398+0000] {logging_mixin.py:190} INFO - [2025-02-27T21:36:10.397+0000] {dagbag.py:588} INFO - Filling up the DagBag from /home/sravan2418/airflow/dags/transformation.py
[2025-02-27T21:36:10.419+0000] {processor.py:925} INFO - DAG(s) 'load_and_transform' retrieved from /home/sravan2418/airflow/dags/transformation.py
[2025-02-27T21:36:10.453+0000] {logging_mixin.py:190} INFO - [2025-02-27T21:36:10.453+0000] {dag.py:3239} INFO - Sync 1 DAGs
[2025-02-27T21:36:10.470+0000] {logging_mixin.py:190} INFO - [2025-02-27T21:36:10.469+0000] {dag.py:4180} INFO - Setting next_dagrun for load_and_transform to None, run_after=None
[2025-02-27T21:36:10.495+0000] {processor.py:208} INFO - Processing /home/sravan2418/airflow/dags/transformation.py took 0.114 seconds
[2025-02-27T21:36:47.156+0000] {processor.py:186} INFO - Started process (PID=5932) to work on /home/sravan2418/airflow/dags/transformation.py
[2025-02-27T21:36:47.158+0000] {processor.py:914} INFO - Processing file /home/sravan2418/airflow/dags/transformation.py for tasks to queue
[2025-02-27T21:36:47.167+0000] {logging_mixin.py:190} INFO - [2025-02-27T21:36:47.166+0000] {dagbag.py:588} INFO - Filling up the DagBag from /home/sravan2418/airflow/dags/transformation.py
[2025-02-27T21:36:47.184+0000] {processor.py:925} INFO - DAG(s) 'load_and_transform' retrieved from /home/sravan2418/airflow/dags/transformation.py
[2025-02-27T21:36:47.217+0000] {logging_mixin.py:190} INFO - [2025-02-27T21:36:47.216+0000] {dag.py:3239} INFO - Sync 1 DAGs
[2025-02-27T21:36:47.234+0000] {logging_mixin.py:190} INFO - [2025-02-27T21:36:47.234+0000] {dag.py:4180} INFO - Setting next_dagrun for load_and_transform to None, run_after=None
[2025-02-27T21:36:47.259+0000] {processor.py:208} INFO - Processing /home/sravan2418/airflow/dags/transformation.py took 0.113 seconds
[2025-02-27T21:37:53.884+0000] {processor.py:186} INFO - Started process (PID=5984) to work on /home/sravan2418/airflow/dags/transformation.py
[2025-02-27T21:37:53.887+0000] {processor.py:914} INFO - Processing file /home/sravan2418/airflow/dags/transformation.py for tasks to queue
[2025-02-27T21:37:53.892+0000] {logging_mixin.py:190} INFO - [2025-02-27T21:37:53.891+0000] {dagbag.py:588} INFO - Filling up the DagBag from /home/sravan2418/airflow/dags/transformation.py
[2025-02-27T21:37:53.910+0000] {processor.py:925} INFO - DAG(s) 'load_and_transform' retrieved from /home/sravan2418/airflow/dags/transformation.py
[2025-02-27T21:37:53.943+0000] {logging_mixin.py:190} INFO - [2025-02-27T21:37:53.942+0000] {dag.py:3239} INFO - Sync 1 DAGs
[2025-02-27T21:37:53.958+0000] {logging_mixin.py:190} INFO - [2025-02-27T21:37:53.958+0000] {dag.py:4180} INFO - Setting next_dagrun for load_and_transform to None, run_after=None
[2025-02-27T21:37:53.987+0000] {processor.py:208} INFO - Processing /home/sravan2418/airflow/dags/transformation.py took 0.113 seconds
[2025-02-27T21:38:24.924+0000] {processor.py:186} INFO - Started process (PID=5989) to work on /home/sravan2418/airflow/dags/transformation.py
[2025-02-27T21:38:24.927+0000] {processor.py:914} INFO - Processing file /home/sravan2418/airflow/dags/transformation.py for tasks to queue
[2025-02-27T21:38:24.932+0000] {logging_mixin.py:190} INFO - [2025-02-27T21:38:24.931+0000] {dagbag.py:588} INFO - Filling up the DagBag from /home/sravan2418/airflow/dags/transformation.py
[2025-02-27T21:38:24.950+0000] {processor.py:925} INFO - DAG(s) 'load_and_transform' retrieved from /home/sravan2418/airflow/dags/transformation.py
[2025-02-27T21:38:24.982+0000] {logging_mixin.py:190} INFO - [2025-02-27T21:38:24.982+0000] {dag.py:3239} INFO - Sync 1 DAGs
[2025-02-27T21:38:25.002+0000] {logging_mixin.py:190} INFO - [2025-02-27T21:38:25.002+0000] {dag.py:4180} INFO - Setting next_dagrun for load_and_transform to None, run_after=None
[2025-02-27T21:38:25.033+0000] {processor.py:208} INFO - Processing /home/sravan2418/airflow/dags/transformation.py took 0.121 seconds
[2025-02-27T21:38:55.424+0000] {processor.py:186} INFO - Started process (PID=5992) to work on /home/sravan2418/airflow/dags/transformation.py
[2025-02-27T21:38:55.427+0000] {processor.py:914} INFO - Processing file /home/sravan2418/airflow/dags/transformation.py for tasks to queue
[2025-02-27T21:38:55.432+0000] {logging_mixin.py:190} INFO - [2025-02-27T21:38:55.432+0000] {dagbag.py:588} INFO - Filling up the DagBag from /home/sravan2418/airflow/dags/transformation.py
[2025-02-27T21:38:55.454+0000] {processor.py:925} INFO - DAG(s) 'load_and_transform' retrieved from /home/sravan2418/airflow/dags/transformation.py
[2025-02-27T21:38:55.502+0000] {logging_mixin.py:190} INFO - [2025-02-27T21:38:55.497+0000] {dag.py:3239} INFO - Sync 1 DAGs
[2025-02-27T21:38:55.524+0000] {logging_mixin.py:190} INFO - [2025-02-27T21:38:55.523+0000] {dag.py:4180} INFO - Setting next_dagrun for load_and_transform to None, run_after=None
[2025-02-27T21:38:55.553+0000] {processor.py:208} INFO - Processing /home/sravan2418/airflow/dags/transformation.py took 0.142 seconds
[2025-02-27T21:39:25.894+0000] {processor.py:186} INFO - Started process (PID=5997) to work on /home/sravan2418/airflow/dags/transformation.py
[2025-02-27T21:39:25.896+0000] {processor.py:914} INFO - Processing file /home/sravan2418/airflow/dags/transformation.py for tasks to queue
[2025-02-27T21:39:25.902+0000] {logging_mixin.py:190} INFO - [2025-02-27T21:39:25.902+0000] {dagbag.py:588} INFO - Filling up the DagBag from /home/sravan2418/airflow/dags/transformation.py
[2025-02-27T21:39:25.922+0000] {processor.py:925} INFO - DAG(s) 'load_and_transform' retrieved from /home/sravan2418/airflow/dags/transformation.py
[2025-02-27T21:39:25.965+0000] {logging_mixin.py:190} INFO - [2025-02-27T21:39:25.964+0000] {dag.py:3239} INFO - Sync 1 DAGs
[2025-02-27T21:39:25.985+0000] {logging_mixin.py:190} INFO - [2025-02-27T21:39:25.984+0000] {dag.py:4180} INFO - Setting next_dagrun for load_and_transform to None, run_after=None
[2025-02-27T21:39:26.019+0000] {processor.py:208} INFO - Processing /home/sravan2418/airflow/dags/transformation.py took 0.137 seconds
[2025-02-27T21:40:04.977+0000] {processor.py:186} INFO - Started process (PID=6027) to work on /home/sravan2418/airflow/dags/transformation.py
[2025-02-27T21:40:04.980+0000] {processor.py:914} INFO - Processing file /home/sravan2418/airflow/dags/transformation.py for tasks to queue
[2025-02-27T21:40:04.984+0000] {logging_mixin.py:190} INFO - [2025-02-27T21:40:04.983+0000] {dagbag.py:588} INFO - Filling up the DagBag from /home/sravan2418/airflow/dags/transformation.py
[2025-02-27T21:40:05.002+0000] {processor.py:925} INFO - DAG(s) 'load_and_transform' retrieved from /home/sravan2418/airflow/dags/transformation.py
[2025-02-27T21:40:05.043+0000] {logging_mixin.py:190} INFO - [2025-02-27T21:40:05.042+0000] {dag.py:3239} INFO - Sync 1 DAGs
[2025-02-27T21:40:05.059+0000] {logging_mixin.py:190} INFO - [2025-02-27T21:40:05.058+0000] {dag.py:4180} INFO - Setting next_dagrun for load_and_transform to None, run_after=None
[2025-02-27T21:40:05.085+0000] {processor.py:208} INFO - Processing /home/sravan2418/airflow/dags/transformation.py took 0.118 seconds
[2025-02-27T21:40:35.242+0000] {processor.py:186} INFO - Started process (PID=6048) to work on /home/sravan2418/airflow/dags/transformation.py
[2025-02-27T21:40:35.245+0000] {processor.py:914} INFO - Processing file /home/sravan2418/airflow/dags/transformation.py for tasks to queue
[2025-02-27T21:40:35.254+0000] {logging_mixin.py:190} INFO - [2025-02-27T21:40:35.253+0000] {dagbag.py:588} INFO - Filling up the DagBag from /home/sravan2418/airflow/dags/transformation.py
[2025-02-27T21:40:35.284+0000] {processor.py:925} INFO - DAG(s) 'load_and_transform' retrieved from /home/sravan2418/airflow/dags/transformation.py
[2025-02-27T21:40:35.350+0000] {logging_mixin.py:190} INFO - [2025-02-27T21:40:35.348+0000] {dag.py:3239} INFO - Sync 1 DAGs
[2025-02-27T21:40:35.381+0000] {logging_mixin.py:190} INFO - [2025-02-27T21:40:35.381+0000] {dag.py:4180} INFO - Setting next_dagrun for load_and_transform to None, run_after=None
[2025-02-27T21:40:35.426+0000] {processor.py:208} INFO - Processing /home/sravan2418/airflow/dags/transformation.py took 0.206 seconds
[2025-02-27T21:41:06.027+0000] {processor.py:186} INFO - Started process (PID=6053) to work on /home/sravan2418/airflow/dags/transformation.py
[2025-02-27T21:41:06.030+0000] {processor.py:914} INFO - Processing file /home/sravan2418/airflow/dags/transformation.py for tasks to queue
[2025-02-27T21:41:06.034+0000] {logging_mixin.py:190} INFO - [2025-02-27T21:41:06.034+0000] {dagbag.py:588} INFO - Filling up the DagBag from /home/sravan2418/airflow/dags/transformation.py
[2025-02-27T21:41:06.055+0000] {processor.py:925} INFO - DAG(s) 'load_and_transform' retrieved from /home/sravan2418/airflow/dags/transformation.py
[2025-02-27T21:41:06.094+0000] {logging_mixin.py:190} INFO - [2025-02-27T21:41:06.093+0000] {dag.py:3239} INFO - Sync 1 DAGs
[2025-02-27T21:41:06.113+0000] {logging_mixin.py:190} INFO - [2025-02-27T21:41:06.112+0000] {dag.py:4180} INFO - Setting next_dagrun for load_and_transform to None, run_after=None
[2025-02-27T21:41:06.145+0000] {processor.py:208} INFO - Processing /home/sravan2418/airflow/dags/transformation.py took 0.129 seconds
[2025-02-27T21:41:36.289+0000] {processor.py:186} INFO - Started process (PID=6060) to work on /home/sravan2418/airflow/dags/transformation.py
[2025-02-27T21:41:36.291+0000] {processor.py:914} INFO - Processing file /home/sravan2418/airflow/dags/transformation.py for tasks to queue
[2025-02-27T21:41:36.295+0000] {logging_mixin.py:190} INFO - [2025-02-27T21:41:36.295+0000] {dagbag.py:588} INFO - Filling up the DagBag from /home/sravan2418/airflow/dags/transformation.py
[2025-02-27T21:41:36.313+0000] {processor.py:925} INFO - DAG(s) 'load_and_transform' retrieved from /home/sravan2418/airflow/dags/transformation.py
[2025-02-27T21:41:36.348+0000] {logging_mixin.py:190} INFO - [2025-02-27T21:41:36.347+0000] {dag.py:3239} INFO - Sync 1 DAGs
[2025-02-27T21:41:36.364+0000] {logging_mixin.py:190} INFO - [2025-02-27T21:41:36.364+0000] {dag.py:4180} INFO - Setting next_dagrun for load_and_transform to None, run_after=None
[2025-02-27T21:41:36.391+0000] {processor.py:208} INFO - Processing /home/sravan2418/airflow/dags/transformation.py took 0.112 seconds
[2025-02-27T21:42:07.109+0000] {processor.py:186} INFO - Started process (PID=6066) to work on /home/sravan2418/airflow/dags/transformation.py
[2025-02-27T21:42:07.112+0000] {processor.py:914} INFO - Processing file /home/sravan2418/airflow/dags/transformation.py for tasks to queue
[2025-02-27T21:42:07.116+0000] {logging_mixin.py:190} INFO - [2025-02-27T21:42:07.116+0000] {dagbag.py:588} INFO - Filling up the DagBag from /home/sravan2418/airflow/dags/transformation.py
[2025-02-27T21:42:07.137+0000] {processor.py:925} INFO - DAG(s) 'load_and_transform' retrieved from /home/sravan2418/airflow/dags/transformation.py
[2025-02-27T21:42:07.176+0000] {logging_mixin.py:190} INFO - [2025-02-27T21:42:07.175+0000] {dag.py:3239} INFO - Sync 1 DAGs
[2025-02-27T21:42:07.197+0000] {logging_mixin.py:190} INFO - [2025-02-27T21:42:07.196+0000] {dag.py:4180} INFO - Setting next_dagrun for load_and_transform to None, run_after=None
[2025-02-27T21:42:07.229+0000] {processor.py:208} INFO - Processing /home/sravan2418/airflow/dags/transformation.py took 0.132 seconds
[2025-02-27T21:42:38.205+0000] {processor.py:186} INFO - Started process (PID=6073) to work on /home/sravan2418/airflow/dags/transformation.py
[2025-02-27T21:42:38.207+0000] {processor.py:914} INFO - Processing file /home/sravan2418/airflow/dags/transformation.py for tasks to queue
[2025-02-27T21:42:38.211+0000] {logging_mixin.py:190} INFO - [2025-02-27T21:42:38.211+0000] {dagbag.py:588} INFO - Filling up the DagBag from /home/sravan2418/airflow/dags/transformation.py
[2025-02-27T21:42:38.228+0000] {processor.py:925} INFO - DAG(s) 'load_and_transform' retrieved from /home/sravan2418/airflow/dags/transformation.py
[2025-02-27T21:42:38.260+0000] {logging_mixin.py:190} INFO - [2025-02-27T21:42:38.259+0000] {dag.py:3239} INFO - Sync 1 DAGs
[2025-02-27T21:42:38.275+0000] {logging_mixin.py:190} INFO - [2025-02-27T21:42:38.275+0000] {dag.py:4180} INFO - Setting next_dagrun for load_and_transform to None, run_after=None
[2025-02-27T21:42:38.300+0000] {processor.py:208} INFO - Processing /home/sravan2418/airflow/dags/transformation.py took 0.105 seconds
[2025-02-27T21:43:08.799+0000] {processor.py:186} INFO - Started process (PID=6080) to work on /home/sravan2418/airflow/dags/transformation.py
[2025-02-27T21:43:08.802+0000] {processor.py:914} INFO - Processing file /home/sravan2418/airflow/dags/transformation.py for tasks to queue
[2025-02-27T21:43:08.806+0000] {logging_mixin.py:190} INFO - [2025-02-27T21:43:08.805+0000] {dagbag.py:588} INFO - Filling up the DagBag from /home/sravan2418/airflow/dags/transformation.py
[2025-02-27T21:43:08.828+0000] {processor.py:925} INFO - DAG(s) 'load_and_transform' retrieved from /home/sravan2418/airflow/dags/transformation.py
[2025-02-27T21:43:08.863+0000] {logging_mixin.py:190} INFO - [2025-02-27T21:43:08.862+0000] {dag.py:3239} INFO - Sync 1 DAGs
[2025-02-27T21:43:08.881+0000] {logging_mixin.py:190} INFO - [2025-02-27T21:43:08.880+0000] {dag.py:4180} INFO - Setting next_dagrun for load_and_transform to None, run_after=None
[2025-02-27T21:43:08.905+0000] {processor.py:208} INFO - Processing /home/sravan2418/airflow/dags/transformation.py took 0.117 seconds
[2025-02-27T21:43:50.407+0000] {processor.py:186} INFO - Started process (PID=6094) to work on /home/sravan2418/airflow/dags/transformation.py
[2025-02-27T21:43:50.411+0000] {processor.py:914} INFO - Processing file /home/sravan2418/airflow/dags/transformation.py for tasks to queue
[2025-02-27T21:43:50.415+0000] {logging_mixin.py:190} INFO - [2025-02-27T21:43:50.414+0000] {dagbag.py:588} INFO - Filling up the DagBag from /home/sravan2418/airflow/dags/transformation.py
[2025-02-27T21:43:50.432+0000] {processor.py:925} INFO - DAG(s) 'load_and_transform' retrieved from /home/sravan2418/airflow/dags/transformation.py
[2025-02-27T21:43:50.464+0000] {logging_mixin.py:190} INFO - [2025-02-27T21:43:50.463+0000] {dag.py:3239} INFO - Sync 1 DAGs
[2025-02-27T21:43:50.479+0000] {logging_mixin.py:190} INFO - [2025-02-27T21:43:50.479+0000] {dag.py:4180} INFO - Setting next_dagrun for load_and_transform to None, run_after=None
[2025-02-27T21:43:50.503+0000] {processor.py:208} INFO - Processing /home/sravan2418/airflow/dags/transformation.py took 0.106 seconds
[2025-02-27T21:45:24.211+0000] {processor.py:186} INFO - Started process (PID=6200) to work on /home/sravan2418/airflow/dags/transformation.py
[2025-02-27T21:45:24.213+0000] {processor.py:914} INFO - Processing file /home/sravan2418/airflow/dags/transformation.py for tasks to queue
[2025-02-27T21:45:24.218+0000] {logging_mixin.py:190} INFO - [2025-02-27T21:45:24.218+0000] {dagbag.py:588} INFO - Filling up the DagBag from /home/sravan2418/airflow/dags/transformation.py
[2025-02-27T21:45:24.235+0000] {processor.py:925} INFO - DAG(s) 'load_and_transform' retrieved from /home/sravan2418/airflow/dags/transformation.py
[2025-02-27T21:45:24.266+0000] {logging_mixin.py:190} INFO - [2025-02-27T21:45:24.266+0000] {dag.py:3239} INFO - Sync 1 DAGs
[2025-02-27T21:45:24.282+0000] {logging_mixin.py:190} INFO - [2025-02-27T21:45:24.282+0000] {dag.py:4180} INFO - Setting next_dagrun for load_and_transform to None, run_after=None
[2025-02-27T21:45:24.306+0000] {processor.py:208} INFO - Processing /home/sravan2418/airflow/dags/transformation.py took 0.105 seconds
[2025-02-27T21:45:54.495+0000] {processor.py:186} INFO - Started process (PID=6206) to work on /home/sravan2418/airflow/dags/transformation.py
[2025-02-27T21:45:54.498+0000] {processor.py:914} INFO - Processing file /home/sravan2418/airflow/dags/transformation.py for tasks to queue
[2025-02-27T21:45:54.502+0000] {logging_mixin.py:190} INFO - [2025-02-27T21:45:54.502+0000] {dagbag.py:588} INFO - Filling up the DagBag from /home/sravan2418/airflow/dags/transformation.py
[2025-02-27T21:45:54.520+0000] {processor.py:925} INFO - DAG(s) 'load_and_transform' retrieved from /home/sravan2418/airflow/dags/transformation.py
[2025-02-27T21:45:54.556+0000] {logging_mixin.py:190} INFO - [2025-02-27T21:45:54.555+0000] {dag.py:3239} INFO - Sync 1 DAGs
[2025-02-27T21:45:54.575+0000] {logging_mixin.py:190} INFO - [2025-02-27T21:45:54.575+0000] {dag.py:4180} INFO - Setting next_dagrun for load_and_transform to None, run_after=None
[2025-02-27T21:45:54.602+0000] {processor.py:208} INFO - Processing /home/sravan2418/airflow/dags/transformation.py took 0.117 seconds
[2025-02-27T21:46:25.047+0000] {processor.py:186} INFO - Started process (PID=6214) to work on /home/sravan2418/airflow/dags/transformation.py
[2025-02-27T21:46:25.048+0000] {processor.py:914} INFO - Processing file /home/sravan2418/airflow/dags/transformation.py for tasks to queue
[2025-02-27T21:46:25.053+0000] {logging_mixin.py:190} INFO - [2025-02-27T21:46:25.053+0000] {dagbag.py:588} INFO - Filling up the DagBag from /home/sravan2418/airflow/dags/transformation.py
[2025-02-27T21:46:25.071+0000] {processor.py:925} INFO - DAG(s) 'load_and_transform' retrieved from /home/sravan2418/airflow/dags/transformation.py
[2025-02-27T21:46:25.107+0000] {logging_mixin.py:190} INFO - [2025-02-27T21:46:25.107+0000] {dag.py:3239} INFO - Sync 1 DAGs
[2025-02-27T21:46:25.127+0000] {logging_mixin.py:190} INFO - [2025-02-27T21:46:25.126+0000] {dag.py:4180} INFO - Setting next_dagrun for load_and_transform to None, run_after=None
[2025-02-27T21:46:25.427+0000] {processor.py:208} INFO - Processing /home/sravan2418/airflow/dags/transformation.py took 0.391 seconds
[2025-02-27T21:46:55.571+0000] {processor.py:186} INFO - Started process (PID=6218) to work on /home/sravan2418/airflow/dags/transformation.py
[2025-02-27T21:46:55.573+0000] {processor.py:914} INFO - Processing file /home/sravan2418/airflow/dags/transformation.py for tasks to queue
[2025-02-27T21:46:55.578+0000] {logging_mixin.py:190} INFO - [2025-02-27T21:46:55.578+0000] {dagbag.py:588} INFO - Filling up the DagBag from /home/sravan2418/airflow/dags/transformation.py
[2025-02-27T21:46:55.596+0000] {processor.py:925} INFO - DAG(s) 'load_and_transform' retrieved from /home/sravan2418/airflow/dags/transformation.py
[2025-02-27T21:46:55.630+0000] {logging_mixin.py:190} INFO - [2025-02-27T21:46:55.629+0000] {dag.py:3239} INFO - Sync 1 DAGs
[2025-02-27T21:46:55.940+0000] {logging_mixin.py:190} INFO - [2025-02-27T21:46:55.940+0000] {dag.py:4180} INFO - Setting next_dagrun for load_and_transform to None, run_after=None
[2025-02-27T21:46:55.963+0000] {processor.py:208} INFO - Processing /home/sravan2418/airflow/dags/transformation.py took 0.403 seconds
[2025-02-27T21:47:26.390+0000] {processor.py:186} INFO - Started process (PID=6224) to work on /home/sravan2418/airflow/dags/transformation.py
[2025-02-27T21:47:26.392+0000] {processor.py:914} INFO - Processing file /home/sravan2418/airflow/dags/transformation.py for tasks to queue
[2025-02-27T21:47:26.395+0000] {logging_mixin.py:190} INFO - [2025-02-27T21:47:26.395+0000] {dagbag.py:588} INFO - Filling up the DagBag from /home/sravan2418/airflow/dags/transformation.py
[2025-02-27T21:47:26.412+0000] {processor.py:925} INFO - DAG(s) 'load_and_transform' retrieved from /home/sravan2418/airflow/dags/transformation.py
[2025-02-27T21:47:26.709+0000] {logging_mixin.py:190} INFO - [2025-02-27T21:47:26.709+0000] {dag.py:3239} INFO - Sync 1 DAGs
[2025-02-27T21:47:26.721+0000] {logging_mixin.py:190} INFO - [2025-02-27T21:47:26.721+0000] {dag.py:4180} INFO - Setting next_dagrun for load_and_transform to None, run_after=None
[2025-02-27T21:47:26.745+0000] {processor.py:208} INFO - Processing /home/sravan2418/airflow/dags/transformation.py took 0.365 seconds
[2025-02-27T21:47:56.868+0000] {processor.py:186} INFO - Started process (PID=6230) to work on /home/sravan2418/airflow/dags/transformation.py
[2025-02-27T21:47:56.871+0000] {processor.py:914} INFO - Processing file /home/sravan2418/airflow/dags/transformation.py for tasks to queue
[2025-02-27T21:47:56.875+0000] {logging_mixin.py:190} INFO - [2025-02-27T21:47:56.874+0000] {dagbag.py:588} INFO - Filling up the DagBag from /home/sravan2418/airflow/dags/transformation.py
[2025-02-27T21:47:56.893+0000] {processor.py:925} INFO - DAG(s) 'load_and_transform' retrieved from /home/sravan2418/airflow/dags/transformation.py
[2025-02-27T21:47:57.209+0000] {logging_mixin.py:190} INFO - [2025-02-27T21:47:57.208+0000] {dag.py:3239} INFO - Sync 1 DAGs
[2025-02-27T21:47:57.222+0000] {logging_mixin.py:190} INFO - [2025-02-27T21:47:57.221+0000] {dag.py:4180} INFO - Setting next_dagrun for load_and_transform to None, run_after=None
[2025-02-27T21:47:57.244+0000] {processor.py:208} INFO - Processing /home/sravan2418/airflow/dags/transformation.py took 0.386 seconds
[2025-02-27T21:48:27.314+0000] {processor.py:186} INFO - Started process (PID=6234) to work on /home/sravan2418/airflow/dags/transformation.py
[2025-02-27T21:48:27.317+0000] {processor.py:914} INFO - Processing file /home/sravan2418/airflow/dags/transformation.py for tasks to queue
[2025-02-27T21:48:27.323+0000] {logging_mixin.py:190} INFO - [2025-02-27T21:48:27.322+0000] {dagbag.py:588} INFO - Filling up the DagBag from /home/sravan2418/airflow/dags/transformation.py
[2025-02-27T21:48:27.343+0000] {processor.py:925} INFO - DAG(s) 'load_and_transform' retrieved from /home/sravan2418/airflow/dags/transformation.py
[2025-02-27T21:48:27.384+0000] {logging_mixin.py:190} INFO - [2025-02-27T21:48:27.383+0000] {dag.py:3239} INFO - Sync 1 DAGs
[2025-02-27T21:48:27.408+0000] {logging_mixin.py:190} INFO - [2025-02-27T21:48:27.407+0000] {dag.py:4180} INFO - Setting next_dagrun for load_and_transform to None, run_after=None
[2025-02-27T21:48:27.438+0000] {processor.py:208} INFO - Processing /home/sravan2418/airflow/dags/transformation.py took 0.137 seconds
[2025-02-27T21:48:58.465+0000] {processor.py:186} INFO - Started process (PID=6240) to work on /home/sravan2418/airflow/dags/transformation.py
[2025-02-27T21:48:58.467+0000] {processor.py:914} INFO - Processing file /home/sravan2418/airflow/dags/transformation.py for tasks to queue
[2025-02-27T21:48:58.471+0000] {logging_mixin.py:190} INFO - [2025-02-27T21:48:58.471+0000] {dagbag.py:588} INFO - Filling up the DagBag from /home/sravan2418/airflow/dags/transformation.py
[2025-02-27T21:48:58.488+0000] {processor.py:925} INFO - DAG(s) 'load_and_transform' retrieved from /home/sravan2418/airflow/dags/transformation.py
[2025-02-27T21:48:58.522+0000] {logging_mixin.py:190} INFO - [2025-02-27T21:48:58.521+0000] {dag.py:3239} INFO - Sync 1 DAGs
[2025-02-27T21:48:58.538+0000] {logging_mixin.py:190} INFO - [2025-02-27T21:48:58.538+0000] {dag.py:4180} INFO - Setting next_dagrun for load_and_transform to None, run_after=None
[2025-02-27T21:48:58.565+0000] {processor.py:208} INFO - Processing /home/sravan2418/airflow/dags/transformation.py took 0.109 seconds
[2025-02-27T21:49:29.220+0000] {processor.py:186} INFO - Started process (PID=6248) to work on /home/sravan2418/airflow/dags/transformation.py
[2025-02-27T21:49:29.222+0000] {processor.py:914} INFO - Processing file /home/sravan2418/airflow/dags/transformation.py for tasks to queue
[2025-02-27T21:49:29.227+0000] {logging_mixin.py:190} INFO - [2025-02-27T21:49:29.226+0000] {dagbag.py:588} INFO - Filling up the DagBag from /home/sravan2418/airflow/dags/transformation.py
[2025-02-27T21:49:29.245+0000] {processor.py:925} INFO - DAG(s) 'load_and_transform' retrieved from /home/sravan2418/airflow/dags/transformation.py
[2025-02-27T21:49:29.278+0000] {logging_mixin.py:190} INFO - [2025-02-27T21:49:29.277+0000] {dag.py:3239} INFO - Sync 1 DAGs
[2025-02-27T21:49:29.294+0000] {logging_mixin.py:190} INFO - [2025-02-27T21:49:29.293+0000] {dag.py:4180} INFO - Setting next_dagrun for load_and_transform to None, run_after=None
[2025-02-27T21:49:29.319+0000] {processor.py:208} INFO - Processing /home/sravan2418/airflow/dags/transformation.py took 0.110 seconds
[2025-02-27T21:49:59.777+0000] {processor.py:186} INFO - Started process (PID=6252) to work on /home/sravan2418/airflow/dags/transformation.py
[2025-02-27T21:49:59.779+0000] {processor.py:914} INFO - Processing file /home/sravan2418/airflow/dags/transformation.py for tasks to queue
[2025-02-27T21:49:59.785+0000] {logging_mixin.py:190} INFO - [2025-02-27T21:49:59.784+0000] {dagbag.py:588} INFO - Filling up the DagBag from /home/sravan2418/airflow/dags/transformation.py
[2025-02-27T21:49:59.805+0000] {processor.py:925} INFO - DAG(s) 'load_and_transform' retrieved from /home/sravan2418/airflow/dags/transformation.py
[2025-02-27T21:49:59.846+0000] {logging_mixin.py:190} INFO - [2025-02-27T21:49:59.845+0000] {dag.py:3239} INFO - Sync 1 DAGs
[2025-02-27T21:49:59.866+0000] {logging_mixin.py:190} INFO - [2025-02-27T21:49:59.865+0000] {dag.py:4180} INFO - Setting next_dagrun for load_and_transform to None, run_after=None
[2025-02-27T21:49:59.896+0000] {processor.py:208} INFO - Processing /home/sravan2418/airflow/dags/transformation.py took 0.132 seconds
[2025-02-27T21:50:30.522+0000] {processor.py:186} INFO - Started process (PID=6263) to work on /home/sravan2418/airflow/dags/transformation.py
[2025-02-27T21:50:30.524+0000] {processor.py:914} INFO - Processing file /home/sravan2418/airflow/dags/transformation.py for tasks to queue
[2025-02-27T21:50:30.530+0000] {logging_mixin.py:190} INFO - [2025-02-27T21:50:30.529+0000] {dagbag.py:588} INFO - Filling up the DagBag from /home/sravan2418/airflow/dags/transformation.py
[2025-02-27T21:50:30.549+0000] {processor.py:925} INFO - DAG(s) 'load_and_transform' retrieved from /home/sravan2418/airflow/dags/transformation.py
[2025-02-27T21:50:30.583+0000] {logging_mixin.py:190} INFO - [2025-02-27T21:50:30.582+0000] {dag.py:3239} INFO - Sync 1 DAGs
[2025-02-27T21:50:30.600+0000] {logging_mixin.py:190} INFO - [2025-02-27T21:50:30.599+0000] {dag.py:4180} INFO - Setting next_dagrun for load_and_transform to None, run_after=None
[2025-02-27T21:50:30.626+0000] {processor.py:208} INFO - Processing /home/sravan2418/airflow/dags/transformation.py took 0.114 seconds
[2025-02-27T21:51:01.256+0000] {processor.py:186} INFO - Started process (PID=6267) to work on /home/sravan2418/airflow/dags/transformation.py
[2025-02-27T21:51:01.259+0000] {processor.py:914} INFO - Processing file /home/sravan2418/airflow/dags/transformation.py for tasks to queue
[2025-02-27T21:51:01.264+0000] {logging_mixin.py:190} INFO - [2025-02-27T21:51:01.264+0000] {dagbag.py:588} INFO - Filling up the DagBag from /home/sravan2418/airflow/dags/transformation.py
[2025-02-27T21:51:01.285+0000] {processor.py:925} INFO - DAG(s) 'load_and_transform' retrieved from /home/sravan2418/airflow/dags/transformation.py
[2025-02-27T21:51:01.335+0000] {logging_mixin.py:190} INFO - [2025-02-27T21:51:01.334+0000] {dag.py:3239} INFO - Sync 1 DAGs
[2025-02-27T21:51:01.354+0000] {logging_mixin.py:190} INFO - [2025-02-27T21:51:01.354+0000] {dag.py:4180} INFO - Setting next_dagrun for load_and_transform to None, run_after=None
[2025-02-27T21:51:01.387+0000] {processor.py:208} INFO - Processing /home/sravan2418/airflow/dags/transformation.py took 0.143 seconds
[2025-02-27T21:51:31.856+0000] {processor.py:186} INFO - Started process (PID=6273) to work on /home/sravan2418/airflow/dags/transformation.py
[2025-02-27T21:51:31.858+0000] {processor.py:914} INFO - Processing file /home/sravan2418/airflow/dags/transformation.py for tasks to queue
[2025-02-27T21:51:31.864+0000] {logging_mixin.py:190} INFO - [2025-02-27T21:51:31.863+0000] {dagbag.py:588} INFO - Filling up the DagBag from /home/sravan2418/airflow/dags/transformation.py
[2025-02-27T21:51:31.885+0000] {processor.py:925} INFO - DAG(s) 'load_and_transform' retrieved from /home/sravan2418/airflow/dags/transformation.py
[2025-02-27T21:51:31.925+0000] {logging_mixin.py:190} INFO - [2025-02-27T21:51:31.924+0000] {dag.py:3239} INFO - Sync 1 DAGs
[2025-02-27T21:51:31.944+0000] {logging_mixin.py:190} INFO - [2025-02-27T21:51:31.944+0000] {dag.py:4180} INFO - Setting next_dagrun for load_and_transform to None, run_after=None
[2025-02-27T21:51:31.976+0000] {processor.py:208} INFO - Processing /home/sravan2418/airflow/dags/transformation.py took 0.134 seconds
[2025-02-27T21:52:02.555+0000] {processor.py:186} INFO - Started process (PID=6279) to work on /home/sravan2418/airflow/dags/transformation.py
[2025-02-27T21:52:02.558+0000] {processor.py:914} INFO - Processing file /home/sravan2418/airflow/dags/transformation.py for tasks to queue
[2025-02-27T21:52:02.562+0000] {logging_mixin.py:190} INFO - [2025-02-27T21:52:02.562+0000] {dagbag.py:588} INFO - Filling up the DagBag from /home/sravan2418/airflow/dags/transformation.py
[2025-02-27T21:52:02.580+0000] {processor.py:925} INFO - DAG(s) 'load_and_transform' retrieved from /home/sravan2418/airflow/dags/transformation.py
[2025-02-27T21:52:02.616+0000] {logging_mixin.py:190} INFO - [2025-02-27T21:52:02.615+0000] {dag.py:3239} INFO - Sync 1 DAGs
[2025-02-27T21:52:02.634+0000] {logging_mixin.py:190} INFO - [2025-02-27T21:52:02.633+0000] {dag.py:4180} INFO - Setting next_dagrun for load_and_transform to None, run_after=None
[2025-02-27T21:52:02.658+0000] {processor.py:208} INFO - Processing /home/sravan2418/airflow/dags/transformation.py took 0.113 seconds
[2025-02-27T21:52:33.313+0000] {processor.py:186} INFO - Started process (PID=6283) to work on /home/sravan2418/airflow/dags/transformation.py
[2025-02-27T21:52:33.315+0000] {processor.py:914} INFO - Processing file /home/sravan2418/airflow/dags/transformation.py for tasks to queue
[2025-02-27T21:52:33.321+0000] {logging_mixin.py:190} INFO - [2025-02-27T21:52:33.320+0000] {dagbag.py:588} INFO - Filling up the DagBag from /home/sravan2418/airflow/dags/transformation.py
[2025-02-27T21:52:33.341+0000] {processor.py:925} INFO - DAG(s) 'load_and_transform' retrieved from /home/sravan2418/airflow/dags/transformation.py
[2025-02-27T21:52:33.380+0000] {logging_mixin.py:190} INFO - [2025-02-27T21:52:33.379+0000] {dag.py:3239} INFO - Sync 1 DAGs
[2025-02-27T21:52:33.399+0000] {logging_mixin.py:190} INFO - [2025-02-27T21:52:33.399+0000] {dag.py:4180} INFO - Setting next_dagrun for load_and_transform to None, run_after=None
[2025-02-27T21:52:33.433+0000] {processor.py:208} INFO - Processing /home/sravan2418/airflow/dags/transformation.py took 0.132 seconds
[2025-02-27T21:53:03.881+0000] {processor.py:186} INFO - Started process (PID=6289) to work on /home/sravan2418/airflow/dags/transformation.py
[2025-02-27T21:53:03.884+0000] {processor.py:914} INFO - Processing file /home/sravan2418/airflow/dags/transformation.py for tasks to queue
[2025-02-27T21:53:03.888+0000] {logging_mixin.py:190} INFO - [2025-02-27T21:53:03.887+0000] {dagbag.py:588} INFO - Filling up the DagBag from /home/sravan2418/airflow/dags/transformation.py
[2025-02-27T21:53:03.905+0000] {processor.py:925} INFO - DAG(s) 'load_and_transform' retrieved from /home/sravan2418/airflow/dags/transformation.py
[2025-02-27T21:53:03.939+0000] {logging_mixin.py:190} INFO - [2025-02-27T21:53:03.938+0000] {dag.py:3239} INFO - Sync 1 DAGs
[2025-02-27T21:53:03.956+0000] {logging_mixin.py:190} INFO - [2025-02-27T21:53:03.956+0000] {dag.py:4180} INFO - Setting next_dagrun for load_and_transform to None, run_after=None
[2025-02-27T21:53:03.982+0000] {processor.py:208} INFO - Processing /home/sravan2418/airflow/dags/transformation.py took 0.111 seconds
[2025-02-27T21:53:34.414+0000] {processor.py:186} INFO - Started process (PID=6295) to work on /home/sravan2418/airflow/dags/transformation.py
[2025-02-27T21:53:34.417+0000] {processor.py:914} INFO - Processing file /home/sravan2418/airflow/dags/transformation.py for tasks to queue
[2025-02-27T21:53:34.422+0000] {logging_mixin.py:190} INFO - [2025-02-27T21:53:34.421+0000] {dagbag.py:588} INFO - Filling up the DagBag from /home/sravan2418/airflow/dags/transformation.py
[2025-02-27T21:53:34.441+0000] {processor.py:925} INFO - DAG(s) 'load_and_transform' retrieved from /home/sravan2418/airflow/dags/transformation.py
[2025-02-27T21:53:34.480+0000] {logging_mixin.py:190} INFO - [2025-02-27T21:53:34.480+0000] {dag.py:3239} INFO - Sync 1 DAGs
[2025-02-27T21:53:34.501+0000] {logging_mixin.py:190} INFO - [2025-02-27T21:53:34.500+0000] {dag.py:4180} INFO - Setting next_dagrun for load_and_transform to None, run_after=None
[2025-02-27T21:53:34.532+0000] {processor.py:208} INFO - Processing /home/sravan2418/airflow/dags/transformation.py took 0.130 seconds
[2025-02-27T21:54:04.961+0000] {processor.py:186} INFO - Started process (PID=6299) to work on /home/sravan2418/airflow/dags/transformation.py
[2025-02-27T21:54:04.964+0000] {processor.py:914} INFO - Processing file /home/sravan2418/airflow/dags/transformation.py for tasks to queue
[2025-02-27T21:54:04.968+0000] {logging_mixin.py:190} INFO - [2025-02-27T21:54:04.967+0000] {dagbag.py:588} INFO - Filling up the DagBag from /home/sravan2418/airflow/dags/transformation.py
[2025-02-27T21:54:04.985+0000] {processor.py:925} INFO - DAG(s) 'load_and_transform' retrieved from /home/sravan2418/airflow/dags/transformation.py
[2025-02-27T21:54:05.021+0000] {logging_mixin.py:190} INFO - [2025-02-27T21:54:05.020+0000] {dag.py:3239} INFO - Sync 1 DAGs
[2025-02-27T21:54:05.038+0000] {logging_mixin.py:190} INFO - [2025-02-27T21:54:05.037+0000] {dag.py:4180} INFO - Setting next_dagrun for load_and_transform to None, run_after=None
[2025-02-27T21:54:05.064+0000] {processor.py:208} INFO - Processing /home/sravan2418/airflow/dags/transformation.py took 0.113 seconds
[2025-02-27T21:54:35.522+0000] {processor.py:186} INFO - Started process (PID=6313) to work on /home/sravan2418/airflow/dags/transformation.py
[2025-02-27T21:54:35.524+0000] {processor.py:914} INFO - Processing file /home/sravan2418/airflow/dags/transformation.py for tasks to queue
[2025-02-27T21:54:35.530+0000] {logging_mixin.py:190} INFO - [2025-02-27T21:54:35.529+0000] {dagbag.py:588} INFO - Filling up the DagBag from /home/sravan2418/airflow/dags/transformation.py
[2025-02-27T21:54:35.551+0000] {processor.py:925} INFO - DAG(s) 'load_and_transform' retrieved from /home/sravan2418/airflow/dags/transformation.py
[2025-02-27T21:54:35.590+0000] {logging_mixin.py:190} INFO - [2025-02-27T21:54:35.589+0000] {dag.py:3239} INFO - Sync 1 DAGs
[2025-02-27T21:54:35.608+0000] {logging_mixin.py:190} INFO - [2025-02-27T21:54:35.608+0000] {dag.py:4180} INFO - Setting next_dagrun for load_and_transform to None, run_after=None
[2025-02-27T21:54:35.640+0000] {processor.py:208} INFO - Processing /home/sravan2418/airflow/dags/transformation.py took 0.131 seconds
[2025-02-27T21:55:06.051+0000] {processor.py:186} INFO - Started process (PID=6319) to work on /home/sravan2418/airflow/dags/transformation.py
[2025-02-27T21:55:06.054+0000] {processor.py:914} INFO - Processing file /home/sravan2418/airflow/dags/transformation.py for tasks to queue
[2025-02-27T21:55:06.058+0000] {logging_mixin.py:190} INFO - [2025-02-27T21:55:06.057+0000] {dagbag.py:588} INFO - Filling up the DagBag from /home/sravan2418/airflow/dags/transformation.py
[2025-02-27T21:55:06.075+0000] {processor.py:925} INFO - DAG(s) 'load_and_transform' retrieved from /home/sravan2418/airflow/dags/transformation.py
[2025-02-27T21:55:06.108+0000] {logging_mixin.py:190} INFO - [2025-02-27T21:55:06.107+0000] {dag.py:3239} INFO - Sync 1 DAGs
[2025-02-27T21:55:06.124+0000] {logging_mixin.py:190} INFO - [2025-02-27T21:55:06.124+0000] {dag.py:4180} INFO - Setting next_dagrun for load_and_transform to None, run_after=None
[2025-02-27T21:55:06.150+0000] {processor.py:208} INFO - Processing /home/sravan2418/airflow/dags/transformation.py took 0.109 seconds
[2025-02-27T21:55:36.584+0000] {processor.py:186} INFO - Started process (PID=6324) to work on /home/sravan2418/airflow/dags/transformation.py
[2025-02-27T21:55:36.586+0000] {processor.py:914} INFO - Processing file /home/sravan2418/airflow/dags/transformation.py for tasks to queue
[2025-02-27T21:55:36.592+0000] {logging_mixin.py:190} INFO - [2025-02-27T21:55:36.592+0000] {dagbag.py:588} INFO - Filling up the DagBag from /home/sravan2418/airflow/dags/transformation.py
[2025-02-27T21:55:36.613+0000] {processor.py:925} INFO - DAG(s) 'load_and_transform' retrieved from /home/sravan2418/airflow/dags/transformation.py
[2025-02-27T21:55:36.651+0000] {logging_mixin.py:190} INFO - [2025-02-27T21:55:36.650+0000] {dag.py:3239} INFO - Sync 1 DAGs
[2025-02-27T21:55:36.671+0000] {logging_mixin.py:190} INFO - [2025-02-27T21:55:36.670+0000] {dag.py:4180} INFO - Setting next_dagrun for load_and_transform to None, run_after=None
[2025-02-27T21:55:36.709+0000] {processor.py:208} INFO - Processing /home/sravan2418/airflow/dags/transformation.py took 0.137 seconds
[2025-02-27T21:56:07.126+0000] {processor.py:186} INFO - Started process (PID=6332) to work on /home/sravan2418/airflow/dags/transformation.py
[2025-02-27T21:56:07.127+0000] {processor.py:914} INFO - Processing file /home/sravan2418/airflow/dags/transformation.py for tasks to queue
[2025-02-27T21:56:07.132+0000] {logging_mixin.py:190} INFO - [2025-02-27T21:56:07.131+0000] {dagbag.py:588} INFO - Filling up the DagBag from /home/sravan2418/airflow/dags/transformation.py
[2025-02-27T21:56:07.153+0000] {processor.py:925} INFO - DAG(s) 'load_and_transform' retrieved from /home/sravan2418/airflow/dags/transformation.py
[2025-02-27T21:56:07.195+0000] {logging_mixin.py:190} INFO - [2025-02-27T21:56:07.194+0000] {dag.py:3239} INFO - Sync 1 DAGs
[2025-02-27T21:56:07.219+0000] {logging_mixin.py:190} INFO - [2025-02-27T21:56:07.218+0000] {dag.py:4180} INFO - Setting next_dagrun for load_and_transform to None, run_after=None
[2025-02-27T21:56:07.252+0000] {processor.py:208} INFO - Processing /home/sravan2418/airflow/dags/transformation.py took 0.138 seconds
[2025-02-27T21:56:37.632+0000] {processor.py:186} INFO - Started process (PID=6340) to work on /home/sravan2418/airflow/dags/transformation.py
[2025-02-27T21:56:37.635+0000] {processor.py:914} INFO - Processing file /home/sravan2418/airflow/dags/transformation.py for tasks to queue
[2025-02-27T21:56:37.641+0000] {logging_mixin.py:190} INFO - [2025-02-27T21:56:37.640+0000] {dagbag.py:588} INFO - Filling up the DagBag from /home/sravan2418/airflow/dags/transformation.py
[2025-02-27T21:56:37.662+0000] {processor.py:925} INFO - DAG(s) 'load_and_transform' retrieved from /home/sravan2418/airflow/dags/transformation.py
[2025-02-27T21:56:37.709+0000] {logging_mixin.py:190} INFO - [2025-02-27T21:56:37.708+0000] {dag.py:3239} INFO - Sync 1 DAGs
[2025-02-27T21:56:37.732+0000] {logging_mixin.py:190} INFO - [2025-02-27T21:56:37.732+0000] {dag.py:4180} INFO - Setting next_dagrun for load_and_transform to None, run_after=None
[2025-02-27T21:56:37.765+0000] {processor.py:208} INFO - Processing /home/sravan2418/airflow/dags/transformation.py took 0.145 seconds
[2025-02-27T21:57:08.179+0000] {processor.py:186} INFO - Started process (PID=6344) to work on /home/sravan2418/airflow/dags/transformation.py
[2025-02-27T21:57:08.180+0000] {processor.py:914} INFO - Processing file /home/sravan2418/airflow/dags/transformation.py for tasks to queue
[2025-02-27T21:57:08.184+0000] {logging_mixin.py:190} INFO - [2025-02-27T21:57:08.184+0000] {dagbag.py:588} INFO - Filling up the DagBag from /home/sravan2418/airflow/dags/transformation.py
[2025-02-27T21:57:08.203+0000] {processor.py:925} INFO - DAG(s) 'load_and_transform' retrieved from /home/sravan2418/airflow/dags/transformation.py
[2025-02-27T21:57:08.237+0000] {logging_mixin.py:190} INFO - [2025-02-27T21:57:08.237+0000] {dag.py:3239} INFO - Sync 1 DAGs
[2025-02-27T21:57:08.255+0000] {logging_mixin.py:190} INFO - [2025-02-27T21:57:08.254+0000] {dag.py:4180} INFO - Setting next_dagrun for load_and_transform to None, run_after=None
[2025-02-27T21:57:08.280+0000] {processor.py:208} INFO - Processing /home/sravan2418/airflow/dags/transformation.py took 0.112 seconds
[2025-02-27T21:57:38.621+0000] {processor.py:186} INFO - Started process (PID=6350) to work on /home/sravan2418/airflow/dags/transformation.py
[2025-02-27T21:57:38.624+0000] {processor.py:914} INFO - Processing file /home/sravan2418/airflow/dags/transformation.py for tasks to queue
[2025-02-27T21:57:38.629+0000] {logging_mixin.py:190} INFO - [2025-02-27T21:57:38.629+0000] {dagbag.py:588} INFO - Filling up the DagBag from /home/sravan2418/airflow/dags/transformation.py
[2025-02-27T21:57:38.649+0000] {processor.py:925} INFO - DAG(s) 'load_and_transform' retrieved from /home/sravan2418/airflow/dags/transformation.py
[2025-02-27T21:57:38.690+0000] {logging_mixin.py:190} INFO - [2025-02-27T21:57:38.689+0000] {dag.py:3239} INFO - Sync 1 DAGs
[2025-02-27T21:57:38.710+0000] {logging_mixin.py:190} INFO - [2025-02-27T21:57:38.709+0000] {dag.py:4180} INFO - Setting next_dagrun for load_and_transform to None, run_after=None
[2025-02-27T21:57:38.741+0000] {processor.py:208} INFO - Processing /home/sravan2418/airflow/dags/transformation.py took 0.136 seconds
[2025-02-27T21:58:09.189+0000] {processor.py:186} INFO - Started process (PID=6356) to work on /home/sravan2418/airflow/dags/transformation.py
[2025-02-27T21:58:09.192+0000] {processor.py:914} INFO - Processing file /home/sravan2418/airflow/dags/transformation.py for tasks to queue
[2025-02-27T21:58:09.200+0000] {logging_mixin.py:190} INFO - [2025-02-27T21:58:09.199+0000] {dagbag.py:588} INFO - Filling up the DagBag from /home/sravan2418/airflow/dags/transformation.py
[2025-02-27T21:58:09.230+0000] {processor.py:925} INFO - DAG(s) 'load_and_transform' retrieved from /home/sravan2418/airflow/dags/transformation.py
[2025-02-27T21:58:09.278+0000] {logging_mixin.py:190} INFO - [2025-02-27T21:58:09.278+0000] {dag.py:3239} INFO - Sync 1 DAGs
[2025-02-27T21:58:09.301+0000] {logging_mixin.py:190} INFO - [2025-02-27T21:58:09.301+0000] {dag.py:4180} INFO - Setting next_dagrun for load_and_transform to None, run_after=None
[2025-02-27T21:58:09.332+0000] {processor.py:208} INFO - Processing /home/sravan2418/airflow/dags/transformation.py took 0.159 seconds
[2025-02-27T21:58:39.702+0000] {processor.py:186} INFO - Started process (PID=6362) to work on /home/sravan2418/airflow/dags/transformation.py
[2025-02-27T21:58:39.707+0000] {processor.py:914} INFO - Processing file /home/sravan2418/airflow/dags/transformation.py for tasks to queue
[2025-02-27T21:58:39.712+0000] {logging_mixin.py:190} INFO - [2025-02-27T21:58:39.711+0000] {dagbag.py:588} INFO - Filling up the DagBag from /home/sravan2418/airflow/dags/transformation.py
[2025-02-27T21:58:39.734+0000] {processor.py:925} INFO - DAG(s) 'load_and_transform' retrieved from /home/sravan2418/airflow/dags/transformation.py
[2025-02-27T21:58:39.778+0000] {logging_mixin.py:190} INFO - [2025-02-27T21:58:39.777+0000] {dag.py:3239} INFO - Sync 1 DAGs
[2025-02-27T21:58:39.800+0000] {logging_mixin.py:190} INFO - [2025-02-27T21:58:39.799+0000] {dag.py:4180} INFO - Setting next_dagrun for load_and_transform to None, run_after=None
[2025-02-27T21:58:39.840+0000] {processor.py:208} INFO - Processing /home/sravan2418/airflow/dags/transformation.py took 0.150 seconds
[2025-02-27T21:59:10.265+0000] {processor.py:186} INFO - Started process (PID=6372) to work on /home/sravan2418/airflow/dags/transformation.py
[2025-02-27T21:59:10.266+0000] {processor.py:914} INFO - Processing file /home/sravan2418/airflow/dags/transformation.py for tasks to queue
[2025-02-27T21:59:10.271+0000] {logging_mixin.py:190} INFO - [2025-02-27T21:59:10.270+0000] {dagbag.py:588} INFO - Filling up the DagBag from /home/sravan2418/airflow/dags/transformation.py
[2025-02-27T21:59:10.292+0000] {processor.py:925} INFO - DAG(s) 'load_and_transform' retrieved from /home/sravan2418/airflow/dags/transformation.py
[2025-02-27T21:59:10.332+0000] {logging_mixin.py:190} INFO - [2025-02-27T21:59:10.331+0000] {dag.py:3239} INFO - Sync 1 DAGs
[2025-02-27T21:59:10.352+0000] {logging_mixin.py:190} INFO - [2025-02-27T21:59:10.351+0000] {dag.py:4180} INFO - Setting next_dagrun for load_and_transform to None, run_after=None
[2025-02-27T21:59:10.384+0000] {processor.py:208} INFO - Processing /home/sravan2418/airflow/dags/transformation.py took 0.133 seconds
[2025-02-27T21:59:40.828+0000] {processor.py:186} INFO - Started process (PID=6378) to work on /home/sravan2418/airflow/dags/transformation.py
[2025-02-27T21:59:40.830+0000] {processor.py:914} INFO - Processing file /home/sravan2418/airflow/dags/transformation.py for tasks to queue
[2025-02-27T21:59:40.835+0000] {logging_mixin.py:190} INFO - [2025-02-27T21:59:40.834+0000] {dagbag.py:588} INFO - Filling up the DagBag from /home/sravan2418/airflow/dags/transformation.py
[2025-02-27T21:59:40.852+0000] {processor.py:925} INFO - DAG(s) 'load_and_transform' retrieved from /home/sravan2418/airflow/dags/transformation.py
[2025-02-27T21:59:40.885+0000] {logging_mixin.py:190} INFO - [2025-02-27T21:59:40.885+0000] {dag.py:3239} INFO - Sync 1 DAGs
[2025-02-27T21:59:40.902+0000] {logging_mixin.py:190} INFO - [2025-02-27T21:59:40.901+0000] {dag.py:4180} INFO - Setting next_dagrun for load_and_transform to None, run_after=None
[2025-02-27T21:59:40.926+0000] {processor.py:208} INFO - Processing /home/sravan2418/airflow/dags/transformation.py took 0.109 seconds
[2025-02-27T22:00:11.355+0000] {processor.py:186} INFO - Started process (PID=6384) to work on /home/sravan2418/airflow/dags/transformation.py
[2025-02-27T22:00:11.357+0000] {processor.py:914} INFO - Processing file /home/sravan2418/airflow/dags/transformation.py for tasks to queue
[2025-02-27T22:00:11.362+0000] {logging_mixin.py:190} INFO - [2025-02-27T22:00:11.361+0000] {dagbag.py:588} INFO - Filling up the DagBag from /home/sravan2418/airflow/dags/transformation.py
[2025-02-27T22:00:11.382+0000] {processor.py:925} INFO - DAG(s) 'load_and_transform' retrieved from /home/sravan2418/airflow/dags/transformation.py
[2025-02-27T22:00:11.421+0000] {logging_mixin.py:190} INFO - [2025-02-27T22:00:11.420+0000] {dag.py:3239} INFO - Sync 1 DAGs
[2025-02-27T22:00:11.441+0000] {logging_mixin.py:190} INFO - [2025-02-27T22:00:11.440+0000] {dag.py:4180} INFO - Setting next_dagrun for load_and_transform to None, run_after=None
[2025-02-27T22:00:11.468+0000] {processor.py:208} INFO - Processing /home/sravan2418/airflow/dags/transformation.py took 0.125 seconds
[2025-02-27T22:00:41.843+0000] {processor.py:186} INFO - Started process (PID=6391) to work on /home/sravan2418/airflow/dags/transformation.py
[2025-02-27T22:00:41.846+0000] {processor.py:914} INFO - Processing file /home/sravan2418/airflow/dags/transformation.py for tasks to queue
[2025-02-27T22:00:41.852+0000] {logging_mixin.py:190} INFO - [2025-02-27T22:00:41.851+0000] {dagbag.py:588} INFO - Filling up the DagBag from /home/sravan2418/airflow/dags/transformation.py
[2025-02-27T22:00:41.872+0000] {processor.py:925} INFO - DAG(s) 'load_and_transform' retrieved from /home/sravan2418/airflow/dags/transformation.py
[2025-02-27T22:00:41.915+0000] {logging_mixin.py:190} INFO - [2025-02-27T22:00:41.914+0000] {dag.py:3239} INFO - Sync 1 DAGs
[2025-02-27T22:00:41.937+0000] {logging_mixin.py:190} INFO - [2025-02-27T22:00:41.936+0000] {dag.py:4180} INFO - Setting next_dagrun for load_and_transform to None, run_after=None
[2025-02-27T22:00:41.970+0000] {processor.py:208} INFO - Processing /home/sravan2418/airflow/dags/transformation.py took 0.139 seconds
[2025-02-27T22:01:12.393+0000] {processor.py:186} INFO - Started process (PID=6395) to work on /home/sravan2418/airflow/dags/transformation.py
[2025-02-27T22:01:12.395+0000] {processor.py:914} INFO - Processing file /home/sravan2418/airflow/dags/transformation.py for tasks to queue
[2025-02-27T22:01:12.400+0000] {logging_mixin.py:190} INFO - [2025-02-27T22:01:12.399+0000] {dagbag.py:588} INFO - Filling up the DagBag from /home/sravan2418/airflow/dags/transformation.py
[2025-02-27T22:01:12.416+0000] {processor.py:925} INFO - DAG(s) 'load_and_transform' retrieved from /home/sravan2418/airflow/dags/transformation.py
[2025-02-27T22:01:12.449+0000] {logging_mixin.py:190} INFO - [2025-02-27T22:01:12.448+0000] {dag.py:3239} INFO - Sync 1 DAGs
[2025-02-27T22:01:12.465+0000] {logging_mixin.py:190} INFO - [2025-02-27T22:01:12.464+0000] {dag.py:4180} INFO - Setting next_dagrun for load_and_transform to None, run_after=None
[2025-02-27T22:01:12.490+0000] {processor.py:208} INFO - Processing /home/sravan2418/airflow/dags/transformation.py took 0.106 seconds
[2025-02-27T22:01:42.917+0000] {processor.py:186} INFO - Started process (PID=6401) to work on /home/sravan2418/airflow/dags/transformation.py
[2025-02-27T22:01:42.920+0000] {processor.py:914} INFO - Processing file /home/sravan2418/airflow/dags/transformation.py for tasks to queue
[2025-02-27T22:01:42.926+0000] {logging_mixin.py:190} INFO - [2025-02-27T22:01:42.925+0000] {dagbag.py:588} INFO - Filling up the DagBag from /home/sravan2418/airflow/dags/transformation.py
[2025-02-27T22:01:42.947+0000] {processor.py:925} INFO - DAG(s) 'load_and_transform' retrieved from /home/sravan2418/airflow/dags/transformation.py
[2025-02-27T22:01:42.989+0000] {logging_mixin.py:190} INFO - [2025-02-27T22:01:42.988+0000] {dag.py:3239} INFO - Sync 1 DAGs
[2025-02-27T22:01:43.009+0000] {logging_mixin.py:190} INFO - [2025-02-27T22:01:43.008+0000] {dag.py:4180} INFO - Setting next_dagrun for load_and_transform to None, run_after=None
[2025-02-27T22:01:43.040+0000] {processor.py:208} INFO - Processing /home/sravan2418/airflow/dags/transformation.py took 0.135 seconds
[2025-02-27T22:02:13.457+0000] {processor.py:186} INFO - Started process (PID=6407) to work on /home/sravan2418/airflow/dags/transformation.py
[2025-02-27T22:02:13.459+0000] {processor.py:914} INFO - Processing file /home/sravan2418/airflow/dags/transformation.py for tasks to queue
[2025-02-27T22:02:13.464+0000] {logging_mixin.py:190} INFO - [2025-02-27T22:02:13.463+0000] {dagbag.py:588} INFO - Filling up the DagBag from /home/sravan2418/airflow/dags/transformation.py
[2025-02-27T22:02:13.481+0000] {processor.py:925} INFO - DAG(s) 'load_and_transform' retrieved from /home/sravan2418/airflow/dags/transformation.py
[2025-02-27T22:02:13.515+0000] {logging_mixin.py:190} INFO - [2025-02-27T22:02:13.514+0000] {dag.py:3239} INFO - Sync 1 DAGs
[2025-02-27T22:02:13.532+0000] {logging_mixin.py:190} INFO - [2025-02-27T22:02:13.532+0000] {dag.py:4180} INFO - Setting next_dagrun for load_and_transform to None, run_after=None
[2025-02-27T22:02:13.562+0000] {processor.py:208} INFO - Processing /home/sravan2418/airflow/dags/transformation.py took 0.115 seconds
[2025-02-27T22:02:43.819+0000] {processor.py:186} INFO - Started process (PID=6411) to work on /home/sravan2418/airflow/dags/transformation.py
[2025-02-27T22:02:43.822+0000] {processor.py:914} INFO - Processing file /home/sravan2418/airflow/dags/transformation.py for tasks to queue
[2025-02-27T22:02:43.827+0000] {logging_mixin.py:190} INFO - [2025-02-27T22:02:43.826+0000] {dagbag.py:588} INFO - Filling up the DagBag from /home/sravan2418/airflow/dags/transformation.py
[2025-02-27T22:02:43.849+0000] {processor.py:925} INFO - DAG(s) 'load_and_transform' retrieved from /home/sravan2418/airflow/dags/transformation.py
[2025-02-27T22:02:43.889+0000] {logging_mixin.py:190} INFO - [2025-02-27T22:02:43.888+0000] {dag.py:3239} INFO - Sync 1 DAGs
[2025-02-27T22:02:43.909+0000] {logging_mixin.py:190} INFO - [2025-02-27T22:02:43.909+0000] {dag.py:4180} INFO - Setting next_dagrun for load_and_transform to None, run_after=None
[2025-02-27T22:02:43.941+0000] {processor.py:208} INFO - Processing /home/sravan2418/airflow/dags/transformation.py took 0.135 seconds
[2025-02-27T22:03:14.175+0000] {processor.py:186} INFO - Started process (PID=6417) to work on /home/sravan2418/airflow/dags/transformation.py
[2025-02-27T22:03:14.176+0000] {processor.py:914} INFO - Processing file /home/sravan2418/airflow/dags/transformation.py for tasks to queue
[2025-02-27T22:03:14.183+0000] {logging_mixin.py:190} INFO - [2025-02-27T22:03:14.182+0000] {dagbag.py:588} INFO - Filling up the DagBag from /home/sravan2418/airflow/dags/transformation.py
[2025-02-27T22:03:14.204+0000] {processor.py:925} INFO - DAG(s) 'load_and_transform' retrieved from /home/sravan2418/airflow/dags/transformation.py
[2025-02-27T22:03:14.243+0000] {logging_mixin.py:190} INFO - [2025-02-27T22:03:14.242+0000] {dag.py:3239} INFO - Sync 1 DAGs
[2025-02-27T22:03:14.264+0000] {logging_mixin.py:190} INFO - [2025-02-27T22:03:14.263+0000] {dag.py:4180} INFO - Setting next_dagrun for load_and_transform to None, run_after=None
[2025-02-27T22:03:14.295+0000] {processor.py:208} INFO - Processing /home/sravan2418/airflow/dags/transformation.py took 0.133 seconds
[2025-02-27T22:03:44.533+0000] {processor.py:186} INFO - Started process (PID=6423) to work on /home/sravan2418/airflow/dags/transformation.py
[2025-02-27T22:03:44.536+0000] {processor.py:914} INFO - Processing file /home/sravan2418/airflow/dags/transformation.py for tasks to queue
[2025-02-27T22:03:44.542+0000] {logging_mixin.py:190} INFO - [2025-02-27T22:03:44.541+0000] {dagbag.py:588} INFO - Filling up the DagBag from /home/sravan2418/airflow/dags/transformation.py
[2025-02-27T22:03:44.565+0000] {processor.py:925} INFO - DAG(s) 'load_and_transform' retrieved from /home/sravan2418/airflow/dags/transformation.py
[2025-02-27T22:03:44.607+0000] {logging_mixin.py:190} INFO - [2025-02-27T22:03:44.606+0000] {dag.py:3239} INFO - Sync 1 DAGs
[2025-02-27T22:03:44.633+0000] {logging_mixin.py:190} INFO - [2025-02-27T22:03:44.633+0000] {dag.py:4180} INFO - Setting next_dagrun for load_and_transform to None, run_after=None
[2025-02-27T22:03:44.667+0000] {processor.py:208} INFO - Processing /home/sravan2418/airflow/dags/transformation.py took 0.148 seconds
[2025-02-27T22:04:14.894+0000] {processor.py:186} INFO - Started process (PID=6427) to work on /home/sravan2418/airflow/dags/transformation.py
[2025-02-27T22:04:14.896+0000] {processor.py:914} INFO - Processing file /home/sravan2418/airflow/dags/transformation.py for tasks to queue
[2025-02-27T22:04:14.901+0000] {logging_mixin.py:190} INFO - [2025-02-27T22:04:14.900+0000] {dagbag.py:588} INFO - Filling up the DagBag from /home/sravan2418/airflow/dags/transformation.py
[2025-02-27T22:04:14.919+0000] {processor.py:925} INFO - DAG(s) 'load_and_transform' retrieved from /home/sravan2418/airflow/dags/transformation.py
[2025-02-27T22:04:14.954+0000] {logging_mixin.py:190} INFO - [2025-02-27T22:04:14.953+0000] {dag.py:3239} INFO - Sync 1 DAGs
[2025-02-27T22:04:14.973+0000] {logging_mixin.py:190} INFO - [2025-02-27T22:04:14.973+0000] {dag.py:4180} INFO - Setting next_dagrun for load_and_transform to None, run_after=None
[2025-02-27T22:04:15.000+0000] {processor.py:208} INFO - Processing /home/sravan2418/airflow/dags/transformation.py took 0.116 seconds
[2025-02-27T22:04:45.224+0000] {processor.py:186} INFO - Started process (PID=6438) to work on /home/sravan2418/airflow/dags/transformation.py
[2025-02-27T22:04:45.227+0000] {processor.py:914} INFO - Processing file /home/sravan2418/airflow/dags/transformation.py for tasks to queue
[2025-02-27T22:04:45.232+0000] {logging_mixin.py:190} INFO - [2025-02-27T22:04:45.231+0000] {dagbag.py:588} INFO - Filling up the DagBag from /home/sravan2418/airflow/dags/transformation.py
[2025-02-27T22:04:45.253+0000] {processor.py:925} INFO - DAG(s) 'load_and_transform' retrieved from /home/sravan2418/airflow/dags/transformation.py
[2025-02-27T22:04:45.298+0000] {logging_mixin.py:190} INFO - [2025-02-27T22:04:45.296+0000] {dag.py:3239} INFO - Sync 1 DAGs
[2025-02-27T22:04:45.323+0000] {logging_mixin.py:190} INFO - [2025-02-27T22:04:45.323+0000] {dag.py:4180} INFO - Setting next_dagrun for load_and_transform to None, run_after=None
[2025-02-27T22:04:45.357+0000] {processor.py:208} INFO - Processing /home/sravan2418/airflow/dags/transformation.py took 0.145 seconds
[2025-02-27T22:05:15.586+0000] {processor.py:186} INFO - Started process (PID=6444) to work on /home/sravan2418/airflow/dags/transformation.py
[2025-02-27T22:05:15.588+0000] {processor.py:914} INFO - Processing file /home/sravan2418/airflow/dags/transformation.py for tasks to queue
[2025-02-27T22:05:15.594+0000] {logging_mixin.py:190} INFO - [2025-02-27T22:05:15.593+0000] {dagbag.py:588} INFO - Filling up the DagBag from /home/sravan2418/airflow/dags/transformation.py
[2025-02-27T22:05:15.614+0000] {processor.py:925} INFO - DAG(s) 'load_and_transform' retrieved from /home/sravan2418/airflow/dags/transformation.py
[2025-02-27T22:05:15.655+0000] {logging_mixin.py:190} INFO - [2025-02-27T22:05:15.654+0000] {dag.py:3239} INFO - Sync 1 DAGs
[2025-02-27T22:05:15.680+0000] {logging_mixin.py:190} INFO - [2025-02-27T22:05:15.679+0000] {dag.py:4180} INFO - Setting next_dagrun for load_and_transform to None, run_after=None
[2025-02-27T22:05:15.713+0000] {processor.py:208} INFO - Processing /home/sravan2418/airflow/dags/transformation.py took 0.138 seconds
[2025-02-27T22:05:45.936+0000] {processor.py:186} INFO - Started process (PID=6450) to work on /home/sravan2418/airflow/dags/transformation.py
[2025-02-27T22:05:45.938+0000] {processor.py:914} INFO - Processing file /home/sravan2418/airflow/dags/transformation.py for tasks to queue
[2025-02-27T22:05:45.944+0000] {logging_mixin.py:190} INFO - [2025-02-27T22:05:45.942+0000] {dagbag.py:588} INFO - Filling up the DagBag from /home/sravan2418/airflow/dags/transformation.py
[2025-02-27T22:05:45.961+0000] {processor.py:925} INFO - DAG(s) 'load_and_transform' retrieved from /home/sravan2418/airflow/dags/transformation.py
[2025-02-27T22:05:45.995+0000] {logging_mixin.py:190} INFO - [2025-02-27T22:05:45.994+0000] {dag.py:3239} INFO - Sync 1 DAGs
[2025-02-27T22:05:46.011+0000] {logging_mixin.py:190} INFO - [2025-02-27T22:05:46.011+0000] {dag.py:4180} INFO - Setting next_dagrun for load_and_transform to None, run_after=None
[2025-02-27T22:05:46.039+0000] {processor.py:208} INFO - Processing /home/sravan2418/airflow/dags/transformation.py took 0.114 seconds
[2025-02-27T22:06:16.281+0000] {processor.py:186} INFO - Started process (PID=6456) to work on /home/sravan2418/airflow/dags/transformation.py
[2025-02-27T22:06:16.283+0000] {processor.py:914} INFO - Processing file /home/sravan2418/airflow/dags/transformation.py for tasks to queue
[2025-02-27T22:06:16.289+0000] {logging_mixin.py:190} INFO - [2025-02-27T22:06:16.288+0000] {dagbag.py:588} INFO - Filling up the DagBag from /home/sravan2418/airflow/dags/transformation.py
[2025-02-27T22:06:16.310+0000] {processor.py:925} INFO - DAG(s) 'load_and_transform' retrieved from /home/sravan2418/airflow/dags/transformation.py
[2025-02-27T22:06:16.350+0000] {logging_mixin.py:190} INFO - [2025-02-27T22:06:16.349+0000] {dag.py:3239} INFO - Sync 1 DAGs
[2025-02-27T22:06:16.370+0000] {logging_mixin.py:190} INFO - [2025-02-27T22:06:16.370+0000] {dag.py:4180} INFO - Setting next_dagrun for load_and_transform to None, run_after=None
[2025-02-27T22:06:16.404+0000] {processor.py:208} INFO - Processing /home/sravan2418/airflow/dags/transformation.py took 0.135 seconds
[2025-02-27T22:06:46.632+0000] {processor.py:186} INFO - Started process (PID=6468) to work on /home/sravan2418/airflow/dags/transformation.py
[2025-02-27T22:06:46.635+0000] {processor.py:914} INFO - Processing file /home/sravan2418/airflow/dags/transformation.py for tasks to queue
[2025-02-27T22:06:46.641+0000] {logging_mixin.py:190} INFO - [2025-02-27T22:06:46.640+0000] {dagbag.py:588} INFO - Filling up the DagBag from /home/sravan2418/airflow/dags/transformation.py
[2025-02-27T22:06:46.661+0000] {processor.py:925} INFO - DAG(s) 'load_and_transform' retrieved from /home/sravan2418/airflow/dags/transformation.py
[2025-02-27T22:06:46.701+0000] {logging_mixin.py:190} INFO - [2025-02-27T22:06:46.700+0000] {dag.py:3239} INFO - Sync 1 DAGs
[2025-02-27T22:06:46.717+0000] {logging_mixin.py:190} INFO - [2025-02-27T22:06:46.717+0000] {dag.py:4180} INFO - Setting next_dagrun for load_and_transform to None, run_after=None
[2025-02-27T22:06:46.743+0000] {processor.py:208} INFO - Processing /home/sravan2418/airflow/dags/transformation.py took 0.122 seconds
[2025-02-27T22:07:16.975+0000] {processor.py:186} INFO - Started process (PID=6477) to work on /home/sravan2418/airflow/dags/transformation.py
[2025-02-27T22:07:16.978+0000] {processor.py:914} INFO - Processing file /home/sravan2418/airflow/dags/transformation.py for tasks to queue
[2025-02-27T22:07:16.984+0000] {logging_mixin.py:190} INFO - [2025-02-27T22:07:16.983+0000] {dagbag.py:588} INFO - Filling up the DagBag from /home/sravan2418/airflow/dags/transformation.py
[2025-02-27T22:07:17.004+0000] {processor.py:925} INFO - DAG(s) 'load_and_transform' retrieved from /home/sravan2418/airflow/dags/transformation.py
[2025-02-27T22:07:17.045+0000] {logging_mixin.py:190} INFO - [2025-02-27T22:07:17.044+0000] {dag.py:3239} INFO - Sync 1 DAGs
[2025-02-27T22:07:17.066+0000] {logging_mixin.py:190} INFO - [2025-02-27T22:07:17.066+0000] {dag.py:4180} INFO - Setting next_dagrun for load_and_transform to None, run_after=None
[2025-02-27T22:07:17.097+0000] {processor.py:208} INFO - Processing /home/sravan2418/airflow/dags/transformation.py took 0.135 seconds
[2025-02-27T22:07:47.327+0000] {processor.py:186} INFO - Started process (PID=6485) to work on /home/sravan2418/airflow/dags/transformation.py
[2025-02-27T22:07:47.329+0000] {processor.py:914} INFO - Processing file /home/sravan2418/airflow/dags/transformation.py for tasks to queue
[2025-02-27T22:07:47.336+0000] {logging_mixin.py:190} INFO - [2025-02-27T22:07:47.335+0000] {dagbag.py:588} INFO - Filling up the DagBag from /home/sravan2418/airflow/dags/transformation.py
[2025-02-27T22:07:47.360+0000] {processor.py:925} INFO - DAG(s) 'load_and_transform' retrieved from /home/sravan2418/airflow/dags/transformation.py
[2025-02-27T22:07:47.400+0000] {logging_mixin.py:190} INFO - [2025-02-27T22:07:47.400+0000] {dag.py:3239} INFO - Sync 1 DAGs
[2025-02-27T22:07:47.421+0000] {logging_mixin.py:190} INFO - [2025-02-27T22:07:47.421+0000] {dag.py:4180} INFO - Setting next_dagrun for load_and_transform to None, run_after=None
[2025-02-27T22:07:47.452+0000] {processor.py:208} INFO - Processing /home/sravan2418/airflow/dags/transformation.py took 0.138 seconds
[2025-02-27T22:08:17.667+0000] {processor.py:186} INFO - Started process (PID=6492) to work on /home/sravan2418/airflow/dags/transformation.py
[2025-02-27T22:08:17.671+0000] {processor.py:914} INFO - Processing file /home/sravan2418/airflow/dags/transformation.py for tasks to queue
[2025-02-27T22:08:17.677+0000] {logging_mixin.py:190} INFO - [2025-02-27T22:08:17.676+0000] {dagbag.py:588} INFO - Filling up the DagBag from /home/sravan2418/airflow/dags/transformation.py
[2025-02-27T22:08:17.697+0000] {processor.py:925} INFO - DAG(s) 'load_and_transform' retrieved from /home/sravan2418/airflow/dags/transformation.py
[2025-02-27T22:08:17.737+0000] {logging_mixin.py:190} INFO - [2025-02-27T22:08:17.736+0000] {dag.py:3239} INFO - Sync 1 DAGs
[2025-02-27T22:08:17.756+0000] {logging_mixin.py:190} INFO - [2025-02-27T22:08:17.756+0000] {dag.py:4180} INFO - Setting next_dagrun for load_and_transform to None, run_after=None
[2025-02-27T22:08:17.787+0000] {processor.py:208} INFO - Processing /home/sravan2418/airflow/dags/transformation.py took 0.132 seconds
[2025-02-27T22:08:48.004+0000] {processor.py:186} INFO - Started process (PID=6500) to work on /home/sravan2418/airflow/dags/transformation.py
[2025-02-27T22:08:48.005+0000] {processor.py:914} INFO - Processing file /home/sravan2418/airflow/dags/transformation.py for tasks to queue
[2025-02-27T22:08:48.009+0000] {logging_mixin.py:190} INFO - [2025-02-27T22:08:48.009+0000] {dagbag.py:588} INFO - Filling up the DagBag from /home/sravan2418/airflow/dags/transformation.py
[2025-02-27T22:08:48.030+0000] {processor.py:925} INFO - DAG(s) 'load_and_transform' retrieved from /home/sravan2418/airflow/dags/transformation.py
[2025-02-27T22:08:48.069+0000] {logging_mixin.py:190} INFO - [2025-02-27T22:08:48.068+0000] {dag.py:3239} INFO - Sync 1 DAGs
[2025-02-27T22:08:48.086+0000] {logging_mixin.py:190} INFO - [2025-02-27T22:08:48.085+0000] {dag.py:4180} INFO - Setting next_dagrun for load_and_transform to None, run_after=None
[2025-02-27T22:08:48.112+0000] {processor.py:208} INFO - Processing /home/sravan2418/airflow/dags/transformation.py took 0.119 seconds
[2025-02-27T22:09:18.340+0000] {processor.py:186} INFO - Started process (PID=6506) to work on /home/sravan2418/airflow/dags/transformation.py
[2025-02-27T22:09:18.342+0000] {processor.py:914} INFO - Processing file /home/sravan2418/airflow/dags/transformation.py for tasks to queue
[2025-02-27T22:09:18.347+0000] {logging_mixin.py:190} INFO - [2025-02-27T22:09:18.346+0000] {dagbag.py:588} INFO - Filling up the DagBag from /home/sravan2418/airflow/dags/transformation.py
[2025-02-27T22:09:18.363+0000] {processor.py:925} INFO - DAG(s) 'load_and_transform' retrieved from /home/sravan2418/airflow/dags/transformation.py
[2025-02-27T22:09:18.396+0000] {logging_mixin.py:190} INFO - [2025-02-27T22:09:18.395+0000] {dag.py:3239} INFO - Sync 1 DAGs
[2025-02-27T22:09:18.414+0000] {logging_mixin.py:190} INFO - [2025-02-27T22:09:18.414+0000] {dag.py:4180} INFO - Setting next_dagrun for load_and_transform to None, run_after=None
[2025-02-27T22:09:18.440+0000] {processor.py:208} INFO - Processing /home/sravan2418/airflow/dags/transformation.py took 0.110 seconds
[2025-02-27T22:09:48.686+0000] {processor.py:186} INFO - Started process (PID=6512) to work on /home/sravan2418/airflow/dags/transformation.py
[2025-02-27T22:09:48.688+0000] {processor.py:914} INFO - Processing file /home/sravan2418/airflow/dags/transformation.py for tasks to queue
[2025-02-27T22:09:48.692+0000] {logging_mixin.py:190} INFO - [2025-02-27T22:09:48.692+0000] {dagbag.py:588} INFO - Filling up the DagBag from /home/sravan2418/airflow/dags/transformation.py
[2025-02-27T22:09:48.714+0000] {processor.py:925} INFO - DAG(s) 'load_and_transform' retrieved from /home/sravan2418/airflow/dags/transformation.py
[2025-02-27T22:09:48.754+0000] {logging_mixin.py:190} INFO - [2025-02-27T22:09:48.753+0000] {dag.py:3239} INFO - Sync 1 DAGs
[2025-02-27T22:09:48.773+0000] {logging_mixin.py:190} INFO - [2025-02-27T22:09:48.773+0000] {dag.py:4180} INFO - Setting next_dagrun for load_and_transform to None, run_after=None
[2025-02-27T22:09:48.805+0000] {processor.py:208} INFO - Processing /home/sravan2418/airflow/dags/transformation.py took 0.130 seconds
[2025-02-27T22:10:19.040+0000] {processor.py:186} INFO - Started process (PID=6518) to work on /home/sravan2418/airflow/dags/transformation.py
[2025-02-27T22:10:19.043+0000] {processor.py:914} INFO - Processing file /home/sravan2418/airflow/dags/transformation.py for tasks to queue
[2025-02-27T22:10:19.049+0000] {logging_mixin.py:190} INFO - [2025-02-27T22:10:19.048+0000] {dagbag.py:588} INFO - Filling up the DagBag from /home/sravan2418/airflow/dags/transformation.py
[2025-02-27T22:10:19.069+0000] {processor.py:925} INFO - DAG(s) 'load_and_transform' retrieved from /home/sravan2418/airflow/dags/transformation.py
[2025-02-27T22:10:19.109+0000] {logging_mixin.py:190} INFO - [2025-02-27T22:10:19.108+0000] {dag.py:3239} INFO - Sync 1 DAGs
[2025-02-27T22:10:19.128+0000] {logging_mixin.py:190} INFO - [2025-02-27T22:10:19.128+0000] {dag.py:4180} INFO - Setting next_dagrun for load_and_transform to None, run_after=None
[2025-02-27T22:10:19.162+0000] {processor.py:208} INFO - Processing /home/sravan2418/airflow/dags/transformation.py took 0.135 seconds
[2025-02-27T22:10:49.395+0000] {processor.py:186} INFO - Started process (PID=6524) to work on /home/sravan2418/airflow/dags/transformation.py
[2025-02-27T22:10:49.397+0000] {processor.py:914} INFO - Processing file /home/sravan2418/airflow/dags/transformation.py for tasks to queue
[2025-02-27T22:10:49.402+0000] {logging_mixin.py:190} INFO - [2025-02-27T22:10:49.401+0000] {dagbag.py:588} INFO - Filling up the DagBag from /home/sravan2418/airflow/dags/transformation.py
[2025-02-27T22:10:49.419+0000] {processor.py:925} INFO - DAG(s) 'load_and_transform' retrieved from /home/sravan2418/airflow/dags/transformation.py
[2025-02-27T22:10:49.452+0000] {logging_mixin.py:190} INFO - [2025-02-27T22:10:49.451+0000] {dag.py:3239} INFO - Sync 1 DAGs
[2025-02-27T22:10:49.469+0000] {logging_mixin.py:190} INFO - [2025-02-27T22:10:49.469+0000] {dag.py:4180} INFO - Setting next_dagrun for load_and_transform to None, run_after=None
[2025-02-27T22:10:49.496+0000] {processor.py:208} INFO - Processing /home/sravan2418/airflow/dags/transformation.py took 0.112 seconds
[2025-02-27T22:11:19.725+0000] {processor.py:186} INFO - Started process (PID=6528) to work on /home/sravan2418/airflow/dags/transformation.py
[2025-02-27T22:11:19.727+0000] {processor.py:914} INFO - Processing file /home/sravan2418/airflow/dags/transformation.py for tasks to queue
[2025-02-27T22:11:19.731+0000] {logging_mixin.py:190} INFO - [2025-02-27T22:11:19.731+0000] {dagbag.py:588} INFO - Filling up the DagBag from /home/sravan2418/airflow/dags/transformation.py
[2025-02-27T22:11:19.747+0000] {processor.py:925} INFO - DAG(s) 'load_and_transform' retrieved from /home/sravan2418/airflow/dags/transformation.py
[2025-02-27T22:11:19.782+0000] {logging_mixin.py:190} INFO - [2025-02-27T22:11:19.781+0000] {dag.py:3239} INFO - Sync 1 DAGs
[2025-02-27T22:11:19.799+0000] {logging_mixin.py:190} INFO - [2025-02-27T22:11:19.799+0000] {dag.py:4180} INFO - Setting next_dagrun for load_and_transform to None, run_after=None
[2025-02-27T22:11:19.825+0000] {processor.py:208} INFO - Processing /home/sravan2418/airflow/dags/transformation.py took 0.110 seconds
[2025-02-27T22:11:50.011+0000] {processor.py:186} INFO - Started process (PID=6537) to work on /home/sravan2418/airflow/dags/transformation.py
[2025-02-27T22:11:50.013+0000] {processor.py:914} INFO - Processing file /home/sravan2418/airflow/dags/transformation.py for tasks to queue
[2025-02-27T22:11:50.018+0000] {logging_mixin.py:190} INFO - [2025-02-27T22:11:50.017+0000] {dagbag.py:588} INFO - Filling up the DagBag from /home/sravan2418/airflow/dags/transformation.py
[2025-02-27T22:11:50.034+0000] {processor.py:925} INFO - DAG(s) 'load_and_transform' retrieved from /home/sravan2418/airflow/dags/transformation.py
[2025-02-27T22:11:50.067+0000] {logging_mixin.py:190} INFO - [2025-02-27T22:11:50.066+0000] {dag.py:3239} INFO - Sync 1 DAGs
[2025-02-27T22:11:50.083+0000] {logging_mixin.py:190} INFO - [2025-02-27T22:11:50.083+0000] {dag.py:4180} INFO - Setting next_dagrun for load_and_transform to None, run_after=None
[2025-02-27T22:11:50.108+0000] {processor.py:208} INFO - Processing /home/sravan2418/airflow/dags/transformation.py took 0.107 seconds
[2025-02-27T22:12:20.300+0000] {processor.py:186} INFO - Started process (PID=6543) to work on /home/sravan2418/airflow/dags/transformation.py
[2025-02-27T22:12:20.303+0000] {processor.py:914} INFO - Processing file /home/sravan2418/airflow/dags/transformation.py for tasks to queue
[2025-02-27T22:12:20.307+0000] {logging_mixin.py:190} INFO - [2025-02-27T22:12:20.306+0000] {dagbag.py:588} INFO - Filling up the DagBag from /home/sravan2418/airflow/dags/transformation.py
[2025-02-27T22:12:20.325+0000] {processor.py:925} INFO - DAG(s) 'load_and_transform' retrieved from /home/sravan2418/airflow/dags/transformation.py
[2025-02-27T22:12:20.360+0000] {logging_mixin.py:190} INFO - [2025-02-27T22:12:20.359+0000] {dag.py:3239} INFO - Sync 1 DAGs
[2025-02-27T22:12:20.376+0000] {logging_mixin.py:190} INFO - [2025-02-27T22:12:20.376+0000] {dag.py:4180} INFO - Setting next_dagrun for load_and_transform to None, run_after=None
[2025-02-27T22:12:20.409+0000] {processor.py:208} INFO - Processing /home/sravan2418/airflow/dags/transformation.py took 0.119 seconds
[2025-02-27T22:12:50.588+0000] {processor.py:186} INFO - Started process (PID=6547) to work on /home/sravan2418/airflow/dags/transformation.py
[2025-02-27T22:12:50.590+0000] {processor.py:914} INFO - Processing file /home/sravan2418/airflow/dags/transformation.py for tasks to queue
[2025-02-27T22:12:50.594+0000] {logging_mixin.py:190} INFO - [2025-02-27T22:12:50.594+0000] {dagbag.py:588} INFO - Filling up the DagBag from /home/sravan2418/airflow/dags/transformation.py
[2025-02-27T22:12:50.612+0000] {processor.py:925} INFO - DAG(s) 'load_and_transform' retrieved from /home/sravan2418/airflow/dags/transformation.py
[2025-02-27T22:12:50.645+0000] {logging_mixin.py:190} INFO - [2025-02-27T22:12:50.644+0000] {dag.py:3239} INFO - Sync 1 DAGs
[2025-02-27T22:12:50.661+0000] {logging_mixin.py:190} INFO - [2025-02-27T22:12:50.661+0000] {dag.py:4180} INFO - Setting next_dagrun for load_and_transform to None, run_after=None
[2025-02-27T22:12:50.686+0000] {processor.py:208} INFO - Processing /home/sravan2418/airflow/dags/transformation.py took 0.107 seconds
[2025-02-27T22:13:20.884+0000] {processor.py:186} INFO - Started process (PID=6553) to work on /home/sravan2418/airflow/dags/transformation.py
[2025-02-27T22:13:20.887+0000] {processor.py:914} INFO - Processing file /home/sravan2418/airflow/dags/transformation.py for tasks to queue
[2025-02-27T22:13:20.892+0000] {logging_mixin.py:190} INFO - [2025-02-27T22:13:20.890+0000] {dagbag.py:588} INFO - Filling up the DagBag from /home/sravan2418/airflow/dags/transformation.py
[2025-02-27T22:13:20.908+0000] {processor.py:925} INFO - DAG(s) 'load_and_transform' retrieved from /home/sravan2418/airflow/dags/transformation.py
[2025-02-27T22:13:20.943+0000] {logging_mixin.py:190} INFO - [2025-02-27T22:13:20.942+0000] {dag.py:3239} INFO - Sync 1 DAGs
[2025-02-27T22:13:20.960+0000] {logging_mixin.py:190} INFO - [2025-02-27T22:13:20.960+0000] {dag.py:4180} INFO - Setting next_dagrun for load_and_transform to None, run_after=None
[2025-02-27T22:13:20.985+0000] {processor.py:208} INFO - Processing /home/sravan2418/airflow/dags/transformation.py took 0.111 seconds
[2025-02-27T22:13:51.108+0000] {processor.py:186} INFO - Started process (PID=6557) to work on /home/sravan2418/airflow/dags/transformation.py
[2025-02-27T22:13:51.110+0000] {processor.py:914} INFO - Processing file /home/sravan2418/airflow/dags/transformation.py for tasks to queue
[2025-02-27T22:13:51.115+0000] {logging_mixin.py:190} INFO - [2025-02-27T22:13:51.114+0000] {dagbag.py:588} INFO - Filling up the DagBag from /home/sravan2418/airflow/dags/transformation.py
[2025-02-27T22:13:51.137+0000] {processor.py:925} INFO - DAG(s) 'load_and_transform' retrieved from /home/sravan2418/airflow/dags/transformation.py
[2025-02-27T22:13:51.181+0000] {logging_mixin.py:190} INFO - [2025-02-27T22:13:51.180+0000] {dag.py:3239} INFO - Sync 1 DAGs
[2025-02-27T22:13:51.201+0000] {logging_mixin.py:190} INFO - [2025-02-27T22:13:51.200+0000] {dag.py:4180} INFO - Setting next_dagrun for load_and_transform to None, run_after=None
[2025-02-27T22:13:51.233+0000] {processor.py:208} INFO - Processing /home/sravan2418/airflow/dags/transformation.py took 0.136 seconds
[2025-02-27T22:14:21.421+0000] {processor.py:186} INFO - Started process (PID=6597) to work on /home/sravan2418/airflow/dags/transformation.py
[2025-02-27T22:14:21.471+0000] {processor.py:914} INFO - Processing file /home/sravan2418/airflow/dags/transformation.py for tasks to queue
[2025-02-27T22:14:21.476+0000] {logging_mixin.py:190} INFO - [2025-02-27T22:14:21.475+0000] {dagbag.py:588} INFO - Filling up the DagBag from /home/sravan2418/airflow/dags/transformation.py
[2025-02-27T22:14:21.497+0000] {processor.py:925} INFO - DAG(s) 'load_and_transform' retrieved from /home/sravan2418/airflow/dags/transformation.py
[2025-02-27T22:14:21.539+0000] {logging_mixin.py:190} INFO - [2025-02-27T22:14:21.538+0000] {dag.py:3239} INFO - Sync 1 DAGs
[2025-02-27T22:14:21.562+0000] {logging_mixin.py:190} INFO - [2025-02-27T22:14:21.561+0000] {dag.py:4180} INFO - Setting next_dagrun for load_and_transform to None, run_after=None
[2025-02-27T22:14:21.595+0000] {processor.py:208} INFO - Processing /home/sravan2418/airflow/dags/transformation.py took 0.187 seconds
[2025-02-27T22:14:51.731+0000] {processor.py:186} INFO - Started process (PID=6611) to work on /home/sravan2418/airflow/dags/transformation.py
[2025-02-27T22:14:51.736+0000] {processor.py:914} INFO - Processing file /home/sravan2418/airflow/dags/transformation.py for tasks to queue
[2025-02-27T22:14:51.741+0000] {logging_mixin.py:190} INFO - [2025-02-27T22:14:51.740+0000] {dagbag.py:588} INFO - Filling up the DagBag from /home/sravan2418/airflow/dags/transformation.py
[2025-02-27T22:14:51.759+0000] {processor.py:925} INFO - DAG(s) 'load_and_transform' retrieved from /home/sravan2418/airflow/dags/transformation.py
[2025-02-27T22:14:51.793+0000] {logging_mixin.py:190} INFO - [2025-02-27T22:14:51.793+0000] {dag.py:3239} INFO - Sync 1 DAGs
[2025-02-27T22:14:51.810+0000] {logging_mixin.py:190} INFO - [2025-02-27T22:14:51.810+0000] {dag.py:4180} INFO - Setting next_dagrun for load_and_transform to None, run_after=None
[2025-02-27T22:14:51.838+0000] {processor.py:208} INFO - Processing /home/sravan2418/airflow/dags/transformation.py took 0.120 seconds
[2025-02-27T22:15:22.036+0000] {processor.py:186} INFO - Started process (PID=6616) to work on /home/sravan2418/airflow/dags/transformation.py
[2025-02-27T22:15:22.040+0000] {processor.py:914} INFO - Processing file /home/sravan2418/airflow/dags/transformation.py for tasks to queue
[2025-02-27T22:15:22.044+0000] {logging_mixin.py:190} INFO - [2025-02-27T22:15:22.043+0000] {dagbag.py:588} INFO - Filling up the DagBag from /home/sravan2418/airflow/dags/transformation.py
[2025-02-27T22:15:22.062+0000] {processor.py:925} INFO - DAG(s) 'load_and_transform' retrieved from /home/sravan2418/airflow/dags/transformation.py
[2025-02-27T22:15:22.097+0000] {logging_mixin.py:190} INFO - [2025-02-27T22:15:22.096+0000] {dag.py:3239} INFO - Sync 1 DAGs
[2025-02-27T22:15:22.113+0000] {logging_mixin.py:190} INFO - [2025-02-27T22:15:22.113+0000] {dag.py:4180} INFO - Setting next_dagrun for load_and_transform to None, run_after=None
[2025-02-27T22:15:22.139+0000] {processor.py:208} INFO - Processing /home/sravan2418/airflow/dags/transformation.py took 0.114 seconds
[2025-02-27T22:15:52.338+0000] {processor.py:186} INFO - Started process (PID=6639) to work on /home/sravan2418/airflow/dags/transformation.py
[2025-02-27T22:15:52.340+0000] {processor.py:914} INFO - Processing file /home/sravan2418/airflow/dags/transformation.py for tasks to queue
[2025-02-27T22:15:52.347+0000] {logging_mixin.py:190} INFO - [2025-02-27T22:15:52.347+0000] {dagbag.py:588} INFO - Filling up the DagBag from /home/sravan2418/airflow/dags/transformation.py
[2025-02-27T22:15:52.372+0000] {processor.py:925} INFO - DAG(s) 'load_and_transform' retrieved from /home/sravan2418/airflow/dags/transformation.py
[2025-02-27T22:15:52.411+0000] {logging_mixin.py:190} INFO - [2025-02-27T22:15:52.411+0000] {dag.py:3239} INFO - Sync 1 DAGs
[2025-02-27T22:15:52.428+0000] {logging_mixin.py:190} INFO - [2025-02-27T22:15:52.428+0000] {dag.py:4180} INFO - Setting next_dagrun for load_and_transform to None, run_after=None
[2025-02-27T22:15:52.455+0000] {processor.py:208} INFO - Processing /home/sravan2418/airflow/dags/transformation.py took 0.133 seconds
[2025-02-27T22:16:22.626+0000] {processor.py:186} INFO - Started process (PID=6717) to work on /home/sravan2418/airflow/dags/transformation.py
[2025-02-27T22:16:22.629+0000] {processor.py:914} INFO - Processing file /home/sravan2418/airflow/dags/transformation.py for tasks to queue
[2025-02-27T22:16:22.633+0000] {logging_mixin.py:190} INFO - [2025-02-27T22:16:22.632+0000] {dagbag.py:588} INFO - Filling up the DagBag from /home/sravan2418/airflow/dags/transformation.py
[2025-02-27T22:16:22.652+0000] {processor.py:925} INFO - DAG(s) 'load_and_transform' retrieved from /home/sravan2418/airflow/dags/transformation.py
[2025-02-27T22:16:22.688+0000] {logging_mixin.py:190} INFO - [2025-02-27T22:16:22.687+0000] {dag.py:3239} INFO - Sync 1 DAGs
[2025-02-27T22:16:22.704+0000] {logging_mixin.py:190} INFO - [2025-02-27T22:16:22.704+0000] {dag.py:4180} INFO - Setting next_dagrun for load_and_transform to None, run_after=None
[2025-02-27T22:16:22.735+0000] {processor.py:208} INFO - Processing /home/sravan2418/airflow/dags/transformation.py took 0.119 seconds
[2025-02-27T22:16:52.963+0000] {processor.py:186} INFO - Started process (PID=6726) to work on /home/sravan2418/airflow/dags/transformation.py
[2025-02-27T22:16:52.965+0000] {processor.py:914} INFO - Processing file /home/sravan2418/airflow/dags/transformation.py for tasks to queue
[2025-02-27T22:16:52.974+0000] {logging_mixin.py:190} INFO - [2025-02-27T22:16:52.973+0000] {dagbag.py:588} INFO - Filling up the DagBag from /home/sravan2418/airflow/dags/transformation.py
[2025-02-27T22:16:53.003+0000] {processor.py:925} INFO - DAG(s) 'load_and_transform' retrieved from /home/sravan2418/airflow/dags/transformation.py
[2025-02-27T22:16:53.058+0000] {logging_mixin.py:190} INFO - [2025-02-27T22:16:53.057+0000] {dag.py:3239} INFO - Sync 1 DAGs
[2025-02-27T22:16:53.086+0000] {logging_mixin.py:190} INFO - [2025-02-27T22:16:53.086+0000] {dag.py:4180} INFO - Setting next_dagrun for load_and_transform to None, run_after=None
[2025-02-27T22:16:53.130+0000] {processor.py:208} INFO - Processing /home/sravan2418/airflow/dags/transformation.py took 0.187 seconds
[2025-02-27T22:17:23.301+0000] {processor.py:186} INFO - Started process (PID=6749) to work on /home/sravan2418/airflow/dags/transformation.py
[2025-02-27T22:17:23.305+0000] {processor.py:914} INFO - Processing file /home/sravan2418/airflow/dags/transformation.py for tasks to queue
[2025-02-27T22:17:23.315+0000] {logging_mixin.py:190} INFO - [2025-02-27T22:17:23.313+0000] {dagbag.py:588} INFO - Filling up the DagBag from /home/sravan2418/airflow/dags/transformation.py
[2025-02-27T22:17:23.347+0000] {processor.py:925} INFO - DAG(s) 'load_and_transform' retrieved from /home/sravan2418/airflow/dags/transformation.py
[2025-02-27T22:17:23.404+0000] {logging_mixin.py:190} INFO - [2025-02-27T22:17:23.403+0000] {dag.py:3239} INFO - Sync 1 DAGs
[2025-02-27T22:17:23.430+0000] {logging_mixin.py:190} INFO - [2025-02-27T22:17:23.430+0000] {dag.py:4180} INFO - Setting next_dagrun for load_and_transform to None, run_after=None
[2025-02-27T22:17:23.480+0000] {processor.py:208} INFO - Processing /home/sravan2418/airflow/dags/transformation.py took 0.201 seconds
[2025-02-27T22:17:53.709+0000] {processor.py:186} INFO - Started process (PID=6755) to work on /home/sravan2418/airflow/dags/transformation.py
[2025-02-27T22:17:53.710+0000] {processor.py:914} INFO - Processing file /home/sravan2418/airflow/dags/transformation.py for tasks to queue
[2025-02-27T22:17:53.716+0000] {logging_mixin.py:190} INFO - [2025-02-27T22:17:53.715+0000] {dagbag.py:588} INFO - Filling up the DagBag from /home/sravan2418/airflow/dags/transformation.py
[2025-02-27T22:17:53.736+0000] {processor.py:925} INFO - DAG(s) 'load_and_transform' retrieved from /home/sravan2418/airflow/dags/transformation.py
[2025-02-27T22:17:53.782+0000] {logging_mixin.py:190} INFO - [2025-02-27T22:17:53.781+0000] {dag.py:3239} INFO - Sync 1 DAGs
[2025-02-27T22:17:53.804+0000] {logging_mixin.py:190} INFO - [2025-02-27T22:17:53.804+0000] {dag.py:4180} INFO - Setting next_dagrun for load_and_transform to None, run_after=None
[2025-02-27T22:17:53.847+0000] {processor.py:208} INFO - Processing /home/sravan2418/airflow/dags/transformation.py took 0.150 seconds
